-0.010687307698107 0
-0.00360290099710304 0
0.0034815413267187 0
0.0105660192733583 0
0.0176505328428156 0
0.0247350820350908 0
0.0318196668501837 0
0.0389042872880945 0
0.0459889433488231 0
0.0530736350323695 0
0.0601583623387336 0
0.0672431252679156 0
0.0743279238199154 0
0.081412757994733 0
0.0884976277923685 0
0.0955825332128217 0
0.102667474256093 0
0.109752450922182 0
0.116837463211088 0
0.123922511122813 0
0.131007594657355 0
0.138092713814715 0
0.145177868594893 0
0.152263058997888 0
0.159348285023702 0
0.166433546672333 0
0.173518843943782 0
0.180604176838049 0
0.187689545355134 0
0.194774949495036 0
0.201860389257757 0
0.208945864643295 0
0.216031375651651 0
0.223116922282824 0
0.230202504536816 0
0.237288122413625 0
0.244373775913252 0
0.251459465035697 0
0.25854518978096 0
0.265630950149041 0
0.272716746139939 0
0.279802577753655 2
0.286888444990189 1
0.293974347849541 2
0.30106028633171 4
0.308146260436698 3
0.315232270164503 0
0.322318315515126 0
0.329404396488567 0
0.336490513084825 0
0.343576665303902 3
0.350662853145796 3
0.357749076610508 1
0.364835335698038 2
0.371921630408386 2
0.379007960741551 0
0.386094326697534 0
0.393180728276335 0
0.400267165477954 3
0.407353638302391 0
0.414440146749645 2
0.421526690819718 0
0.428613270512608 1
0.435699885828316 3
0.442786536766841 3
0.449873223328185 0
0.456959945512346 3
0.464046703319325 4
0.471133496749122 2
0.478220325801737 1
0.485307190477169 0
0.49239409077542 1
0.499481026696488 0
0.506567998240374 1
0.513655005407078 0
0.520742048196599 0
0.527829126608939 0
0.534916240644096 3
0.542003390302071 1
0.549090575582863 0
0.556177796486474 1
0.563265053012903 2
0.570352345162149 1
0.577439672934213 1
0.584527036329095 1
0.591614435346794 1
0.598701869987311 1
0.605789340250647 0
0.6128768461368 0
0.619964387645771 0
0.627051964777559 0
0.634139577532166 1
0.64122722590959 1
0.648314909909832 1
0.655402629532892 0
0.66249038477877 0
0.669578175647465 0
0.676666002138978 1
0.68375386425331 1
0.690841761990458 0
0.697929695350425 0
0.70501766433321 1
0.712105668938812 0
0.719193709167232 0
0.72628178501847 0
0.733369896492526 0
0.740458043589399 0
0.747546226309091 0
0.7546344446516 0
0.761722698616927 1
0.768810988205071 0
0.775899313416034 0
0.782987674249814 0
0.790076070706413 1
0.797164502785829 0
0.804252970488062 0
0.811341473813114 0
0.818430012760983 0
0.82551858733167 0
0.832607197525176 1
0.839695843341498 0
0.846784524780639 0
0.853873241842598 0
0.860961994527374 0
0.868050782834968 0
0.87513960676538 2
0.882228466318609 0
0.889317361494657 1
0.896406292293522 0
0.903495258715205 0
0.910584260759706 0
0.917673298427025 2
0.924762371717161 0
0.931851480630115 1
0.938940625165888 0
0.946029805324477 1
0.953119021105885 0
0.960208272510111 0
0.967297559537154 1
0.974386882187015 0
0.981476240459694 2
0.988565634355191 0
0.995655063873505 0
1.00274452901464 0
1.00983402977859 1
1.01692356616536 1
1.02401313817494 0
1.03110274580735 1
1.03819238906257 0
1.04528206794061 0
1.05237178244146 0
1.05946153256514 0
1.06655131831163 1
1.07364113968094 0
1.08073099667307 0
1.08782088928802 0
1.09491081752578 1
1.10200078138636 1
1.10909078086976 1
1.11618081597598 0
1.12327088670501 1
1.13036099305687 0
1.13745113503154 0
1.14454131262902 1
1.15163152584933 1
1.15872177469245 0
1.1658120591584 0
1.17290237924716 0
1.17999273495873 0
1.18708312629313 1
1.19417355325034 0
1.20126401583037 0
1.20835451403322 1
1.21544504785889 0
1.22253561730737 1
1.22962622237867 1
1.23671686307279 1
1.24380753938973 1
1.25089825132949 1
1.25798899889206 1
1.26507978207745 2
1.27217060088566 1
1.27926145531669 1
1.28635234537053 0
1.2934432710472 0
1.30053423234668 0
1.30762522926897 1
1.31471626181409 0
1.32180732998202 1
1.32889843377277 0
1.33598957318634 0
1.34308074822273 2
1.35017195888194 1
1.35726320516396 0
1.3643544870688 0
1.37144580459646 1
1.37853715774693 0
1.38562854652023 1
1.39271997091634 0
1.39981143093527 0
1.40690292657701 0
1.41399445784158 0
1.42108602472896 2
1.42817762723916 0
1.43526926537218 0
1.44236093912802 2
1.44945264850667 1
1.45654439350814 0
1.46363617413243 1
1.47072799037954 3
1.47781984224947 0
1.48491172974221 0
1.49200365285777 0
1.49909561159615 1
1.50618760595735 4
1.51327963594136 2
1.52037170154819 0
1.52746380277784 1
1.53455593963031 4
1.5416481121056 1
1.5487403202037 1
1.55583256392462 3
1.56292484326836 3
1.57001715823492 2
1.57710950882429 2
1.58420189503648 1
1.59129431687149 1
1.59838677432932 0
1.60547926740997 2
1.61257179611343 1
1.61966436043971 0
1.62675696038881 0
1.63384959596073 1
1.64094226715546 1
1.64803497397302 0
1.65512771641339 0
1.66222049447658 0
1.66931330816258 3
1.67640615747141 1
1.68349904240305 1
1.69059196295751 3
1.69768491913478 1
1.70477791093488 0
1.71187093835779 1
1.71896400140352 2
1.72605710007207 0
1.73315023436344 0
1.74024340427762 3
1.74733660981462 1
1.75442985097444 0
1.76152312775708 1
1.76861644016254 1
1.77570978819081 0
1.7828031718419 1
1.78989659111581 1
1.79699004601254 1
1.80408353653208 0
1.81117706267444 1
1.81827062443962 2
1.82536422182762 3
1.83245785483844 1
1.83955152347207 1
1.84664522772852 0
1.85373896760779 1
1.86083274310988 3
1.86792655423478 0
1.8750204009825 2
1.88211428335304 2
1.8892082013464 0
1.89630215496258 2
1.90339614420157 2
1.91049016906338 3
1.91758422954801 0
1.92467832565546 0
1.93177245738572 0
1.93886662473881 1
1.94596082771471 1
1.95305506631343 0
1.96014934053496 0
1.96724365037932 1
1.97433799584649 1
1.98143237693648 1
1.98852679364929 2
1.99562124598491 1
2.00271573394335 0
2.00981025752461 2
2.01690481672869 1
2.02399941155559 2
2.0310940420053 4
2.03818870807783 2
2.04528340977318 0
2.05237814709135 3
2.05947292003234 0
2.06656772859614 2
2.07366257278276 2
2.0807574525922 2
2.08785236802446 4
2.09494731907953 1
2.10204230575742 2
2.10913732805813 1
2.11623238598166 2
2.12332747952801 5
2.13042260869717 3
2.13751777348915 9
2.14461297390395 3
2.15170820994157 5
2.158803481602 2
2.16589878888526 3
2.17299413179133 4
2.18008951032021 1
2.18718492447192 2
2.19428037424644 1
2.20137585964378 3
2.20847138066394 6
2.21556693730692 6
2.22266252957272 3
2.22975815746133 5
2.23685382097276 4
2.24394952010701 7
2.25104525486407 1
2.25814102524396 3
2.26523683124666 8
2.27233267287218 2
2.27942855012052 1
2.28652446299167 3
2.29362041148565 1
2.30071639560244 1
2.30781241534205 0
2.31490847070447 1
2.32200456168971 1
2.32910068829778 0
2.33619685052866 3
2.34329304838235 4
2.35038928185887 1
2.3574855509582 1
2.36458185568035 2
2.37167819602532 1
2.37877457199311 0
2.38587098358371 0
2.39296743079714 0
2.40006391363338 1
2.40716043209243 1
2.41425698617431 1
2.421353575879 1
2.42845020120652 0
2.43554686215684 2
2.44264355872999 1
2.44974029092596 4
2.45683705874474 2
2.46393386218634 0
2.47103070125076 3
2.47812757593799 1
2.48522448624805 2
2.49232143218092 1
2.49941841373661 0
2.50651543091512 0
2.51361248371644 0
2.52070957214058 4
2.52780669618754 1
2.53490385585732 2
2.54200105114992 1
2.54909828206533 2
2.55619554860356 2
2.56329285076461 1
2.57039018854848 2
2.57748756195517 2
2.58458497098467 2
2.59168241563699 0
2.59877989591213 3
2.60587741181009 2
2.61297496333086 7
2.62007255047445 0
2.62717017324086 2
2.63426783163009 3
2.64136552564213 7
2.648463255277 6
2.65556102053468 5
2.66265882141518 3
2.66975665791849 5
2.67685453004463 4
2.68395243779358 2
2.69105038116535 2
2.69814836015994 1
2.70524637477735 1
2.71234442501757 1
2.71944251088061 2
2.72654063236647 1
2.73363878947515 2
2.74073698220664 3
2.74783521056095 2
2.75493347453808 3
2.76203177413803 0
2.7691301093608 1
2.77622848020638 1
2.78332688667478 1
2.790425328766 2
2.79752380648004 4
2.80462231981689 0
2.81172086877657 2
2.81881945335906 2
2.82591807356437 4
2.83301672939249 3
2.84011542084344 1
2.8472141479172 4
2.85431291061378 3
2.86141170893318 2
2.86851054287539 2
2.87560941244042 1
2.88270831762827 4
2.88980725843894 3
2.89690623487243 7
2.90400524692873 5
2.91110429460786 11
2.9182033779098 9
2.92530249683455 8
2.93240165138213 22
2.93950084155252 15
2.94660006734573 15
2.95369932876176 19
2.96079862580061 15
2.96789795846227 18
2.97499732674676 15
2.98209673065406 13
2.98919617018417 15
2.99629564533711 17
3.00339515611286 19
3.01049470251144 9
3.01759428453282 11
3.02469390217703 6
3.03179355544406 7
3.0388932443339 4
3.04599296884656 4
3.05309272898204 4
3.06019252474033 1
3.06729235612145 5
3.07439222312538 1
3.08149212575213 1
3.0885920640017 0
3.09569203787408 0
3.10279204736928 1
3.1098920924873 2
3.11699217322814 1
3.1240922895918 2
3.13119244157827 3
3.13829262918757 3
3.14539285241968 3
3.1524931112746 3
3.15959340575235 2
3.16669373585291 3
3.17379410157629 2
3.18089450292249 1
3.18799493989151 4
3.19509541248334 1
3.20219592069799 4
3.20929646453546 3
3.21639704399575 2
3.22349765907886 6
3.23059830978478 4
3.23769899611352 7
3.24479971806508 1
3.25190047563946 2
3.25900126883665 1
3.26610209765666 4
3.27320296209949 1
3.28030386216514 4
3.28740479785361 1
3.29450576916489 3
3.30160677609899 5
3.30870781865591 7
3.31580889683565 3
3.3229100106382 3
3.33001116006358 1
3.33711234511177 3
3.34421356578278 3
3.3513148220766 0
3.35841611399325 3
3.36551744153271 7
3.37261880469499 4
3.37972020348008 3
3.386821637888 1
3.39392310791873 0
3.40102461357228 5
3.40812615484865 3
3.41522773174784 1
3.42232934426984 12
3.42943099241466 4
3.4365326761823 2
3.44363439557276 4
3.45073615058604 2
3.45783794122213 2
3.46493976748104 3
3.47204162936277 2
3.47914352686732 6
3.48624545999468 3
3.49334742874486 8
3.50044943311786 3
3.50755147311368 2
3.51465354873232 5
3.52175565997377 0
3.52885780683804 4
3.53595998932513 2
3.54306220743504 4
3.55016446116776 2
3.5572667505233 2
3.56436907550166 4
3.57147143610284 1
3.57857383232684 2
3.58567626417365 5
3.59277873164328 2
3.59988123473573 4
3.606983773451 2
3.61408634778908 2
3.62118895774999 5
3.62829160333371 0
3.63539428454024 0
3.6424970013696 3
3.64959975382177 2
3.65670254189677 3
3.66380536559458 5
3.6709082249152 4
3.67801111985865 3
3.68511405042491 2
3.69221701661399 2
3.69932001842589 2
3.70642305586061 4
3.71352612891814 7
3.72062923759849 3
3.72773238190166 3
3.73483556182765 0
3.74193877737646 3
3.74904202854808 5
3.75614531534252 1
3.76324863775978 2
3.77035199579986 6
3.77745538946275 3
3.78455881874846 3
3.79166228365699 2
3.79876578418834 1
3.8058693203425 2
3.81297289211949 2
3.82007649951929 2
3.82718014254191 2
3.83428382118735 4
3.8413875354556 1
3.84849128534667 2
3.85559507086056 2
3.86269889199727 1
3.8698027487568 6
3.87690664113914 1
3.8840105691443 3
3.89111453277228 5
3.89821853202308 1
3.90532256689669 5
3.91242663739313 4
3.91953074351238 2
3.92663488525444 4
3.93373906261933 7
3.94084327560704 9
3.94794752421756 3
3.9550518084509 5
3.96215612830705 8
3.96926048378603 10
3.97636487488782 9
3.98346930161243 5
3.99057376395986 6
3.99767826193011 6
4.00478279552317 2
4.01188736473905 10
4.01899196957775 8
4.02609661003927 5
4.03320128612361 8
4.04030599783076 8
4.04741074516073 7
4.05451552811352 4
4.06162034668913 4
4.06872520088755 4
4.07583009070879 4
4.08293501615285 5
4.09003997721973 4
4.09714497390943 2
4.10425000622194 5
4.11135507415727 7
4.11846017771542 3
4.12556531689639 1
4.13267049170017 3
4.13977570212677 2
4.14688094817619 2
4.15398622984843 2
4.16109154714349 0
4.16819690006136 2
4.17530228860205 2
4.18240771276556 4
4.18951317255189 1
4.19661866796103 0
4.203724198993 0
4.21082976564778 0
4.21793536792538 2
4.22504100582579 0
4.23214667934903 2
4.23925238849508 2
4.24635813326395 1
4.25346391365564 1
4.26056972967014 1
4.26767558130746 1
4.2747814685676 2
4.28188739145056 0
4.28899334995634 0
4.29609934408493 0
4.30320537383635 2
4.31031143921058 2
4.31741754020762 3
4.32452367682749 2
4.33162984907017 1
4.33873605693567 1
4.34584230042399 0
4.35294857953513 3
4.36005489426908 1
4.36716124462586 0
4.37426763060545 3
4.38137405220785 1
4.38848050943308 2
4.39558700228112 2
4.40269353075198 3
4.40980009484566 4
4.41690669456216 1
4.42401332990147 0
4.43112000086361 3
4.43822670744856 2
4.44533344965633 1
4.45244022748691 0
4.45954704094031 2
4.46665389001654 1
4.47376077471558 2
4.48086769503743 1
4.48797465098211 0
4.4950816425496 2
4.50218866973991 0
4.50929573255304 4
4.51640283098899 3
4.52350996504775 2
4.53061713472933 2
4.53772434003373 3
4.54483158096095 1
4.55193885751098 3
4.55904616968384 2
4.56615351747951 0
4.573260900898 2
4.5803683199393 1
4.58747577460343 2
4.59458326489037 0
4.60169079080013 1
4.60879835233271 3
4.6159059494881 2
4.62301358226632 1
4.63012125066735 2
4.6372289546912 1
4.64433669433786 5
4.65144446960735 2
4.65855228049965 1
4.66566012701477 2
4.67276800915271 0
4.67987592691346 3
4.68698388029704 3
4.69409186930343 2
4.70119989393264 2
4.70830795418466 2
4.71541605005951 1
4.72252418155717 1
4.72963234867765 2
4.73674055142095 0
4.74384878978707 2
4.750957063776 2
4.75806537338775 0
4.76517371862232 3
4.77228209947971 1
4.77939051595991 4
4.78649896806294 2
4.79360745578878 4
4.80071597913744 1
4.80782453810891 1
4.81493313270321 1
4.82204176292032 2
4.82915042876025 2
4.836259130223 4
4.84336786730856 3
4.85047664001694 3
4.85758544834814 1
4.86469429230216 5
4.871803171879 2
4.87891208707865 3
4.88602103790112 4
4.89313002434641 2
4.90023904641452 3
4.90734810410545 2
4.91445719741919 1
4.92156632635575 1
4.92867549091513 1
4.93578469109733 2
4.94289392690234 5
4.95000319833018 3
4.95711250538083 2
4.96422184805429 4
4.97133122635058 1
4.97844064026968 0
4.9855500898116 3
4.99265957497634 2
4.9997690957639 3
5.00687865217428 4
5.01398824420747 2
5.02109787186348 0
5.02820753514231 1
5.03531723404395 2
5.04242696856842 3
5.0495367387157 3
5.0566465444858 5
5.06375638587871 2
5.07086626289445 3
5.077976175533 3
5.08508612379437 2
5.09219610767856 2
5.09930612718557 1
5.10641618231539 3
5.11352627306803 3
5.12063639944349 2
5.12774656144177 1
5.13485675906287 2
5.14196699230678 1
5.14907726117351 0
5.15618756566306 3
5.16329790577543 3
5.17040828151061 2
5.17751869286861 0
5.18462913984943 1
5.19173962245307 4
5.19885014067953 1
5.2059606945288 2
5.21307128400089 2
5.2201819090958 4
5.22729256981353 4
5.23440326615407 2
5.24151399811743 3
5.24862476570361 1
5.25573556891261 1
5.26284640774443 2
5.26995728219906 3
5.27706819227651 5
5.28417913797678 3
5.29129011929987 3
5.29840113624577 3
5.3055121888145 0
5.31262327700604 3
5.31973440082039 3
5.32684556025757 1
5.33395675531756 4
5.34106798600038 4
5.348179252306 8
5.35529055423445 3
5.36240189178572 3
5.3695132649598 4
5.3766246737567 3
5.38373611817642 5
5.39084759821896 7
5.39795911388431 8
5.40507066517248 8
5.41218225208347 8
5.41929387461728 5
5.4264055327739 13
5.43351722655335 9
5.44062895595561 9
5.44774072098069 7
5.45485252162858 21
5.4619643578993 14
5.46907622979283 20
5.47618813730918 19
5.48330008044835 14
5.49041205921033 24
5.49752407359514 23
5.50463612360276 25
5.5117482092332 23
5.51886033048645 25
5.52597248736253 29
5.53308467986142 30
5.54019690798313 28
5.54730917172766 39
5.55442147109501 39
5.56153380608517 35
5.56864617669815 33
5.57575858293395 44
5.58287102479257 42
5.589983502274 38
5.59709601537825 33
5.60420856410532 41
5.61132114845521 43
5.61843376842792 46
5.62554642402344 42
5.63265911524178 41
5.63977184208294 41
5.64688460454692 44
5.65399740263372 64
5.66111023634333 37
5.66822310567576 37
5.67533601063101 34
5.68244895120908 38
5.68956192740996 50
5.69667493923366 45
5.70378798668018 29
5.71090106974952 38
5.71801418844167 28
5.72512734275665 36
5.73224053269444 35
5.73935375825505 37
5.74646701943847 21
5.75358031624472 26
5.76069364867378 13
5.76780701672566 27
5.77492042040036 21
5.78203385969787 16
5.78914733461821 13
5.79626084516136 16
5.80337439132733 20
5.81048797311611 6
5.81760159052772 15
5.82471524356214 9
5.83182893221938 7
5.83894265649944 7
5.84605641640232 3
5.85317021192801 4
5.86028404307652 7
5.86739790984785 6
5.874511812242 4
5.88162575025896 3
5.88873972389874 7
5.89585373316134 10
5.90296777804676 9
5.910081858555 6
5.91719597468605 3
5.92431012643993 7
5.93142431381662 10
5.93853853681612 2
5.94565279543845 2
5.95276708968359 5
5.95988141955155 4
5.96699578504233 6
5.97411018615593 4
5.98122462289234 6
5.98833909525157 6
5.99545360323362 6
6.00256814683849 3
6.00968272606617 6
6.01679734091668 4
6.02391199139 6
6.03102667748614 4
6.03814139920509 5
6.04525615654687 7
6.05237094951146 4
6.05948577809887 3
6.0666006423091 2
6.07371554214214 2
6.08083047759801 7
6.08794544867669 6
6.09506045537819 8
6.1021754977025 5
6.10929057564964 2
6.11640568921959 7
6.12352083841236 2
6.13063602322795 6
6.13775124366636 9
6.14486649972758 8
6.15198179141162 8
6.15909711871848 10
6.16621248164816 10
6.17332788020065 7
6.18044331437597 11
6.1875587841741 14
6.19467428959505 12
6.20178983063881 16
6.2089054073054 14
6.2160210195948 16
6.22313666750702 19
6.23025235104205 17
6.23736807019991 17
6.24448382498058 26
6.25159961538407 30
6.25871544141038 30
6.26583130305951 30
6.27294720033145 17
6.28006313322621 36
6.28717910174379 28
6.29429510588419 23
6.30141114564741 46
6.30852722103344 38
6.31564333204229 29
6.32275947867396 25
6.32987566092845 42
6.33699187880575 26
6.34410813230587 39
6.35122442142881 29
6.35834074617457 20
6.36545710654315 22
6.37257350253454 24
6.37968993414875 35
6.38680640138578 38
6.39392290424563 35
6.40103944272829 29
6.40815601683378 31
6.41527262656208 34
6.42238927191319 39
6.42950595288713 27
6.43662266948388 33
6.44373942170346 27
6.45085620954585 22
6.45797303301105 38
6.46508989209908 41
6.47220678680992 41
6.47932371714358 41
6.48644068310006 38
6.49355768467935 30
6.50067472188147 41
6.5077917947064 43
6.51490890315415 24
6.52202604722472 38
6.5291432269181 38
6.53626044223431 35
6.54337769317333 35
6.55049497973517 42
6.55761230191982 46
6.5647296597273 42
6.57184705315759 60
6.5789644822107 44
6.58608194688663 37
6.59319944718537 50
6.60031698310693 47
6.60743455465132 47
6.61455216181851 46
6.62166980460853 38
6.62878748302137 38
6.63590519705702 54
6.64302294671549 40
6.65014073199678 39
6.65725855290088 47
6.66437640942781 38
6.67149430157755 43
6.67861222935011 32
6.68573019274548 41
6.69284819176368 37
6.69996622640469 24
6.70708429666852 44
6.71420240255517 35
6.72132054406463 29
6.72843872119692 24
6.73555693395202 32
6.74267518232994 31
6.74979346633068 31
6.75691178595423 23
6.7640301412006 25
6.77114853206979 37
6.7782669585618 15
6.78538542067663 11
6.79250391841427 21
6.79962245177474 26
6.80674102075802 14
6.81385962536411 10
6.82097826559303 13
6.82809694144476 17
6.83521565291931 5
6.84233440001668 15
6.84945318273687 9
6.85657200107987 10
6.86369085504569 15
6.87080974463433 15
6.87792866984579 15
6.88504763068007 16
6.89216662713716 22
6.89928565921707 13
6.9064047269198 18
6.91352383024535 21
6.92064296919371 19
6.92776214376489 15
6.93488135395889 14
6.94200059977571 18
6.94911988121535 13
6.9562391982778 8
6.96335855096307 11
6.97047793927116 17
6.97759736320207 17
6.98471682275579 11
6.99183631793234 11
6.9989558487317 17
7.00607541515387 8
7.01319501719887 15
7.02031465486668 16
7.02743432815732 11
7.03455403707077 16
7.04167378160703 10
7.04879356176612 11
7.05591337754802 8
7.06303322895274 9
7.07015311598028 7
7.07727303863064 11
7.08439299690381 11
7.0915129907998 13
7.09863302031861 7
7.10575308546024 6
7.11287318622469 12
7.11999332261195 10
7.12711349462203 6
7.13423370225493 8
7.14135394551064 7
7.14847422438918 12
7.15559453889053 11
7.1627148890147 13
7.16983527476169 9
7.17695569613149 6
7.18407615312412 13
7.19119664573956 16
7.19831717397782 13
7.20543773783889 9
7.21255833732279 12
7.2196789724295 5
7.22679964315903 10
7.23392034951138 10
7.24104109148654 10
7.24816186908453 12
7.25528268230533 8
7.26240353114895 8
7.26952441561539 9
7.27664533570464 4
7.28376629141671 7
7.2908872827516 14
7.29800830970931 14
7.30512937228984 7
7.31225047049318 15
7.31937160431934 12
7.32649277376832 7
7.33361397884012 14
7.34073521953474 6
7.34785649585217 13
7.35497780779242 10
7.36209915535549 20
7.36922053854137 9
7.37634195735008 9
7.3834634117816 16
7.39058490183594 17
7.3977064275131 20
7.40482798881307 12
7.41194958573587 15
7.41907121828148 15
7.4261928864499 14
7.43331459024115 19
7.44043632965522 8
7.4475581046921 10
7.4546799153518 14
7.46180176163432 10
7.46892364353965 15
7.4760455610678 10
7.48316751421878 17
7.49028950299257 18
7.49741152738917 15
7.5045335874086 14
7.51165568305084 12
7.5187778143159 10
7.52589998120378 23
7.53302218371447 19
7.54014442184799 18
7.54726669560432 13
7.55438900498347 16
7.56151134998543 16
7.56863373061022 24
7.57575614685782 25
7.58287859872824 17
7.59000108622148 19
7.59712360933754 14
7.60424616807641 31
7.6113687624381 24
7.61849139242261 27
7.62561405802994 17
7.63273675926008 27
7.63985949611305 25
7.64698226858883 27
7.65410507668743 28
7.66122792040884 32
7.66835079975308 28
7.67547371472013 36
7.68259666531 28
7.68971965152269 39
7.69684267335819 31
7.70396573081652 44
7.71108882389766 39
7.71821195260161 31
7.72533511692839 26
7.73245831687799 38
7.7395815524504 33
7.74670482364563 39
7.75382813046368 45
7.76095147290454 46
7.76807485096823 44
7.77519826465473 62
7.78232171396405 62
7.78944519889618 63
7.79656871945114 62
7.80369227562891 75
7.8108158674295 85
7.81793949485291 113
7.82506315789913 113
7.83218685656818 159
7.83931059086004 189
7.84643436077472 226
7.85355816631221 304
7.86068200747253 391
7.86780588425566 492
7.87492979666161 631
7.88205374469038 887
7.88917772834197 1101
7.89630174761637 1373
7.90342580251359 1685
7.91054989303363 1962
7.91767401917649 2367
7.92479818094217 2973
7.93192237833066 3625
7.93904661134197 4185
7.9461708799761 4932
7.95329518423304 5481
7.96041952411281 6440
7.96754389961539 7022
7.97466831074079 7810
7.98179275748901 8598
7.98891723986004 9478
7.9960417578539 10103
8.00316631147057 10551
8.01029090071006 10914
8.01741552557236 11150
8.02454018605749 11275
8.03166488216543 11346
8.03878961389619 11073
8.04591438124977 10762
8.05303918422616 10260
8.06016402282538 9859
8.06728889704741 9118
8.07441380689226 8560
8.08153875235992 7913
8.08866373345041 7011
8.09578875016371 6334
8.10291380249983 5463
8.11003889045877 4787
8.11716401404052 4074
8.1242891732451 3340
8.13141436807249 2899
8.1385395985227 2353
8.14566486459572 1894
8.15279016629157 1491
8.15991550361023 1241
8.16704087655171 989
8.17416628511601 789
8.18129172930313 592
8.18841720911306 444
8.19554272454582 338
8.20266827560138 253
8.20979386227977 173
8.21691948458098 136
8.224045142505 92
8.23117083605184 82
8.2382965652215 82
8.24542233001397 69
8.25254813042927 49
8.25967396646738 44
8.26679983812831 39
8.27392574541206 31
8.28105168831862 30
8.28817766684801 30
8.29530368100021 28
8.30242973077523 30
8.30955581617306 22
8.31668193719372 34
8.32380809383719 27
8.33093428610348 26
8.33806051399259 20
8.34518677750452 21
8.35231307663926 26
8.35943941139682 19
8.3665657817772 20
8.3736921877804 21
8.38081862940641 29
8.38794510665524 32
8.39507161952689 28
8.40219816802136 29
8.40932475213865 26
8.41645137187875 27
8.42357802724167 28
8.43070471822741 32
8.43783144483597 35
8.44495820706734 43
8.45208500492154 40
8.45921183839855 31
8.46633870749837 33
8.47346561222102 40
8.48059255256648 44
8.48771952853477 39
8.49484654012587 40
8.50197358733978 31
8.50910067017652 32
8.51622778863607 36
8.52335494271844 49
8.53048213242363 51
8.53760935775164 38
8.54473661870246 32
8.5518639152761 48
8.55899124747256 35
8.56611861529184 43
8.57324601873394 56
8.58037345779885 57
8.58750093248658 60
8.59462844279713 51
8.6017559887305 56
8.60888357028668 68
8.61601118746568 69
8.6231388402675 66
8.63026652869214 53
8.6373942527396 57
8.64452201240987 62
8.65164980770296 58
8.65877763861887 81
8.6659055051576 71
8.67303340731914 90
8.68016134510351 74
8.68728931851069 77
8.69441732754069 91
8.7015453721935 108
8.70867345246914 101
8.71580156836759 136
8.72292971988886 138
8.73005790703294 179
8.73718612979985 155
8.74431438818957 211
8.75144268220211 237
8.75857101183747 309
8.76569937709565 379
8.77282777797664 397
8.77995621448045 484
8.78708468660708 549
8.79421319435653 610
8.8013417377288 665
8.80847031672388 833
8.81559893134178 874
8.8227275815825 968
8.82985626744603 1098
8.83698498893239 1153
8.84411374604156 1322
8.85124253877355 1372
8.85837136712836 1506
8.86550023110598 1511
8.87262913070643 1548
8.87975806592969 1542
8.88688703677577 1560
8.89401604324466 1592
8.90114508533638 1599
8.90827416305091 1568
8.91540327638826 1455
8.92253242534843 1344
8.92966160993141 1265
8.93679083013722 1206
8.94392008596584 1115
8.95104937741728 946
8.95817870449154 883
8.96530806718861 779
8.9724374655085 680
8.97956689945121 614
8.98669636901674 536
8.99382587420509 464
9.00095541501625 334
9.00808499145023 300
9.01521460350703 248
9.02234425118665 199
9.02947393448908 174
9.03660365341434 153
9.04373340796241 118
9.0508631981333 74
9.057993023927 81
9.06512288534353 41
9.07225278238287 40
9.07938271504503 34
9.08651268333001 15
9.0936426872378 24
9.10077272676842 7
9.10790280192185 9
9.11503291269809 6
9.12216305909716 4
9.12929324111905 5
9.13642345876375 4
9.14355371203127 3
9.1506840009216 6
9.15781432543476 1
9.16494468557073 0
9.17207508132953 2
9.17920551271113 2
9.18633597971556 4
9.1934664823428 1
9.20059702059287 3
9.20772759446575 0
9.21485820396145 3
9.22198884907996 1
9.2291195298213 3
9.23625024618545 1
9.24338099817242 3
9.2505117857822 4
9.25764260901481 4
9.26477346787023 0
9.27190436234847 2
9.27903529244953 1
9.28616625817341 3
9.2932972595201 2
9.30042829648961 1
9.30755936908194 1
9.31469047729709 2
9.32182162113505 1
9.32895280059583 0
9.33608401567943 2
9.34321526638585 0
9.35034655271509 1
9.35747787466714 3
9.36460923224202 2
9.37174062543971 1
9.37887205426021 0
9.38600351870354 6
9.39313501876968 1
9.40026655445864 0
9.40739812577042 2
9.41452973270502 3
9.42166137526243 3
9.42879305344266 0
9.43592476724571 0
9.44305651667158 4
9.45018830172027 2
9.45732012239177 1
9.46445197868609 2
9.47158387060323 1
9.47871579814319 1
9.48584776130596 2
9.49297976009156 2
9.50011179449997 2
9.50724386453119 2
9.51437597018524 2
9.5215081114621 1
9.52864028836179 4
9.53577250088428 3
9.5429047490296 4
9.55003703279774 6
9.55716935218869 5
9.56430170720246 5
9.57143409783905 1
9.57856652409845 4
9.58569898598068 3
9.59283148348572 5
9.59996401661358 6
9.60709658536426 9
9.61422918973775 8
9.62136182973406 6
9.6284945053532 6
9.63562721659514 6
9.64275996345991 5
9.6498927459475 12
9.6570255640579 7
9.66415841779112 6
9.67129130714715 5
9.67842423212601 6
9.68555719272768 15
9.69269018895217 5
9.69982322079948 8
9.70695628826961 9
9.71408939136255 11
9.72122253007832 8
9.7283557044169 9
9.73548891437829 9
9.74262215996251 9
9.74975544116954 7
9.75688875799939 4
9.76402211045206 10
9.77115549852755 6
9.77828892222585 11
9.78542238154698 5
9.79255587649092 7
9.79968940705767 0
9.80682297324725 6
9.81395657505964 4
9.82109021249486 6
9.82822388555288 2
9.83535759423373 2
9.8424913385374 1
9.84962511846388 1
9.85675893401318 2
9.8638927851853 2
9.87102667198023 0
9.87816059439799 0
9.88529455243856 1
9.89242854610195 3
9.89956257538816 1
9.90669664029718 2
9.91383074082902 2
9.92096487698369 1
9.92809904876116 1
9.93523325616146 4
9.94236749918458 3
9.94950177783051 3
9.95663609209926 3
9.96377044199082 1
9.97090482750521 3
9.97803924864241 2
9.98517370540243 2
9.99230819778527 0
9.99944272579093 1
10.0065772894194 3
10.0137118886707 1
10.0208465235448 5
10.0279811940417 2
10.0351159001615 5
10.042250641904 1
10.0493854192694 0
10.0565202322576 1
10.0636550808686 0
10.0707899651025 5
10.0779248849591 0
10.0850598404386 1
10.0921948315409 1
10.099329858266 1
10.1064649206139 1
10.1136000185847 2
10.1207351521782 2
10.1278703213946 4
10.1350055262338 3
10.1421407666958 2
10.1492760427806 3
10.1564113544883 4
10.1635467018187 5
10.170682084772 2
10.1778175033481 2
10.1849529575471 2
10.1920884473688 5
10.1992239728133 0
10.2063595338807 0
10.2134951305709 5
10.2206307628839 1
10.2277664308197 2
10.2349021343784 1
10.2420378735598 0
10.2491736483641 2
10.2563094587912 4
10.2634453048411 3
10.2705811865139 5
10.2777171038094 2
10.2848530567278 2
10.291989045269 4
10.299125069433 5
10.3062611292198 4
10.3133972246294 4
10.3205333556619 3
10.3276695223172 4
10.3348057245953 1
10.3419419624962 2
10.3490782360199 0
10.3562145451665 1
10.3633508899358 2
10.370487270328 2
10.377623686343 2
10.3847601379808 1
10.3918966252415 2
10.3990331481249 3
10.4061697066312 3
10.4133063007603 2
10.4204429305122 5
10.4275795958869 1
10.4347162968845 2
10.4418530335048 2
10.448989805748 3
10.456126613614 0
10.4632634571028 2
10.4704003362144 1
10.4775372509489 2
10.4846742013062 3
10.4918111872862 0
10.4989482088891 2
10.5060852661149 1
10.5132223589634 2
10.5203594874348 4
10.5274966515289 2
10.5346338512459 2
10.5417710865857 2
10.5489083575484 0
10.5560456641338 3
10.5631830063421 3
10.5703203841732 1
10.5774577976271 3
10.5845952467038 3
10.5917327314033 1
10.5988702517257 0
10.6060078076708 0
10.6131453992388 1
10.6202830264296 2
10.6274206892432 3
10.6345583876797 2
10.6416961217389 0
10.648833891421 1
10.6559716967259 2
10.6631095376536 0
10.6702474142042 2
10.6773853263775 0
10.6845232741737 4
10.6916612575927 1
10.6987992766345 1
10.7059373312991 3
10.7130754215865 1
10.7202135474968 2
10.7273517090298 2
10.7344899061857 1
10.7416281389644 1
10.748766407366 1
10.7559047113903 1
10.7630430510375 2
10.7701814263074 2
10.7773198372002 2
10.7844582837159 0
10.7915967658543 2
10.7987352836155 1
10.8058738369996 1
10.8130124260065 1
10.8201510506362 0
10.8272897108887 0
10.8344284067641 0
10.8415671382622 0
10.8487059053832 4
10.855844708127 0
10.8629835464936 1
10.870122420483 2
10.8772613300953 1
10.8844002753303 0
10.8915392561882 1
10.8986782726689 2
10.9058173247724 1
10.9129564124988 3
10.9200955358479 2
10.9272346948199 1
10.9343738894147 3
10.9415131196323 1
10.9486523854727 1
10.955791686936 2
10.962931024022 3
10.9700703967309 3
10.9772098050626 2
10.9843492490171 2
10.9914887285945 1
10.9986282437946 0
11.0057677946176 3
11.0129073810634 0
11.020047003132 0
11.0271866608234 2
11.0343263541376 3
11.0414660830747 1
11.0486058476345 0
11.0557456478172 5
11.0628854836227 4
11.0700253550511 1
11.0771652621022 2
11.0843052047762 1
11.091445183073 1
11.0985851969926 4
11.105725246535 3
11.1128653317002 3
11.1200054524883 2
11.1271456088991 3
11.1342858009328 6
11.1414260285893 2
11.1485662918687 4
11.1557065907708 2
11.1628469252958 1
11.1699872954435 3
11.1771277012141 2
11.1842681426075 1
11.1914086196238 3
11.1985491322628 1
11.2056896805247 0
11.2128302644094 2
11.2199708839169 3
11.2271115390472 1
11.2342522298003 5
11.2413929561763 1
11.248533718175 7
11.2556745157966 1
11.262815349041 3
11.2699562179083 3
11.2770971223983 2
11.2842380625112 1
11.2913790382469 1
11.2985200496054 2
11.3056610965867 2
11.3128021791908 4
11.3199432974178 4
11.3270844512675 5
11.3342256407401 2
11.3413668658355 1
11.3485081265537 3
11.3556494228948 3
11.3627907548586 5
11.3699321224453 7
11.3770735256548 3
11.3842149644871 2
11.3913564389422 4
11.3984979490202 4
11.405639494721 5
11.4127810760445 2
11.4199226929909 4
11.4270643455602 4
11.4342060337522 3
11.441347757567 3
11.4484895170047 4
11.4556313120652 3
11.4627731427485 5
11.4699150090546 3
11.4770569109836 3
11.4841988485353 5
11.4913408217099 5
11.4984828305073 3
11.5056248749275 5
11.5127669549706 9
11.5199090706364 1
11.5270512219251 5
11.5341934088366 7
11.5413356313709 5
11.548477889528 5
11.5556201833079 7
11.5627625127107 6
11.5699048777362 5
11.5770472783846 5
11.5841897146558 4
11.5913321865499 5
11.5984746940667 9
11.6056172372064 11
11.6127598159689 4
11.6199024303542 5
11.6270450803623 5
11.6341877659932 7
11.641330487247 3
11.6484732441235 3
11.6556160366229 5
11.6627588647451 3
11.6699017284901 3
11.677044627858 5
11.6841875628486 1
11.6913305334621 3
11.6984735396984 4
11.7056165815575 1
11.7127596590395 1
11.7199027721442 2
11.7270459208718 5
11.7341891052222 6
11.7413323251954 3
11.7484755807914 2
11.7556188720102 2
11.7627621988519 6
11.7699055613163 5
11.7770489594036 1
11.7841923931137 6
11.7913358624467 3
11.7984793674024 0
11.805622907981 3
11.8127664841824 2
11.8199100960065 4
11.8270537434536 3
11.8341974265234 1
11.841341145216 2
11.8484848995315 0
11.8556286894698 7
11.8627725150309 3
11.8699163762148 7
11.8770602730216 8
11.8842042054511 5
11.8913481735035 2
11.8984921771787 1
11.9056362164767 5
11.9127802913975 3
11.9199244019412 3
11.9270685481076 1
11.9342127298969 6
11.941356947309 2
11.9485012003439 1
11.9556454890017 2
11.9627898132822 6
11.9699341731856 0
11.9770785687118 1
11.9842229998608 2
11.9913674666326 3
11.9985119690273 2
12.0056565070447 2
12.012801080685 2
12.0199456899481 3
12.027090334834 1
12.0342350153427 3
12.0413797314743 2
12.0485244832287 2
12.0556692706058 2
12.0628140936058 3
12.0699589522287 1
12.0771038464743 0
12.0842487763428 3
12.091393741834 2
12.0985387429481 2
12.105683779685 1
12.1128288520448 0
12.1199739600273 3
12.1271191036327 1
12.1342642828608 3
12.1414094977118 1
12.1485547481857 0
12.1557000342823 2
12.1628453560017 3
12.169990713344 1
12.1771361063091 2
12.184281534897 0
12.1914269991077 0
12.1985724989413 0
12.2057180343976 1
12.2128636054768 1
12.2200092121788 0
12.2271548545036 3
12.2343005324512 1
12.2414462460217 0
12.248591995215 0
12.255737780031 0
12.2628836004699 2
12.2700294565317 6
12.2771753482162 0
12.2843212755236 1
12.2914672384537 1
12.2986132370067 1
12.3057592711825 1
12.3129053409812 1
12.3200514464026 1
12.3271975874469 2
12.3343437641139 1
12.3414899764038 0
12.3486362243165 0
12.3557825078521 1
12.3629288270104 1
12.3700751817916 3
12.3772215721956 0
12.3843679982224 0
12.391514459872 1
12.3986609571444 0
12.4058074900397 1
12.4129540585578 2
12.4201006626987 0
12.4272473024624 0
12.4343939778489 0
12.4415406888583 0
12.4486874354904 0
12.4558342177454 1
12.4629810356232 0
12.4701278891238 0
12.4772747782473 0
12.4844217029935 1
12.4915686633626 1
12.4987156593545 0
12.5058626909692 0
12.5130097582067 1
12.520156861067 4
12.5273039995502 1
12.5344511736562 1
12.541598383385 0
12.5487456287366 2
12.555892909711 2
12.5630402263083 1
12.5701875785283 1
12.5773349663712 1
12.5844823898369 1
12.5916298489254 1
12.5987773436368 1
12.6059248739709 0
12.6130724399279 0
12.6202200415077 0
12.6273676787103 0
12.6345153515357 1
12.641663059984 2
12.648810804055 2
12.6559585837489 0
12.6631063990656 0
12.6702542500051 2
12.6774021365675 1
12.6845500587526 0
12.6916980165606 3
12.6988460099914 0
12.705994039045 0
12.7131421037214 3
12.7202902040206 1
12.7274383399427 1
12.7345865114876 0
12.7417347186553 0
12.7488829614458 1
12.7560312398591 2
12.7631795538953 0
12.7703279035542 0
12.777476288836 1
12.7846247097406 3
12.791773166268 0
12.7989216584183 3
12.8060701861913 2
12.8132187495872 2
12.8203673486059 1
12.8275159832474 2
12.8346646535117 0
12.8418133593989 0
12.8489621009088 0
12.8561108780416 1
12.8632596907972 2
12.8704085391756 0
12.8775574231768 0
12.8847063428009 3
12.8918552980478 0
12.8990042889175 1
12.90615331541 0
12.9133023775253 0
12.9204514752634 1
12.9276006086244 2
12.9347497776081 2
12.9418989822147 2
12.9490482224441 0
12.9561974982964 3
12.9633468097714 1
12.9704961568693 1
12.97764553959 1
12.9847949579335 1
12.9919444118998 1
12.9990939014889 1
13.0062434267009 0
13.0133929875356 0
13.0205425839932 1
13.0276922160736 0
13.0348418837769 1
13.0419915871029 3
13.0491413260518 0
13.0562911006234 1
13.0634409108179 1
13.0705907566352 1
13.0777406380754 1
13.0848905551383 0
13.0920405078241 3
13.0991904961327 2
13.1063405200641 1
13.1134905796183 1
13.1206406747953 2
13.1277908055952 2
13.1349409720179 1
13.1420911740634 1
13.1492414117317 3
13.1563916850228 2
13.1635419939367 2
13.1706923384735 1
13.1778427186331 1
13.1849931344155 1
13.1921435858207 1
13.1992940728487 0
13.2064445954996 1
13.2135951537733 1
13.2207457476697 0
13.227896377189 1
13.2350470423312 0
13.2421977430961 1
13.2493484794839 2
13.2564992514944 1
13.2636500591278 1
13.270800902384 0
13.2779517812631 1
13.2851026957649 1
13.2922536458896 2
13.2994046316371 0
13.3065556530074 1
13.3137067100005 0
13.3208578026164 2
13.3280089308552 2
13.3351600947168 2
13.3423112942011 0
13.3494625293083 2
13.3566138000384 0
13.3637651063912 0
13.3709164483669 1
13.3780678259654 1
13.3852192391867 1
13.3923706880308 0
13.3995221724977 1
13.4066736925875 2
13.4138252483 0
13.4209768396354 0
13.4281284665936 0
13.4352801291746 0
13.4424318273785 1
13.4495835612051 1
13.4567353306546 0
13.4638871357269 1
13.471038976422 0
13.4781908527399 1
13.4853427646807 0
13.4924947122442 0
13.4996466954306 1
13.5067987142398 0
13.5139507686718 2
13.5211028587267 0
13.5282549844043 1
13.5354071457048 0
13.5425593426281 0
13.5497115751742 0
13.5568638433431 1
13.5640161471349 0
13.5711684865494 0
13.5783208615868 2
13.585473272247 0
13.59262571853 0
13.5997782004358 0
13.6069307179645 1
13.6140832711159 0
13.6212358598902 0
13.6283884842873 0
13.6355411443073 0
13.64269383995 2
13.6498465712155 0
13.6569993381039 3
13.6641521406151 0
13.6713049787491 2
13.6784578525059 0
13.6856107618856 0
13.6927637068881 2
13.6999166875133 1
13.7070697037614 1
13.7142227556323 0
13.7213758431261 1
13.7285289662426 0
13.735682124982 1
13.7428353193442 1
13.7499885493292 1
13.757141814937 1
13.7642951161677 0
13.7714484530211 0
13.7786018254974 0
13.7857552335965 0
13.7929086773184 0
13.8000621566631 1
13.8072156716307 0
13.814369222221 0
13.8215228084342 0
13.8286764302702 1
13.835830087729 1
13.8429837808107 0
13.8501375095151 1
13.8572912738424 0
13.8644450737925 2
13.8715989093654 1
13.8787527805611 0
13.8859066873797 0
13.893060629821 3
13.9002146078852 1
13.9073686215722 1
13.914522670882 0
13.9216767558146 1
13.9288308763701 0
13.9359850325484 0
13.9431392243494 0
13.9502934517733 1
13.9574477148201 1
13.9646020134896 0
13.971756347782 2
13.9789107176971 0
13.9860651232351 1
13.9932195643959 0
14.0003740411796 0
14.007528553586 2
14.0146831016153 0
14.0218376852674 1
14.0289923045423 0
14.03614695944 0
14.0433016499605 1
14.0504563761039 0
14.05761113787 1
14.064765935259 0
14.0719207682708 1
14.0790756369054 0
14.0862305411629 0
14.0933854810432 3
14.1005404565462 1
14.1076954676721 0
14.1148505144208 0
14.1220055967924 0
14.1291607147867 1
14.1363158684039 1
14.1434710576439 1
14.1506262825067 0
14.1577815429923 1
14.1649368391007 1
14.172092170832 1
14.1792475381861 1
14.1864029411629 0
14.1935583797627 0
14.2007138539852 0
14.2078693638305 2
14.2150249092987 1
14.2221804903897 0
14.2293361071035 0
14.2364917594401 1
14.2436474473995 0
14.2508031709818 0
14.2579589301868 0
14.2651147250147 0
14.2722705554654 0
14.2794264215389 0
14.2865823232353 0
14.2937382605544 0
14.3008942334964 0
14.3080502420612 0
14.3152062862488 1
14.3223623660593 0
14.3295184814925 2
14.3366746325486 1
14.3438308192274 0
14.3509870415291 1
14.3581432994537 0
14.365299593001 1
14.3724559221712 1
14.3796122869641 0
14.3867686873799 0
14.3939251234185 0
14.4010815950799 0
14.4082381023642 0
14.4153946452712 0
14.4225512238011 0
14.4297078379538 0
14.4368644877293 0
14.4440211731277 1
14.4511778941488 1
14.4583346507928 0
14.4654914430596 0
14.4726482709492 0
14.4798051344616 0
14.4869620335968 1
14.4941189683549 2
14.5012759387358 0
14.5084329447395 0
14.515589986366 2
14.5227470636153 0
14.5299041764874 0
14.5370613249824 0
14.5442185091002 0
14.5513757288408 0
14.5585329842042 1
14.5656902751904 0
14.5728476017995 0
14.5800049640314 0
14.587162361886 0
14.5943197953636 0
14.6014772644639 0
14.608634769187 0
14.615792309533 4
14.6229498855018 0
14.6301074970933 0
14.6372651443078 0
14.644422827145 0
14.651580545605 0
14.6587382996879 0
14.6658960893936 1
14.6730539147221 0
14.6802117756734 0
14.6873696722475 0
14.6945276044445 0
14.7016855722643 0
14.7088435757069 0
14.7160016147723 0
14.7231596894605 0
14.7303177997715 0
14.7374759457054 0
14.7446341272621 0
14.7517923444416 0
14.7589505972439 0
14.766108885669 0
14.773267209717 1
14.7804255693878 0
14.7875839646813 0
14.7947423955977 0
14.801900862137 0
14.809059364299 0
14.8162179020839 0
14.8233764754915 0
14.830535084522 0
14.8376937291753 0
14.8448524094515 0
14.8520111253504 0
14.8591698768722 0
14.8663286640168 0
14.8734874867842 1
14.8806463451744 0
14.8878052391874 0
14.8949641688233 0
14.9021231340819 0
14.9092821349634 0
14.9164411714677 0
14.9236002435949 0
14.9307593513448 0
14.9379184947176 0
14.9450776737131 0
14.9522368883315 0
14.9593961385728 0
14.9665554244368 0
14.9737147459236 0
14.9808741030333 0
14.9880334957658 0
14.9951929241211 0
15.0023523880992 0
15.0095118877001 0
15.0166714229239 0
15.0238309937705 0
15.0309906002399 0
15.0381502423321 0
15.0453099200471 0
15.052469633385 0
15.0596293823456 0
15.0667891669291 0
15.0739489871354 1
15.0811088429645 0
15.0882687344164 0
15.0954286614912 0
15.1025886241888 0
15.1097486225092 0
15.1169086564524 0
15.1240687260184 0
15.1312288312072 0
15.1383889720189 0
15.1455491484534 0
15.1527093605107 0
15.1598696081908 0
15.1670298914937 0
15.1741902104194 0
15.181350564968 0
15.1885109551394 0
15.1956713809336 0
15.2028318423506 0
15.2099923393905 0
15.2171528720531 0
15.2243134403386 0
15.2314740442469 0
15.238634683778 0
15.2457953589319 0
15.2529560697087 0
15.2601168161082 0
15.2672775981306 0
15.2744384157758 0
15.2815992690438 0
15.2887601579346 0
15.2959210824483 0
15.3030820425848 0
15.310243038344 0
15.3174040697261 0
15.3245651367311 0
15.3317262393588 0
15.3388873776094 0
15.3460485514827 0
15.3532097609789 0
15.3603710060979 0
15.3675322868398 0
15.3746936032044 0
15.3818549551919 0
15.3890163428022 0
15.3961777660353 0
15.4033392248912 0
15.4105007193699 0
15.4176622494715 0
15.4248238151958 0
15.431985416543 0
15.439147053513 0
15.4463087261059 0
15.4534704343215 0
15.46063217816 0
15.4677939576212 0
15.4749557727053 0
15.4821176234123 0
15.489279509742 0
15.4964414316945 0
15.5036033892699 1
15.5107653824681 0
15.5179274112891 0
15.5250894757329 0
15.5322515757995 0
15.539413711489 0
15.5465758828013 0
15.5537380897364 0
15.5609003322943 0
15.568062610475 0
15.5752249242786 0
15.5823872737049 0
15.5895496587541 0
15.5967120794261 0
15.6038745357209 0
15.6110370276385 0
15.618199555179 0
15.6253621183423 0
15.6325247171284 0
15.6396873515373 0
15.646850021569 0
15.6540127272235 0
15.6611754685009 0
15.6683382454011 0
15.6755010579241 0
15.6826639060699 0
15.6898267898385 0
15.6969897092299 0
15.7041526642442 0
15.7113156548813 0
15.7184786811412 0
15.7256417430239 0
15.7328048405294 0
15.7399679736578 0
15.747131142409 0
15.754294346783 0
15.7614575867798 0
15.7686208623994 0
15.7757841736418 0
15.7829475205071 0
15.7901109029952 0
15.7972743211061 0
15.8044377748398 0
15.8116012641963 0
15.8187647891757 0
15.8259283497778 1
15.8330919460028 0
15.8402555778506 0
15.8474192453213 1
15.8545829484147 0
15.861746687131 0
15.86891046147 1
15.8760742714319 0
15.8832381170166 0
15.8904019982242 0
15.8975659150545 0
15.9047298675077 0
15.9118938555837 0
15.9190578792825 1
15.9262219386041 3
15.9333860335485 0
15.9405501641158 0
15.9477143303058 0
15.9548785321187 0
15.9620427695544 0
15.969207042613 0
15.9763713512943 5
15.9835356955985 0
15.9907000755254 3
15.9978644910752 2
16.0050289422478 4
16.0121934290433 0
16.0193579514615 2
16.0265225095026 2
16.0336871031665 4
16.0408517324532 5
16.0480163973627 4
16.055181097895 7
16.0623458340502 3
16.0695106058282 3
16.076675413229 1
16.0838402562526 2
16.091005134899 3
16.0981700491682 4
16.1053349990603 4
16.1124999845752 5
16.1196650057129 2
16.1268300624734 3
16.1339951548567 1
16.1411602828629 4
16.1483254464919 2
16.1554906457436 2
16.1626558806182 1
16.1698211511157 0
16.1769864572359 1
16.184151798979 0
16.1913171763448 2
16.1984825893335 1
16.2056480379451 2
16.2128135221794 1
16.2199790420365 0
16.2271445975165 4
16.2343101886193 0
16.2414758153449 0
16.2486414776933 0
16.2558071756645 0
16.2629729092586 0
16.2701386784755 0
16.2773044833151 0
16.2844703237777 0
16.291636199863 0
16.2988021115711 0
16.3059680589021 0
16.3131340418559 0
16.3203000604325 0
16.3274661146319 0
16.3346322044541 0
16.3417983298992 0
16.348964490967 0
16.3561306876577 0
16.3632969199712 0
16.3704631879075 0
16.3776294914667 0
16.3847958306486 0
16.3919622054534 0
16.399128615881 0
16.4062950619314 0
16.4134615436046 0
16.4206280609007 0
16.4277946138196 0
16.4349612023612 0
16.4421278265257 0
16.4492944863131 0
16.4564611817232 0
16.4636279127561 0
16.4707946794119 0
16.4779614816905 1
16.4851283195919 1
16.4922951931161 0
16.4994621022632 0
16.506629047033 0
16.5137960274257 0
16.5209630434412 0
16.5281300950795 0
16.5352971823407 0
16.5424643052246 0
16.5496314637314 0
16.556798657861 0
16.5639658876134 0
16.5711331529886 0
16.5783004539866 0
16.5854677906075 0
16.5926351628511 0
16.5998025707176 0
16.6069700142069 0
16.6141374933191 0
16.621305008054 0
16.6284725584118 0
16.6356401443924 0
16.6428077659958 0
16.649975423222 0
16.657143116071 0
16.6643108445429 0
16.6714786086375 0
16.678646408355 0
16.6858142436953 0
16.6929821146584 0
16.7001500212444 0
16.7073179634531 0
16.7144859412847 0
16.7216539547391 0
16.7288220038163 0
16.7359900885164 0
16.7431582088392 0
16.7503263647849 0
16.7574945563534 0
16.7646627835447 0
16.7718310463588 0
16.7789993447957 0
16.7861676788555 1
16.793336048538 0
16.8005044538434 0
16.8076728947716 0
16.8148413713227 1
16.8220098834965 2
16.8291784312932 1
16.8363470147126 1
16.8435156337549 1
16.85068428842 0
16.857852978708 0
16.8650217046187 0
16.8721904661523 0
16.8793592633087 0
16.8865280960879 0
16.8936969644899 1
16.9008658685147 0
16.9080348081624 1
16.9152037834329 1
16.9223727943262 1
16.9295418408423 0
16.9367109229812 1
16.943880040743 1
16.9510491941275 1
16.9582183831349 2
16.9653876077651 1
16.9725568680181 1
16.979726163894 2
16.9868954953926 1
16.9940648625141 0
17.0012342652584 0
17.0084037036255 2
17.0155731776154 0
17.0227426872281 0
17.0299122324637 0
17.0370818133221 1
17.0442514298033 0
17.0514210819073 0
17.0585907696341 0
17.0657604929838 1
17.0729302519562 0
17.0801000465515 0
17.0872698767696 1
17.0944397426105 0
17.1016096440743 2
17.1087795811608 0
17.1159495538702 0
17.1231195622024 0
17.1302896061574 0
17.1374596857352 0
17.1446298009359 0
17.1517999517593 0
17.1589701382056 0
17.1661403602747 0
17.1733106179666 0
17.1804809112814 0
17.1876512402189 0
17.1948216047793 0
17.2019920049625 0
17.2091624407685 0
17.2163329121973 0
17.2235034192489 0
17.2306739619234 0
17.2378445402207 0
17.2450151541408 0
17.2521858036837 0
17.2593564888494 0
17.266527209638 0
17.2736979660493 0
17.2808687580835 0
17.2880395857405 0
17.2952104490203 0
17.302381347923 0
17.3095522824484 0
17.3167232525967 0
17.3238942583678 0
17.3310652997617 0
17.3382363767784 0
17.345407489418 0
17.3525786376803 0
17.3597498215655 0
17.3669210410735 0
17.3740922962043 0
17.3812635869579 0
17.3884349133344 0
17.3956062753337 0
17.4027776729557 0
17.4099491062006 0
17.4171205750684 0
17.4242920795589 0
17.4314636196723 0
17.4386351954084 0
17.4458068067674 0
17.4529784537492 0
17.4601501363539 0
17.4673218545813 0
17.4744936084316 0
17.4816653979047 0
17.4888372230006 0
17.4960090837193 0
17.5031809800608 0
17.5103529120252 0
17.5175248796123 0
17.5246968828223 0
17.5318689216551 0
17.5390409961107 0
17.5462131061892 0
17.5533852518905 0
17.5605574332145 0
17.5677296501614 0
17.5749019027311 0
17.5820741909237 0
17.589246514739 0
17.5964188741772 0
17.6035912692382 0
17.610763699922 1
17.6179361662286 0
17.625108668158 0
17.6322812057103 0
17.6394537788854 0
17.6466263876832 0
17.653799032104 0
17.6609717121475 0
17.6681444278138 0
17.675317179103 0
17.682489966015 0
17.6896627885498 0
17.6968356467074 0
17.7040085404878 0
17.7111814698911 0
17.7183544349171 0
17.725527435566 0
17.7327004718377 1
17.7398735437322 0
17.7470466512496 0
17.7542197943897 0
17.7613929731527 0
17.7685661875385 0
17.7757394375471 1
17.7829127231786 0
17.7900860444328 0
17.7972594013099 0
17.8044327938097 0
17.8116062219324 0
17.818779685678 1
17.8259531850463 0
17.8331267200375 0
17.8403002906514 0
17.8474738968882 0
17.8546475387478 0
17.8618212162303 0
17.8689949293355 0
17.8761686780636 0
17.8833424624144 0
17.8905162823881 0
17.8976901379846 0
17.904864029204 0
17.9120379560461 0
17.9192119185111 0
17.9263859165989 0
17.9335599503095 0
17.9407340196429 0
17.9479081245991 0
17.9550822651782 0
17.9622564413801 0
17.9694306532048 0
17.9766049006523 0
17.9837791837226 0
17.9909535024157 0
17.9981278567317 0
18.0053022466705 0
18.0124766722321 0
18.0196511334165 0
18.0268256302237 0
18.0340001626538 0
18.0411747307067 0
18.0483493343824 0
18.0555239736809 0
18.0626986486022 0
18.0698733591463 0
18.0770481053133 0
18.0842228871031 0
18.0913977045157 0
18.0985725575511 0
18.1057474462093 0
18.1129223704903 0
18.1200973303942 0
18.1272723259209 0
18.1344473570704 0
18.1416224238427 0
18.1487975262379 0
18.1559726642558 0
18.1631478378966 0
18.1703230471602 0
18.1774982920466 0
18.1846735725558 0
18.1918488886879 0
18.1990242404427 0
18.2061996278204 0
18.2133750508209 0
18.2205505094442 0
18.2277260036903 0
18.2349015335593 0
18.2420770990511 0
18.2492527001656 0
18.2564283369031 0
18.2636040092633 0
18.2707797172463 0
18.2779554608522 0
18.2851312400809 0
18.2923070549323 0
18.2994829054067 0
18.3066587915038 0
18.3138347132237 0
18.3210106705665 0
18.3281866635321 0
18.3353626921205 0
18.3425387563317 0
18.3497148561657 0
18.3568909916226 0
18.3640671627023 0
18.3712433694047 0
18.3784196117301 0
18.3855958896782 0
18.3927722032491 0
18.3999485524429 0
18.4071249372595 0
18.4143013576989 0
18.4214778137611 0
18.4286543054461 0
18.435830832754 0
18.4430073956846 0
18.4501839942381 0
18.4573606284144 1
18.4645372982135 0
18.4717140036355 0
18.4788907446802 0
18.4860675213478 0
18.4932443336382 0
18.5004211815514 0
18.5075980650874 0
18.5147749842463 0
18.5219519390279 0
18.5291289294324 0
18.5363059554597 0
18.5434830171098 0
18.5506601143828 0
18.5578372472785 0
18.5650144157971 0
18.5721916199385 0
18.5793688597027 0
18.5865461350897 0
18.5937234460995 0
18.6009007927322 0
18.6080781749877 0
18.615255592866 0
18.6224330463671 0
18.629610535491 0
18.6367880602378 0
18.6439656206073 0
18.6511432165997 0
18.6583208482149 0
18.6654985154529 0
18.6726762183138 0
18.6798539567974 0
18.6870317309039 0
18.6942095406332 0
18.7013873859853 0
18.7085652669602 0
18.715743183558 0
18.7229211357785 0
18.7300991236219 0
18.7372771470881 0
18.7444552061771 0
18.751633300889 0
18.7588114312236 0
18.7659895971811 0
18.7731677987614 0
18.7803460359645 0
18.7875243087904 0
18.7947026172391 0
18.8018809613107 0
18.8090593410051 0
18.8162377563223 0
18.8234162072623 0
18.8305946938251 0
18.8377732160107 0
18.8449517738192 0
18.8521303672505 0
18.8593089963046 0
18.8664876609815 0
18.8736663612812 0
18.8808450972038 0
18.8880238687492 0
18.8952026759174 0
18.9023815187084 0
18.9095603971222 0
18.9167393111588 0
18.9239182608183 0
18.9310972461006 0
18.9382762670057 0
18.9454553235336 0
18.9526344156843 0
18.9598135434579 0
18.9669927068542 0
18.9741719058734 0
18.9813511405154 0
18.9885304107802 0
18.9957097166679 0
19.0028890581783 0
19.0100684353116 0
19.0172478480677 0
19.0244272964466 0
19.0316067804483 0
19.0387863000729 0
19.0459658553203 0
19.0531454461904 0
19.0603250726834 0
19.0675047347992 0
19.0746844325379 0
19.0818641658993 0
19.0890439348836 0
19.0962237394907 0
19.1034035797206 1
19.1105834555733 0
19.1177633670489 0
19.1249433141472 0
19.1321232968684 0
19.1393033152124 0
19.1464833691792 0
19.1536634587688 0
19.1608435839813 0
19.1680237448165 0
19.1752039412746 0
19.1823841733555 0
19.1895644410593 0
19.1967447443858 0
19.2039250833351 0
19.2111054579073 0
19.2182858681023 0
19.2254663139201 0
19.2326467953607 0
19.2398273124242 0
19.2470078651104 0
19.2541884534195 0
19.2613690773514 0
19.2685497369061 0
19.2757304320837 0
19.282911162884 0
19.2900919293072 0
19.2972727313532 0
19.304453569022 0
19.3116344423136 0
19.318815351228 0
19.3259962957653 0
19.3331772759254 0
19.3403582917083 0
19.347539343114 0
19.3547204301425 0
19.3619015527939 0
19.369082711068 0
19.376263904965 0
19.3834451344848 0
19.3906263996274 0
19.3978077003929 0
19.4049890367811 0
19.4121704087922 0
19.4193518164261 0
19.4265332596828 0
19.4337147385623 0
19.4408962530646 0
19.4480778031898 0
19.4552593889378 0
19.4624410103086 0
19.4696226673022 0
19.4768043599186 0
19.4839860881579 0
19.4911678520199 0
19.4983496515048 0
19.5055314866125 0
19.512713357343 0
19.5198952636964 0
19.5270772056725 0
19.5342591832715 0
19.5414411964933 0
19.5486232453379 0
19.5558053298053 0
19.5629874498956 0
19.5701696056087 0
19.5773517969445 0
19.5845340239032 0
19.5917162864847 0
19.5988985846891 0
19.6060809185162 0
19.6132632879662 0
19.620445693039 0
19.6276281337346 0
19.634810610053 0
19.6419931219943 0
19.6491756695583 0
19.6563582527452 0
19.6635408715549 0
19.6707235259874 0
19.6779062160427 0
19.6850889417209 0
19.6922717030218 0
19.6994544999456 0
19.7066373324922 0
19.7138202006616 0
19.7210031044539 0
19.7281860438689 0
19.7353690189068 0
19.7425520295675 0
19.749735075851 0
19.7569181577573 0
19.7641012752865 0
19.7712844284384 0
19.7784676172132 0
19.7856508416108 0
19.7928341016312 0
19.8000173972745 0
19.8072007285405 0
19.8143840954294 0
19.8215674979411 0
19.8287509360756 0
19.8359344098329 0
19.843117919213 0
19.850301464216 0
19.8574850448418 0
19.8646686610904 0
19.8718523129618 0
19.879036000456 0
19.886219723573 0
19.8934034823129 0
19.9005872766756 0
19.9077711066611 0
19.9149549722694 0
19.9221388735005 0
19.9293228103545 0
19.9365067828313 0
19.9436907909309 0
19.9508748346533 0
19.9580589139985 0
19.9652430289665 0
19.9724271795574 0
19.9796113657711 0
19.9867955876076 0
19.9939798450669 0
20.001164138149 0
20.008348466854 0
20.0155328311817 0
20.0227172311323 0
20.0299016667057 0
20.0370861379019 0
20.044270644721 0
20.0514551871628 0
20.0586397652275 0
20.065824378915 0
20.0730090282253 0
20.0801937131584 0
20.0873784337144 0
20.0945631898931 0
20.1017479816947 0
20.1089328091191 0
20.1161176721663 0
20.1233025708364 0
20.1304875051292 0
20.1376724750449 0
20.1448574805834 0
20.1520425217447 0
20.1592275985288 0
20.1664127109357 0
20.1735978589655 0
20.1807830426181 0
20.1879682618935 0
20.1951535167917 0
20.2023388073127 0
20.2095241334566 0
20.2167094952232 0
20.2238948926127 0
20.231080325625 0
20.2382657942601 0
20.2454512985181 0
20.2526368383988 0
20.2598224139024 0
20.2670080250288 0
20.274193671778 0
20.28137935415 0
20.2885650721449 0
20.2957508257625 0
20.302936615003 0
20.3101224398663 0
20.3173083003524 0
20.3244941964613 0
20.3316801281931 0
20.3388660955477 0
20.3460520985251 0
20.3532381371253 0
20.3604242113483 0
20.3676103211941 0
20.3747964666628 0
20.3819826477542 0
20.3891688644685 0
20.3963551168057 0
20.4035414047656 0
20.4107277283483 0
20.4179140875539 0
20.4251004823823 0
20.4322869128335 0
20.4394733789075 0
20.4466598806043 0
20.453846417924 0
20.4610329908664 0
20.4682195994317 0
20.4754062436198 0
20.4825929234308 0
20.4897796388645 0
20.4969663899211 0
20.5041531766004 0
20.5113399989026 0
20.5185268568277 0
20.5257137503755 0
20.5329006795461 0
20.5400876443396 0
20.5472746447559 0
20.554461680795 0
20.5616487524569 0
20.5688358597416 0
20.5760230026492 0
20.5832101811796 0
20.5903973953328 0
20.5975846451088 0
20.6047719305076 0
20.6119592515292 0
20.6191466081737 0
20.626334000441 0
20.6335214283311 0
20.640708891844 0
20.6478963909797 0
20.6550839257383 0
20.6622714961197 0
20.6694591021238 0
20.6766467437508 0
20.6838344210007 0
20.6910221338733 0
20.6982098823688 0
20.705397666487 0
20.7125854862281 0
20.7197733415921 0
20.7269612325788 0
20.7341491591883 0
20.7413371214207 0
20.7485251192759 0
20.7557131527539 0
20.7629012218547 0
20.7700893265783 0
20.7772774669248 0
20.7844656428941 0
20.7916538544862 0
20.7988421017011 0
20.8060303845388 0
20.8132187029993 0
20.8204070570827 0
20.8275954467889 0
20.8347838721179 0
20.8419723330697 0
20.8491608296443 0
20.8563493618418 0
20.863537929662 0
20.8707265331051 0
20.877915172171 0
20.8851038468597 0
20.8922925571713 0
20.8994813031056 0
20.9066700846628 0
20.9138589018428 0
20.9210477546456 0
20.9282366430712 0
20.9354255671197 0
20.942614526791 0
20.949803522085 0
20.9569925530019 1
20.9641816195417 0
20.9713707217042 0
20.9785598594895 0
20.9857490328977 0
20.9929382419287 0
21.0001274865825 0
21.0073167668591 0
21.0145060827586 0
21.0216954342808 0
21.0288848214259 0
21.0360742441938 0
21.0432637025845 0
21.050453196598 0
21.0576427262344 0
21.0648322914936 0
21.0720218923755 0
21.0792115288803 0
21.086401201008 0
21.0935909087584 0
21.1007806521317 0
21.1079704311277 0
21.1151602457466 0
21.1223500959883 0
21.1295399818529 0
21.1367299033402 0
21.1439198604504 0
21.1511098531834 0
21.1582998815391 0
21.1654899455178 0
21.1726800451192 0
21.1798701803434 0
21.1870603511905 0
21.1942505576604 0
21.2014407997531 0
21.2086310774686 0
21.215821390807 0
21.2230117397681 0
21.2302021243521 0
21.2373925445589 0
21.2445830003885 0
21.2517734918409 0
21.2589640189162 0
21.2661545816143 0
21.2733451799351 0
21.2805358138788 0
21.2877264834454 0
21.2949171886347 0
21.3021079294468 0
21.3092987058818 0
21.3164895179396 0
21.3236803656202 0
21.3308712489236 0
21.3380621678499 0
21.3452531223989 0
21.3524441125708 0
21.3596351383655 0
21.366826199783 0
21.3740172968234 0
21.3812084294865 0
21.3883995977725 0
21.3955908016813 0
21.4027820412129 0
21.4099733163673 0
21.4171646271445 0
21.4243559735446 0
21.4315473555675 0
21.4387387732132 0
21.4459302264817 0
21.453121715373 0
21.4603132398871 0
21.4675048000241 0
21.4746963957839 0
21.4818880271665 0
21.4890796941719 0
21.4962713968001 0
21.5034631350512 0
21.5106549089251 0
21.5178467184217 0
21.5250385635413 0
21.5322304442836 0
21.5394223606487 0
21.5466143126367 0
21.5538063002475 0
21.5609983234811 0
21.5681903823375 0
21.5753824768167 0
21.5825746069187 0
21.5897667726436 0
21.5969589739913 0
21.6041512109618 0
21.6113434835551 0
21.6185357917713 0
21.6257281356102 0
21.632920515072 0
21.6401129301566 0
21.647305380864 0
21.6544978671942 0
21.6616903891473 0
21.6688829467231 0
21.6760755399218 0
21.6832681687433 0
21.6904608331876 0
21.6976535332547 0
21.7048462689447 0
21.7120390402575 0
21.719231847193 0
21.7264246897515 0
21.7336175679327 0
21.7408104817367 0
21.7480034311636 0
21.7551964162132 0
21.7623894368857 0
21.7695824931811 0
21.7767755850992 0
21.7839687126401 0
21.7911618758039 0
21.7983550745905 0
21.8055483089999 0
21.8127415790321 0
21.8199348846871 0
21.827128225965 0
21.8343216028657 0
21.8415150153891 0
21.8487084635355 0
21.8559019473046 0
21.8630954666965 0
21.8702890217113 0
21.8774826123489 0
21.8846762386093 0
21.8918699004925 0
21.8990635979985 0
21.9062573311274 0
21.913451099879 0
21.9206449042535 0
21.9278387442508 0
21.9350326198709 0
21.9422265311139 0
21.9494204779796 0
21.9566144604682 0
21.9638084785796 0
21.9710025323138 0
21.9781966216708 0
21.9853907466507 0
21.9925849072533 0
21.9997791034788 0
22.0069733353271 0
22.0141676027982 0
22.0213619058922 0
22.0285562446089 0
22.0357506189485 0
22.0429450289109 0
22.0501394744961 0
22.0573339557041 0
22.064528472535 0
22.0717230249886 0
22.0789176130651 0
22.0861122367644 0
22.0933068960865 0
22.1005015910314 0
22.1076963215992 0
22.1148910877897 0
22.1220858896031 0
22.1292807270393 0
22.1364756000984 0
22.1436705087802 0
22.1508654530848 0
22.1580604330123 0
22.1652554485626 0
22.1724504997357 0
22.1796455865316 0
22.1868407089504 0
22.194035866992 0
22.2012310606563 0
22.2084262899435 0
22.2156215548535 0
22.2228168553864 0
22.230012191542 0
22.2372075633205 0
22.2444029707218 0
22.2515984137459 0
22.2587938923928 0
22.2659894066625 0
22.2731849565551 0
22.2803805420705 0
22.2875761632087 0
22.2947718199697 0
22.3019675123535 0
22.3091632403602 0
22.3163590039896 0
22.3235548032419 0
22.330750638117 0
22.3379465086149 0
22.3451424147357 0
22.3523383564792 0
22.3595343338456 0
22.3667303468348 0
22.3739263954468 0
22.3811224796816 0
22.3883185995393 0
22.3955147550197 0
22.402710946123 0
22.4099071728491 0
22.417103435198 0
22.4242997331697 0
22.4314960667643 0
22.4386924359817 0
22.4458888408218 0
22.4530852812848 0
22.4602817573707 0
22.4674782690793 0
22.4746748164108 0
22.481871399365 0
22.4890680179421 0
22.496264672142 0
22.5034613619648 0
22.5106580874103 0
22.5178548484787 0
22.5250516451698 0
22.5322484774838 0
22.5394453454207 0
22.5466422489803 0
22.5538391881628 0
22.561036162968 0
22.5682331733961 0
22.575430219447 0
22.5826273011207 0
22.5898244184173 0
22.5970215713366 0
22.6042187598788 0
22.6114159840438 0
22.6186132438316 0
22.6258105392423 0
22.6330078702757 0
22.640205236932 0
22.6474026392111 0
22.654600077113 0
22.6617975506377 0
22.6689950597852 0
22.6761926045556 0
22.6833901849487 0
22.6905878009647 0
22.6977854526035 0
22.7049831398652 0
22.7121808627496 0
22.7193786212569 0
22.7265764153869 0
22.7337742451398 0
22.7409721105156 0
22.7481700115141 0
22.7553679481354 0
22.7625659203796 0
22.7697639282466 0
22.7769619717364 0
22.784160050849 0
22.7913581655845 0
22.7985563159427 0
22.8057545019238 0
22.8129527235277 0
22.8201509807544 0
22.8273492736039 0
22.8345476020763 0
22.8417459661714 0
22.8489443658894 0
22.8561428012302 0
22.8633412721938 0
22.8705397787803 0
22.8777383209895 0
22.8849368988216 0
22.8921355122765 0
22.8993341613542 0
22.9065328460547 0
22.9137315663781 0
22.9209303223242 0
22.9281291138932 0
22.935327941085 0
22.9425268038996 0
22.949725702337 0
22.9569246363973 0
22.9641236060804 0
22.9713226113863 0
22.978521652315 0
22.9857207288665 0
22.9929198410408 0
23.000118988838 0
23.0073181722579 0
23.0145173913007 0
23.0217166459663 0
23.0289159362548 0
23.036115262166 0
23.0433146237001 0
23.050514020857 0
23.0577134536367 0
23.0649129220392 0
23.0721124260645 0
23.0793119657127 0
23.0865115409836 0
23.0937111518774 0
23.100910798394 0
23.1081104805335 0
23.1153101982957 0
23.1225099516808 0
23.1297097406886 0
23.1369095653193 0
23.1441094255728 0
23.1513093214492 0
23.1585092529483 0
23.1657092200703 0
23.1729092228151 0
23.1801092611827 0
23.1873093351731 0
23.1945094447863 0
23.2017095900224 0
23.2089097708812 0
23.2161099873629 0
23.2233102394674 0
23.2305105271948 0
23.2377108505449 0
23.2449112095179 0
23.2521116041137 0
23.2593120343323 0
23.2665125001737 0
23.2737130016379 0
23.280913538725 0
23.2881141114348 0
23.2953147197675 0
23.302515363723 0
23.3097160433013 0
23.3169167585025 0
23.3241175093264 0
23.3313182957732 0
23.3385191178428 0
23.3457199755352 0
23.3529208688504 0
23.3601217977885 0
23.3673227623493 0
23.374523762533 0
23.3817247983395 0
23.3889258697688 0
23.396126976821 0
23.4033281194959 0
23.4105292977937 0
23.4177305117143 0
23.4249317612577 0
23.4321330464239 0
23.439334367213 0
23.4465357236248 0
23.4537371156595 0
23.460938543317 0
23.4681400065973 0
23.4753415055004 0
23.4825430400264 0
23.4897446101752 0
23.4969462159468 0
23.5041478573412 0
23.5113495343584 0
23.5185512469984 0
23.5257529952613 0
23.5329547791469 0
23.5401565986554 0
23.5473584537867 0
23.5545603445409 0
23.5617622709178 0
23.5689642329176 0
23.5761662305402 0
23.5833682637856 0
23.5905703326538 0
23.5977724371448 0
23.6049745772587 0
23.6121767529953 0
23.6193789643548 0
23.6265812113371 0
23.6337834939422 0
23.6409858121702 0
23.6481881660209 0
23.6553905554945 0
23.6625929805909 0
23.6697954413101 0
23.6769979376522 0
23.684200469617 0
23.6914030372047 0
23.6986056404152 0
23.7058082792485 0
23.7130109537046 0
23.7202136637835 0
23.7274164094853 0
23.7346191908098 0
23.7418220077572 0
23.7490248603274 0
23.7562277485205 0
23.7634306723363 0
23.770633631775 0
23.7778366268365 0
23.7850396575207 0
23.7922427238279 0
23.7994458257578 0
23.8066489633105 0
23.8138521364861 0
23.8210553452845 0
23.8282585897057 0
23.8354618697497 0
23.8426651854166 0
23.8498685367062 0
23.8570719236187 0
23.864275346154 0
23.8714788043121 0
23.878682298093 0
23.8858858274968 0
23.8930893925233 0
23.9002929931727 0
23.9074966294449 0
23.9147003013399 0
23.9219040088578 0
23.9291077519984 0
23.9363115307619 0
23.9435153451482 0
23.9507191951573 0
23.9579230807892 0
23.965127002044 0
23.9723309589215 0
23.9795349514219 0
23.9867389795451 0
23.9939430432911 0
24.0011471426599 0
24.0083512776516 0
24.0155554482661 0
24.0227596545033 0
24.0299638963634 0
24.0371681738464 0
24.0443724869521 0
24.0515768356807 0
24.058781220032 0
24.0659856400062 0
24.0731900956032 0
24.0803945868231 0
24.0875991136657 0
24.0948036761312 0
24.1020082742194 0
24.1092129079305 0
24.1164175772645 0
24.1236222822212 0
24.1308270228007 0
24.1380317990031 0
24.1452366108283 0
24.1524414582763 0
24.1596463413471 0
24.1668512600408 0
24.1740562143572 0
24.1812612042965 0
24.1884662298586 0
24.1956712910435 0
24.2028763878512 0
24.2100815202818 0
24.2172866883352 0
24.2244918920113 0
24.2316971313103 0
24.2389024062322 0
24.2461077167768 0
24.2533130629442 0
24.2605184447345 0
24.2677238621476 0
24.2749293151835 0
24.2821348038422 0
24.2893403281238 0
24.2965458880281 0
24.3037514835553 0
24.3109571147053 0
24.3181627814781 0
24.3253684838738 0
24.3325742218922 0
24.3397799955335 0
24.3469858047976 0
24.3541916496845 0
24.3613975301942 0
24.3686034463267 0
24.3758093980821 0
24.3830153854603 0
24.3902214084613 0
24.3974274670851 0
24.4046335613317 0
24.4118396912012 0
24.4190458566934 0
24.4262520578085 0
24.4334582945464 0
24.4406645669071 0
24.4478708748907 0
24.455077218497 0
24.4622835977262 0
24.4694900125782 0
24.476696463053 0
24.4839029491506 0
24.491109470871 0
24.4983160282143 0
24.5055226211804 0
24.5127292497693 0
24.519935913981 0
24.5271426138155 0
24.5343493492729 0
24.541556120353 0
24.548762927056 1
24.5559697693818 0
24.5631766473304 0
24.5703835609019 0
24.5775905100961 0
24.5847974949132 0
24.5920045153531 0
24.5992115714158 0
24.6064186631013 0
24.6136257904097 0
24.6208329533408 0
24.6280401518948 0
24.6352473860716 0
24.6424546558712 0
24.6496619612937 0
24.6568693023389 0
24.664076679007 0
24.6712840912979 0
24.6784915392116 0
24.6856990227481 0
24.6929065419074 0
24.7001140966896 0
24.7073216870946 0
24.7145293131224 0
24.721736974773 0
24.7289446720464 0
24.7361524049427 0
24.7433601734617 0
24.7505679776036 0
24.7577758173683 0
24.7649836927558 0
24.7721916037662 0
24.7793995503993 0
24.7866075326553 0
24.7938155505341 0
24.8010236040357 0
24.8082316931601 0
24.8154398179074 0
24.8226479782774 0
24.8298561742703 0
24.837064405886 0
24.8442726731245 0
24.8514809759858 0
24.85868931447 0
24.865897688577 0
24.8731060983067 0
24.8803145436593 0
24.8875230246348 0
24.894731541233 0
24.9019400934541 0
24.9091486812979 0
24.9163573047646 0
24.9235659638541 0
24.9307746585665 0
24.9379833889016 0
24.9451921548596 0
24.9524009564404 0
24.959609793644 0
24.9668186664704 0
24.9740275749196 0
24.9812365189917 0
24.9884454986865 0
24.9956545140042 0
25.0028635649447 0
25.0100726515081 0
25.0172817736942 0
25.0244909315032 0
25.0317001249349 0
25.0389093539895 0
25.0461186186669 0
25.0533279189672 0
25.0605372548902 0
25.0677466264361 0
25.0749560336048 0
25.0821654763963 0
25.0893749548106 0
25.0965844688477 0
25.1037940185077 0
25.1110036037905 0
25.1182132246961 0
25.1254228812245 0
25.1326325733757 0
25.1398423011497 0
25.1470520645466 0
25.1542618635663 0
25.1614716982088 0
25.1686815684741 0
25.1758914743622 0
25.1831014158732 0
25.1903113930069 0
25.1975214057635 0
25.2047314541429 0
25.2119415381452 0
25.2191516577702 0
25.2263618130181 0
25.2335720038887 0
25.2407822303822 0
25.2479924924985 0
25.2552027902377 0
25.2624131235996 0
25.2696234925844 0
25.276833897192 0
25.2840443374224 0
25.2912548132756 0
25.2984653247516 0
25.3056758718505 0
25.3128864545721 0
25.3200970729166 0
25.3273077268839 0
25.3345184164741 0
25.341729141687 0
25.3489399025228 0
25.3561506989814 0
25.3633615310627 0
25.370572398767 0
25.377783302094 0
25.3849942410438 0
25.3922052156165 0
25.399416225812 0
25.4066272716303 0
25.4138383530714 0
25.4210494701354 0
25.4282606228221 0
25.4354718111317 0
25.4426830350641 0
25.4498942946193 0
25.4571055897973 0
25.4643169205982 0
25.4715282870218 0
25.4787396890683 0
25.4859511267376 0
25.4931626000297 0
25.5003741089447 0
25.5075856534824 0
25.514797233643 0
25.5220088494264 0
25.5292205008326 0
25.5364321878616 0
25.5436439105134 0
25.5508556687881 0
25.5580674626856 0
25.5652792922059 0
25.572491157349 0
25.5797030581149 0
25.5869149945037 0
25.5941269665152 0
25.6013389741496 0
25.6085510174068 0
25.6157630962868 0
25.6229752107897 0
25.6301873609153 0
25.6373995466638 0
25.6446117680351 0
25.6518240250292 0
25.6590363176461 0
25.6662486458859 0
25.6734610097484 0
25.6806734092338 0
25.687885844342 0
25.695098315073 0
25.7023108214269 0
25.7095233634035 0
25.716735941003 0
25.7239485542253 0
25.7311612030704 0
25.7383738875383 0
25.745586607629 0
25.7527993633426 0
25.760012154679 0
25.7672249816382 0
25.7744378442202 0
25.781650742425 0
25.7888636762527 0
25.7960766457031 0
25.8032896507764 0
25.8105026914725 0
25.8177157677914 0
25.8249288797332 0
25.8321420272977 0
25.8393552104851 0
25.8465684292953 0
25.8537816837283 0
25.8609949737841 0
25.8682082994628 0
25.8754216607642 0
25.8826350576885 0
25.8898484902356 0
25.8970619584055 0
25.9042754621982 0
25.9114890016138 0
25.9187025766522 0
25.9259161873133 0
25.9331298335973 0
25.9403435155042 0
25.9475572330338 0
25.9547709861863 0
25.9619847749615 0
25.9691985993596 0
25.9764124593805 0
25.9836263550243 0
25.9908402862908 0
25.9980542531802 0
26.0052682556924 0
26.0124822938274 0
26.0196963675852 0
26.0269104769658 0
26.0341246219693 0
26.0413388025955 0
26.0485530188446 0
26.0557672707165 0
26.0629815582112 0
26.0701958813288 0
26.0774102400691 0
26.0846246344323 0
26.0918390644183 0
26.0990535300271 0
26.1062680312588 0
26.1134825681132 0
26.1206971405905 0
26.1279117486906 0
26.1351263924135 0
26.1423410717592 0
26.1495557867277 0
26.1567705373191 0
26.1639853235332 0
26.1712001453702 0
26.17841500283 0
26.1856298959127 0
26.1928448246181 0
26.2000597889464 0
26.2072747888975 0
26.2144898244714 0
26.2217048956681 0
26.2289200024876 0
26.23613514493 0
26.2433503229951 0
26.2505655366831 0
26.2577807859939 0
26.2649960709275 0
26.272211391484 0
26.2794267476632 0
26.2866421394653 0
26.2938575668902 0
26.3010730299379 0
26.3082885286084 0
26.3155040629018 0
26.322719632818 0
26.3299352383569 0
26.3371508795187 0
26.3443665563034 0
26.3515822687108 0
26.358798016741 0
26.3660138003941 0
26.37322961967 0
26.3804454745687 0
26.3876613650902 0
26.3948772912346 0
26.4020932530017 0
26.4093092503917 0
26.4165252834045 0
26.4237413520401 0
26.4309574562986 0
26.4381735961798 0
26.4453897716839 0
26.4526059828108 0
26.4598222295605 0
26.467038511933 0
26.4742548299283 0
26.4814711835465 0
26.4886875727875 0
26.4959039976513 0
26.5031204581379 0
26.5103369542473 0
26.5175534859795 0
26.5247700533346 0
26.5319866563125 0
26.5392032949132 0
26.5464199691367 0
26.553636678983 0
26.5608534244522 0
26.5680702055442 0
26.5752870222589 0
26.5825038745965 0
26.589720762557 0
26.5969376861402 0
26.6041546453463 0
26.6113716401751 0
26.6185886706268 0
26.6258057367014 0
26.6330228383987 0
26.6402399757188 0
26.6474571486618 0
26.6546743572276 0
26.6618916014162 0
26.6691088812276 0
26.6763261966618 0
26.6835435477189 0
26.6907609343988 0
26.6979783567015 0
26.705195814627 0
26.7124133081753 0
26.7196308373464 0
26.7268484021404 0
26.7340660025572 0
26.7412836385968 0
26.7485013102592 0
26.7557190175444 0
26.7629367604525 0
26.7701545389833 0
26.777372353137 0
26.7845902029135 0
26.7918080883129 0
26.799026009335 0
26.80624396598 0
26.8134619582477 0
26.8206799861383 0
26.8278980496517 0
26.835116148788 0
26.842334283547 0
26.8495524539289 0
26.8567706599336 0
26.8639889015611 0
26.8712071788114 0
26.8784254916845 0
26.8856438401805 0
26.8928622242992 0
26.9000806440408 0
26.9072990994052 0
26.9145175903925 0
26.9217361170025 0
26.9289546792354 0
26.936173277091 0
26.9433919105695 0
26.9506105796708 0
26.957829284395 0
26.9650480247419 0
26.9722668007117 0
26.9794856123043 0
26.9867044595197 0
26.9939233423579 0
27.0011422608189 0
27.0083612149028 0
27.0155802046095 0
27.022799229939 0
27.0300182908913 0
27.0372373874664 0
27.0444565196643 0
27.0516756874851 0
27.0588948909287 0
27.0661141299951 0
27.0733334046843 0
27.0805527149963 0
27.0877720609312 0
27.0949914424889 0
27.1022108596693 0
27.1094303124727 0
27.1166498008988 0
27.1238693249477 0
27.1310888846195 0
27.1383084799141 0
27.1455281108314 0
27.1527477773717 0
27.1599674795347 0
27.1671872173205 0
27.1744069907292 0
27.1816267997607 0
27.188846644415 0
27.1960665246921 0
27.203286440592 0
27.2105063921148 0
27.2177263792604 0
27.2249464020288 0
27.23216646042 0
27.239386554434 0
27.2466066840708 0
27.2538268493305 0
27.261047050213 0
27.2682672867183 0
27.2754875588464 0
27.2827078665973 0
27.2899282099711 0
27.2971485889676 0
27.304369003587 0
27.3115894538292 0
27.3188099396943 0
27.3260304611821 0
27.3332510182928 0
27.3404716110262 0
27.3476922393825 0
27.3549129033616 0
27.3621336029636 0
27.3693543381883 0
27.3765751090359 0
27.3837959155063 0
27.3910167575995 0
27.3982376353155 0
27.4054585486543 0
27.412679497616 0
27.4199004822004 0
27.4271215024077 0
27.4343425582378 0
27.4415636496908 0
27.4487847767665 0
27.4560059394651 0
27.4632271377864 0
27.4704483717306 0
27.4776696412976 0
27.4848909464875 0
27.4921122873001 0
27.4993336637356 0
27.5065550757939 0
27.513776523475 0
27.5209980067789 0
27.5282195257056 0
27.5354410802552 0
27.5426626704276 0
27.5498842962228 0
27.5571059576408 0
27.5643276546816 0
27.5715493873452 0
27.5787711556317 0
27.585992959541 0
27.5932147990731 0
27.600436674228 0
27.6076585850057 0
27.6148805314063 0
27.6221025134297 0
27.6293245310758 0
27.6365465843449 0
27.6437686732367 0
27.6509907977513 0
27.6582129578888 0
27.6654351536491 0
27.6726573850321 0
27.6798796520381 0
27.6871019546668 0
27.6943242929183 0
27.7015466667927 0
27.7087690762899 0
27.7159915214099 0
27.7232140021527 0
27.7304365185183 0
27.7376590705068 0
27.7448816581181 0
27.7521042813522 0
27.7593269402091 0
27.7665496346888 0
27.7737723647913 0
27.7809951305167 0
27.7882179318649 0
27.7954407688359 0
27.8026636414297 0
27.8098865496463 0
27.8171094934858 0
27.824332472948 0
27.8315554880331 0
27.838778538741 0
27.8460016250718 0
27.8532247470253 0
27.8604479046017 0
27.8676710978008 0
27.8748943266228 0
27.8821175910676 0
27.8893408911353 0
27.8965642268257 0
27.903787598139 0
27.9110110050751 0
27.918234447634 0
27.9254579258157 0
27.9326814396202 0
27.9399049890476 0
27.9471285740977 0
27.9543521947707 0
27.9615758510665 0
27.9687995429851 0
27.9760232705266 0
27.9832470336908 0
27.9904708324779 0
27.9976946668878 0
28.0049185369205 0
28.0121424425761 0
28.0193663838544 0
28.0265903607556 0
28.0338143732796 0
28.0410384214264 0
28.048262505196 0
28.0554866245884 0
28.0627107796037 0
28.0699349702418 0
28.0771591965026 0
28.0843834583864 0
28.0916077558929 0
28.0988320890222 0
28.1060564577744 0
28.1132808621494 0
28.1205053021472 0
28.1277297777678 0
28.1349542890112 0
28.1421788358775 0
28.1494034183665 0
28.1566280364784 0
28.1638526902131 0
28.1710773795707 0
28.178302104551 0
28.1855268651542 0
28.1927516613801 0
28.1999764932289 0
28.2072013607005 0
28.214426263795 0
28.2216512025122 0
28.2288761768523 0
28.2361011868152 0
28.2433262324009 0
28.2505513136094 0
28.2577764304407 0
28.2650015828949 0
28.2722267709719 0
28.2794519946716 0
28.2866772539942 0
28.2939025489397 0
28.3011278795079 0
28.308353245699 0
28.3155786475129 0
28.3228040849496 0
28.3300295580091 0
28.3372550666914 0
28.3444806109966 0
28.3517061909245 0
28.3589318064753 0
28.3661574576489 0
28.3733831444453 0
28.3806088668646 0
28.3878346249066 0
28.3950604185715 0
28.4022862478592 0
28.4095121127697 0
28.416738013303 0
28.4239639494592 0
28.4311899212381 0
28.4384159286399 0
28.4456419716645 0
28.4528680503119 0
28.4600941645822 0
28.4673203144752 0
28.4745464999911 0
28.4817727211298 0
28.4889989778913 0
28.4962252702756 0
28.5034515982828 0
28.5106779619127 0
28.5179043611655 0
28.5251307960411 0
28.5323572665395 0
28.5395837726607 0
28.5468103144048 0
28.5540368917717 0
28.5612635047613 0
28.5684901533738 0
28.5757168376092 0
28.5829435574673 0
28.5901703129483 0
28.597397104052 0
28.6046239307786 0
28.611850793128 0
28.6190776911003 0
28.6263046246953 0
28.6335315939132 0
28.6407585987538 0
28.6479856392173 0
28.6552127153037 0
28.6624398270128 0
28.6696669743447 0
28.6768941572995 0
28.6841213758771 0
28.6913486300775 0
28.6985759199007 0
28.7058032453468 0
28.7130306064156 0
28.7202580031073 0
28.7274854354218 0
28.7347129033591 0
28.7419404069192 0
28.7491679461022 0
28.756395520908 0
28.7636231313365 0
28.7708507773879 0
28.7780784590622 0
28.7853061763592 0
28.792533929279 0
28.7997617178217 0
28.8069895419872 0
28.8142174017755 0
28.8214452971866 0
28.8286732282206 0
28.8359011948773 0
28.8431291971569 0
28.8503572350593 0
28.8575853085845 0
28.8648134177326 0
28.8720415625034 0
28.8792697428971 0
28.8864979589136 0
28.8937262105529 0
28.900954497815 0
28.9081828206999 0
28.9154111792077 0
28.9226395733383 0
28.9298680030917 0
28.9370964684679 0
28.9443249694669 0
28.9515535060887 0
28.9587820783334 0
28.9660106862009 0
28.9732393296912 0
28.9804680088043 0
28.9876967235402 0
28.994925473899 0
29.0021542598806 0
29.009383081485 0
29.0166119387122 0
29.0238408315622 0
29.031069760035 0
29.0382987241307 0
29.0455277238492 0
29.0527567591905 0
29.0599858301546 0
29.0672149367415 0
29.0744440789513 0
29.0816732567838 0
29.0889024702392 0
29.0961317193174 0
29.1033610040184 0
29.1105903243423 0
29.1178196802889 0
29.1250490718584 0
29.1322784990507 0
29.1395079618658 0
29.1467374603037 0
29.1539669943645 0
29.161196564048 0
29.1684261693544 0
29.1756558102836 0
29.1828854868356 0
29.1901151990105 0
29.1973449468081 0
29.2045747302286 0
29.2118045492719 0
29.219034403938 0
29.2262642942269 0
29.2334942201386 0
29.2407241816732 0
29.2479541788306 0
29.2551842116108 0
29.2624142800138 0
29.2696443840396 0
29.2768745236882 0
29.2841046989597 0
29.291334909854 0
29.2985651563711 0
