NaN 0
NaN 0
NaN 0
NaN 0
NaN 0
NaN 0
NaN 0
NaN 0
NaN 0
NaN 0
NaN 0
NaN 0
NaN 0
NaN 0
NaN 0
NaN 0
NaN 0
NaN 0
NaN 0
NaN 0
NaN 0
NaN 0
NaN 0
NaN 0
NaN 0
NaN 0
NaN 0
NaN 0
NaN 0
NaN 0
NaN 0
NaN 0
NaN 0
NaN 0
NaN 0
NaN 0
NaN 0
NaN 0
NaN 0
NaN 0
NaN 0
NaN 0
NaN 0
NaN 0
NaN 1
NaN 2
NaN 2
NaN 0
NaN 3
NaN 0
NaN 0
NaN 2
NaN 2
NaN 2
NaN 2
NaN 0
NaN 2
NaN 1
NaN 2
NaN 5
NaN 1
NaN 1
NaN 1
NaN 1
NaN 1
NaN 0
NaN 4
NaN 2
NaN 1
NaN 1
NaN 0
NaN 0
NaN 2
NaN 2
NaN 2
NaN 0
NaN 1
NaN 1
NaN 2
NaN 1
NaN 1
NaN 1
NaN 1
NaN 0
NaN 0
NaN 1
NaN 0
NaN 0
NaN 3
NaN 2
NaN 2
NaN 1
NaN 2
NaN 0
NaN 0
NaN 1
NaN 0
NaN 0
NaN 0
NaN 1
NaN 1
NaN 0
NaN 2
NaN 0
NaN 0
NaN 2
NaN 1
NaN 1
NaN 1
NaN 0
NaN 0
NaN 0
NaN 2
NaN 0
NaN 0
NaN 0
NaN 0
NaN 0
NaN 0
NaN 1
NaN 1
NaN 1
NaN 0
NaN 0
NaN 0
NaN 0
NaN 0
NaN 0
NaN 1
NaN 1
NaN 1
NaN 0
NaN 0
NaN 1
NaN 0
NaN 0
NaN 0
NaN 0
NaN 1
NaN 0
NaN 0
NaN 1
NaN 0
NaN 1
NaN 0
NaN 0
NaN 0
NaN 0
NaN 0
NaN 0
NaN 2
NaN 2
NaN 1
NaN 0
NaN 0
NaN 1
NaN 0
NaN 0
NaN 0
NaN 0
NaN 0
NaN 0
NaN 0
NaN 1
NaN 1
NaN 0
NaN 0
NaN 0
NaN 0
NaN 0
NaN 0
NaN 1
NaN 0
NaN 0
NaN 0
NaN 0
NaN 0
NaN 0
NaN 0
NaN 0
NaN 1
NaN 0
NaN 0
NaN 0
NaN 1
NaN 1
NaN 0
NaN 1
NaN 0
NaN 0
NaN 0
NaN 1
NaN 0
NaN 1
NaN 2
NaN 0
NaN 2
NaN 0
NaN 1
NaN 3
NaN 2
NaN 5
NaN 0
NaN 2
NaN 1
NaN 0
NaN 0
NaN 1
NaN 0
NaN 0
NaN 1
NaN 0
NaN 0
NaN 0
NaN 1
NaN 0
NaN 0
NaN 0
NaN 1
NaN 0
NaN 0
NaN 0
NaN 0
NaN 1
NaN 0
NaN 0
NaN 2
NaN 0
NaN 0
NaN 0
NaN 0
NaN 0
NaN 0
NaN 1
NaN 0
NaN 0
NaN 0
NaN 2
NaN 1
NaN 2
NaN 0
NaN 0
NaN 3
NaN 0
NaN 0
NaN 0
NaN 1
NaN 1
NaN 1
NaN 1
NaN 0
NaN 1
NaN 0
NaN 0
NaN 1
NaN 2
NaN 0
NaN 0
NaN 0
NaN 0
NaN 0
NaN 0
NaN 1
NaN 1
NaN 2
NaN 0
NaN 1
NaN 0
NaN 0
NaN 0
NaN 0
NaN 2
NaN 1
NaN 0
NaN 1
NaN 0
NaN 0
NaN 0
NaN 0
NaN 0
NaN 0
NaN 0
NaN 1
NaN 0
NaN 0
NaN 0
NaN 1
NaN 0
NaN 2
NaN 2
NaN 0
NaN 1
NaN 2
NaN 1
NaN 2
NaN 0
NaN 0
NaN 1
NaN 4
NaN 0
NaN 2
NaN 1
NaN 0
NaN 0
NaN 0
NaN 0
NaN 2
NaN 0
NaN 0
NaN 2
NaN 2
NaN 0
NaN 0
NaN 0
NaN 0
NaN 2
NaN 1
NaN 1
NaN 3
NaN 1
NaN 0
NaN 0
NaN 1
NaN 1
NaN 1
NaN 0
NaN 0
NaN 3
NaN 1
NaN 3
NaN 1
NaN 0
NaN 1
NaN 1
NaN 3
NaN 2
NaN 5
NaN 7
NaN 7
NaN 9
NaN 11
NaN 8
NaN 8
NaN 9
NaN 9
NaN 14
NaN 7
NaN 7
NaN 6
NaN 7
NaN 8
NaN 12
NaN 11
NaN 6
NaN 8
NaN 7
NaN 10
NaN 11
NaN 9
NaN 6
NaN 5
NaN 4
NaN 4
NaN 4
NaN 4
NaN 0
NaN 1
NaN 2
NaN 1
NaN 2
NaN 2
NaN 0
NaN 0
NaN 0
NaN 1
NaN 0
NaN 0
NaN 0
NaN 1
NaN 0
NaN 1
NaN 0
NaN 1
NaN 0
NaN 0
NaN 0
NaN 1
NaN 0
NaN 1
NaN 0
NaN 2
NaN 1
NaN 1
NaN 1
NaN 0
NaN 0
NaN 0
NaN 0
NaN 0
NaN 0
NaN 1
NaN 0
NaN 0
NaN 2
NaN 0
NaN 1
NaN 0
NaN 0
NaN 0
NaN 0
NaN 1
NaN 0
NaN 2
NaN 2
NaN 0
NaN 0
NaN 0
NaN 0
NaN 1
NaN 0
NaN 1
NaN 1
NaN 0
NaN 0
NaN 1
NaN 1
NaN 5
NaN 2
NaN 1
NaN 0
NaN 0
NaN 2
NaN 0
NaN 1
NaN 1
NaN 0
NaN 1
NaN 2
NaN 1
NaN 1
NaN 1
NaN 3
NaN 2
NaN 2
NaN 1
NaN 1
NaN 0
NaN 1
NaN 1
NaN 2
NaN 1
NaN 1
NaN 0
NaN 1
NaN 1
NaN 4
NaN 2
NaN 2
NaN 0
NaN 3
NaN 2
NaN 5
NaN 10
NaN 8
NaN 16
NaN 23
NaN 27
NaN 25
NaN 31
NaN 34
NaN 44
NaN 37
NaN 51
NaN 57
NaN 49
NaN 54
NaN 54
NaN 46
NaN 37
NaN 47
NaN 33
NaN 34
NaN 22
NaN 22
NaN 23
NaN 12
NaN 12
NaN 12
NaN 5
NaN 2
NaN 0
NaN 3
NaN 1
NaN 5
NaN 1
NaN 1
NaN 2
NaN 2
NaN 4
NaN 2
NaN 5
NaN 2
NaN 2
NaN 4
NaN 6
NaN 6
NaN 2
NaN 7
NaN 7
NaN 6
NaN 7
NaN 7
NaN 6
NaN 1
NaN 7
NaN 7
NaN 6
NaN 7
NaN 5
NaN 1
NaN 1
NaN 5
NaN 4
NaN 2
NaN 4
NaN 2
NaN 2
NaN 0
NaN 0
NaN 3
NaN 2
NaN 1
NaN 1
NaN 2
NaN 2
NaN 0
NaN 1
NaN 0
NaN 0
NaN 0
NaN 0
NaN 0
NaN 0
NaN 2
NaN 1
NaN 2
NaN 1
NaN 2
NaN 2
NaN 1
NaN 3
NaN 2
NaN 3
NaN 3
NaN 3
NaN 3
NaN 0
NaN 1
NaN 0
NaN 1
NaN 1
NaN 2
NaN 2
NaN 1
NaN 1
NaN 2
NaN 2
NaN 1
NaN 1
NaN 2
NaN 2
NaN 1
NaN 5
NaN 1
NaN 4
NaN 1
NaN 1
NaN 2
NaN 3
NaN 2
NaN 1
NaN 4
NaN 3
NaN 6
NaN 1
NaN 1
NaN 1
NaN 2
NaN 2
NaN 0
NaN 1
NaN 4
NaN 1
NaN 2
NaN 2
NaN 2
NaN 4
NaN 4
NaN 1
NaN 4
NaN 4
NaN 5
NaN 1
NaN 2
NaN 1
NaN 2
NaN 4
NaN 0
NaN 3
NaN 5
NaN 4
NaN 2
NaN 1
NaN 1
NaN 3
NaN 3
NaN 3
NaN 5
NaN 1
NaN 2
NaN 1
NaN 2
NaN 1
NaN 0
NaN 2
NaN 4
NaN 0
NaN 3
NaN 2
NaN 6
NaN 3
NaN 1
NaN 3
NaN 2
NaN 5
NaN 3
NaN 6
NaN 3
NaN 2
NaN 4
NaN 4
NaN 3
NaN 2
NaN 4
NaN 3
NaN 5
NaN 2
NaN 4
NaN 5
NaN 3
NaN 5
NaN 3
NaN 9
NaN 2
NaN 1
NaN 4
NaN 1
NaN 3
NaN 3
NaN 8
NaN 3
NaN 5
NaN 13
NaN 6
NaN 4
NaN 1
NaN 11
NaN 6
NaN 9
NaN 2
NaN 5
NaN 4
NaN 8
NaN 4
NaN 4
NaN 11
NaN 6
NaN 7
NaN 4
NaN 3
NaN 5
NaN 6
NaN 5
NaN 6
NaN 11
NaN 10
NaN 3
NaN 7
NaN 9
NaN 6
NaN 6
NaN 6
NaN 6
NaN 5
NaN 3
NaN 2
NaN 6
NaN 2
NaN 4
NaN 7
NaN 10
NaN 8
NaN 8
NaN 9
NaN 8
NaN 5
NaN 6
NaN 9
NaN 6
NaN 5
NaN 3
NaN 4
NaN 7
NaN 8
NaN 9
NaN 6
NaN 9
NaN 9
NaN 4
NaN 3
NaN 6
NaN 8
NaN 8
NaN 10
NaN 8
NaN 5
NaN 10
NaN 6
NaN 2
NaN 5
NaN 6
NaN 12
NaN 4
NaN 10
NaN 9
NaN 5
NaN 12
NaN 7
NaN 2
NaN 4
NaN 10
NaN 8
NaN 13
NaN 10
NaN 9
NaN 12
NaN 10
NaN 9
NaN 7
NaN 4
NaN 13
NaN 10
NaN 7
NaN 13
NaN 8
NaN 7
NaN 12
NaN 11
NaN 9
NaN 17
NaN 7
NaN 6
NaN 9
NaN 7
NaN 14
NaN 14
NaN 9
NaN 16
NaN 8
NaN 5
NaN 12
NaN 17
NaN 10
NaN 20
NaN 12
NaN 12
NaN 16
NaN 10
NaN 12
NaN 5
NaN 17
NaN 15
NaN 6
NaN 14
NaN 10
NaN 17
NaN 15
NaN 9
NaN 11
NaN 15
NaN 12
NaN 8
NaN 13
NaN 12
NaN 9
NaN 20
NaN 16
NaN 11
NaN 15
NaN 16
NaN 14
NaN 17
NaN 11
NaN 13
NaN 18
NaN 12
NaN 13
NaN 7
NaN 13
NaN 14
NaN 11
NaN 11
NaN 8
NaN 14
NaN 12
NaN 11
NaN 12
NaN 16
NaN 17
NaN 14
NaN 18
NaN 20
NaN 18
NaN 16
NaN 23
NaN 15
NaN 19
NaN 19
NaN 15
NaN 13
NaN 14
NaN 8
NaN 18
NaN 20
NaN 19
NaN 14
NaN 19
NaN 18
NaN 15
NaN 17
NaN 16
NaN 14
NaN 25
NaN 15
NaN 16
NaN 16
NaN 20
NaN 6
NaN 13
NaN 19
NaN 15
NaN 18
NaN 21
NaN 27
NaN 26
NaN 21
NaN 22
NaN 17
NaN 19
NaN 19
NaN 20
NaN 26
NaN 10
NaN 24
NaN 18
NaN 21
NaN 33
NaN 20
NaN 22
NaN 21
NaN 15
NaN 23
NaN 20
NaN 22
NaN 23
NaN 17
NaN 18
NaN 21
NaN 23
NaN 28
NaN 19
NaN 24
NaN 19
NaN 18
NaN 21
NaN 21
NaN 24
NaN 21
NaN 28
NaN 27
NaN 22
NaN 32
NaN 22
NaN 39
NaN 20
NaN 25
NaN 28
NaN 21
NaN 25
NaN 21
NaN 34
NaN 30
NaN 27
NaN 18
NaN 25
NaN 30
NaN 29
NaN 27
NaN 20
NaN 21
NaN 28
NaN 30
NaN 22
NaN 14
NaN 23
NaN 24
NaN 37
NaN 35
NaN 31
NaN 40
NaN 36
NaN 32
NaN 29
NaN 27
NaN 29
NaN 31
NaN 23
NaN 24
NaN 38
NaN 22
NaN 28
NaN 32
NaN 35
NaN 30
NaN 32
NaN 33
NaN 24
NaN 31
NaN 30
NaN 23
NaN 30
NaN 35
NaN 34
NaN 36
NaN 35
NaN 43
NaN 35
NaN 33
NaN 36
NaN 48
NaN 23
NaN 30
NaN 32
NaN 25
NaN 39
NaN 32
NaN 41
NaN 25
NaN 33
NaN 29
NaN 30
NaN 33
NaN 35
NaN 30
NaN 28
NaN 36
NaN 44
NaN 30
NaN 45
NaN 36
NaN 34
NaN 34
NaN 37
NaN 39
NaN 37
NaN 47
NaN 39
NaN 35
NaN 41
NaN 46
NaN 35
NaN 39
NaN 40
NaN 34
NaN 36
NaN 33
NaN 30
NaN 48
NaN 35
NaN 43
NaN 32
NaN 38
NaN 34
NaN 41
NaN 26
NaN 32
NaN 45
NaN 36
NaN 33
NaN 27
NaN 33
NaN 40
NaN 48
NaN 35
NaN 29
NaN 33
NaN 35
NaN 35
NaN 48
NaN 32
NaN 46
NaN 35
NaN 32
NaN 36
NaN 25
NaN 49
NaN 45
NaN 45
NaN 34
NaN 32
NaN 34
NaN 42
NaN 39
NaN 51
NaN 42
NaN 57
NaN 47
NaN 40
NaN 38
NaN 37
NaN 39
NaN 30
NaN 48
NaN 39
NaN 44
NaN 31
NaN 40
NaN 32
NaN 37
NaN 40
NaN 42
NaN 47
NaN 36
NaN 59
NaN 34
NaN 50
NaN 37
NaN 26
NaN 41
NaN 50
NaN 35
NaN 44
NaN 32
NaN 41
NaN 39
NaN 37
NaN 28
NaN 49
NaN 48
NaN 40
NaN 42
NaN 30
NaN 41
NaN 36
NaN 49
NaN 48
NaN 44
NaN 42
NaN 47
NaN 37
NaN 40
NaN 34
NaN 54
NaN 36
NaN 37
NaN 41
NaN 56
NaN 36
NaN 45
NaN 40
NaN 51
NaN 37
NaN 52
NaN 45
NaN 39
NaN 33
NaN 42
NaN 42
NaN 39
NaN 39
NaN 41
NaN 46
NaN 41
NaN 49
NaN 33
NaN 32
NaN 34
NaN 45
NaN 39
NaN 53
NaN 42
NaN 43
NaN 53
NaN 37
NaN 53
NaN 41
NaN 37
NaN 38
NaN 44
NaN 41
NaN 38
NaN 39
NaN 31
NaN 36
NaN 47
NaN 56
NaN 41
NaN 46
NaN 54
NaN 42
NaN 47
NaN 59
NaN 45
NaN 41
NaN 53
NaN 35
NaN 46
NaN 50
NaN 43
NaN 43
NaN 50
NaN 40
NaN 37
NaN 56
NaN 53
NaN 46
NaN 47
NaN 45
NaN 52
NaN 49
NaN 50
NaN 45
NaN 54
NaN 45
NaN 46
NaN 37
NaN 43
NaN 57
NaN 35
NaN 48
NaN 53
NaN 41
NaN 47
NaN 56
NaN 57
NaN 54
NaN 52
NaN 62
NaN 34
NaN 46
NaN 69
NaN 40
NaN 53
NaN 46
NaN 48
NaN 52
NaN 46
NaN 47
NaN 51
NaN 45
NaN 44
NaN 47
NaN 62
NaN 63
NaN 43
NaN 46
NaN 55
NaN 49
NaN 53
NaN 55
NaN 44
NaN 52
NaN 34
NaN 48
NaN 62
NaN 54
NaN 71
NaN 54
NaN 54
NaN 61
NaN 58
NaN 43
NaN 45
NaN 49
NaN 53
NaN 49
NaN 52
NaN 55
NaN 61
NaN 59
NaN 54
NaN 72
NaN 52
NaN 50
NaN 53
NaN 50
NaN 52
NaN 37
NaN 49
NaN 48
NaN 50
NaN 48
NaN 46
NaN 54
NaN 55
NaN 57
NaN 43
NaN 58
NaN 57
NaN 53
NaN 70
NaN 57
NaN 48
NaN 62
NaN 53
NaN 57
NaN 52
NaN 49
NaN 47
NaN 57
NaN 53
NaN 55
NaN 48
NaN 54
NaN 60
NaN 61
NaN 61
NaN 54
NaN 59
NaN 53
NaN 47
NaN 60
NaN 49
NaN 53
NaN 67
NaN 51
NaN 58
NaN 53
NaN 56
NaN 83
NaN 80
NaN 71
NaN 55
NaN 43
NaN 41
NaN 67
NaN 55
NaN 63
NaN 58
NaN 57
NaN 59
NaN 69
NaN 69
NaN 62
NaN 69
NaN 54
NaN 57
NaN 71
NaN 50
NaN 60
NaN 71
NaN 66
NaN 64
NaN 72
NaN 58
NaN 70
NaN 66
NaN 75
NaN 65
NaN 66
NaN 61
NaN 56
NaN 59
NaN 55
NaN 46
NaN 66
NaN 74
NaN 51
NaN 66
NaN 48
NaN 70
NaN 82
NaN 63
NaN 70
NaN 72
NaN 85
NaN 62
NaN 51
NaN 66
NaN 60
NaN 76
NaN 56
NaN 51
NaN 68
NaN 81
NaN 76
NaN 64
NaN 66
NaN 71
NaN 73
NaN 77
NaN 63
NaN 62
NaN 69
NaN 82
NaN 67
NaN 67
NaN 63
NaN 68
NaN 45
NaN 82
NaN 65
NaN 50
NaN 68
NaN 62
NaN 78
NaN 73
NaN 70
NaN 67
NaN 74
NaN 80
NaN 72
NaN 62
NaN 59
NaN 78
NaN 69
NaN 84
NaN 72
NaN 56
NaN 62
NaN 68
NaN 61
NaN 68
NaN 81
NaN 55
NaN 87
NaN 81
NaN 64
NaN 72
NaN 61
NaN 71
NaN 75
NaN 75
NaN 77
NaN 66
NaN 69
NaN 65
NaN 73
NaN 88
NaN 65
NaN 75
NaN 71
NaN 86
NaN 82
NaN 51
NaN 64
NaN 79
NaN 48
NaN 63
NaN 80
NaN 66
NaN 71
NaN 98
NaN 60
NaN 74
NaN 70
NaN 84
NaN 70
NaN 68
NaN 79
NaN 62
NaN 76
NaN 80
NaN 71
NaN 74
NaN 71
NaN 79
NaN 78
NaN 90
NaN 83
NaN 74
NaN 89
NaN 75
NaN 64
NaN 66
NaN 84
NaN 69
NaN 73
NaN 78
NaN 82
NaN 72
NaN 79
NaN 61
NaN 69
NaN 67
NaN 82
NaN 72
NaN 76
NaN 67
NaN 80
NaN 72
NaN 75
NaN 77
NaN 94
NaN 71
NaN 91
NaN 75
NaN 67
NaN 89
NaN 88
NaN 72
NaN 73
NaN 86
NaN 93
NaN 82
NaN 96
NaN 106
NaN 80
NaN 79
NaN 87
NaN 86
NaN 102
NaN 86
NaN 90
NaN 78
NaN 82
NaN 90
NaN 84
NaN 83
NaN 111
NaN 86
NaN 86
NaN 91
NaN 102
NaN 101
NaN 106
NaN 76
NaN 83
NaN 102
NaN 82
NaN 92
NaN 96
NaN 93
NaN 102
NaN 101
NaN 88
NaN 96
NaN 97
NaN 77
NaN 100
NaN 105
NaN 111
NaN 96
NaN 118
NaN 112
NaN 123
NaN 142
NaN 102
NaN 120
NaN 107
NaN 113
NaN 138
NaN 125
NaN 106
NaN 130
NaN 147
NaN 156
NaN 138
NaN 155
NaN 157
NaN 161
NaN 155
NaN 161
NaN 156
NaN 161
NaN 161
NaN 149
NaN 165
NaN 192
NaN 172
NaN 160
NaN 155
NaN 170
NaN 168
NaN 144
NaN 193
NaN 156
NaN 176
NaN 133
NaN 152
NaN 177
NaN 175
NaN 159
NaN 151
NaN 163
NaN 158
NaN 162
NaN 175
NaN 178
NaN 146
NaN 144
NaN 155
NaN 162
NaN 154
NaN 152
NaN 135
NaN 146
NaN 123
NaN 131
NaN 134
NaN 111
NaN 109
NaN 146
NaN 133
NaN 122
NaN 126
NaN 126
NaN 151
NaN 143
NaN 137
NaN 140
NaN 152
NaN 146
NaN 134
NaN 142
NaN 154
NaN 165
NaN 157
NaN 149
NaN 160
NaN 146
NaN 163
NaN 151
NaN 154
NaN 150
NaN 153
NaN 164
NaN 176
NaN 140
NaN 137
NaN 135
NaN 127
NaN 117
NaN 134
NaN 115
NaN 136
NaN 102
NaN 116
NaN 138
NaN 107
NaN 105
NaN 97
NaN 121
NaN 102
NaN 84
NaN 94
NaN 92
NaN 76
NaN 101
NaN 110
NaN 93
NaN 88
NaN 89
NaN 90
NaN 88
NaN 92
NaN 104
NaN 85
NaN 82
NaN 96
NaN 80
NaN 79
NaN 94
NaN 81
NaN 91
NaN 79
NaN 104
NaN 93
NaN 91
NaN 86
NaN 110
NaN 93
NaN 78
NaN 80
NaN 88
NaN 105
NaN 91
NaN 76
NaN 81
NaN 81
NaN 92
NaN 87
NaN 88
NaN 87
NaN 87
NaN 100
NaN 86
NaN 92
NaN 93
NaN 95
NaN 76
NaN 79
NaN 82
NaN 92
NaN 98
NaN 77
NaN 91
NaN 89
NaN 85
NaN 85
NaN 83
NaN 86
NaN 84
NaN 71
NaN 92
NaN 81
NaN 87
NaN 89
NaN 94
NaN 76
NaN 96
NaN 97
NaN 69
NaN 89
NaN 84
NaN 109
NaN 99
NaN 86
NaN 87
NaN 81
NaN 95
NaN 78
NaN 79
NaN 85
NaN 96
NaN 90
NaN 103
NaN 106
NaN 81
NaN 96
NaN 73
NaN 88
NaN 101
NaN 108
NaN 79
NaN 89
NaN 99
NaN 81
NaN 68
NaN 96
NaN 98
NaN 92
NaN 81
NaN 106
NaN 86
NaN 98
NaN 84
NaN 87
NaN 97
NaN 98
NaN 91
NaN 92
NaN 92
NaN 83
NaN 96
NaN 88
NaN 103
NaN 87
NaN 67
NaN 98
NaN 81
NaN 83
NaN 93
NaN 116
NaN 85
NaN 90
NaN 88
NaN 84
NaN 86
NaN 87
NaN 82
NaN 103
NaN 82
NaN 100
NaN 82
NaN 101
NaN 99
NaN 105
NaN 90
NaN 85
NaN 83
NaN 85
NaN 90
NaN 86
NaN 97
NaN 79
NaN 103
NaN 101
NaN 120
NaN 97
NaN 104
NaN 97
NaN 85
NaN 110
NaN 100
NaN 90
NaN 86
NaN 104
NaN 106
NaN 91
NaN 98
NaN 97
NaN 98
NaN 96
NaN 98
NaN 108
NaN 107
NaN 99
NaN 110
NaN 104
NaN 121
NaN 100
NaN 90
NaN 111
NaN 107
NaN 89
NaN 125
NaN 117
NaN 101
NaN 123
NaN 101
NaN 110
NaN 114
NaN 105
NaN 110
NaN 126
NaN 120
NaN 109
NaN 123
NaN 119
NaN 128
NaN 123
NaN 122
NaN 125
NaN 121
NaN 146
NaN 120
NaN 122
NaN 148
NaN 107
NaN 154
NaN 124
NaN 110
NaN 120
NaN 115
NaN 124
NaN 121
NaN 113
NaN 129
NaN 138
NaN 117
NaN 134
NaN 153
NaN 132
NaN 117
NaN 128
NaN 147
NaN 108
NaN 124
NaN 112
NaN 127
NaN 140
NaN 96
NaN 125
NaN 109
NaN 107
NaN 100
NaN 128
NaN 99
NaN 104
NaN 100
NaN 113
NaN 108
NaN 113
NaN 106
NaN 93
NaN 107
NaN 85
NaN 100
NaN 103
NaN 100
NaN 99
NaN 84
NaN 116
NaN 82
NaN 84
NaN 94
NaN 117
NaN 105
NaN 81
NaN 80
NaN 96
NaN 107
NaN 97
NaN 87
NaN 94
NaN 100
NaN 93
NaN 93
NaN 84
NaN 108
NaN 96
NaN 80
NaN 95
NaN 103
NaN 94
NaN 111
NaN 95
NaN 90
NaN 77
NaN 96
NaN 91
NaN 83
NaN 94
NaN 88
NaN 97
NaN 85
NaN 102
NaN 88
NaN 88
NaN 80
NaN 91
NaN 89
NaN 107
NaN 100
NaN 85
NaN 82
NaN 83
NaN 80
NaN 72
NaN 92
NaN 79
NaN 68
NaN 79
NaN 84
NaN 84
NaN 69
NaN 77
NaN 75
NaN 79
NaN 82
NaN 80
NaN 69
NaN 82
NaN 75
NaN 71
NaN 71
NaN 72
NaN 71
NaN 76
NaN 73
NaN 73
NaN 77
NaN 76
NaN 68
NaN 67
NaN 65
NaN 79
NaN 73
NaN 65
NaN 73
NaN 61
NaN 59
NaN 82
NaN 61
NaN 85
NaN 85
NaN 77
NaN 51
NaN 57
NaN 50
NaN 64
NaN 69
NaN 63
NaN 67
NaN 59
NaN 78
NaN 65
NaN 62
NaN 68
NaN 64
NaN 51
NaN 72
NaN 55
NaN 51
NaN 63
NaN 59
NaN 60
NaN 67
NaN 67
NaN 60
NaN 66
NaN 85
NaN 79
NaN 45
NaN 68
NaN 57
NaN 76
NaN 70
NaN 61
NaN 70
NaN 63
NaN 57
NaN 74
NaN 79
NaN 51
NaN 56
NaN 54
NaN 72
NaN 72
NaN 52
NaN 58
NaN 67
NaN 59
NaN 64
NaN 70
NaN 67
NaN 74
NaN 53
NaN 55
NaN 61
NaN 47
NaN 55
NaN 58
NaN 63
NaN 59
NaN 69
NaN 65
NaN 67
NaN 54
NaN 62
NaN 66
NaN 51
NaN 60
NaN 58
NaN 53
NaN 57
NaN 52
NaN 58
NaN 68
NaN 58
NaN 55
NaN 55
NaN 54
NaN 62
NaN 45
NaN 63
NaN 61
NaN 67
NaN 49
NaN 42
NaN 52
NaN 65
NaN 59
NaN 54
NaN 61
NaN 62
NaN 59
NaN 53
NaN 50
NaN 66
NaN 53
NaN 66
NaN 63
NaN 54
NaN 56
NaN 66
NaN 45
NaN 66
NaN 50
NaN 58
NaN 46
NaN 50
NaN 63
NaN 49
NaN 60
NaN 61
NaN 54
NaN 63
NaN 63
NaN 51
NaN 64
NaN 54
NaN 60
NaN 62
NaN 56
NaN 50
NaN 47
NaN 53
NaN 57
NaN 47
NaN 59
NaN 49
NaN 54
NaN 57
NaN 49
NaN 49
NaN 62
NaN 59
NaN 40
NaN 56
NaN 43
NaN 63
NaN 47
NaN 60
NaN 72
NaN 50
NaN 42
NaN 60
NaN 64
NaN 43
NaN 58
NaN 53
NaN 51
NaN 57
NaN 45
NaN 37
NaN 41
NaN 55
NaN 51
NaN 45
NaN 53
NaN 40
NaN 61
NaN 55
NaN 56
NaN 42
NaN 50
NaN 36
NaN 43
NaN 42
NaN 51
NaN 36
NaN 38
NaN 43
NaN 52
NaN 54
NaN 56
NaN 51
NaN 40
NaN 54
NaN 39
NaN 45
NaN 41
NaN 62
NaN 47
NaN 39
NaN 52
NaN 36
NaN 40
NaN 41
NaN 39
NaN 46
NaN 37
NaN 44
NaN 32
NaN 42
NaN 42
NaN 35
NaN 37
NaN 44
NaN 43
NaN 33
NaN 45
NaN 34
NaN 40
NaN 31
NaN 49
NaN 50
NaN 41
NaN 40
NaN 36
NaN 39
NaN 49
NaN 36
NaN 39
NaN 44
NaN 27
NaN 34
NaN 37
NaN 36
NaN 39
NaN 34
NaN 35
NaN 34
NaN 35
NaN 27
NaN 32
NaN 38
NaN 40
NaN 41
NaN 46
NaN 36
NaN 38
NaN 45
NaN 33
NaN 52
NaN 41
NaN 25
NaN 23
NaN 35
NaN 29
NaN 39
NaN 39
NaN 38
NaN 31
NaN 34
NaN 33
NaN 35
NaN 26
NaN 29
NaN 30
NaN 23
NaN 30
NaN 25
NaN 41
NaN 30
NaN 31
NaN 39
NaN 33
NaN 25
NaN 29
NaN 35
NaN 32
NaN 24
NaN 15
NaN 19
NaN 31
NaN 25
NaN 29
NaN 27
NaN 33
NaN 21
NaN 30
NaN 20
NaN 21
NaN 26
NaN 26
NaN 24
NaN 32
NaN 24
NaN 26
NaN 30
NaN 17
NaN 27
NaN 27
NaN 23
NaN 25
NaN 29
NaN 21
NaN 22
NaN 14
NaN 33
NaN 22
NaN 25
NaN 24
NaN 27
NaN 22
NaN 21
NaN 18
NaN 17
NaN 14
NaN 24
NaN 19
NaN 18
NaN 27
NaN 25
NaN 18
NaN 20
NaN 21
NaN 13
NaN 16
NaN 22
NaN 14
NaN 15
NaN 21
NaN 13
NaN 24
NaN 23
NaN 14
NaN 19
NaN 21
NaN 14
NaN 15
NaN 13
NaN 16
NaN 7
NaN 14
NaN 19
NaN 21
NaN 11
NaN 7
NaN 7
NaN 11
NaN 11
NaN 11
NaN 7
NaN 12
NaN 10
NaN 14
NaN 12
NaN 10
NaN 14
NaN 9
NaN 14
NaN 10
NaN 11
NaN 12
NaN 9
NaN 7
NaN 12
NaN 11
NaN 11
NaN 15
NaN 5
NaN 9
NaN 9
NaN 8
NaN 7
NaN 9
NaN 4
NaN 16
NaN 13
NaN 9
NaN 10
NaN 8
NaN 6
NaN 8
NaN 8
NaN 5
NaN 5
NaN 3
NaN 8
NaN 8
NaN 6
NaN 12
NaN 7
NaN 4
NaN 5
NaN 6
NaN 6
NaN 7
NaN 6
NaN 3
NaN 5
NaN 7
NaN 6
NaN 9
NaN 3
NaN 3
NaN 7
NaN 6
NaN 6
NaN 3
NaN 2
NaN 1
NaN 5
NaN 1
NaN 6
NaN 8
NaN 4
NaN 2
NaN 7
NaN 3
NaN 5
NaN 3
NaN 6
NaN 5
NaN 4
NaN 3
NaN 3
NaN 2
NaN 2
NaN 2
NaN 1
NaN 4
NaN 3
NaN 4
NaN 3
NaN 2
NaN 4
NaN 3
NaN 1
NaN 0
NaN 4
NaN 1
NaN 1
NaN 2
NaN 1
NaN 1
NaN 2
NaN 1
NaN 5
NaN 1
NaN 1
NaN 2
NaN 1
NaN 0
NaN 2
NaN 4
NaN 0
NaN 4
NaN 0
NaN 3
NaN 2
NaN 2
NaN 0
NaN 0
NaN 2
NaN 2
NaN 0
NaN 0
NaN 2
NaN 1
NaN 0
NaN 1
NaN 0
NaN 1
NaN 3
NaN 1
NaN 1
NaN 0
NaN 2
NaN 0
NaN 1
NaN 0
NaN 0
NaN 0
NaN 0
NaN 0
NaN 0
NaN 1
NaN 3
NaN 0
NaN 0
NaN 0
NaN 1
NaN 0
NaN 0
NaN 0
NaN 1
NaN 1
NaN 1
NaN 0
NaN 0
NaN 0
NaN 0
NaN 0
NaN 0
NaN 1
NaN 0
NaN 1
NaN 0
NaN 0
NaN 0
NaN 0
NaN 0
NaN 1
NaN 0
NaN 0
NaN 0
NaN 0
NaN 0
NaN 0
NaN 0
NaN 0
NaN 0
NaN 1
NaN 0
NaN 0
NaN 0
NaN 0
NaN 0
NaN 0
NaN 0
NaN 0
NaN 0
NaN 0
NaN 0
NaN 0
NaN 0
NaN 0
NaN 0
NaN 0
NaN 0
NaN 0
NaN 0
NaN 0
NaN 0
NaN 0
NaN 0
NaN 0
NaN 0
NaN 0
NaN 0
NaN 0
NaN 0
NaN 0
NaN 0
NaN 0
NaN 0
NaN 0
NaN 0
NaN 0
NaN 0
NaN 0
NaN 0
NaN 0
NaN 0
NaN 0
NaN 0
NaN 0
NaN 0
NaN 0
NaN 0
NaN 0
NaN 0
NaN 0
NaN 0
NaN 0
NaN 0
NaN 0
NaN 0
NaN 0
NaN 0
NaN 0
NaN 0
NaN 0
NaN 0
NaN 0
NaN 0
NaN 0
NaN 0
NaN 0
NaN 0
NaN 0
NaN 0
NaN 0
NaN 0
NaN 0
NaN 0
NaN 0
NaN 0
NaN 0
NaN 0
NaN 0
NaN 0
NaN 0
NaN 0
NaN 0
NaN 0
NaN 0
NaN 0
NaN 0
NaN 0
NaN 0
NaN 0
NaN 0
NaN 0
NaN 0
NaN 0
NaN 0
NaN 0
NaN 0
NaN 0
NaN 0
NaN 0
NaN 0
NaN 0
NaN 0
NaN 0
NaN 0
NaN 0
NaN 0
NaN 0
NaN 0
NaN 0
NaN 0
NaN 0
NaN 0
NaN 0
NaN 0
NaN 0
NaN 0
NaN 0
NaN 0
NaN 0
NaN 0
NaN 0
NaN 0
NaN 0
NaN 0
NaN 0
NaN 0
NaN 0
NaN 0
NaN 0
NaN 0
NaN 0
NaN 0
NaN 0
NaN 0
NaN 0
NaN 0
NaN 0
NaN 0
NaN 0
NaN 0
NaN 0
NaN 0
NaN 0
NaN 0
NaN 0
NaN 0
NaN 0
NaN 0
NaN 0
NaN 0
NaN 0
NaN 0
NaN 0
NaN 0
NaN 0
NaN 0
NaN 0
NaN 0
NaN 0
NaN 0
NaN 0
NaN 0
NaN 0
NaN 0
NaN 0
NaN 0
NaN 0
NaN 0
NaN 0
NaN 0
NaN 0
NaN 0
NaN 0
NaN 0
NaN 0
NaN 0
NaN 0
NaN 0
NaN 0
NaN 0
NaN 0
NaN 0
NaN 0
NaN 0
NaN 0
NaN 0
NaN 0
NaN 0
NaN 0
NaN 0
NaN 0
NaN 0
NaN 0
NaN 0
NaN 0
NaN 0
NaN 0
NaN 0
NaN 0
NaN 0
NaN 0
NaN 0
NaN 0
NaN 0
NaN 0
NaN 0
NaN 0
NaN 0
NaN 0
NaN 0
NaN 0
NaN 0
NaN 0
NaN 0
NaN 0
NaN 0
NaN 0
NaN 0
NaN 0
NaN 0
NaN 0
NaN 0
NaN 0
NaN 0
NaN 0
NaN 0
NaN 0
NaN 0
NaN 0
NaN 0
NaN 0
NaN 0
NaN 0
NaN 0
NaN 0
NaN 0
NaN 0
NaN 0
NaN 0
NaN 0
NaN 0
NaN 0
NaN 0
NaN 0
NaN 0
NaN 0
NaN 0
NaN 0
NaN 1
NaN 0
NaN 0
NaN 0
NaN 0
NaN 0
NaN 0
NaN 0
NaN 0
NaN 0
NaN 0
NaN 0
NaN 0
NaN 0
NaN 0
NaN 0
NaN 0
NaN 0
NaN 0
NaN 0
NaN 0
NaN 0
NaN 0
NaN 0
NaN 0
NaN 0
NaN 0
NaN 0
NaN 1
NaN 0
NaN 0
NaN 0
NaN 0
NaN 0
NaN 0
NaN 0
NaN 0
NaN 0
NaN 0
NaN 0
NaN 0
NaN 0
NaN 0
NaN 0
NaN 0
NaN 0
NaN 0
NaN 0
NaN 0
NaN 0
NaN 0
NaN 0
NaN 0
NaN 0
NaN 0
NaN 0
NaN 0
NaN 0
NaN 0
NaN 0
NaN 0
NaN 0
NaN 0
NaN 0
NaN 0
NaN 0
NaN 0
NaN 0
NaN 0
NaN 0
NaN 0
NaN 0
NaN 0
NaN 0
NaN 0
NaN 0
NaN 0
NaN 0
NaN 0
NaN 0
NaN 0
NaN 0
NaN 0
NaN 0
NaN 0
NaN 0
NaN 0
NaN 0
NaN 0
NaN 0
NaN 0
NaN 0
NaN 0
NaN 0
NaN 0
NaN 0
NaN 0
NaN 0
NaN 0
NaN 0
NaN 0
NaN 0
NaN 0
NaN 0
NaN 0
NaN 0
NaN 0
NaN 0
NaN 0
NaN 0
NaN 0
NaN 0
NaN 0
NaN 0
NaN 0
NaN 0
NaN 0
NaN 0
NaN 0
NaN 0
NaN 0
NaN 0
NaN 0
NaN 0
NaN 0
NaN 0
NaN 0
NaN 0
NaN 0
NaN 0
NaN 0
NaN 0
NaN 0
NaN 0
NaN 0
NaN 0
NaN 0
NaN 0
NaN 0
NaN 0
NaN 0
NaN 0
NaN 0
NaN 0
NaN 0
NaN 0
NaN 0
NaN 0
NaN 0
NaN 0
NaN 0
NaN 0
NaN 0
NaN 1
NaN 0
NaN 0
NaN 0
NaN 0
NaN 0
NaN 0
NaN 0
NaN 0
NaN 0
NaN 0
NaN 0
NaN 0
NaN 0
NaN 0
NaN 0
NaN 0
NaN 0
NaN 0
NaN 0
NaN 0
NaN 0
NaN 0
NaN 0
NaN 0
NaN 0
NaN 0
NaN 0
NaN 0
NaN 0
NaN 0
NaN 0
NaN 0
NaN 0
NaN 0
NaN 0
NaN 0
NaN 0
NaN 0
NaN 0
NaN 0
NaN 0
NaN 0
NaN 0
NaN 0
NaN 0
NaN 0
NaN 0
NaN 0
NaN 0
NaN 0
NaN 0
NaN 0
NaN 0
NaN 0
NaN 0
NaN 0
NaN 0
NaN 0
NaN 0
NaN 0
NaN 1
NaN 0
NaN 0
NaN 0
NaN 0
NaN 0
NaN 0
NaN 0
NaN 0
NaN 0
NaN 0
NaN 0
NaN 0
NaN 0
NaN 0
NaN 0
NaN 0
NaN 0
NaN 0
NaN 0
NaN 0
NaN 0
NaN 0
NaN 0
NaN 0
NaN 0
NaN 0
NaN 0
NaN 0
NaN 0
NaN 0
NaN 0
NaN 0
NaN 0
NaN 0
NaN 0
NaN 0
NaN 0
NaN 0
NaN 0
NaN 0
NaN 0
NaN 0
NaN 0
NaN 0
NaN 0
NaN 0
NaN 0
NaN 0
NaN 0
NaN 0
NaN 0
NaN 0
NaN 0
NaN 0
NaN 0
NaN 0
NaN 0
NaN 0
NaN 0
NaN 0
NaN 0
NaN 0
NaN 0
NaN 0
NaN 0
NaN 0
NaN 0
NaN 0
NaN 0
NaN 0
NaN 0
NaN 0
NaN 0
NaN 0
NaN 0
NaN 0
NaN 0
NaN 0
NaN 0
NaN 0
NaN 0
NaN 0
NaN 0
NaN 0
NaN 0
NaN 0
NaN 0
NaN 0
NaN 0
NaN 0
NaN 0
NaN 0
NaN 0
NaN 0
NaN 0
NaN 0
NaN 0
NaN 0
NaN 0
NaN 0
NaN 0
NaN 1
NaN 0
NaN 0
NaN 0
NaN 0
NaN 0
NaN 0
NaN 0
NaN 0
NaN 0
NaN 0
NaN 0
NaN 0
NaN 0
NaN 0
NaN 0
NaN 0
NaN 0
NaN 0
NaN 0
NaN 0
NaN 0
NaN 0
NaN 0
NaN 0
NaN 0
NaN 0
NaN 0
NaN 0
NaN 0
NaN 0
NaN 0
NaN 0
NaN 0
NaN 0
NaN 0
NaN 0
NaN 0
NaN 0
NaN 0
NaN 0
NaN 0
NaN 0
NaN 0
NaN 0
NaN 0
NaN 0
NaN 0
NaN 0
NaN 0
NaN 0
NaN 0
NaN 0
NaN 0
NaN 0
NaN 0
NaN 0
NaN 0
NaN 0
NaN 0
NaN 0
NaN 0
NaN 0
NaN 0
NaN 0
NaN 0
NaN 0
NaN 0
NaN 0
NaN 0
NaN 0
NaN 0
NaN 0
NaN 0
NaN 0
NaN 0
NaN 0
NaN 0
NaN 0
NaN 0
NaN 0
NaN 0
NaN 0
NaN 0
NaN 0
NaN 0
NaN 0
NaN 0
NaN 0
NaN 0
NaN 0
NaN 0
NaN 0
NaN 0
NaN 0
NaN 0
NaN 0
NaN 0
NaN 0
NaN 0
NaN 0
NaN 0
NaN 0
NaN 0
NaN 0
NaN 0
NaN 0
NaN 0
NaN 0
NaN 0
NaN 0
NaN 0
NaN 0
NaN 0
NaN 0
NaN 0
NaN 0
NaN 0
NaN 0
NaN 0
NaN 0
NaN 0
NaN 0
NaN 0
NaN 0
NaN 0
NaN 0
NaN 0
NaN 0
NaN 0
NaN 0
NaN 0
NaN 0
NaN 0
NaN 0
NaN 0
NaN 0
NaN 0
NaN 0
NaN 0
NaN 0
NaN 0
NaN 0
NaN 0
NaN 0
NaN 0
NaN 0
NaN 0
NaN 0
NaN 0
NaN 0
NaN 0
NaN 0
NaN 0
NaN 0
NaN 0
NaN 0
NaN 0
NaN 0
NaN 0
NaN 0
NaN 0
NaN 0
NaN 0
NaN 0
NaN 0
NaN 0
NaN 0
NaN 0
NaN 0
NaN 0
NaN 0
NaN 0
NaN 0
NaN 0
NaN 0
NaN 0
NaN 0
NaN 0
NaN 0
NaN 0
NaN 0
NaN 0
NaN 0
NaN 0
NaN 0
NaN 0
NaN 0
NaN 0
NaN 0
NaN 0
NaN 0
NaN 0
NaN 0
NaN 0
NaN 0
NaN 0
NaN 0
NaN 0
NaN 0
NaN 0
NaN 0
NaN 0
NaN 0
NaN 0
NaN 0
NaN 0
NaN 0
NaN 0
NaN 0
NaN 0
NaN 0
NaN 0
NaN 0
NaN 0
NaN 0
NaN 0
NaN 0
NaN 0
NaN 0
NaN 0
NaN 0
NaN 0
NaN 0
NaN 0
NaN 0
NaN 0
NaN 0
NaN 0
NaN 0
NaN 0
NaN 0
NaN 0
NaN 0
NaN 0
NaN 0
NaN 0
NaN 0
NaN 0
NaN 0
NaN 0
NaN 0
NaN 0
NaN 0
NaN 0
NaN 0
NaN 0
NaN 0
NaN 0
NaN 0
NaN 0
NaN 0
NaN 0
NaN 0
NaN 0
NaN 0
NaN 0
NaN 0
NaN 0
NaN 0
NaN 0
NaN 0
NaN 0
NaN 0
NaN 0
NaN 0
NaN 0
NaN 0
NaN 0
NaN 0
NaN 0
NaN 0
NaN 0
NaN 0
NaN 0
NaN 0
NaN 0
NaN 0
NaN 0
NaN 0
NaN 0
NaN 0
NaN 0
NaN 0
NaN 0
NaN 0
NaN 0
NaN 0
NaN 0
NaN 0
NaN 0
NaN 0
NaN 0
NaN 0
NaN 0
NaN 0
NaN 0
NaN 0
NaN 0
NaN 0
NaN 0
NaN 0
NaN 0
NaN 0
NaN 0
NaN 0
NaN 0
NaN 0
NaN 0
NaN 0
NaN 0
NaN 0
NaN 0
NaN 0
NaN 0
NaN 0
NaN 0
NaN 0
NaN 0
NaN 0
NaN 0
NaN 0
NaN 0
NaN 0
NaN 0
NaN 0
NaN 0
NaN 0
NaN 0
NaN 0
NaN 0
NaN 0
NaN 0
NaN 0
NaN 0
NaN 0
NaN 0
NaN 0
NaN 0
NaN 0
NaN 0
NaN 0
NaN 0
NaN 0
NaN 0
NaN 0
NaN 0
NaN 0
NaN 0
NaN 0
NaN 0
NaN 0
NaN 0
NaN 0
NaN 0
NaN 0
NaN 0
NaN 0
NaN 0
NaN 0
NaN 0
NaN 0
NaN 0
NaN 0
NaN 0
NaN 0
NaN 0
NaN 0
NaN 0
NaN 0
NaN 0
NaN 0
NaN 0
NaN 0
NaN 0
NaN 0
NaN 0
NaN 0
NaN 0
NaN 0
NaN 0
NaN 1
NaN 0
NaN 0
NaN 0
NaN 0
NaN 0
NaN 0
NaN 0
NaN 0
NaN 0
NaN 0
NaN 0
NaN 0
NaN 0
NaN 0
NaN 0
NaN 0
NaN 0
NaN 0
NaN 0
NaN 0
NaN 0
NaN 0
NaN 0
NaN 0
NaN 0
NaN 0
NaN 0
NaN 0
NaN 0
NaN 0
NaN 0
NaN 0
NaN 0
NaN 0
NaN 0
NaN 0
NaN 0
NaN 0
NaN 0
NaN 0
NaN 0
NaN 0
NaN 0
NaN 0
NaN 0
NaN 0
NaN 0
NaN 0
NaN 0
NaN 0
NaN 0
NaN 0
NaN 0
NaN 0
NaN 0
NaN 0
NaN 0
NaN 0
NaN 0
NaN 0
NaN 0
NaN 0
NaN 0
NaN 0
NaN 0
NaN 0
NaN 0
NaN 0
NaN 0
NaN 0
NaN 0
NaN 0
NaN 0
NaN 0
NaN 0
NaN 0
NaN 0
NaN 0
NaN 0
NaN 0
NaN 0
NaN 0
NaN 0
NaN 0
NaN 0
NaN 0
NaN 0
NaN 0
NaN 0
NaN 0
NaN 0
NaN 0
NaN 0
NaN 0
NaN 0
NaN 0
NaN 0
NaN 0
NaN 0
NaN 0
NaN 0
NaN 0
NaN 0
NaN 0
NaN 0
NaN 0
NaN 0
NaN 0
NaN 0
NaN 0
NaN 0
NaN 0
NaN 0
NaN 0
NaN 0
NaN 0
NaN 0
NaN 0
NaN 0
NaN 0
NaN 0
NaN 0
NaN 0
NaN 0
NaN 0
NaN 0
NaN 0
NaN 0
NaN 0
NaN 0
NaN 0
NaN 0
NaN 0
NaN 0
NaN 0
NaN 0
NaN 0
NaN 0
NaN 0
NaN 0
NaN 0
NaN 0
NaN 0
NaN 0
NaN 0
NaN 0
NaN 0
NaN 0
NaN 0
NaN 0
NaN 0
NaN 0
NaN 0
NaN 0
NaN 0
NaN 0
NaN 0
NaN 0
NaN 0
NaN 0
NaN 0
NaN 0
NaN 0
NaN 0
NaN 0
NaN 0
NaN 0
NaN 0
NaN 0
NaN 0
NaN 0
NaN 0
NaN 0
NaN 0
NaN 0
NaN 0
NaN 0
NaN 0
NaN 0
NaN 0
NaN 0
NaN 0
NaN 0
NaN 0
NaN 0
NaN 0
NaN 0
NaN 0
NaN 0
NaN 0
NaN 0
NaN 0
NaN 0
NaN 0
NaN 0
NaN 0
NaN 0
NaN 0
NaN 0
NaN 0
NaN 0
NaN 0
NaN 0
NaN 0
NaN 0
NaN 0
NaN 0
NaN 0
NaN 0
NaN 0
NaN 0
NaN 0
NaN 0
NaN 0
NaN 0
NaN 0
NaN 0
NaN 0
NaN 0
NaN 0
NaN 0
NaN 0
NaN 0
NaN 0
NaN 0
NaN 0
NaN 0
NaN 0
NaN 0
NaN 0
NaN 0
NaN 0
NaN 0
NaN 0
NaN 0
NaN 0
NaN 0
NaN 0
NaN 0
NaN 0
NaN 0
NaN 0
NaN 0
NaN 0
NaN 0
NaN 0
NaN 0
NaN 0
NaN 0
NaN 0
NaN 0
NaN 0
NaN 0
NaN 0
NaN 0
NaN 0
NaN 0
NaN 0
NaN 0
NaN 0
NaN 0
NaN 0
NaN 0
NaN 0
NaN 0
NaN 0
NaN 0
NaN 0
NaN 0
NaN 0
NaN 0
NaN 0
NaN 0
NaN 0
NaN 0
NaN 0
NaN 0
NaN 0
NaN 0
NaN 0
NaN 0
NaN 0
NaN 0
NaN 0
NaN 0
NaN 1
NaN 0
NaN 0
NaN 0
NaN 0
NaN 0
NaN 1
NaN 0
NaN 0
NaN 0
NaN 0
NaN 0
NaN 0
NaN 0
NaN 0
NaN 0
NaN 0
NaN 0
NaN 0
NaN 0
NaN 0
NaN 0
NaN 0
NaN 0
NaN 0
NaN 0
NaN 0
NaN 0
NaN 0
NaN 0
NaN 0
NaN 0
NaN 0
NaN 0
NaN 0
NaN 0
NaN 0
NaN 0
NaN 0
NaN 0
NaN 0
NaN 0
NaN 0
NaN 0
NaN 0
NaN 0
NaN 0
NaN 0
NaN 0
NaN 0
NaN 0
NaN 0
NaN 0
NaN 0
NaN 0
NaN 0
NaN 0
NaN 0
NaN 0
NaN 0
NaN 0
NaN 0
NaN 0
NaN 0
NaN 0
NaN 0
NaN 0
NaN 0
NaN 0
NaN 0
NaN 0
NaN 0
NaN 0
NaN 0
NaN 0
NaN 0
NaN 0
NaN 0
NaN 0
NaN 0
NaN 0
NaN 0
NaN 0
NaN 0
NaN 0
NaN 0
NaN 0
NaN 0
NaN 0
NaN 0
NaN 0
NaN 0
NaN 0
NaN 0
NaN 0
NaN 0
NaN 0
NaN 0
NaN 0
NaN 0
NaN 0
NaN 0
NaN 0
NaN 0
NaN 0
NaN 0
NaN 0
NaN 0
NaN 1
NaN 0
NaN 0
NaN 0
NaN 0
NaN 0
NaN 0
NaN 0
NaN 0
NaN 0
NaN 0
NaN 0
NaN 0
NaN 0
NaN 0
NaN 0
NaN 0
NaN 0
NaN 0
NaN 0
NaN 0
NaN 0
NaN 0
NaN 0
NaN 0
NaN 0
NaN 0
NaN 0
NaN 0
NaN 0
NaN 0
NaN 0
NaN 0
NaN 0
NaN 0
NaN 0
NaN 0
NaN 0
NaN 0
NaN 0
NaN 0
NaN 0
NaN 0
NaN 0
NaN 0
NaN 0
NaN 0
NaN 0
NaN 0
NaN 0
NaN 0
NaN 0
NaN 0
NaN 0
NaN 0
NaN 0
NaN 0
NaN 0
NaN 0
NaN 0
NaN 0
NaN 0
NaN 0
NaN 0
NaN 0
NaN 0
NaN 0
NaN 0
NaN 0
NaN 0
NaN 0
NaN 0
NaN 0
NaN 0
NaN 0
NaN 0
NaN 0
NaN 0
NaN 0
NaN 0
NaN 0
NaN 0
NaN 0
NaN 0
NaN 0
NaN 0
NaN 0
NaN 0
NaN 0
NaN 0
NaN 0
NaN 0
NaN 0
NaN 0
NaN 0
NaN 0
NaN 0
NaN 0
NaN 0
NaN 0
NaN 0
NaN 0
NaN 0
NaN 0
NaN 0
NaN 0
NaN 0
NaN 0
NaN 0
NaN 0
NaN 0
NaN 0
NaN 0
NaN 0
NaN 0
NaN 0
NaN 0
NaN 0
NaN 0
NaN 0
NaN 0
NaN 0
NaN 0
NaN 0
NaN 0
NaN 0
NaN 0
NaN 0
NaN 0
NaN 0
NaN 0
NaN 0
NaN 0
NaN 0
NaN 0
NaN 0
NaN 0
NaN 0
NaN 0
NaN 0
NaN 0
NaN 0
NaN 0
NaN 0
NaN 0
NaN 0
NaN 0
NaN 0
NaN 0
NaN 0
NaN 0
NaN 0
NaN 0
NaN 0
NaN 0
NaN 0
NaN 0
NaN 0
NaN 0
NaN 0
NaN 0
NaN 0
NaN 0
NaN 0
NaN 0
NaN 0
NaN 0
NaN 0
NaN 0
NaN 0
NaN 0
NaN 0
NaN 0
NaN 0
NaN 0
NaN 0
NaN 0
NaN 0
NaN 0
NaN 0
NaN 0
NaN 0
NaN 0
NaN 0
NaN 0
NaN 0
NaN 0
NaN 0
NaN 0
NaN 0
NaN 0
NaN 0
NaN 0
NaN 0
NaN 0
NaN 0
NaN 0
NaN 0
NaN 0
NaN 0
NaN 0
NaN 0
NaN 0
NaN 0
NaN 0
NaN 0
NaN 0
NaN 0
NaN 0
NaN 0
NaN 0
NaN 0
NaN 0
NaN 0
NaN 0
NaN 0
NaN 0
NaN 0
NaN 0
NaN 0
NaN 0
NaN 0
NaN 0
NaN 0
NaN 0
NaN 0
NaN 0
NaN 0
NaN 0
NaN 0
NaN 0
NaN 0
NaN 0
NaN 0
NaN 0
NaN 0
NaN 0
NaN 0
NaN 0
NaN 0
NaN 0
NaN 0
NaN 0
NaN 0
NaN 0
NaN 0
NaN 0
NaN 0
NaN 0
NaN 0
NaN 0
NaN 0
NaN 0
NaN 0
NaN 0
NaN 0
NaN 0
NaN 0
NaN 0
NaN 0
NaN 0
NaN 0
NaN 0
NaN 0
NaN 0
NaN 0
NaN 0
NaN 0
NaN 0
NaN 0
NaN 0
NaN 0
NaN 0
NaN 1
NaN 0
NaN 0
NaN 0
NaN 0
NaN 0
NaN 0
NaN 0
NaN 0
NaN 0
NaN 0
NaN 0
NaN 0
NaN 0
NaN 0
NaN 0
NaN 0
NaN 0
NaN 0
NaN 0
NaN 0
NaN 0
NaN 0
NaN 0
NaN 0
NaN 0
NaN 0
NaN 0
NaN 0
NaN 0
NaN 0
NaN 0
NaN 0
NaN 0
NaN 0
NaN 0
NaN 0
NaN 0
NaN 0
NaN 0
NaN 0
NaN 0
NaN 0
NaN 0
NaN 0
NaN 0
NaN 0
NaN 0
NaN 0
NaN 0
NaN 0
NaN 0
NaN 0
NaN 0
NaN 0
NaN 0
NaN 0
NaN 0
NaN 0
NaN 0
NaN 0
NaN 0
NaN 0
NaN 0
NaN 0
NaN 0
NaN 0
NaN 0
NaN 0
NaN 0
NaN 0
NaN 0
NaN 0
NaN 0
NaN 0
NaN 0
NaN 0
NaN 0
NaN 0
NaN 0
NaN 0
NaN 0
NaN 0
NaN 0
NaN 0
NaN 0
NaN 0
NaN 0
NaN 0
NaN 0
NaN 0
NaN 0
NaN 0
NaN 0
NaN 0
NaN 0
