0   -0.805225
0.01   -0.10502
0.02   -0.000232991
0.03   -8.79259e-09
0.04   -5.64423e-15
0.05   -6.16317e-23
0.06   -1.14476e-32
0.07   -3.64338e-44
0.08   0
0.09   0
0.1   0
0.11   0
0.12   0
0.13   0
0.14   0
0.15   0
0.16   0
0.17   0
0.18   0
0.19   0
0.2   0
0.21   0
0.22   0
0.23   0
0.24   0
0.25   0
0.26   0
0.27   0
0.28   0
0.29   0
0.3   0
0.31   0
0.32   0
0.33   0
0.34   0
0.35   0
0.36   0
0.37   0
0.38   0
0.39   0
0.4   0
0.41   0
0.42   0
0.43   0
0.44   0
0.45   0
0.46   0
0.47   0
0.48   0
0.49   0
0.5   0
0.51   0
0.52   0
0.53   0
0.54   0
0.55   0
0.56   0
0.57   0
0.58   0
0.59   0
0.6   0
0.61   0
0.62   0
0.63   0
0.64   0
0.65   0
0.66   0
0.67   0
0.68   0
0.69   0
0.7   0
0.71   0
0.72   0
0.73   0
0.74   0
0.75   0
0.76   0
0.77   0
0.78   0
0.79   0
0.8   0
0.81   0
0.82   0
0.83   2.84323e-42
0.84   7.15785e-38
0.85   1.01005e-33
0.86   7.98763e-30
0.87   3.53999e-26
0.88   8.79222e-23
0.89   1.22379e-19
0.9   9.5461e-17
0.91   4.17309e-14
0.92   1.02236e-11
0.93   1.40369e-09
0.94   1.08014e-07
0.95   4.65892e-06
0.96   0.000112684
0.97   0.00153025
0.98   0.0117154
0.99   0.0512545
1   0.133974
1.01   0.237625
1.02   0.35538
1.03   0.478078
1.04   0.484097
1.05   0.316394
1.06   0.125007
1.07   0.0290559
1.08   0.00394536
1.09   0.000799615
1.1   0.00519517
1.11   0.0321484
1.12   0.118402
1.13   0.258869
1.14   0.335985
1.15   0.258869
1.16   0.118402
1.17   0.0321683
1.18   0.00548147
1.19   0.00326041
1.2   0.0162831
1.21   0.0638413
1.22   0.180285
1.23   0.389104
1.24   0.633441
1.25   0.724363
1.26   0.545237
1.27   0.26054
1.28   0.0777805
1.29   0.0145562
1.3   0.00345121
1.31   0.0143094
1.32   0.072952
1.33   0.246138
1.34   0.549914
1.35   0.819974
1.36   0.82028
1.37   0.550995
1.38   0.247582
1.39   0.0738953
1.4   0.0145293
1.41   0.0018686
1.42   0.000184008
1.43   0.000416539
1.44   0.00392562
1.45   0.0250556
1.46   0.106334
1.47   0.301381
1.48   0.577227
1.49   0.772727
1.5   0.79595
1.51   0.770025
1.52   0.803064
1.53   0.784152
1.54   0.590734
1.55   0.313328
1.56   0.113365
1.57   0.0282078
1.58   0.0091804
1.59   0.0261717
1.6   0.096887
1.61   0.250006
1.62   0.441657
1.63   0.534612
1.64   0.453219
1.65   0.375677
1.66   1.06925
1.67   5.41008
1.68   21.3985
1.69   61.1399
1.7   125.831
1.71   186.439
1.72   198.451
1.73   151.224
1.74   82.1505
1.75   31.6943
1.76   8.71481
1.77   1.87768
1.78   0.701246
1.79   0.945557
1.8   1.61998
1.81   2.37261
1.82   2.67501
1.83   2.21121
1.84   1.31289
1.85   0.555561
1.86   0.167078
1.87   0.0356739
1.88   0.00540602
1.89   0.00058136
1.9   4.43677e-05
1.91   2.49206e-06
1.92   1.84876e-06
1.93   2.51514e-05
1.94   0.00026328
1.95   0.00201525
1.96   0.0112786
1.97   0.0461523
1.98   0.138085
1.99   0.302073
2   0.483161
2.01   0.565047
2.02   0.483161
2.03   0.302073
2.04   0.138085
2.05   0.0461523
2.06   0.0112786
2.07   0.00201525
2.08   0.00026328
2.09   2.51642e-05
2.1   2.07138e-06
2.11   4.94725e-06
2.12   5.6177e-05
2.13   0.000487053
2.14   0.00316626
2.15   0.0154328
2.16   0.0563988
2.17   0.154534
2.18   0.317471
2.19   0.489004
2.2   0.56474
2.21   0.489004
2.22   0.317471
2.23   0.154534
2.24   0.0563988
2.25   0.0154328
2.26   0.00316626
2.27   0.000487052
2.28   5.61737e-05
2.29   4.85756e-06
2.3   3.14942e-07
2.31   1.53098e-08
2.32   5.58005e-10
2.33   1.52487e-11
2.34   3.12433e-13
2.35   4.79963e-15
2.36   5.52823e-17
2.37   4.91418e-19
2.38   1.43126e-18
2.39   1.13407e-16
2.4   7.01346e-15
2.41   3.37803e-13
2.42   1.26716e-11
2.43   3.70199e-10
2.44   8.42318e-09
2.45   1.49264e-07
2.46   2.06001e-06
2.47   2.21421e-05
2.48   0.000185356
2.49   0.00120846
2.5   0.00613611
2.51   0.0242656
2.52   0.0747354
2.53   0.179266
2.54   0.334893
2.55   0.487249
2.56   0.552119
2.57   0.487249
2.58   0.334893
2.59   0.179266
2.6   0.0747356
2.61   0.0242682
2.62   0.0061608
2.63   0.00139341
2.64   0.00127891
2.65   0.00512383
2.66   0.0187816
2.67   0.0545447
2.68   0.125001
2.69   0.226034
2.7   0.3225
2.71   0.363062
2.72   0.3225
2.73   0.226034
2.74   0.125001
2.75   0.0545445
2.76   0.0187795
2.77   0.00510169
2.78   0.00109355
2.79   0.000184953
2.8   2.4682e-05
2.81   2.59893e-06
2.82   2.15947e-07
2.83   1.46535e-08
2.84   1.01008e-08
2.85   1.41741e-07
2.86   1.72498e-06
2.87   1.6898e-05
2.88   0.000133231
2.89   0.000845616
2.9   0.00432209
2.91   0.0178016
2.92   0.0591577
2.93   0.158992
2.94   0.347072
2.95   0.620148
2.96   0.918852
2.97   1.15147
2.98   1.25124
2.99   1.20568
3   1.0393
3.01   0.796214
3.02   0.541876
3.03   0.350135
3.04   0.265863
3.05   0.27822
3.06   0.32964
3.07   0.353658
3.08   0.316677
3.09   0.233958
3.1   0.14889
3.11   0.0983766
3.12   0.0939139
3.13   0.122844
3.14   0.158459
3.15   0.173796
3.16   0.156519
3.17   0.114955
3.18   0.0687644
3.19   0.033495
3.2   0.0132928
3.21   0.00434892
3.22   0.00144356
3.23   0.00162098
3.24   0.00499417
3.25   0.0146093
3.26   0.035378
3.27   0.070405
3.28   0.115103
3.29   0.154589
3.3   0.170564
3.31   0.154626
3.32   0.115328
3.33   0.0715404
3.34   0.0401191
3.35   0.0309689
3.36   0.0516347
3.37   0.111435
3.38   0.214752
3.39   0.345377
3.4   0.4596
3.41   0.505541
3.42   0.459591
3.43   0.345318
3.44   0.214437
3.45   0.110055
3.46   0.0466826
3.47   0.0163656
3.48   0.00474176
3.49   0.00113548
3.5   0.000224725
3.51   3.67583e-05
3.52   4.96926e-06
3.53   5.55213e-07
3.54   5.12696e-08
3.55   3.91284e-09
3.56   2.46806e-10
3.57   1.28663e-11
3.58   5.54356e-13
3.59   2.0091e-14
3.6   1.06896e-14
3.61   2.44847e-13
3.62   4.99143e-12
3.63   8.56563e-11
3.64   1.2373e-09
3.65   1.50442e-08
3.66   1.53972e-07
3.67   1.32646e-06
3.68   9.61897e-06
3.69   5.8714e-05
3.7   0.000301672
3.71   0.00130469
3.72   0.00474967
3.73   0.0145548
3.74   0.0375451
3.75   0.0815379
3.76   0.149145
3.77   0.230096
3.78   0.300798
3.79   0.338259
3.8   0.342515
3.81   0.348873
3.82   0.414383
3.83   0.580731
3.84   0.834543
3.85   1.09509
3.86   1.24934
3.87   1.21974
3.88   1.01459
3.89   0.718658
3.9   0.434939
3.91   0.22946
3.92   0.116608
3.93   0.0781562
3.94   0.0868235
3.95   0.11712
3.96   0.1468
3.97   0.158836
3.98   0.14636
3.99   0.115024
4   0.078628
4.01   0.0511278
4.02   0.0412372
4.03   0.0515138
4.04   0.078917
4.05   0.114622
4.06   0.145074
4.07   0.157052
4.08   0.144881
4.09   0.113809
4.1   0.0761175
4.11   0.0433428
4.12   0.0210126
4.13   0.00867477
4.14   0.00306175
4.15   0.000994865
4.16   0.000650809
4.17   0.00185796
4.18   0.00670138
4.19   0.0212409
4.2   0.0577893
4.21   0.134795
4.22   0.26954
4.23   0.462062
4.24   0.679075
4.25   0.855707
4.26   0.924948
4.27   0.859123
4.28   0.690371
4.29   0.492314
4.3   0.338941
4.31   0.271671
4.32   0.289922
4.33   0.359771
4.34   0.431231
4.35   0.459625
4.36   0.424976
4.37   0.338721
4.38   0.232659
4.39   0.139027
4.4   0.0772215
4.41   0.0549915
4.42   0.0793755
4.43   0.166529
4.44   0.340653
4.45   0.617633
4.46   0.979094
4.47   1.35534
4.48   1.63888
4.49   1.73188
4.5   1.59992
4.51   1.29229
4.52   0.912621
4.53   0.563389
4.54   0.30392
4.55   0.143194
4.56   0.0588906
4.57   0.0211262
4.58   0.0066059
4.59   0.00179908
4.6   0.000426453
4.61   8.80875e-05
4.62   1.69466e-05
4.63   9.23263e-06
4.64   3.37375e-05
4.65   0.000143282
4.66   0.000534699
4.67   0.00173754
4.68   0.00491552
4.69   0.0121074
4.7   0.0259694
4.71   0.0485336
4.72   0.0791408
4.73   0.11301
4.74   0.142639
4.75   0.162819
4.76   0.1767
4.77   0.198009
4.78   0.246083
4.79   0.335343
4.8   0.465252
4.81   0.616906
4.82   0.758091
4.83   0.853719
4.84   0.877109
4.85   0.819061
4.86   0.692492
4.87   0.529969
4.88   0.37363
4.89   0.262009
4.9   0.220403
4.91   0.257097
4.92   0.362492
4.93   0.509257
4.94   0.657079
4.95   0.766157
4.96   0.815436
4.97   0.81312
4.98   0.789667
4.99   0.776822
5   0.787424
5.01   0.80946
5.02   0.816924
5.03   0.789236
5.04   0.726227
5.05   0.648504
5.06   0.582536
5.07   0.541374
5.08   0.516103
5.09   0.484757
5.1   0.431098
5.11   0.358492
5.12   0.29003
5.13   0.257991
5.14   0.292328
5.15   0.414983
5.16   0.639614
5.17   0.971266
5.18   1.4009
5.19   1.89588
5.2   2.39585
5.21   2.82513
5.22   3.11976
5.23   3.25053
5.24   3.22246
5.25   3.05424
5.26   2.7624
5.27   2.36854
5.28   1.91956
5.29   1.49451
5.3   1.18342
5.31   1.04905
5.32   1.09562
5.33   1.26341
5.34   1.45339
5.35   1.57036
5.36   1.56228
5.37   1.43476
5.38   1.23566
5.39   1.02411
5.4   0.844481
5.41   0.715378
5.42   0.631493
5.43   0.572177
5.44   0.513188
5.45   0.438455
5.46   0.346856
5.47   0.250493
5.48   0.166623
5.49   0.109633
5.5   0.0879174
5.51   0.105207
5.52   0.162296
5.53   0.255855
5.54   0.374774
5.55   0.497789
5.56   0.596451
5.57   0.644271
5.58   0.628184
5.59   0.555986
5.6   0.455465
5.61   0.366165
5.62   0.328679
5.63   0.375768
5.64   0.525616
5.65   0.775029
5.66   1.09273
5.67   1.41804
5.68   1.67233
5.69   1.78429
5.7   1.71961
5.71   1.49801
5.72   1.18678
5.73   0.874044
5.74   0.63869
5.75   0.533523
5.76   0.588081
5.77   0.824595
5.78   1.27341
5.79   1.97319
5.8   2.94657
5.81   4.15557
5.82   5.46093
5.83   6.6223
5.84   7.36216
5.85   7.47572
5.86   6.92781
5.87   5.87572
5.88   4.60143
5.89   3.39495
5.9   2.45487
5.91   1.84956
5.92   1.53828
5.93   1.42291
5.94   1.39905
5.95   1.39041
5.96   1.36325
5.97   1.32438
5.98   1.30679
5.99   1.34754
6   1.46409
6.01   1.63743
6.02   1.81138
6.03   1.91216
6.04   1.88137
6.05   1.70545
6.06   1.4247
6.07   1.11725
6.08   0.868563
6.09   0.743119
6.1   0.768629
6.11   0.933145
6.12   1.19054
6.13   1.47175
6.14   1.7019
6.15   1.82169
6.16   1.80598
6.17   1.67016
6.18   1.46038
6.19   1.2331
6.2   1.03576
6.21   0.898772
6.22   0.844771
6.23   0.921835
6.24   1.27632
6.25   2.28783
6.26   4.77481
6.27   10.2236
6.28   20.8913
6.29   39.5325
6.3   68.5139
6.31   108.343
6.32   156.124
6.33   204.918
6.34   244.891
6.35   266.362
6.36   263.548
6.37   237.086
6.38   193.839
6.39   144.035
6.4   97.3673
6.41   60.0702
6.42   34.1046
6.43   18.1831
6.44   9.53543
6.45   5.37317
6.46   3.61354
6.47   2.97265
6.48   2.75821
6.49   2.62885
6.5   2.43277
6.51   2.12579
6.52   1.72964
6.53   1.30052
6.54   0.899784
6.55   0.571745
6.56   0.334685
6.57   0.184581
6.58   0.105745
6.59   0.0813586
6.6   0.0993719
6.61   0.152796
6.62   0.236195
6.63   0.341684
6.64   0.457802
6.65   0.57288
6.66   0.681281
6.67   0.787941
6.68   0.906665
6.69   1.05149
6.7   1.22592
6.71   1.41751
6.72   1.60289
6.73   1.76132
6.74   1.88811
6.75   1.9978
6.76   2.11238
6.77   2.24039
6.78   2.36079
6.79   2.42485
6.8   2.37779
6.81   2.18856
6.82   1.86928
6.83   1.47308
6.84   1.07314
6.85   0.736817
6.86   0.508813
6.87   0.408405
6.88   0.43671
6.89   0.587994
6.9   0.864279
6.91   1.29913
6.92   1.99557
6.93   3.16917
6.94   5.16368
6.95   8.38986
6.96   13.1538
6.97   19.4042
6.98   26.5164
6.99   33.28
7   38.1944
7.01   39.9988
7.02   38.1902
7.03   33.24
7.04   26.3861
7.05   19.1266
7.06   12.6955
7.07   7.76515
7.08   4.4421
7.09   2.45792
7.1   1.40297
7.11   0.89568
7.12   0.659107
7.13   0.528503
7.14   0.42577
7.15   0.326545
7.16   0.232328
7.17   0.151671
7.18   0.0904533
7.19   0.0491939
7.2   0.0243911
7.21   0.0110581
7.22   0.00469679
7.23   0.00218715
7.24   0.00186018
7.25   0.00322666
7.26   0.00667382
7.27   0.0131985
7.28   0.024098
7.29   0.0405569
7.3   0.0632237
7.31   0.0920494
7.32   0.12664
7.33   0.16702
7.34   0.214156
7.35   0.26937
7.36   0.332318
7.37   0.398498
7.38   0.458265
7.39   0.499037
7.4   0.510446
7.41   0.489939
7.42   0.445429
7.43   0.392996
7.44   0.350453
7.45   0.329916
7.46   0.332951
7.47   0.350478
7.48   0.36721
7.49   0.368404
7.5   0.345766
7.51   0.300004
7.52   0.239335
7.53   0.175293
7.54   0.118254
7.55   0.074747
7.56   0.0472122
7.57   0.0354797
7.58   0.0386272
7.59   0.0560867
7.6   0.0875689
7.61   0.132085
7.62   0.1868
7.63   0.246501
7.64   0.304091
7.65   0.351934
7.66   0.383437
7.67   0.394273
7.68   0.383002
7.69   0.351218
7.7   0.303326
7.71   0.24588
7.72   0.186384
7.73   0.131726
7.74   0.086832
7.75   0.0540855
7.76   0.0337725
7.77   0.0252714
7.78   0.028483
7.79   0.0450246
7.8   0.0788904
7.81   0.136353
7.82   0.224802
7.83   0.350169
7.84   0.513002
7.85   0.704168
7.86   0.902423
7.87   1.07637
7.88   1.19194
7.89   1.22352
7.9   1.16381
7.91   1.02736
7.92   0.845381
7.93   0.654431
7.94   0.484403
7.95   0.351258
7.96   0.256606
7.97   0.192526
7.98   0.148067
7.99   0.114211
8   0.0859022
8.01   0.0615675
8.02   0.0414994
8.03   0.0263694
8.04   0.0165452
8.05   0.0122412
8.06   0.0141772
8.07   0.0243317
8.08   0.0463762
8.09   0.0853867
8.1   0.146504
8.11   0.232549
8.12   0.341292
8.13   0.463768
8.14   0.585221
8.15   0.689339
8.16   0.764574
8.17   0.809633
8.18   0.83487
8.19   0.858045
8.2   0.895803
8.21   0.95477
8.22   1.02668
8.23   1.09017
8.24   1.11876
8.25   1.09147
8.26   1.00134
8.27   0.858108
8.28   0.684314
8.29   0.507168
8.3   0.350205
8.31   0.228117
8.32   0.145926
8.33   0.101363
8.34   0.0882379
8.35   0.0989414
8.36   0.12546
8.37   0.159427
8.38   0.192222
8.39   0.215827
8.4   0.224365
8.41   0.215593
8.42   0.191469
8.43   0.157359
8.44   0.120269
8.45   0.0869472
8.46   0.0627243
8.47   0.051416
8.48   0.0559875
8.49   0.0792809
8.5   0.124138
8.51   0.192649
8.52   0.284791
8.53   0.397132
8.54   0.522291
8.55   0.649469
8.56   0.76584
8.57   0.858305
8.58   0.915241
8.59   0.928243
8.6   0.893885
8.61   0.815176
8.62   0.701946
8.63   0.569432
8.64   0.435175
8.65   0.315214
8.66   0.22104
8.67   0.158233
8.68   0.126793
8.69   0.122414
8.7   0.137888
8.71   0.164307
8.72   0.192233
8.73   0.213116
8.74   0.220918
8.75   0.213484
8.76   0.193065
8.77   0.165688
8.78   0.139601
8.79   0.123357
8.8   0.124026
8.81   0.145761
8.82   0.188693
8.83   0.248227
8.84   0.315132
8.85   0.376905
8.86   0.420553
8.87   0.436138
8.88   0.419786
8.89   0.374804
8.9   0.310362
8.91   0.238334
8.92   0.169727
8.93   0.112086
8.94   0.0686424
8.95   0.0389826
8.96   0.0205298
8.97   0.0100262
8.98   0.00454074
8.99   0.00190701
9   0.000742705
9.01   0.000268236
9.02   8.98369e-05
9.03   2.79017e-05
9.04   8.03642e-06
9.05   2.14848e-06
9.06   5.42645e-07
9.07   1.74267e-07
9.08   2.55059e-07
9.09   9.40751e-07
9.1   3.55661e-06
9.11   1.25724e-05
9.12   4.13593e-05
9.13   0.000126593
9.14   0.000360524
9.15   0.000955342
9.16   0.00235563
9.17   0.00540519
9.18   0.0115432
9.19   0.0229473
9.2   0.0424774
9.21   0.0732483
9.22   0.117749
9.23   0.176648
9.24   0.247733
9.25   0.325622
9.26   0.402733
9.27   0.471477
9.28   0.526881
9.29   0.568442
9.3   0.60015
9.31   0.6285
9.32   0.65928
9.33   0.694562
9.34   0.731167
9.35   0.761205
9.36   0.774454
9.37   0.761691
9.38   0.717847
9.39   0.643913
9.4   0.546963
9.41   0.438274
9.42   0.330297
9.43   0.233581
9.44   0.154727
9.45   0.0958707
9.46   0.055506
9.47   0.0300086
9.48   0.0151595
9.49   0.00721377
9.5   0.00341181
9.51   0.00207728
9.52   0.0025366
9.53   0.00505989
9.54   0.0109203
9.55   0.0225417
9.56   0.043573
9.57   0.0786202
9.58   0.132351
9.59   0.207857
9.6   0.30454
9.61   0.416259
9.62   0.530791
9.63   0.631427
9.64   0.70075
9.65   0.725509
9.66   0.70075
9.67   0.631427
9.68   0.530791
9.69   0.416259
9.7   0.30454
9.71   0.207858
9.72   0.132352
9.73   0.0786242
9.74   0.0435854
9.75   0.0225772
9.76   0.0110148
9.77   0.00529172
9.78   0.0030586
9.79   0.0031506
9.8   0.00540878
9.81   0.010523
9.82   0.0198917
9.83   0.0354027
9.84   0.0590165
9.85   0.0921015
9.86   0.134619
9.87   0.184431
9.88   0.237104
9.89   0.286486
9.9   0.326041
9.91   0.35058
9.92   0.357758
9.93   0.348797
9.94   0.328232
9.95   0.302834
9.96   0.280153
9.97   0.26701
9.98   0.268137
9.99   0.28506
10   0.315387
10.01   0.352837
10.02   0.388321
10.03   0.412064
10.04   0.416252
10.05   0.397273
10.06   0.356689
10.07   0.300547
10.08   0.237366
10.09   0.175675
10.1   0.122039
10.11   0.0801691
10.12   0.0511722
10.13   0.0345392
10.14   0.0293349
10.15   0.0350981
10.16   0.0521611
10.17   0.0813047
10.18   0.122857
10.19   0.175536
10.2   0.2355
10.21   0.296115
10.22   0.348785
10.23   0.384791
10.24   0.397602
10.25   0.384789
10.26   0.348777
10.27   0.296089
10.28   0.235422
10.29   0.175316
10.3   0.122277
10.31   0.0798768
10.32   0.0488703
10.33   0.0280039
10.34   0.0150295
10.35   0.0075547
10.36   0.00355665
10.37   0.00156825
10.38   0.000647648
10.39   0.000250503
10.4   9.07478e-05
10.41   3.079e-05
10.42   9.78438e-06
10.43   2.9121e-06
10.44   8.11764e-07
10.45   2.11935e-07
10.46   5.18234e-08
10.47   1.18686e-08
10.48   2.54579e-09
10.49   5.11441e-10
10.5   9.62361e-11
10.51   1.69907e-11
10.52   3.0118e-12
10.53   1.75955e-12
10.54   7.84031e-12
10.55   4.28561e-11
10.56   2.21849e-10
10.57   1.07954e-09
10.58   4.93707e-09
10.59   2.12204e-08
10.6   8.57217e-08
10.61   3.25446e-07
10.62   1.16123e-06
10.63   3.89415e-06
10.64   1.22733e-05
10.65   3.63547e-05
10.66   0.000101208
10.67   0.000264807
10.68   0.000651183
10.69   0.00150503
10.7   0.00326936
10.71   0.00667533
10.72   0.0128115
10.73   0.0231148
10.74   0.039211
10.75   0.0625554
10.76   0.0938955
10.77   0.132691
10.78   0.17674
10.79   0.222273
10.8   0.264674
10.81   0.29969
10.82   0.32475
10.83   0.339797
10.84   0.347218
10.85   0.350788
10.86   0.354035
10.87   0.358741
10.88   0.364229
10.89   0.367739
10.9   0.36564
10.91   0.354905
10.92   0.334208
10.93   0.304263
10.94   0.267465
10.95   0.227125
10.96   0.186725
10.97   0.149425
10.98   0.117896
10.99   0.0943555
11   0.0806337
11.01   0.0781455
11.02   0.0876828
11.03   0.109063
11.04   0.14076
11.05   0.179719
11.06   0.221575
11.07   0.261381
11.08   0.294723
11.09   0.318859
11.1   0.333407
11.11   0.340189
11.12   0.34222
11.13   0.342229
11.14   0.341343
11.15   0.338561
11.16   0.331245
11.17   0.316391
11.18   0.292083
11.19   0.258478
11.2   0.217941
11.21   0.174354
11.22   0.131978
11.23   0.0943631
11.24   0.0636767
11.25   0.0405747
11.26   0.0245187
11.27   0.0143041
11.28   0.00858045
11.29   0.00622851
11.3   0.00655033
11.31   0.00929581
11.32   0.014571
11.33   0.0226735
11.34   0.0338976
11.35   0.0483542
11.36   0.0658513
11.37   0.0858706
11.38   0.107635
11.39   0.130218
11.4   0.152621
11.41   0.17376
11.42   0.192374
11.43   0.206953
11.44   0.215809
11.45   0.217363
11.46   0.210593
11.47   0.195477
11.48   0.173214
11.49   0.146094
11.5   0.117034
11.51   0.0889668
11.52   0.0642873
11.53   0.0445734
11.54   0.0306258
11.55   0.0227782
11.56   0.0213354
11.57   0.0269744
11.58   0.0409605
11.59   0.0650732
11.6   0.101197
11.61   0.150609
11.62   0.213118
11.63   0.286292
11.64   0.365099
11.65   0.442213
11.66   0.509064
11.67   0.557484
11.68   0.581514
11.69   0.578857
11.7   0.5515
11.71   0.505285
11.72   0.448506
11.73   0.38996
11.74   0.336974
11.75   0.293986
11.76   0.262016
11.77   0.239099
11.78   0.221454
11.79   0.204956
11.8   0.186424
11.81   0.164385
11.82   0.139155
11.83   0.112368
11.84   0.086211
11.85   0.0626944
11.86   0.0431551
11.87   0.028097
11.88   0.0173038
11.89   0.0101029
11.9   0.00565493
11.91   0.00318397
11.92   0.00212048
11.93   0.00217017
11.94   0.00333562
11.95   0.00591093
11.96   0.0104497
11.97   0.0176871
11.98   0.0283899
11.99   0.0431237
12   0.0619605
12.01   0.0842025
12.02   0.108231
12.03   0.131591
12.04   0.151361
12.05   0.164758
12.06   0.169825
12.07   0.165976
12.08   0.154223
12.09   0.136988
12.1   0.117587
12.11   0.0995428
12.12   0.0859665
12.13   0.0791692
12.14   0.0805977
12.15   0.0910546
12.16   0.111081
12.17   0.141312
12.18   0.182594
12.19   0.235713
12.2   0.300697
12.21   0.375858
12.22   0.456949
12.23   0.53689
12.24   0.606424
12.25   0.655743
12.26   0.676713
12.27   0.665004
12.28   0.621365
12.29   0.551597
12.3   0.465207
12.31   0.373247
12.32   0.286061
12.33   0.211588
12.34   0.154569
12.35   0.116602
12.36   0.096751
12.37   0.0923298
12.38   0.0995844
12.39   0.114203
12.4   0.13171
12.41   0.147862
12.42   0.159094
12.43   0.16298
12.44   0.158567
12.45   0.146474
12.46   0.128673
12.47   0.108028
12.48   0.0877341
12.49   0.0708041
12.5   0.0597238
12.51   0.0562818
12.52   0.0615033
12.53   0.0755919
12.54   0.0978277
12.55   0.126457
12.56   0.158684
12.57   0.190906
12.58   0.219248
12.59   0.240358
12.6   0.252247
12.61   0.254893
12.62   0.250375
12.63   0.242408
12.64   0.235388
12.65   0.233208
12.66   0.238201
12.67   0.250517
12.68   0.268108
12.69   0.287305
12.7   0.303795
12.71   0.313711
12.72   0.31453
12.73   0.305546
12.74   0.287827
12.75   0.263722
12.76   0.236118
12.77   0.20769
12.78   0.18038
12.79   0.155214
12.8   0.132459
12.81   0.111987
12.82   0.0936921
12.83   0.0778202
12.84   0.0651574
12.85   0.0570662
12.86   0.0554149
12.87   0.0624157
12.88   0.080352
12.89   0.11115
12.9   0.155777
12.91   0.21355
12.92   0.281524
12.93   0.354255
12.94   0.424174
12.95   0.482662
12.96   0.521677
12.97   0.535512
12.98   0.522167
12.99   0.483884
13   0.426666
13.01   0.358958
13.02   0.289907
13.03   0.227725
13.04   0.17853
13.05   0.145821
13.06   0.130509
13.07   0.131289
13.08   0.14515
13.09   0.167918
13.1   0.194809
13.11   0.221011
13.12   0.242286
13.13   0.255515
13.14   0.259051
13.15   0.252796
13.16   0.237969
13.17   0.216642
13.18   0.19121
13.19   0.163945
13.2   0.136716
13.21   0.110902
13.22   0.0874299
13.23   0.0668624
13.24   0.0494815
13.25   0.0353389
13.26   0.0242902
13.27   0.0160281
13.28   0.0101311
13.29   0.0061233
13.3   0.00353433
13.31   0.00194784
13.32   0.00102948
13.33   0.00053563
13.34   0.000308985
13.35   0.00026999
13.36   0.000412578
13.37   0.000810468
13.38   0.00163675
13.39   0.00319455
13.4   0.00594992
13.41   0.0105494
13.42   0.0177974
13.43   0.0285668
13.44   0.0436251
13.45   0.0633839
13.46   0.0876172
13.47   0.11523
13.48   0.144183
13.49   0.171643
13.5   0.194405
13.51   0.209486
13.52   0.214769
13.53   0.209486
13.54   0.194405
13.55   0.171643
13.56   0.144183
13.57   0.11523
13.58   0.0876172
13.59   0.0633839
13.6   0.043625
13.61   0.0285667
13.62   0.0177973
13.63   0.010549
13.64   0.00594895
13.65   0.0031918
13.66   0.00162929
13.67   0.000791277
13.68   0.000365617
13.69   0.000160728
13.7   6.72242e-05
13.71   2.67502e-05
13.72   1.01273e-05
13.73   3.6478e-06
13.74   1.25007e-06
13.75   4.07574e-07
13.76   1.26429e-07
13.77   3.73123e-08
13.78   1.04769e-08
13.79   2.79981e-09
13.8   7.16222e-10
13.81   1.93962e-10
13.82   1.33664e-10
13.83   3.9317e-10
13.84   1.49989e-09
13.85   5.56511e-09
13.86   1.97075e-08
13.87   6.65412e-08
13.88   2.14204e-07
13.89   6.57414e-07
13.9   1.92366e-06
13.91   5.36651e-06
13.92   1.42736e-05
13.93   3.61951e-05
13.94   8.75068e-05
13.95   0.000201702
13.96   0.000443257
13.97   0.000928702
13.98   0.00185513
13.99   0.00353302
14   0.00641499
14.01   0.0111051
14.02   0.0183283
14.03   0.0288403
14.04   0.0432667
14.05   0.0618847
14.06   0.0843899
14.07   0.109717
14.08   0.136
14.09   0.160727
14.1   0.181106
14.11   0.194579
14.12   0.199356
14.13   0.194827
14.14   0.181725
14.15   0.161995
14.16   0.138413
14.17   0.114073
14.18   0.0918828
14.19   0.0741793
14.2   0.06251
14.21   0.0575721
14.22   0.059251
14.23   0.0667065
14.24   0.0784805
14.25   0.0926353
14.26   0.106947
14.27   0.11917
14.28   0.127352
14.29   0.130138
14.3   0.126996
14.31   0.118278
14.32   0.105106
14.33   0.0891076
14.34   0.0720674
14.35   0.0556021
14.36   0.0409229
14.37   0.0287319
14.38   0.0192434
14.39   0.0122948
14.4   0.00749367
14.41   0.00435761
14.42   0.00241899
14.43   0.00128566
14.44   0.00066388
14.45   0.00035647
14.46   0.000250129
14.47   0.000303178
14.48   0.000541007
14.49   0.0010627
14.5   0.0020587
14.51   0.00383541
14.52   0.00683834
14.53   0.0116606
14.54   0.0190212
14.55   0.0297007
14.56   0.0444313
14.57   0.0637561
14.58   0.0878935
14.59   0.116653
14.6   0.149445
14.61   0.185397
14.62   0.223538
14.63   0.262977
14.64   0.30297
14.65   0.342816
14.66   0.381587
14.67   0.417808
14.68   0.449241
14.69   0.47296
14.7   0.48576
14.71   0.484852
14.72   0.468636
14.73   0.437278
14.74   0.392897
14.75   0.339262
14.76   0.281106
14.77   0.223252
14.78   0.169803
14.79   0.123612
14.8   0.0860901
14.81   0.0573432
14.82   0.0365217
14.83   0.0222377
14.84   0.0129433
14.85   0.00720086
14.86   0.00382894
14.87   0.00194589
14.88   0.000945288
14.89   0.000439403
14.9   0.000196769
14.91   8.85057e-05
14.92   4.91617e-05
14.93   5.22627e-05
14.94   9.87064e-05
14.95   0.000216267
14.96   0.000469613
14.97   0.000981265
14.98   0.00196394
14.99   0.00376282
15   0.00690192
15.01   0.0121225
15.02   0.0203937
15.03   0.0328723
15.04   0.0507892
15.05   0.075254
15.06   0.106993
15.07   0.146064
15.08   0.191613
15.09   0.24176
15.1   0.293655
15.11   0.34374
15.12   0.388171
15.13   0.423318
15.14   0.446251
15.15   0.455103
15.16   0.449283
15.17   0.429488
15.18   0.397575
15.19   0.356294
15.2   0.308946
15.21   0.259007
15.22   0.209745
15.23   0.163901
15.24   0.123461
15.25   0.0895589
15.26   0.0625125
15.27   0.0419718
15.28   0.0271369
15.29   0.0169935
15.3   0.0105225
15.31   0.00685808
15.32   0.00538476
15.33   0.00578035
15.34   0.00801234
15.35   0.0122954
15.36   0.0190111
15.37   0.028589
15.38   0.0413529
15.39   0.0573485
15.4   0.0761866
15.41   0.0969485
15.42   0.118203
15.43   0.138163
15.44   0.154988
15.45   0.167161
15.46   0.173882
15.47   0.175346
15.48   0.17282
15.49   0.168486
15.5   0.165035
15.51   0.16511
15.52   0.170706
15.53   0.182657
15.54   0.200353
15.55   0.221745
15.56   0.243668
15.57   0.262431
15.58   0.27453
15.59   0.277344
15.6   0.269637
15.61   0.251752
15.62   0.225462
15.63   0.193545
15.64   0.159194
15.65   0.125433
15.66   0.0946623
15.67   0.0684216
15.68   0.0473634
15.69   0.031399
15.7   0.0199345
15.71   0.0121203
15.72   0.00705756
15.73   0.0039365
15.74   0.00210515
15.75   0.00108423
15.76   0.000549444
15.77   0.000300175
15.78   0.000228697
15.79   0.000297542
15.8   0.000528466
15.81   0.00100328
15.82   0.00187493
15.83   0.00338542
15.84   0.00588526
15.85   0.0098465
15.86   0.0158593
15.87   0.0246013
15.88   0.0367704
15.89   0.0529787
15.9   0.073612
15.91   0.0986747
15.92   0.127647
15.93   0.159391
15.94   0.192149
15.95   0.223642
15.96   0.251301
15.97   0.272585
15.98   0.285357
15.99   0.288228
16   0.280823
16.01   0.263872
16.02   0.239132
16.03   0.209133
16.04   0.176819
16.05   0.145149
16.06   0.116754
16.07   0.0936909
16.08   0.0773186
16.09   0.0682764
16.1   0.0665242
16.11   0.0714073
16.12   0.0817279
16.13   0.0958254
16.14   0.11169
16.15   0.127133
16.16   0.140019
16.17   0.148538
16.18   0.151462
16.19   0.148338
16.2   0.139549
16.21   0.126247
16.22   0.110161
16.23   0.0933493
16.24   0.0779601
16.25   0.0660446
16.26   0.0594547
16.27   0.0597998
16.28   0.0684148
16.29   0.0862834
16.3   0.11388
16.31   0.150931
16.32   0.196157
16.33   0.24709
16.34   0.300071
16.35   0.350522
16.36   0.393498
16.37   0.424447
16.38   0.440027
16.39   0.438784
16.4   0.421518
16.41   0.391229
16.42   0.352666
16.43   0.311568
16.44   0.273782
16.45   0.244437
16.46   0.227306
16.47   0.224434
16.48   0.236043
16.49   0.260653
16.5   0.295387
16.51   0.336368
16.52   0.379184
16.53   0.419356
16.54   0.452795
16.55   0.476188
16.56   0.487291
16.57   0.485108
16.58   0.46993
16.59   0.443234
16.6   0.40748
16.61   0.365806
16.62   0.321673
16.63   0.278495
16.64   0.239285
16.65   0.206355
16.66   0.181093
16.67   0.16386
16.68   0.153998
16.69   0.149983
16.7   0.149693
16.71   0.150761
16.72   0.150955
16.73   0.148531
16.74   0.142467
16.75   0.132573
16.76   0.119444
16.77   0.104281
16.78   0.0886477
16.79   0.0742168
16.8   0.0625472
16.81   0.0549333
16.82   0.0523164
16.83   0.0552413
16.84   0.0638345
16.85   0.0777875
16.86   0.0963531
16.87   0.118372
16.88   0.142357
16.89   0.166651
16.9   0.189639
16.91   0.209984
16.92   0.22682
16.93   0.239847
16.94   0.249296
16.95   0.255775
16.96   0.260039
16.97   0.262766
16.98   0.264394
16.99   0.265067
17   0.264678
17.01   0.262969
17.02   0.25964
17.03   0.254422
17.04   0.247106
17.05   0.23753
17.06   0.225581
17.07   0.211214
17.08   0.194516
17.09   0.175776
17.1   0.155562
17.11   0.134738
17.12   0.114446
17.13   0.0960307
17.14   0.0809609
17.15   0.0707445
17.16   0.0668725
17.17   0.0707729
17.18   0.0837491
17.19   0.106869
17.2   0.140784
17.21   0.185467
17.22   0.239938
17.23   0.302015
17.24   0.368219
17.25   0.433897
17.26   0.493624
17.27   0.541843
17.28   0.573662
17.29   0.585641
17.3   0.576397
17.31   0.546862
17.32   0.500157
17.33   0.441078
17.34   0.375337
17.35   0.308722
17.36   0.246369
17.37   0.192242
17.38   0.148911
17.39   0.117563
17.4   0.0981916
17.41   0.0898561
17.42   0.0909365
17.43   0.0993415
17.44   0.112673
17.45   0.128378
17.46   0.143911
17.47   0.156937
17.48   0.165549
17.49   0.168478
17.5   0.16523
17.51   0.156121
17.52   0.142185
17.53   0.124974
17.54   0.106287
17.55   0.0878926
17.56   0.071288
17.57   0.0575426
17.58   0.0472292
17.59   0.0404381
17.6   0.0368509
17.61   0.0358491
17.62   0.0366344
17.63   0.0383476
17.64   0.0401746
17.65   0.0414352
17.66   0.041647
17.67   0.0405587
17.68   0.0381508
17.69   0.0346031
17.7   0.0302367
17.71   0.0254426
17.72   0.0206108
17.73   0.0160724
17.74   0.0120643
17.75   0.00871721
17.76   0.00606501
17.77   0.00406745
17.78   0.00263941
17.79   0.00167969
17.8   0.00109574
17.81   0.000823566
17.82   0.000844265
17.83   0.00119958
17.84   0.00200847
17.85   0.00348483
17.86   0.00595338
17.87   0.00985713
17.88   0.0157467
17.89   0.0242402
17.9   0.0359454
17.91   0.0513414
17.92   0.0706315
17.93   0.0935906
17.94   0.119445
17.95   0.146827
17.96   0.173839
17.97   0.19824
17.98   0.217739
17.99   0.230347
18   0.23471
18.01   0.230347
18.02   0.217739
18.03   0.19824
18.04   0.173839
18.05   0.146828
18.06   0.119446
18.07   0.0935924
18.08   0.0706357
18.09   0.0513511
18.1   0.0359667
18.11   0.0242853
18.12   0.0158388
18.13   0.0100382
18.14   0.00629623
18.15   0.0041098
18.16   0.00310509
18.17   0.00305152
18.18   0.00385368
18.19   0.0055281
18.2   0.0081689
18.21   0.011904
18.22   0.0168434
18.23   0.0230235
18.24   0.0303543
18.25   0.0385797
18.26   0.0472635
18.27   0.0558109
18.28   0.0635285
18.29   0.0697172
18.3   0.0737838
18.31   0.0753484
18.32   0.0743252
18.33   0.0709585
18.34   0.065807
18.35   0.0596795
18.36   0.0535385
18.37   0.0483888
18.38   0.0451702
18.39   0.0446658
18.4   0.0474311
18.41   0.0537424
18.42   0.0635624
18.43   0.0765231
18.44   0.091927
18.45   0.108777
18.46   0.125839
18.47   0.141742
18.48   0.155112
18.49   0.164721
18.5   0.16964
18.51   0.169358
18.52   0.163848
18.53   0.153574
18.54   0.139417
18.55   0.122549
18.56   0.104275
18.57   0.0858627
18.58   0.0684054
18.59   0.0527235
18.6   0.0393276
18.61   0.0284346
18.62   0.0200265
18.63   0.0139353
18.64   0.00993721
18.65   0.00784004
18.66   0.00755446
18.67   0.00914161
18.68   0.0128317
18.69   0.0190089
18.7   0.0281574
18.71   0.0407681
18.72   0.0572087
18.73   0.0775722
18.74   0.10153
18.75   0.128223
18.76   0.156233
18.77   0.18365
18.78   0.208268
18.79   0.227865
18.8   0.240533
18.81   0.244994
18.82   0.240821
18.83   0.228527
18.84   0.209486
18.85   0.185722
18.86   0.159596
18.87   0.133476
18.88   0.109436
18.89   0.0890483
18.9   0.0732759
18.91   0.0624585
18.92   0.0563797
18.93   0.0543792
18.94   0.0554867
18.95   0.0585623
18.96   0.0624303
18.97   0.0660029
18.98   0.0683849
18.99   0.0689524
19   0.0673966
19.01   0.0637246
19.02   0.0582198
19.03   0.0513659
19.04   0.0437522
19.05   0.0359764
19.06   0.0285634
19.07   0.021912
19.08   0.0162745
19.09   0.0117667
19.1   0.00840138
19.11   0.00613417
19.12   0.00491254
19.13   0.00472049
19.14   0.0056136
19.15   0.00774161
19.16   0.0113568
19.17   0.0168071
19.18   0.0245114
19.19   0.0349186
19.2   0.0484486
19.21   0.0654204
19.22   0.0859726
19.23   0.109988
19.24   0.137036
19.25   0.166348
19.26   0.19684
19.27   0.227192
19.28   0.255988
19.29   0.281895
19.3   0.303868
19.31   0.321326
19.32   0.334274
19.33   0.343312
19.34   0.349529
19.35   0.354274
19.36   0.358862
19.37   0.364252
19.38   0.370804
19.39   0.378156
19.4   0.385275
19.41   0.390665
19.42   0.392687
19.43   0.389905
19.44   0.381385
19.45   0.36686
19.46   0.346752
19.47   0.32204
19.48   0.294059
19.49   0.26426
19.5   0.234017
19.51   0.204509
19.52   0.176684
19.53   0.151288
19.54   0.128922
19.55   0.110091
19.56   0.0952274
19.57   0.0846621
19.58   0.0785719
19.59   0.0769042
19.6   0.0793121
19.61   0.0851193
19.62   0.0933334
19.63   0.102715
19.64   0.1119
19.65   0.119561
19.66   0.124575
19.67   0.126184
19.68   0.124098
19.69   0.118537
19.7   0.110192
19.71   0.100123
19.72   0.0896104
19.73   0.0799807
19.74   0.0724449
19.75   0.0679633
19.76   0.0671507
19.77   0.0702271
19.78   0.0770103
19.79   0.0869465
19.8   0.0991732
19.81   0.112609
19.82   0.126063
19.83   0.138357
19.84   0.148449
19.85   0.155536
19.86   0.159147
19.87   0.159187
19.88   0.155957
19.89   0.150127
19.9   0.142685
19.91   0.134859
19.92   0.128015
19.93   0.12354
19.94   0.122713
19.95   0.126571
19.96   0.135771
19.97   0.15049
19.98   0.170357
19.99   0.194463
20   0.221434
20.01   0.249593
20.02   0.277168
20.03   0.302523
20.04   0.324353
20.05   0.341824
20.06   0.354617
20.07   0.362881
20.08   0.367113
20.09   0.36802
20.1   0.366369
20.11   0.362898
20.12   0.358264
20.13   0.353047
20.14   0.347769
20.15   0.342913
20.16   0.338918
20.17   0.336143
20.18   0.334801
20.19   0.334902
20.2   0.336204
20.21   0.338215
20.22   0.340239
20.23   0.341475
20.24   0.341132
20.25   0.33856
20.26   0.333349
20.27   0.325389
20.28   0.314871
20.29   0.30225
20.3   0.288153
20.31   0.273277
20.32   0.258294
20.33   0.243776
20.34   0.230171
20.35   0.217824
20.36   0.207037
20.37   0.198163
20.38   0.191681
20.39   0.188246
20.4   0.188671
20.41   0.193832
20.42   0.204516
20.43   0.221214
20.44   0.243924
20.45   0.272003
20.46   0.30411
20.47   0.338272
20.48   0.372059
20.49   0.402861
20.5   0.428193
20.51   0.445995
20.52   0.454856
20.53   0.454148
20.54   0.444039
20.55   0.425421
20.56   0.399764
20.57   0.36893
20.58   0.334987
20.59   0.30003
20.6   0.266021
20.61   0.234655
20.62   0.207264
20.63   0.184747
20.64   0.167548
20.65   0.155687
20.66   0.14883
20.67   0.1464
20.68   0.147709
20.69   0.152079
20.7   0.158944
20.71   0.167899
20.72   0.17871
20.73   0.191275
20.74   0.205563
20.75   0.22154
20.76   0.239101
20.77   0.258022
20.78   0.277929
20.79   0.298287
20.8   0.318403
20.81   0.337442
20.82   0.35446
20.83   0.368453
20.84   0.378436
20.85   0.383549
20.86   0.383185
20.87   0.377111
20.88   0.365575
20.89   0.349351
20.9   0.329722
20.91   0.308373
20.92   0.287219
20.93   0.268186
20.94   0.252983
20.95   0.242894
20.96   0.238645
20.97   0.240343
20.98   0.247507
20.99   0.259188
21   0.274146
21.01   0.291057
21.02   0.308713
21.03   0.326176
21.04   0.342857
21.05   0.358509
21.06   0.373126
21.07   0.386788
21.08   0.399485
21.09   0.410977
21.1   0.420718
21.11   0.427892
21.12   0.431536
21.13   0.430748
21.14   0.424905
21.15   0.413865
21.16   0.398093
21.17   0.378689
21.18   0.3573
21.19   0.335955
21.2   0.316828
21.21   0.301984
21.22   0.293133
21.23   0.29144
21.24   0.2974
21.25   0.310801
21.26   0.330781
21.27   0.355964
21.28   0.384665
21.29   0.415122
21.3   0.445738
21.31   0.475273
21.32   0.502969
21.33   0.528594
21.34   0.55237
21.35   0.574836
21.36   0.59664
21.37   0.618325
21.38   0.640136
21.39   0.661893
21.4   0.682946
21.41   0.702232
21.42   0.7184
21.43   0.729997
21.44   0.735667
21.45   0.734346
21.46   0.725415
21.47   0.708812
21.48   0.685085
21.49   0.65539
21.5   0.62143
21.51   0.585332
21.52   0.549463
21.53   0.516192
21.54   0.487621
21.55   0.465323
21.56   0.450118
21.57   0.44196
21.58   0.439933
21.59   0.442393
21.6   0.447231
21.61   0.452196
21.62   0.455248
21.63   0.454851
21.64   0.450175
21.65   0.441162
21.66   0.42847
21.67   0.413309
21.68   0.397204
21.69   0.381738
21.7   0.368314
21.71   0.357963
21.72   0.351234
21.73   0.348159
21.74   0.348313
21.75   0.350935
21.76   0.35511
21.77   0.359973
21.78   0.364893
21.79   0.369627
21.8   0.374386
21.81   0.379814
21.82   0.386873
21.83   0.396645
21.84   0.410089
21.85   0.427803
21.86   0.449818
21.87   0.475485
21.88   0.503474
21.89   0.531881
21.9   0.55844
21.91   0.580803
21.92   0.596841
21.93   0.60493
21.94   0.604169
21.95   0.594523
21.96   0.576856
21.97   0.552875
21.98   0.524982
21.99   0.496062
22   0.469228
22.01   0.447541
22.02   0.43374
22.03   0.43
22.04   0.437731
22.05   0.457454
22.06   0.488753
22.07   0.530316
22.08   0.58007
22.09   0.635387
22.1   0.693355
22.11   0.751074
22.12   0.805938
22.13   0.855878
22.14   0.89952
22.15   0.936256
22.16   0.966194
22.17   0.990034
22.18   1.00887
22.19   1.02395
22.2   1.03647
22.21   1.04741
22.22   1.05739
22.23   1.06668
22.24   1.07523
22.25   1.0828
22.26   1.08904
22.27   1.09367
22.28   1.09655
22.29   1.09769
22.3   1.09726
22.31   1.09545
22.32   1.09235
22.33   1.08789
22.34   1.08166
22.35   1.07297
22.36   1.0609
22.37   1.04447
22.38   1.0228
22.39   0.995421
22.4   0.962387
22.41   0.924446
22.42   0.883058
22.43   0.840327
22.44   0.798838
22.45   0.761426
22.46   0.730904
22.47   0.709776
22.48   0.699968
22.49   0.702612
22.5   0.717899
22.51   0.745041
22.52   0.78235
22.53   0.827436
22.54   0.877507
22.55   0.929727
22.56   0.981574
22.57   1.03114
22.58   1.0773
22.59   1.11977
22.6   1.15898
22.61   1.19591
22.62   1.23178
22.63   1.26787
22.64   1.30524
22.65   1.34461
22.66   1.38634
22.67   1.43031
22.68   1.47599
22.69   1.52243
22.7   1.5683
22.71   1.61195
22.72   1.65157
22.73   1.68534
22.74   1.7117
22.75   1.7296
22.76   1.73872
22.77   1.73963
22.78   1.73381
22.79   1.72347
22.8   1.71131
22.81   1.70005
22.82   1.69212
22.83   1.68921
22.84   1.69207
22.85   1.70044
22.86   1.71308
22.87   1.72798
22.88   1.74263
22.89   1.75432
22.9   1.76036
22.91   1.75831
22.92   1.74621
22.93   1.72264
22.94   1.68696
22.95   1.63936
22.96   1.58103
22.97   1.5141
22.98   1.44167
22.99   1.36752
23   1.29583
23.01   1.23075
23.02   1.17594
23.03   1.13416
23.04   1.10697
23.05   1.09454
23.06   1.09573
23.07   1.10827
23.08   1.12912
23.09   1.15488
23.1   1.18222
23.11   1.20834
23.12   1.23119
23.13   1.24978
23.14   1.26415
23.15   1.27537
23.16   1.28536
23.17   1.29653
23.18   1.31152
23.19   1.33267
23.2   1.36169
23.21   1.39931
23.22   1.44502
23.23   1.49711
23.24   1.55278
23.25   1.60858
23.26   1.66085
23.27   1.70639
23.28   1.74292
23.29   1.76949
23.3   1.78658
23.31   1.79602
23.32   1.80055
23.33   1.80332
23.34   1.80722
23.35   1.81435
23.36   1.82562
23.37   1.84059
23.38   1.8576
23.39   1.87409
23.4   1.88706
23.41   1.89367
23.42   1.89167
23.43   1.87979
23.44   1.85794
23.45   1.82717
23.46   1.78949
23.47   1.74763
23.48   1.70472
23.49   1.66397
23.5   1.62847
23.51   1.60106
23.52   1.58421
23.53   1.58
23.54   1.59009
23.55   1.61567
23.56   1.65728
23.57   1.71477
23.58   1.7871
23.59   1.87229
23.6   1.96745
23.61   2.06888
23.62   2.17232
23.63   2.27332
23.64   2.36757
23.65   2.45129
23.66   2.52152
23.67   2.57628
23.68   2.6146
23.69   2.63642
23.7   2.6424
23.71   2.63365
23.72   2.61159
23.73   2.57773
23.74   2.53364
23.75   2.48097
23.76   2.42152
23.77   2.35734
23.78   2.29074
23.79   2.22431
23.8   2.16079
23.81   2.10293
23.82   2.05323
23.83   2.01383
23.84   1.98628
23.85   1.97154
23.86   1.96991
23.87   1.98109
23.88   2.00429
23.89   2.03823
23.9   2.08124
23.91   2.13131
23.92   2.18618
23.93   2.24342
23.94   2.30057
23.95   2.35541
23.96   2.40619
23.97   2.45192
23.98   2.49258
23.99   2.52925
24   2.56413
24.01   2.60033
24.02   2.64156
24.03   2.69162
24.04   2.75392
24.05   2.83089
24.06   2.92358
24.07   3.03138
24.08   3.15193
24.09   3.28131
24.1   3.41443
24.11   3.54557
24.12   3.669
24.13   3.77958
24.14   3.87331
24.15   3.94764
24.16   4.0016
24.17   4.03571
24.18   4.05171
24.19   4.05219
24.2   4.0401
24.21   4.01838
24.22   3.98959
24.23   3.95576
24.24   3.91829
24.25   3.87805
24.26   3.8356
24.27   3.79135
24.28   3.74585
24.29   3.69992
24.3   3.65472
24.31   3.61177
24.32   3.57278
24.33   3.53952
24.34   3.51359
24.35   3.49619
24.36   3.48806
24.37   3.4893
24.38   3.49939
24.39   3.51725
24.4   3.5413
24.41   3.56961
24.42   3.60007
24.43   3.63053
24.44   3.65896
24.45   3.68366
24.46   3.70332
24.47   3.71712
24.48   3.72484
24.49   3.72677
24.5   3.72372
24.51   3.71694
24.52   3.708
24.53   3.69867
24.54   3.69086
24.55   3.68646
24.56   3.68731
24.57   3.69506
24.58   3.71111
24.59   3.73652
24.6   3.77188
24.61   3.81731
24.62   3.87235
24.63   3.93601
24.64   4.00683
24.65   4.08306
24.66   4.16285
24.67   4.24452
24.68   4.3268
24.69   4.40904
24.7   4.49132
24.71   4.57444
24.72   4.65975
24.73   4.7489
24.74   4.84341
24.75   4.94434
24.76   5.05185
24.77   5.16495
24.78   5.28145
24.79   5.398
24.8   5.51044
24.81   5.61419
24.82   5.70488
24.83   5.77887
24.84   5.83375
24.85   5.86874
24.86   5.88481
24.87   5.88472
24.88   5.87273
24.89   5.85418
24.9   5.83498
24.91   5.82092
24.92   5.817
24.93   5.8269
24.94   5.85242
24.95   5.89334
24.96   5.94737
24.97   6.01047
24.98   6.07744
24.99   6.14265
25   6.20081
25.01   6.24777
25.02   6.28103
25.03   6.30002
25.04   6.30614
25.05   6.30237
25.06   6.29286
25.07   6.28229
25.08   6.27527
25.09   6.27591
25.1   6.28748
25.11   6.31221
25.12   6.3513
25.13   6.40504
25.14   6.47292
25.15   6.55389
25.16   6.64652
25.17   6.74921
25.18   6.86035
25.19   6.97845
25.2   7.1023
25.21   7.23094
25.22   7.36369
25.23   7.50009
25.24   7.63979
25.25   7.78239
25.26   7.92741
25.27   8.07412
25.28   8.22158
25.29   8.36865
25.3   8.51405
25.31   8.65649
25.32   8.79468
25.33   8.92747
25.34   9.05375
25.35   9.17249
25.36   9.28266
25.37   9.38316
25.38   9.47283
25.39   9.55048
25.4   9.61501
25.41   9.66559
25.42   9.70187
25.43   9.72423
25.44   9.73393
25.45   9.73324
25.46   9.72544
25.47   9.71473
25.48   9.70593
25.49   9.70417
25.5   9.71447
25.51   9.74134
25.52   9.78844
25.53   9.85828
25.54   9.95212
25.55   10.07
25.56   10.2109
25.57   10.373
25.58   10.5539
25.59   10.7512
25.6   10.9626
25.61   11.1861
25.62   11.4201
25.63   11.6634
25.64   11.9153
25.65   12.1751
25.66   12.4422
25.67   12.7158
25.68   12.9944
25.69   13.2764
25.7   13.5589
25.71   13.8387
25.72   14.1111
25.73   14.3712
25.74   14.613
25.75   14.8303
25.76   15.0173
25.77   15.1685
25.78   15.2797
25.79   15.3483
25.8   15.374
25.81   15.3587
25.82   15.3067
25.83   15.2244
25.84   15.1204
25.85   15.0043
25.86   14.8868
25.87   14.7781
25.88   14.6882
25.89   14.6254
25.9   14.5961
25.91   14.6045
25.92   14.6523
25.93   14.7388
25.94   14.8612
25.95   15.015
25.96   15.1946
25.97   15.394
25.98   15.6071
25.99   15.8284
26   16.0534
26.01   16.2785
26.02   16.5008
26.03   16.7187
26.04   16.931
26.05   17.1371
26.06   17.3371
26.07   17.5315
26.08   17.7216
26.09   17.9093
26.1   18.0979
26.11   18.2913
26.12   18.4946
26.13   18.7133
26.14   18.9535
26.15   19.2205
26.16   19.5188
26.17   19.8513
26.18   20.2188
26.19   20.6199
26.2   21.0512
26.21   21.5072
26.22   21.9809
26.23   22.4647
26.24   22.9508
26.25   23.432
26.26   23.9024
26.27   24.3575
26.28   24.7953
26.29   25.2155
26.3   25.62
26.31   26.0123
26.32   26.3971
26.33   26.7796
26.34   27.1654
26.35   27.5593
26.36   27.9653
26.37   28.3863
26.38   28.8245
26.39   29.2809
26.4   29.756
26.41   30.25
26.42   30.7629
26.43   31.2947
26.44   31.8454
26.45   32.415
26.46   33.0036
26.47   33.6111
26.48   34.2378
26.49   34.884
26.5   35.5512
26.51   36.2411
26.52   36.9566
26.53   37.7012
26.54   38.4785
26.55   39.2913
26.56   40.1416
26.57   41.0288
26.58   41.9498
26.59   42.8983
26.6   43.8652
26.61   44.839
26.62   45.8063
26.63   46.7537
26.64   47.6681
26.65   48.5383
26.66   49.3556
26.67   50.1141
26.68   50.8111
26.69   51.4469
26.7   52.0245
26.71   52.5494
26.72   53.029
26.73   53.4728
26.74   53.8919
26.75   54.2988
26.76   54.7071
26.77   55.1304
26.78   55.582
26.79   56.0731
26.8   56.6118
26.81   57.2022
26.82   57.8433
26.83   58.529
26.84   59.2488
26.85   59.9883
26.86   60.7314
26.87   61.4622
26.88   62.1668
26.89   62.8353
26.9   63.4629
26.91   64.0505
26.92   64.604
26.93   65.1337
26.94   65.6518
26.95   66.1712
26.96   66.7024
26.97   67.2528
26.98   67.8243
26.99   68.4138
27   69.0125
27.01   69.6081
27.02   70.1854
27.03   70.7289
27.04   71.2242
27.05   71.6601
27.06   72.0294
27.07   72.3293
27.08   72.5611
27.09   72.7296
27.1   72.8419
27.11   72.9059
27.12   72.9296
27.13   72.9197
27.14   72.8816
27.15   72.8188
27.16   72.7339
27.17   72.628
27.18   72.5022
27.19   72.3574
27.2   72.195
27.21   72.0165
27.22   71.8242
27.23   71.6199
27.24   71.4056
27.25   71.1819
27.26   70.9484
27.27   70.7032
27.28   70.4429
27.29   70.1628
27.3   69.8578
27.31   69.5223
27.32   69.1519
27.33   68.7434
27.34   68.2959
27.35   67.8105
27.36   67.2907
27.37   66.7419
27.38   66.1705
27.39   65.5835
27.4   64.9878
27.41   64.3895
27.42   63.7936
27.43   63.2038
27.44   62.6227
27.45   62.0521
27.46   61.4932
27.47   60.9468
27.48   60.4137
27.49   59.8946
27.5   59.3907
27.51   58.9031
27.52   58.4333
27.53   57.9829
27.54   57.5536
27.55   57.1473
27.56   56.7653
27.57   56.4088
27.58   56.0779
27.59   55.7715
27.6   55.487
27.61   55.2198
27.62   54.964
27.63   54.7117
27.64   54.4545
27.65   54.1831
27.66   53.889
27.67   53.5643
27.68   53.2035
27.69   52.8027
27.7   52.3611
27.71   51.8797
27.72   51.362
27.73   50.8128
27.74   50.2377
27.75   49.6424
27.76   49.0319
27.77   48.4099
27.78   47.7785
27.79   47.1381
27.8   46.4872
27.81   45.8236
27.82   45.1438
27.83   44.4447
27.84   43.7238
27.85   42.9801
27.86   42.2144
27.87   41.4298
27.88   40.6319
27.89   39.8282
27.9   39.0282
27.91   38.2422
27.92   37.4809
27.93   36.754
27.94   36.07
27.95   35.4348
27.96   34.8518
27.97   34.3213
27.98   33.8407
27.99   33.4048
28   33.0069
28.01   32.6388
28.02   32.2925
28.03   31.9601
28.04   31.6353
28.05   31.3131
28.06   30.9907
28.07   30.6666
28.08   30.3408
28.09   30.0143
28.1   29.6886
28.11   29.3651
28.12   29.045
28.13   28.729
28.14   28.4171
28.15   28.1093
28.16   27.8052
28.17   27.5043
28.18   27.2064
28.19   26.9116
28.2   26.6196
28.21   26.3303
28.22   26.0429
28.23   25.7562
28.24   25.4679
28.25   25.175
28.26   24.8733
28.27   24.5584
28.28   24.2254
28.29   23.8695
28.3   23.4869
28.31   23.0748
28.32   22.6324
28.33   22.1609
28.34   21.6639
28.35   21.1477
28.36   20.6204
28.37   20.0922
28.38   19.5743
28.39   19.0782
28.4   18.615
28.41   18.1943
28.42   17.8238
28.43   17.5086
28.44   17.2509
28.45   17.0499
28.46   16.902
28.47   16.8012
28.48   16.7393
28.49   16.7064
28.5   16.6922
28.51   16.6858
28.52   16.6771
28.53   16.6571
28.54   16.6186
28.55   16.5566
28.56   16.4681
28.57   16.3527
28.58   16.2114
28.59   16.0467
28.6   15.8616
28.61   15.6591
28.62   15.4413
28.63   15.2099
28.64   14.9652
28.65   14.7072
28.66   14.4355
28.67   14.1501
28.68   13.8522
28.69   13.544
28.7   13.2296
28.71   12.914
28.72   12.6034
28.73   12.3042
28.74   12.022
28.75   11.7615
28.76   11.5253
28.77   11.3142
28.78   11.1267
28.79   10.9596
28.8   10.8087
28.81   10.669
28.82   10.5359
28.83   10.4057
28.84   10.2758
28.85   10.1455
28.86   10.0155
28.87   9.88786
28.88   9.76561
28.89   9.65216
28.9   9.55073
28.91   9.46384
28.92   9.3929
28.93   9.33799
28.94   9.29774
28.95   9.26951
28.96   9.24956
28.97   9.23348
28.98   9.21648
28.99   9.19388
29   9.16137
29.01   9.11528
29.02   9.05288
29.03   8.97239
29.04   8.87308
29.05   8.75525
29.06   8.62013
29.07   8.46977
29.08   8.30679
29.09   8.13419
29.1   7.95506
29.11   7.77226
29.12   7.58821
29.13   7.40459
29.14   7.22221
29.15   7.0409
29.16   6.85951
29.17   6.67603
29.18   6.48783
29.19   6.29189
29.2   6.08518
29.21   5.86507
29.22   5.62967
29.23   5.37819
29.24   5.11113
29.25   4.83044
29.26   4.53948
29.27   4.24282
29.28   3.94592
29.29   3.65471
29.3   3.37513
29.31   3.11261
29.32   2.8717
29.33   2.65572
29.34   2.46666
29.35   2.3051
29.36   2.17037
29.37   2.06081
29.38   1.97401
29.39   1.90722
29.4   1.85755
29.41   1.82227
29.42   1.79887
29.43   1.78515
29.44   1.77913
29.45   1.77897
29.46   1.78285
29.47   1.78883
29.48   1.79489
29.49   1.7989
29.5   1.79875
29.51   1.79255
29.52   1.77877
29.53   1.7565
29.54   1.72549
29.55   1.68627
29.56   1.64007
29.57   1.58865
29.58   1.53418
29.59   1.4789
29.6   1.425
29.61   1.3744
29.62   1.32863
29.63   1.28877
29.64   1.25554
29.65   1.22924
29.66   1.20993
29.67   1.19738
29.68   1.19118
29.69   1.19073
29.7   1.19522
29.71   1.20366
29.72   1.21482
29.73   1.2273
29.74   1.23959
29.75   1.25008
29.76   1.25725
29.77   1.25969
29.78   1.25624
29.79   1.24605
29.8   1.22861
29.81   1.20379
29.82   1.17177
29.83   1.13305
29.84   1.08834
29.85   1.03852
29.86   0.984557
29.87   0.927462
29.88   0.868212
29.89   0.807726
29.9   0.746828
29.91   0.686237
29.92   0.626557
29.93   0.568285
29.94   0.511826
29.95   0.45751
29.96   0.40562
29.97   0.356403
29.98   0.31009
29.99   0.266899
