0.00376441624044753 0
0.0100042250603804 0
0.0162440740311979 0
0.0224839631529003 0
0.0287238924254874 0
0.0349638618489593 0
0.0412038714233159 0
0.0474439211485573 0
0.0536840110246835 0
0.0599241410516945 0
0.0661643112295902 0
0.0724045215583706 0
0.0786447720380359 0
0.0848850626685859 0
0.0911253934500206 0
0.0973657643823402 0
0.103606175465544 0
0.109846626699634 0
0.116087118084607 0
0.122327649620466 0
0.128568221307209 0
0.134808833144837 0
0.14104948513335 0
0.147290177272748 0
0.15353090956303 0
0.159771682004198 0
0.16601249459625 0
0.172253347339186 0
0.178494240233008 0
0.184735173277714 0
0.190976146473305 0
0.197217159819781 0
0.203458213317141 0
0.209699306965386 0
0.215940440764517 0
0.222181614714531 0
0.228422828815431 0
0.234664083067215 0
0.240905377469884 0
0.247146712023438 0
0.253388086727877 2
0.2596295015832 10
0.265870956589409 9
0.272112451746502 7
0.278353987054479 13
0.284595562513342 10
0.290837178123089 9
0.297078833883721 12
0.303320529795238 9
0.309562265857639 11
0.315804042070926 14
0.322045858435097 11
0.328287714950153 8
0.334529611616093 7
0.340771548432918 10
0.347013525400629 8
0.353255542519223 15
0.359497599788703 12
0.365739697209068 13
0.371981834780317 9
0.378224012502451 5
0.384466230375469 8
0.390708488399373 11
0.396950786574161 7
0.403193124899834 8
0.409435503376392 9
0.415677922003834 2
0.421920380782162 10
0.428162879711374 8
0.434405418791471 7
0.440647998022452 5
0.446890617404319 8
0.45313327693707 2
0.459375976620706 3
0.465618716455226 12
0.471861496440632 12
0.478104316576922 9
0.484347176864097 8
0.490590077302156 6
0.496833017891101 8
0.50307599863093 6
0.509319019521644 4
0.515562080563243 5
0.521805181755727 9
0.528048323099095 2
0.534291504593348 10
0.540534726238486 6
0.546777988034508 6
0.553021289981416 4
0.559264632079208 5
0.565508014327885 6
0.571751436727446 7
0.577994899277893 9
0.584238401979224 13
0.59048194483144 8
0.596725527834541 9
0.602969150988526 5
0.609212814293396 6
0.615456517749152 6
0.621700261355791 9
0.627944045113316 6
0.634187869021725 5
0.640431733081019 8
0.646675637291198 5
0.652919581652262 5
0.65916356616421 6
0.665407590827043 4
0.671651655640761 4
0.677895760605364 4
0.684139905720851 11
0.690384090987223 8
0.69662831640448 6
0.702872581972622 6
0.709116887691648 5
0.71536123356156 9
0.721605619582356 9
0.727850045754037 9
0.734094512076602 4
0.740339018550052 11
0.746583565174387 3
0.752828151949607 7
0.759072778875712 6
0.765317445952701 6
0.771562153180575 5
0.777806900559334 5
0.784051688088978 8
0.790296515769506 4
0.79654138360092 4
0.802786291583217 4
0.8090312397164 7
0.815276228000468 3
0.82152125643542 5
0.827766325021257 2
0.834011433757979 4
0.840256582645585 7
0.846501771684077 4
0.852747000873453 8
0.858992270213714 2
0.865237579704859 8
0.87148292934689 3
0.877728319139805 5
0.883973749083605 5
0.890219219178289 4
0.896464729423859 6
0.902710279820313 3
0.908955870367652 2
0.915201501065876 5
0.921447171914984 7
0.927692882914977 11
0.933938634065855 5
0.940184425367618 4
0.946430256820266 14
0.952676128423798 4
0.958922040178215 0
0.965167992083517 3
0.971413984139703 3
0.977660016346775 6
0.983906088704731 2
0.990152201213572 5
0.996398353873298 4
1.00264454668391 4
1.0088907796454 1
1.01513705275778 2
1.02138336602105 2
1.0276297194352 1
1.03387611300023 5
1.04012254671615 2
1.04636902058295 4
1.05261553460064 2
1.05886208876922 5
1.06510868308867 2
1.07135531755902 3
1.07760199218024 3
1.08384870695236 4
1.09009546187535 3
1.09634225694924 5
1.102589092174 7
1.10883596754965 3
1.11508288307619 1
1.12132983875361 3
1.12757683458192 2
1.13382387056111 4
1.14007094669118 2
1.14631806297214 3
1.15256521940399 2
1.15881241598672 2
1.16505965272033 4
1.17130692960483 0
1.17755424664021 5
1.18380160382648 6
1.19004900116364 2
1.19629643865168 4
1.2025439162906 4
1.20879143408041 4
1.2150389920211 6
1.22128659011268 3
1.22753422835514 9
1.23378190674848 3
1.24002962529272 3
1.24627738398783 3
1.25252518283383 7
1.25877302183072 5
1.26502090097849 4
1.27126882027714 6
1.27751677972668 1
1.28376477932711 1
1.29001281907842 3
1.29626089898061 4
1.30250901903369 1
1.30875717923766 5
1.3150053795925 2
1.32125362009824 1
1.32750190075486 0
1.33375022156236 5
1.33999858252075 1
1.34624698363002 2
1.35249542489018 1
1.35874390630122 3
1.36499242786315 1
1.37124098957596 0
1.37748959143965 3
1.38373823345423 0
1.3899869156197 1
1.39623563793605 3
1.40248440040329 0
1.40873320302141 2
1.41498204579041 3
1.4212309287103 0
1.42747985178108 3
1.43372881500274 1
1.43997781837528 4
1.44622686189871 0
1.45247594557302 1
1.45872506939822 3
1.4649742333743 2
1.47122343750127 6
1.47747268177912 2
1.48372196620786 3
1.48997129078748 3
1.49622065551799 4
1.50247006039938 2
1.50871950543166 2
1.51496899061482 1
1.52121851594886 0
1.5274680814338 3
1.53371768706961 4
1.53996733285631 2
1.5462170187939 3
1.55246674488237 1
1.55871651112172 2
1.56496631751196 1
1.57121616405308 2
1.57746605074509 1
1.58371597758799 2
1.58996594458176 1
1.59621595172643 0
1.60246599902197 3
1.60871608646841 3
1.61496621406573 1
1.62121638181393 2
1.62746658971301 1
1.63371683776299 0
1.63996712596384 3
1.64621745431558 1
1.65246782281821 3
1.65871823147172 2
1.66496868027612 4
1.6712191692314 3
1.67746969833756 2
1.68372026759461 0
1.68997087700255 2
1.69622152656136 1
1.70247221627107 5
1.70872294613166 0
1.71497371614313 2
1.72122452630549 1
1.72747537661873 1
1.73372626708286 3
1.73997719769787 1
1.74622816846377 0
1.75247917938055 2
1.75873023044822 2
1.76498132166677 2
1.77123245303621 0
1.77748362455653 2
1.78373483622774 1
1.78998608804983 1
1.7962373800228 3
1.80248871214666 2
1.80874008442141 2
1.81499149684704 1
1.82124294942355 2
1.82749444215095 1
1.83374597502924 1
1.8399975480584 1
1.84624916123846 3
1.8525008145694 1
1.85875250805122 1
1.86500424168393 2
1.87125601546752 3
1.877507829402 2
1.88375968348736 3
1.89001157772361 4
1.89626351211074 3
1.90251548664876 2
1.90876750133766 2
1.91501955617744 3
1.92127165116811 1
1.92752378630967 5
1.93377596160211 1
1.94002817704544 3
1.94628043263965 3
1.95253272838474 4
1.95878506428072 6
1.96503744032758 1
1.97128985652533 1
1.97754231287397 4
1.98379480937348 3
1.99004734602389 3
1.99629992282518 1
2.00255253977735 3
2.00880519688041 1
2.01505789413435 3
2.02131063153918 2
2.02756340909489 5
2.03381622680148 4
2.04006908465897 5
2.04632198266733 4
2.05257492082658 7
2.05882789913672 1
2.06508091759774 8
2.07133397620964 2
2.07758707497243 12
2.08384021388611 3
2.09009339295067 7
2.09634661216611 11
2.10259987153244 11
2.10885317104966 9
2.11510651071775 13
2.12135989053674 14
2.12761331050661 17
2.13386677062736 14
2.140120270899 23
2.14637381132152 18
2.15262739189493 14
2.15888101261922 17
2.16513467349439 18
2.17138837452046 20
2.1776421156974 19
2.18389589702523 20
2.19014971850395 14
2.19640358013355 21
2.20265748191403 22
2.2089114238454 14
2.21516540592766 18
2.2214194281608 17
2.22767349054482 14
2.23392759307973 20
2.24018173576553 17
2.24643591860221 9
2.25269014158977 12
2.25894440472822 14
2.26519870801755 8
2.27145305145777 4
2.27770743504887 6
2.28396185879086 6
2.29021632268373 5
2.29647082672749 5
2.30272537092213 2
2.30897995526765 6
2.31523457976406 3
2.32148924441136 2
2.32774394920954 3
2.33399869415861 1
2.34025347925856 4
2.34650830450939 0
2.35276316991111 4
2.35901807546372 3
2.3652730211672 0
2.37152800702158 3
2.37778303302684 0
2.38403809918298 2
2.39029320549001 0
2.39654835194792 2
2.40280353855672 1
2.4090587653164 1
2.41531403222697 1
2.42156933928842 1
2.42782468650076 0
2.43408007386398 2
2.44033550137809 2
2.44659096904308 1
2.45284647685895 2
2.45910202482571 6
2.46535761294336 2
2.47161324121189 2
2.4778689096313 4
2.4841246182016 3
2.49038036692279 2
2.49663615579486 6
2.50289198481781 1
2.50914785399165 2
2.51540376331637 1
2.52165971279198 4
2.52791570241848 1
2.53417173219585 2
2.54042780212412 2
2.54668391220326 1
2.5529400624333 0
2.55919625281421 4
2.56545248334601 1
2.5717087540287 4
2.57796506486227 1
2.58422141584673 5
2.59047780698207 5
2.59673423826829 1
2.6029907097054 2
2.6092472212934 2
2.61550377303228 2
2.62176036492204 0
2.62801699696269 5
2.63427366915423 4
2.64053038149665 3
2.64678713398995 6
2.65304392663414 1
2.65930075942921 4
2.66555763237517 3
2.67181454547201 2
2.67807149871974 4
2.68432849211835 8
2.69058552566785 5
2.69684259936823 1
2.7030997132195 4
2.70935686722165 3
2.71561406137468 2
2.7218712956786 3
2.72812857013341 2
2.7343858847391 5
2.74064323949567 6
2.74690063440313 4
2.75315806946148 5
2.75941554467071 1
2.76567306003082 4
2.77193061554182 8
2.7781882112037 6
2.78444584701647 2
2.79070352298013 7
2.79696123909466 3
2.80321899536009 2
2.8094767917764 3
2.81573462834359 3
2.82199250506166 5
2.82825042193063 0
2.83450837895047 7
2.8407663761212 3
2.84702441344282 4
2.85328249091532 4
2.85954060853871 5
2.86579876631298 4
2.87205696423813 11
2.87831520231417 10
2.8845734805411 16
2.89083179891891 22
2.8970901574476 30
2.90334855612718 24
2.90960699495764 36
2.91586547393899 43
2.92212399307122 62
2.92838255235434 69
2.93464115178835 81
2.94089979137323 102
2.94715847110901 92
2.95341719099566 114
2.9596759510332 110
2.96593475122163 92
2.97219359156094 95
2.97845247205114 107
2.98471139269222 110
2.99097035348418 98
2.99722935442703 92
3.00348839552077 71
3.00974747676539 62
3.0160065981609 63
3.02226575970728 43
3.02852496140456 26
3.03478420325272 23
3.04104348525176 23
3.04730280740169 9
3.0535621697025 16
3.0598215721542 12
3.06608101475678 11
3.07234049751025 14
3.0786000204146 6
3.08485958346984 4
3.09111918667596 4
3.09737883003297 5
3.10363851354086 2
3.10989823719964 5
3.1161580010093 7
3.12241780496984 5
3.12867764908127 9
3.13493753334359 14
3.14119745775679 7
3.14745742232087 10
3.15371742703584 9
3.1599774719017 8
3.16623755691844 13
3.17249768208606 5
3.17875784740457 23
3.18501805287396 19
3.19127829849424 15
3.1975385842654 19
3.20379891018745 17
3.21005927626038 11
3.2163196824842 8
3.2225801288589 10
3.22884061538449 16
3.23510114206096 9
3.24136170888832 10
3.24762231586656 6
3.25388296299568 7
3.2601436502757 6
3.26640437770659 6
3.27266514528837 1
3.27892595302104 5
3.28518680090458 3
3.29144768893902 3
3.29770861712434 4
3.30396958546054 5
3.31023059394763 4
3.3164916425856 7
3.32275273137446 5
3.32901386031421 2
3.33527502940483 6
3.34153623864635 5
3.34779748803874 3
3.35405877758203 2
3.36032010727619 2
3.36658147712124 2
3.37284288711718 2
3.379104337264 3
3.38536582756171 2
3.3916273580103 3
3.39788892860977 5
3.40415053936013 0
3.41041219026138 4
3.41667388131351 4
3.42293561251652 2
3.42919738387042 2
3.43545919537521 5
3.44172104703087 3
3.44798293883743 2
3.45424487079487 5
3.46050684290319 2
3.4667688551624 5
3.47303090757249 4
3.47929300013347 2
3.48555513284533 4
3.49181730570808 4
3.49807951872171 0
3.50434177188622 1
3.51060406520162 7
3.51686639866791 5
3.52312877228508 3
3.52939118605314 3
3.53565363997208 3
3.5419161340419 6
3.54817866826261 4
3.55444124263421 1
3.56070385715669 1
3.56696651183005 4
3.5732292066543 2
3.57949194162943 2
3.58575471675545 4
3.59201753203235 3
3.59828038746014 3
3.60454328303881 5
3.61080621876837 5
3.61706919464881 1
3.62333221068014 1
3.62959526686235 5
3.63585836319545 6
3.64212149967943 2
3.64838467631429 12
3.65464789310005 11
3.66091115003668 2
3.6671744471242 2
3.67343778436261 5
3.6797011617519 6
3.68596457929207 2
3.69222803698313 4
3.69849153482507 3
3.7047550728179 6
3.71101865096162 8
3.71728226925622 4
3.7235459277017 5
3.72980962629807 5
3.73607336504532 4
3.74233714394346 8
3.74860096299248 12
3.75486482219239 3
3.76112872154318 5
3.76739266104485 5
3.77365664069742 9
3.77992066050086 5
3.78618472045519 7
3.79244882056041 2
3.79871296081651 3
3.80497714122349 8
3.81124136178136 4
3.81750562249012 7
3.82376992334976 4
3.83003426436028 7
3.83629864552169 10
3.84256306683398 6
3.84882752829716 7
3.85509202991123 8
3.86135657167617 3
3.86762115359201 8
3.87388577565872 9
3.88015043787633 6
3.88641514024481 9
3.89267988276418 12
3.89894466543444 1
3.90520948825558 3
3.91147435122761 12
3.91773925435052 5
3.92400419762432 5
3.930269181049 10
3.93653420462456 10
3.94279926835101 5
3.94906437222835 3
3.95532951625656 6
3.96159470043567 6
3.96785992476566 12
3.97412518924653 9
3.98039049387829 3
3.98665583866093 5
3.99292122359446 7
3.99918664867887 9
4.00545211391417 9
4.01171761930035 6
4.01798316483742 11
4.02424875052537 12
4.03051437636421 12
4.03678004235393 11
4.04304574849454 13
4.04931149478603 12
4.0555772812284 12
4.06184310782166 5
4.06810897456581 8
4.07437488146084 8
4.08064082850676 14
4.08690681570355 8
4.09317284305124 13
4.09943891054981 9
4.10570501819926 6
4.1119711659996 12
4.11823735395082 10
4.12450358205293 11
4.13076985030592 13
4.1370361587098 6
4.14330250726456 12
4.14956889597021 8
4.15583532482674 8
4.16210179383416 13
4.16836830299246 10
4.17463485230165 11
4.18090144176172 14
4.18716807137267 8
4.19343474113451 5
4.19970145104724 11
4.20596820111085 10
4.21223499132535 14
4.21850182169072 12
4.22476869220699 11
4.23103560287414 5
4.23730255369217 3
4.24356954466109 10
4.24983657578089 20
4.25610364705158 15
4.26237075847316 10
4.26863791004561 9
4.27490510176896 9
4.28117233364318 10
4.28743960566829 16
4.29370691784429 14
4.29997427017117 4
4.30624166264894 16
4.31250909527759 12
4.31877656805713 10
4.32504408098755 12
4.33131163406885 12
4.33757922730104 11
4.34384686068412 6
4.35011453421808 14
4.35638224790292 12
4.36265000173865 8
4.36891779572526 10
4.37518562986276 9
4.38145350415115 17
4.38772141859041 11
4.39398937318057 13
4.40025736792161 19
4.40652540281353 14
4.41279347785633 15
4.41906159305003 10
4.4253297483946 16
4.43159794389006 18
4.43786617953641 18
4.44413445533364 13
4.45040277128176 12
4.45667112738076 11
4.46293952363064 11
4.46920796003142 16
4.47547643658307 13
4.48174495328561 24
4.48801351013903 21
4.49428210714334 18
4.50055074429854 17
4.50681942160462 15
4.51308813906158 19
4.51935689666943 12
4.52562569442816 19
4.53189453233778 13
4.53816341039828 15
4.54443232860967 19
4.55070128697194 16
4.5569702854851 14
4.56323932414914 16
4.56950840296407 21
4.57577752192988 16
4.58204668104657 11
4.58831588031415 8
4.59458511973262 17
4.60085439930197 14
4.6071237190222 24
4.61339307889332 12
4.61966247891533 17
4.62593191908822 18
4.63220139941199 14
4.63847091988665 10
4.64474048051219 11
4.65101008128862 14
4.65727972221594 20
4.66354940329413 26
4.66981912452322 17
4.67608888590318 15
4.68235868743404 17
4.68862852911577 15
4.69489841094839 24
4.7011683329319 24
4.70743829506629 19
4.71370829735157 19
4.71997833978773 23
4.72624842237477 18
4.7325185451127 17
4.73878870800152 15
4.74505891104122 21
4.7513291542318 22
4.75759943757327 20
4.76386976106563 25
4.77014012470887 22
4.77641052850299 21
4.782680972448 24
4.78895145654389 28
4.79522198079067 17
4.80149254518833 25
4.80776314973688 19
4.81403379443631 25
4.82030447928663 32
4.82657520428783 16
4.83284596943992 17
4.83911677474289 20
4.84538762019674 22
4.85165850580149 24
4.85792943155711 27
4.86420039746362 24
4.87047140352102 20
4.8767424497293 23
4.88301353608846 19
4.88928466259851 23
4.89555582925945 24
4.90182703607126 21
4.90809828303397 24
4.91436957014756 28
4.92064089741203 23
4.92691226482739 27
4.93318367239363 21
4.93945512011076 37
4.94572660797877 24
4.95199813599767 22
4.95826970416745 19
4.96454131248811 32
4.97081296095967 30
4.9770846495821 29
4.98335637835542 29
4.98962814727963 19
4.99589995635472 31
5.00217180558069 34
5.00844369495755 27
5.0147156244853 27
5.02098759416393 19
5.02725960399344 29
5.03353165397384 31
5.03980374410513 23
5.04607587438729 26
5.05234804482035 28
5.05862025540429 30
5.06489250613911 28
5.07116479702482 32
5.07743712806141 29
5.08370949924889 29
5.08998191058725 27
5.09625436207649 24
5.10252685371663 29
5.10879938550764 27
5.11507195744954 30
5.12134456954233 40
5.127617221786 32
5.13388991418055 17
5.14016264672599 35
5.14643541942232 24
5.15270823226953 24
5.15898108526762 28
5.1652539784166 26
5.17152691171647 30
5.17779988516721 45
5.18407289876885 30
5.19034595252137 35
5.19661904642477 28
5.20289218047906 33
5.20916535468423 33
5.21543856904029 41
5.22171182354723 34
5.22798511820505 31
5.23425845301377 29
5.24053182797336 36
5.24680524308384 23
5.25307869834521 34
5.25935219375746 36
5.2656257293206 22
5.27189930503461 27
5.27817292089952 35
5.28444657691531 37
5.29072027308198 47
5.29699400939954 43
5.30326778586799 43
5.30954160248732 32
5.31581545925753 35
5.32208935617863 26
5.32836329325061 46
5.33463727047348 34
5.34091128784723 33
5.34718534537187 35
5.35345944304739 40
5.3597335808738 38
5.36600775885109 31
5.37228197697926 39
5.37855623525832 39
5.38483053368827 43
5.3911048722691 27
5.39737925100082 38
5.40365366988342 34
5.4099281289169 36
5.41620262810127 45
5.42247716743653 33
5.42875174692267 49
5.43502636655969 31
5.4413010263476 27
5.44757572628639 36
5.45385046637607 42
5.46012524661663 35
5.46640006700808 35
5.47267492755041 36
5.47894982824363 36
5.48522476908773 38
5.49149975008272 51
5.49777477122859 41
5.50404983252535 33
5.51032493397299 31
5.51660007557151 38
5.52287525732093 38
5.52915047922122 49
5.5354257412724 45
5.54170104347447 38
5.54797638582741 46
5.55425176833125 37
5.56052719098597 40
5.56680265379157 47
5.57307815674806 58
5.57935369985544 51
5.58562928311369 44
5.59190490652284 42
5.59818057008286 44
5.60445627379378 46
5.61073201765557 61
5.61700780166826 49
5.62328362583182 41
5.62955949014628 44
5.63583539461161 54
5.64211133922783 52
5.64838732399494 65
5.65466334891293 49
5.6609394139818 30
5.66721551920157 54
5.67349166457221 42
5.67976785009374 59
5.68604407576615 49
5.69232034158945 48
5.69859664756364 55
5.70487299368871 60
5.71114937996466 51
5.7174258063915 41
5.72370227296922 47
5.72997877969783 55
5.73625532657732 45
5.7425319136077 46
5.74880854078896 47
5.75508520812111 61
5.76136191560414 53
5.76763866323806 48
5.77391545102286 52
5.78019227895854 66
5.78646914704512 63
5.79274605528257 54
5.79902300367091 52
5.80529999221014 48
5.81157702090025 55
5.81785408974124 48
5.82413119873312 46
5.83040834787588 61
5.83668553716953 58
5.84296276661407 70
5.84924003620948 49
5.85551734595579 62
5.86179469585298 49
5.86807208590105 49
5.87434951610001 61
5.88062698644985 62
5.88690449695058 60
5.89318204760219 58
5.89945963840468 66
5.90573726935807 59
5.91201494046233 55
5.91829265171748 46
5.92457040312352 63
5.93084819468044 50
5.93712602638824 45
5.94340389824693 56
5.94968181025651 61
5.95595976241697 67
5.96223775472831 51
5.96851578719054 74
5.97479385980365 65
5.98107197256765 66
5.98735012548254 57
5.9936283185483 62
5.99990655176496 76
6.00618482513249 56
6.01246313865092 82
6.01874149232022 63
6.02501988614042 59
6.03129832011149 52
6.03757679423345 71
6.0438553085063 69
6.05013386293003 69
6.05641245750465 62
6.06269109223015 58
6.06896976710653 68
6.0752484821338 70
6.08152723731196 44
6.087806032641 69
6.09408486812092 63
6.10036374375173 63
6.10664265953342 76
6.112921615466 56
6.11920061154947 63
6.12547964778381 63
6.13175872416905 76
6.13803784070516 61
6.14431699739217 59
6.15059619423005 68
6.15687543121883 57
6.16315470835848 64
6.16943402564902 54
6.17571338309045 70
6.18199278068276 79
6.18827221842596 76
6.19455169632004 71
6.200831214365 84
6.20711077256085 80
6.21339037090759 74
6.21967000940521 68
6.22594968805371 67
6.2322294068531 60
6.23850916580337 64
6.24478896490453 70
6.25106880415658 65
6.2573486835595 75
6.26362860311332 61
6.26990856281801 75
6.2761885626736 66
6.28246860268006 65
6.28874868283742 56
6.29502880314565 58
6.30130896360477 69
6.30758916421478 75
6.31386940497567 70
6.32014968588745 69
6.32643000695011 74
6.33271036816365 69
6.33899076952808 70
6.3452712110434 51
6.3515516927096 68
6.35783221452668 66
6.36411277649465 87
6.37039337861351 73
6.37667402088324 69
6.38295470330387 65
6.38923542587538 78
6.39551618859777 75
6.40179699147105 77
6.40807783449521 68
6.41435871767026 68
6.42063964099619 93
6.42692060447301 75
6.43320160810071 70
6.43948265187929 74
6.44576373580876 92
6.45204485988912 84
6.45832602412036 83
6.46460722850249 77
6.4708884730355 84
6.47716975771939 88
6.48345108255417 60
6.48973244753984 66
6.49601385267639 64
6.50229529796382 84
6.50857678340214 66
6.51485830899134 83
6.52113987473143 66
6.5274214806224 92
6.53370312666426 84
6.539984812857 91
6.54626653920063 73
6.55254830569514 78
6.55883011234054 79
6.56511195913682 66
6.57139384608399 77
6.57767577318204 68
6.58395774043097 78
6.59023974783079 68
6.5965217953815 84
6.60280388308309 74
6.60908601093557 80
6.61536817893893 75
6.62165038709317 77
6.6279326353983 64
6.63421492385431 84
6.64049725246121 76
6.64677962121899 80
6.65306203012766 76
6.65934447918722 69
6.66562696839766 67
6.67190949775898 69
6.67819206727118 65
6.68447467693428 64
6.69075732674825 82
6.69704001671312 96
6.70332274682886 86
6.70960551709549 66
6.71588832751301 71
6.72217117808141 84
6.7284540688007 93
6.73473699967087 78
6.74101997069192 78
6.74730298186386 82
6.75358603318668 73
6.75986912466039 90
6.76615225628499 69
6.77243542806047 76
6.77871863998683 73
6.78500189206408 90
6.79128518429221 80
6.79756851667123 82
6.80385188920113 82
6.81013530188192 89
6.81641875471359 91
6.82270224769615 75
6.82898578082959 94
6.83526935411392 76
6.84155296754913 91
6.84783662113523 103
6.85412031487221 81
6.86040404876007 90
6.86668782279882 87
6.87297163698846 94
6.87925549132898 91
6.88553938582038 76
6.89182332046267 76
6.89810729525585 79
6.9043913101999 89
6.91067536529485 83
6.91695946054068 102
6.92324359593739 80
6.92952777148499 85
6.93581198718347 95
6.94209624303284 75
6.94838053903309 81
6.95466487518423 88
6.96094925148625 67
6.96723366793916 84
6.97351812454295 102
6.97980262129762 88
6.98608715820318 82
6.99237173525963 83
6.99865635246696 88
7.00494100982518 84
7.01122570733428 100
7.01751044499426 73
7.02379522280513 71
7.03008004076688 100
7.03636489887952 87
7.04264979714305 89
7.04893473555745 89
7.05521971412275 98
7.06150473283893 89
7.06778979170599 91
7.07407489072394 91
7.08036002989277 94
7.08664520921249 93
7.09293042868309 87
7.09921568830457 80
7.10550098807695 91
7.1117863280002 82
7.11807170807434 80
7.12435712829937 91
7.13064258867528 74
7.13692808920208 97
7.14321362987975 101
7.14949921070832 102
7.15578483168777 91
7.1620704928181 97
7.16835619409932 100
7.17464193553143 81
7.18092771711441 81
7.18721353884829 93
7.19349940073305 93
7.19978530276869 114
7.20607124495522 85
7.21235722729263 83
7.21864324978093 102
7.22492931242011 86
7.23121541521017 98
7.23750155815113 93
7.24378774124296 106
7.25007396448568 66
7.25636022787929 96
7.26264653142378 100
7.26893287511916 95
7.27521925896542 103
7.28150568296256 90
7.28779214711059 85
7.2940786514095 84
7.3003651958593 92
7.30665178045999 105
7.31293840521156 85
7.31922507011401 99
7.32551177516735 83
7.33179852037157 93
7.33808530572668 82
7.34437213123267 101
7.35065899688955 110
7.35694590269731 92
7.36323284865596 89
7.36951983476549 86
7.3758068610259 108
7.38209392743721 93
7.38838103399939 90
7.39466818071246 105
7.40095536757642 106
7.40724259459126 115
7.41352986175698 105
7.41981716907359 105
7.42610451654109 94
7.43239190415946 98
7.43867933192873 93
7.44496679984888 98
7.45125430791991 102
7.45754185614183 95
7.46382944451463 104
7.47011707303832 88
7.47640474171289 103
7.48269245053835 115
7.48898019951469 100
7.49526798864192 92
7.50155581792003 111
7.50784368734903 97
7.51413159692891 99
7.52041954665967 97
7.52670753654133 112
7.53299556657386 117
7.53928363675728 114
7.54557174709158 99
7.55185989757678 103
7.55814808821285 112
7.56443631899981 88
7.57072458993765 112
7.57701290102638 104
7.583301252266 110
7.58958964365649 100
7.59587807519788 101
7.60216654689014 96
7.6084550587333 98
7.61474361072733 115
7.62103220287226 106
7.62732083516806 114
7.63360950761475 124
7.63989822021233 117
7.64618697296079 98
7.65247576586014 101
7.65876459891037 101
7.66505347211148 111
7.67134238546349 106
7.67763133896637 99
7.68392033262014 82
7.69020936642479 96
7.69649844038033 110
7.70278755448676 103
7.70907670874407 121
7.71536590315226 108
7.72165513771134 108
7.7279444124213 104
7.73423372728215 109
7.74052308229388 103
7.7468124774565 112
7.75310191277 146
7.75939138823439 113
7.76568090384966 124
7.77197045961582 99
7.77826005553286 114
7.78454969160078 111
7.79083936781959 100
7.79712908418929 110
7.80341884070987 110
7.80970863738134 111
7.81599847420369 119
7.82228835117692 112
7.82857826830104 135
7.83486822557604 117
7.84115822300193 125
7.84744826057871 115
7.85373833830637 113
7.86002845618491 129
7.86631861421434 114
7.87260881239465 115
7.87889905072585 119
7.88518932920793 120
7.8914796478409 100
7.89777000662475 123
7.90406040555948 122
7.91035084464511 108
7.91664132388161 126
7.922931843269 142
7.92922240280728 129
7.93551300249644 117
7.94180364233648 120
7.94809432232741 153
7.95438504246923 120
7.96067580276193 139
7.96696660320551 115
7.97325744379998 121
7.97954832454533 120
7.98583924544157 120
7.9921302064887 132
7.9984212076867 120
8.0047122490356 134
8.01100333053537 135
8.01729445218604 108
8.02358561398758 127
8.02987681594002 118
8.03616805804333 133
8.04245934029753 124
8.04875066270262 128
8.05504202525859 125
8.06133342796545 141
8.06762487082318 122
8.07391635383181 126
8.08020787699132 132
8.08649944030172 116
8.092791043763 120
8.09908268737516 142
8.10537437113821 131
8.11166609505214 141
8.11795785911696 123
8.12424966333266 125
8.13054150769925 157
8.13683339221672 160
8.14312531688508 149
8.14941728170433 142
8.15570928667445 174
8.16200133179546 141
8.16829341706736 139
8.17458554249014 147
8.18087770806381 148
8.18716991378836 164
8.1934621596638 137
8.19975444569011 149
8.20604677186732 160
8.21233913819541 142
8.21863154467439 152
8.22492399130424 168
8.23121647808499 153
8.23750900501662 172
8.24380157209913 161
8.25009417933253 180
8.25638682671682 148
8.26267951425198 155
8.26897224193803 149
8.27526500977497 165
8.2815578177628 163
8.2878506659015 145
8.29414355419109 154
8.30043648263157 130
8.30672945122293 161
8.31302245996518 157
8.31931550885831 129
8.32560859790233 162
8.33190172709723 144
8.33819489644301 165
8.34448810593968 137
8.35078135558724 153
8.35707464538567 149
8.363367975335 155
8.36966134543521 139
8.3759547556863 169
8.38224820608828 161
8.38854169664114 165
8.39483522734489 157
8.40112879819953 168
8.40742240920504 174
8.41371606036145 153
8.42000975166873 152
8.42630348312691 153
8.43259725473596 163
8.43889106649591 151
8.44518491840673 144
8.45147881046844 153
8.45777274268104 157
8.46406671504452 185
8.47036072755888 159
8.47665478022413 161
8.48294887304027 158
8.48924300600729 163
8.49553717912519 162
8.50183139239398 168
8.50812564581366 155
8.51441993938422 161
8.52071427310566 190
8.52700864697799 179
8.5333030610012 162
8.5395975151753 191
8.54589200950028 168
8.55218654397615 164
8.5584811186029 177
8.56477573338054 150
8.57107038830906 160
8.57736508338846 151
8.58365981861876 185
8.58995459399993 140
8.59624940953199 164
8.60254426521494 147
8.60883916104877 168
8.61513409703348 170
8.62142907316908 132
8.62772408945557 175
8.63401914589294 163
8.64031424248119 144
8.64660937922033 148
8.65290455611035 169
8.65919977315126 170
8.66549503034305 160
8.67179032768573 166
8.67808566517929 152
8.68438104282374 181
8.69067646061908 161
8.69697191856529 147
8.70326741666239 143
8.70956295491038 178
8.71585853330925 159
8.72215415185901 173
8.72844981055965 173
8.73474550941117 160
8.74104124841358 177
8.74733702756688 155
8.75363284687106 184
8.75992870632612 181
8.76622460593207 182
8.77252054568891 191
8.77881652559662 177
8.78511254565523 161
8.79140860586472 175
8.79770470622509 179
8.80400084673635 178
8.81029702739849 184
8.81659324821152 190
8.82288950917543 154
8.82918581029023 180
8.83548215155591 183
8.84177853297247 181
8.84807495453993 173
8.85437141625826 185
8.86066791812748 193
8.86696446014759 171
8.87326104231858 178
8.87955766464045 206
8.88585432711321 192
8.89215102973686 201
8.89844777251139 199
8.9047445554368 203
8.9110413785131 177
8.91733824174028 194
8.92363514511835 191
8.92993208864731 205
8.93622907232715 180
8.94252609615787 179
8.94882316013947 188
8.95512026427197 184
8.96141740855534 192
8.9677145929896 178
8.97401181757475 218
8.98030908231078 185
8.9866063871977 193
8.9929037322355 202
8.99920111742419 202
9.00549854276376 219
9.01179600825421 225
9.01809351389555 210
9.02439105968778 209
9.03068864563089 223
9.03698627172488 239
9.04328393796976 244
9.04958164436552 225
9.05587939091217 233
9.0621771776097 233
9.06847500445812 216
9.07477287145742 229
9.08107077860761 231
9.08736872590869 247
9.09366671336064 266
9.09996474096348 257
9.10626280871721 252
9.11256091662182 242
9.11885906467732 266
9.1251572528837 256
9.13145548124097 280
9.13775374974912 272
9.14405205840815 319
9.15035040721807 298
9.15664879617888 311
9.16294722529057 312
9.16924569455314 368
9.1755442039666 359
9.18184275353094 360
9.18814134324617 359
9.19443997311229 352
9.20073864312928 396
9.20703735329717 384
9.21333610361593 458
9.21963489408559 457
9.22593372470612 487
9.23223259547754 475
9.23853150639985 465
9.24483045747304 521
9.25112944869712 497
9.25742848007208 565
9.26372755159793 546
9.27002666327466 546
9.27632581510227 633
9.28262500708077 579
9.28892423921016 601
9.29522351149043 608
9.30152282392158 613
9.30782217650362 629
9.31412156923654 640
9.32042100212035 726
9.32672047515504 676
9.33301998834062 661
9.33931954167709 682
9.34561913516443 720
9.35191876880267 738
9.35821844259178 746
9.36451815653179 746
9.37081791062267 747
9.37711770486444 746
9.3834175392571 760
9.38971741380064 720
9.39601732849507 730
9.40231728334038 718
9.40861727833657 695
9.41491731348365 675
9.42121738878162 694
9.42751750423047 681
9.4338176598302 617
9.44011785558082 633
9.44641809148233 665
9.45271836753471 657
9.45901868373799 570
9.46531904009215 616
9.47161943659719 565
9.47791987325312 583
9.48422035005993 615
9.49052086701763 518
9.49682142412621 513
9.50312202138567 536
9.50942265879603 527
9.51572333635726 514
9.52202405406939 478
9.52832481193239 479
9.53462560994628 475
9.54092644811106 464
9.54722732642672 452
9.55352824489326 464
9.55982920351069 451
9.56613020227901 470
9.5724312411982 490
9.57873232026829 495
9.58503343948926 502
9.59133459886111 492
9.59763579838385 546
9.60393703805747 535
9.61023831788198 539
9.61653963785737 524
9.62284099798365 535
9.62914239826081 581
9.63544383868886 618
9.64174531926779 590
9.64804683999761 616
9.65434840087831 574
9.66065000190989 623
9.66695164309236 608
9.67325332442572 685
9.67955504590996 603
9.68585680754508 615
9.6921586093311 635
9.69846045126799 587
9.70476233335577 544
9.71106425559443 573
9.71736621798398 561
9.72366822052442 561
9.72997026321573 492
9.73627234605794 510
9.74257446905103 455
9.748876632195 447
9.75517883548985 417
9.7614810789356 386
9.76778336253222 389
9.77408568627973 350
9.78038805017813 349
9.78669045422741 302
9.79299289842758 302
9.79929538277863 310
9.80559790728057 284
9.81190047193339 237
9.81820307673709 244
9.82450572169168 224
9.83080840679716 258
9.83711113205352 241
9.84341389746076 227
9.84971670301889 199
9.8560195487279 215
9.8623224345878 208
9.86862536059858 213
9.87492832676025 186
9.8812313330728 191
9.88753437953624 206
9.89383746615056 204
9.90014059291577 205
9.90644375983186 185
9.91274696689884 188
9.9190502141167 210
9.92535350148545 198
9.93165682900508 209
9.93796019667559 187
9.94426360449699 194
9.95056705246928 194
9.95687054059245 182
9.9631740688665 205
9.96947763729144 211
9.97578124586727 214
9.98208489459397 214
9.98838858347157 199
9.99469231250005 205
10.0009960816794 211
10.0072998910097 219
10.0136037404908 205
10.0199076301228 212
10.0262115599057 202
10.0325155298395 189
10.0388195399242 194
10.0451235901597 207
10.0514276805462 198
10.0577318110835 204
10.0640359817717 197
10.0703401926108 184
10.0766444436008 196
10.0829487347416 233
10.0892530660334 218
10.095557437476 223
10.1018618490696 186
10.108166300814 197
10.1144707927092 188
10.1207753247554 213
10.1270798969525 226
10.1333845093004 210
10.1396891617992 196
10.145993854449 222
10.1522985872496 226
10.158603360201 234
10.1649081733034 199
10.1712130265567 215
10.1775179199608 245
10.1838228535158 203
10.1901278272217 223
10.1964328410785 210
10.2027378950862 201
10.2090429892448 213
10.2153481235542 209
10.2216532980145 220
10.2279585126257 208
10.2342637673878 237
10.2405690623008 216
10.2468743973647 221
10.2531797725794 198
10.2594851879451 222
10.2657906434616 220
10.272096139129 234
10.2784016749473 186
10.2847072509165 219
10.2910128670365 222
10.2973185233075 189
10.3036242197293 195
10.309929956302 229
10.3162357330256 245
10.3225415499001 197
10.3288474069255 222
10.3351533041018 244
10.3414592414289 226
10.3477652189069 241
10.3540712365358 216
10.3603772943156 224
10.3666833922463 224
10.3729895303279 231
10.3792957085603 206
10.3856019269437 220
10.3919081854779 246
10.398214484163 249
10.404520822999 191
10.4108272019858 232
10.4171336211236 232
10.4234400804122 221
10.4297465798518 229
10.4360531194422 254
10.4423596991835 221
10.4486663190757 238
10.4549729791187 282
10.4612796793127 227
10.4675864196575 212
10.4738932001532 261
10.4802000207998 259
10.4865068815973 208
10.4928137825457 230
10.499120723645 257
10.5054277048951 234
10.5117347262961 226
10.5180417878481 245
10.5243488895509 226
10.5306560314045 236
10.5369632134091 241
10.5432704355646 262
10.5495776978709 245
10.5558850003281 244
10.5621923429362 256
10.5684997256952 238
10.5748071486051 265
10.5811146116659 253
10.5874221148775 260
10.59372965824 254
10.6000372417534 259
10.6063448654177 279
10.6126525292329 241
10.618960233199 261
10.625267977316 270
10.6315757615838 265
10.6378835860025 297
10.6441914505721 282
10.6504993552926 267
10.656807300164 274
10.6631152851863 280
10.6694233103594 255
10.6757313756834 308
10.6820394811584 272
10.6883476267842 294
10.6946558125609 323
10.7009640384884 296
10.7072723045669 330
10.7135806107962 321
10.7198889571765 307
10.7261973437076 319
10.7325057703896 335
10.7388142372224 362
10.7451227442062 319
10.7514312913409 347
10.7577398786264 319
10.7640485060628 342
10.7703571736501 339
10.7766658813883 387
10.7829746292774 345
10.7892834173173 376
10.7955922455082 400
10.8019011138499 392
10.8082100223425 393
10.814518970986 389
10.8208279597804 416
10.8271369887257 444
10.8334460578218 405
10.8397551670689 403
10.8460643164668 442
10.8523735060156 443
10.8586827357153 418
10.8649920055659 433
10.8713013155673 441
10.8776106657197 411
10.8839200560229 464
10.890229486477 491
10.896538957082 473
10.9028484678379 534
10.9091580187447 493
10.9154676098023 516
10.9217772410109 516
10.9280869123703 532
10.9343966238806 510
10.9407063755418 554
10.9470161673539 564
10.9533259993168 527
10.9596358714307 579
10.9659457836954 595
10.972255736111 611
10.9785657286775 567
10.9848757613949 600
10.9911858342632 618
10.9974959472823 596
11.0038061004524 586
11.0101162937733 639
11.0164265272451 654
11.0227368008678 563
11.0290471146414 591
11.0353574685659 623
11.0416678626412 635
11.0479782968674 605
11.0542887712446 565
11.0605992857726 596
11.0669098404514 654
11.0732204352812 591
11.0795310702619 616
11.0858417453934 611
11.0921524606758 603
11.0984632161092 636
11.1047740116934 577
11.1110848474284 601
11.1173957233144 569
11.1237066393513 583
11.130017595539 599
11.1363285918776 565
11.1426396283671 534
11.1489507050075 555
11.1552618217988 565
11.1615729787409 566
11.167884175834 534
11.1741954130779 508
11.1805066904727 535
11.1868180080184 532
11.193129365715 482
11.1994407635625 456
11.2057522015608 478
11.2120636797101 450
11.2183751980102 447
11.2246867564612 418
11.2309983550631 463
11.2373099938159 412
11.2436216727195 448
11.2499333917741 416
11.2562451509795 439
11.2625569503358 437
11.268868789843 421
11.2751806695011 381
11.2814925893101 393
11.2878045492699 413
11.2941165493807 398
11.3004285896423 432
11.3067406700548 369
11.3130527906182 417
11.3193649513325 381
11.3256771521977 380
11.3319893932137 422
11.3383016743806 410
11.3446139956985 433
11.3509263571672 406
11.3572387587867 398
11.3635512005572 403
11.3698636824786 410
11.3761762045508 408
11.3824887667739 411
11.388801369148 429
11.3951140116729 424
11.4014266943486 403
11.4077394171753 450
11.4140521801529 443
11.4203649832813 481
11.4266778265606 400
11.4329907099908 412
11.4393036335719 437
11.4456165973039 433
11.4519296011867 438
11.4582426452205 423
11.4645557294051 403
11.4708688537406 431
11.477182018227 430
11.4834952228643 403
11.4898084676525 394
11.4961217525915 419
11.5024350776815 422
11.5087484429223 367
11.515061848314 377
11.5213752938566 392
11.5276887795501 393
11.5340023053944 377
11.5403158713897 307
11.5466294775358 364
11.5529431238328 344
11.5592568102807 319
11.5655705368795 371
11.5718843036292 363
11.5781981105297 366
11.5845119575812 342
11.5908258447835 346
11.5971397721367 327
11.6034537396408 270
11.6097677472958 299
11.6160817951016 274
11.6223958830584 294
11.628710011166 291
11.6350241794245 285
11.6413383878339 297
11.6476526363942 303
11.6539669251054 263
11.6602812539674 278
11.6665956229804 263
11.6729100321442 229
11.6792244814589 276
11.6855389709245 248
11.691853500541 232
11.6981680703084 233
11.7044826802266 212
11.7107973302957 224
11.7171120205158 234
11.7234267508867 197
11.7297415214085 241
11.7360563320811 190
11.7423711829047 200
11.7486860738791 220
11.7550010050045 215
11.7613159762807 209
11.7676309877078 223
11.7739460392858 202
11.7802611310146 231
11.7865762628944 232
11.792891434925 197
11.7992066471065 206
11.8055218994389 197
11.8118371919222 209
11.8181525245564 211
11.8244678973415 182
11.8307833102774 217
11.8370987633642 223
11.8434142566019 230
11.8497297899905 207
11.85604536353 220
11.8623609772204 203
11.8686766310617 201
11.8749923250538 190
11.8813080591968 209
11.8876238334907 211
11.8939396479355 180
11.9002555025312 179
11.9065713972778 215
11.9128873321752 200
11.9192033072235 217
11.9255193224228 169
11.9318353777729 212
11.9381514732738 214
11.9444676089257 197
11.9507837847285 200
11.9571000006821 203
11.9634162567866 204
11.969732553042 188
11.9760488894483 195
11.9823652660055 200
11.9886816827136 204
11.9949981395725 202
12.0013146365824 183
12.0076311737431 188
12.0139477510547 208
12.0202643685172 205
12.0265810261305 180
12.0328977238948 199
12.0392144618099 184
12.045531239876 178
12.0518480580929 185
12.0581649164607 215
12.0644818149794 241
12.0707987536489 208
12.0771157324694 202
12.0834327514407 202
12.0897498105629 222
12.096066909836 217
12.10238404926 211
12.1087012288349 196
12.1150184485607 199
12.1213357084373 212
12.1276530084648 183
12.1339703486433 188
12.1402877289725 195
12.1466051494527 175
12.1529226100838 200
12.1592401108658 197
12.1655576517986 192
12.1718752328823 196
12.1781928541169 206
12.1845105155024 166
12.1908282170388 208
12.1971459587261 201
12.2034637405642 209
12.2097815625532 189
12.2160994246931 206
12.2224173269839 222
12.2287352694256 211
12.2350532520182 208
12.2413712747617 217
12.247689337656 213
12.2540074407012 206
12.2603255838973 230
12.2666437672443 200
12.2729619907422 212
12.279280254391 225
12.2855985581906 205
12.2919169021411 197
12.2982352862426 185
12.3045537104949 178
12.3108721748981 176
12.3171906794521 214
12.3235092241571 213
12.3298278090129 204
12.3361464340196 218
12.3424650991773 215
12.3487838044858 229
12.3551025499451 222
12.3614213355554 207
12.3677401613165 222
12.3740590272286 214
12.3803779332915 213
12.3866968795053 221
12.39301586587 205
12.3993348923856 180
12.405653959052 209
12.4119730658694 232
12.4182922128376 212
12.4246113999567 243
12.4309306272267 229
12.4372498946476 201
12.4435692022194 209
12.449888549942 207
12.4562079378156 215
12.46252736584 252
12.4688468340153 201
12.4751663423415 252
12.4814858908185 210
12.4878054794465 253
12.4941251082254 248
12.5004447771551 214
12.5067644862357 213
12.5130842354672 207
12.5194040248496 213
12.5257238543829 212
12.532043724067 249
12.538363633902 228
12.544683583888 249
12.5510035740248 252
12.5573236043125 221
12.563643674751 239
12.5699637853405 217
12.5762839360809 233
12.5826041269721 231
12.5889243580142 236
12.5952446292072 238
12.6015649405511 256
12.6078852920459 247
12.6142056836915 253
12.6205261154881 248
12.6268465874355 260
12.6331670995338 286
12.639487651783 237
12.6458082441831 253
12.652128876734 257
12.6584495494359 239
12.6647702622886 251
12.6710910152922 263
12.6774118084467 246
12.6837326417521 249
12.6900535152084 250
12.6963744288156 260
12.7026953825736 238
12.7090163764825 258
12.7153374105423 263
12.721658484753 276
12.7279795991146 269
12.7343007536271 254
12.7406219482904 301
12.7469431831047 252
12.7532644580698 252
12.7595857731858 247
12.7659071284527 249
12.7722285238705 270
12.7785499594391 290
12.7848714351587 267
12.7911929510291 249
12.7975145070504 274
12.8038361032226 276
12.8101577395457 240
12.8164794160197 258
12.8228011326445 281
12.8291228894203 248
12.8354446863469 265
12.8417665234244 261
12.8480884006528 264
12.8544103180321 265
12.8607322755622 230
12.8670542732433 260
12.8733763110752 255
12.879698389058 277
12.8860205071917 284
12.8923426654763 274
12.8986648639118 259
12.9049871024981 273
12.9113093812354 268
12.9176317001235 225
12.9239540591625 208
12.9302764583524 240
12.9365988976932 254
12.9429213771848 245
12.9492438968274 268
12.9555664566208 237
12.9618890565651 241
12.9682116966603 270
12.9745343769064 265
12.9808570973034 246
12.9871798578513 245
12.99350265855 227
12.9998254993996 241
13.0061483804001 234
13.0124713015515 227
13.0187942628538 260
13.025117264307 262
13.031440305911 231
13.037763387666 252
13.0440865095718 233
13.0504096716285 245
13.0567328738361 223
13.0630561161945 242
13.0693793987039 249
13.0757027213642 251
13.0820260841753 226
13.0883494871373 245
13.0946729302502 209
13.100996413514 216
13.1073199369286 218
13.1136435004942 237
13.1199671042106 214
13.126290748078 221
13.1326144320962 227
13.1389381562652 251
13.1452619205852 196
13.1515857250561 192
13.1579095696778 234
13.1642334544505 216
13.170557379374 229
13.1768813444484 228
13.1832053496737 191
13.1895293950498 233
13.1958534805769 216
13.2021776062548 220
13.2085017720836 219
13.2148259780634 233
13.221150224194 216
13.2274745104754 235
13.2337988369078 220
13.240123203491 196
13.2464476102252 199
13.2527720571102 222
13.2590965441461 208
13.2654210713329 226
13.2717456386705 223
13.2780702461591 199
13.2843948937985 222
13.2907195815889 217
13.2970443095301 216
13.3033690776222 231
13.3096938858652 242
13.316018734259 223
13.3223436228038 240
13.3286685514994 249
13.3349935203459 248
13.3413185293433 250
13.3476435784916 204
13.3539686677908 219
13.3602937972408 252
13.3666189668418 229
13.3729441765936 229
13.3792694264963 256
13.3855947165499 237
13.3919200467544 244
13.3982454171098 234
13.404570827616 210
13.4108962782732 232
13.4172217690812 232
13.4235473000401 206
13.4298728711499 226
13.4361984824106 218
13.4425241338221 213
13.4488498253846 207
13.4551755570979 216
13.4615013289621 190
13.4678271409772 224
13.4741529931432 209
13.4804788854601 200
13.4868048179278 219
13.4931307905465 221
13.499456803316 220
13.5057828562364 197
13.5121089493077 204
13.5184350825298 208
13.5247612559029 219
13.5310874694269 173
13.5374137231017 192
13.5437400169274 193
13.550066350904 188
13.5563927250315 199
13.5627191393099 201
13.5690455937391 213
13.5753720883193 217
13.5816986230503 176
13.5880251979322 214
13.594351812965 179
13.6006784681487 200
13.6070051634832 214
13.6133318989687 206
13.619658674605 205
13.6259854903922 190
13.6323123463303 196
13.6386392424193 197
13.6449661786592 198
13.65129315505 224
13.6576201715916 174
13.6639472282841 197
13.6702743251275 204
13.6766014621218 174
13.682928639267 190
13.6892558565631 204
13.69558311401 204
13.7019104116079 217
13.7082377493566 171
13.7145651272562 223
13.7208925453067 206
13.7272200035081 204
13.7335475018603 190
13.7398750403635 187
13.7462026190175 191
13.7525302378224 224
13.7588578967782 180
13.7651855958849 190
13.7715133351424 202
13.7778411145509 183
13.7841689341102 214
13.7904967938205 204
13.7968246936816 203
13.8031526336936 181
13.8094806138564 189
13.8158086341702 204
13.8221366946348 192
13.8284647952504 174
13.8347929360168 172
13.8411211169341 208
13.8474493380023 171
13.8537775992213 209
13.8601059005913 164
13.8664342421121 218
13.8727626237839 202
13.8790910456065 171
13.88541950758 168
13.8917480097043 180
13.8980765519796 183
13.9044051344058 226
13.9107337569828 191
13.9170624197107 174
13.9233911225895 192
13.9297198656192 204
13.9360486487998 168
13.9423774721312 197
13.9487063356136 193
13.9550352392468 189
13.9613641830309 209
13.9676931669659 199
13.9740221910518 214
13.9803512552885 191
13.9866803596762 193
13.9930095042147 157
13.9993386889041 173
14.0056679137444 195
14.0119971787356 196
14.0183264838777 197
14.0246558291707 175
14.0309852146145 180
14.0373146402092 195
14.0436441059549 192
14.0499736118514 197
14.0563031578987 182
14.062632744097 171
14.0689623704462 194
14.0752920369462 189
14.0816217435971 181
14.0879514903989 196
14.0942812773516 172
14.1006111044552 201
14.1069409717096 179
14.113270879115 185
14.1196008266712 185
14.1259308143783 179
14.1322608422363 167
14.1385909102452 206
14.144921018405 190
14.1512511667156 191
14.1575813551772 185
14.1639115837896 210
14.1702418525529 183
14.1765721614671 168
14.1829025105322 219
14.1892328997481 193
14.195563329115 183
14.2018937986327 186
14.2082243083013 167
14.2145548581208 153
14.2208854480912 206
14.2272160782125 177
14.2335467484847 166
14.2398774589077 194
14.2462082094816 169
14.2525390002064 206
14.2588698310821 181
14.2652007021087 172
14.2715316132862 179
14.2778625646145 199
14.2841935560937 182
14.2905245877239 176
14.2968556595049 188
14.3031867714368 183
14.3095179235195 174
14.3158491157532 205
14.3221803481377 154
14.3285116206732 173
14.3348429333595 162
14.3411742861967 173
14.3475056791847 180
14.3538371123237 192
14.3601685856136 162
14.3665000990543 174
14.3728316526459 186
14.3791632463884 172
14.3854948802818 187
14.3918265543261 163
14.3981582685213 185
14.4044900228673 189
14.4108218173642 181
14.417153652012 181
14.4234855268107 177
14.4298174417603 188
14.4361493968608 173
14.4424813921121 208
14.4488134275144 176
14.4551455030675 180
14.4614776187715 207
14.4678097746264 180
14.4741419706322 180
14.4804742067888 160
14.4868064830964 171
14.4931387995548 196
14.4994711561641 162
14.5058035529243 174
14.5121359898354 182
14.5184684668974 175
14.5248009841102 168
14.531133541474 173
14.5374661389886 181
14.5437987766541 169
14.5501314544705 169
14.5564641724378 173
14.562796930556 181
14.569129728825 175
14.5754625672449 181
14.5817954458158 177
14.5881283645375 172
14.59446132341 169
14.6007943224335 157
14.6071273616079 192
14.6134604409331 158
14.6197935604092 177
14.6261267200363 187
14.6324599198141 216
14.6387931597429 205
14.6451264398226 170
14.6514597600531 215
14.6577931204346 176
14.6641265209669 177
14.6704599616501 184
14.6767934424842 176
14.6831269634692 180
14.689460524605 191
14.6957941258918 191
14.7021277673294 187
14.7084614489179 186
14.7147951706573 173
14.7211289325476 187
14.7274627345888 171
14.7337965767808 144
14.7401304591237 160
14.7464643816176 184
14.7527983442623 153
14.7591323470579 181
14.7654663900043 173
14.7718004731017 165
14.7781345963499 177
14.7844687597491 164
14.7908029632991 160
14.797137207 189
14.8034714908518 161
14.8098058148544 159
14.816140179008 192
14.8224745833124 158
14.8288090277678 176
14.835143512374 169
14.8414780371311 174
14.847812602039 182
14.8541472070979 160
14.8604818523077 171
14.8668165376683 205
14.8731512631798 168
14.8794860288422 175
14.8858208346555 176
14.8921556806197 163
14.8984905667347 165
14.9048254930007 168
14.9111604594175 176
14.9174954659852 167
14.9238305127038 180
14.9301655995733 162
14.9365007265936 181
14.9428358937649 185
14.949171101087 186
14.95550634856 178
14.9618416361839 169
14.9681769639587 172
14.9745123318844 175
14.980847739961 157
14.9871831881884 161
14.9935186765667 169
14.9998542050959 166
15.006189773776 158
15.012525382607 161
15.0188610315889 176
15.0251967207216 156
15.0315324500053 189
15.0378682194398 163
15.0442040290252 164
15.0505398787615 164
15.0568757686487 155
15.0632116986867 189
15.0695476688757 182
15.0758836792155 174
15.0822197297062 190
15.0885558203478 158
15.0948919511403 172
15.1012281220837 145
15.1075643331779 178
15.1139005844231 167
15.1202368758191 154
15.126573207366 157
15.1329095790638 172
15.1392459909125 171
15.145582442912 146
15.1519189350625 154
15.1582554673638 182
15.164592039816 166
15.1709286524191 177
15.1772653051731 171
15.183601998078 158
15.1899387311337 170
15.1962755043404 153
15.2026123176979 166
15.2089491712063 170
15.2152860648656 175
15.2216229986758 158
15.2279599726368 150
15.2342969867488 169
15.2406340410116 169
15.2469711354253 149
15.2533082699899 180
15.2596454447054 186
15.2659826595718 151
15.2723199145891 163
15.2786572097572 162
15.2849945450762 175
15.2913319205461 144
15.2976693361669 150
15.3040067919386 165
15.3103442878612 151
15.3166818239346 184
15.323019400159 172
15.3293570165342 175
15.3356946730603 156
15.3420323697373 161
15.3483701065652 156
15.3547078835439 154
15.3610457006736 174
15.3673835579541 160
15.3737214553855 164
15.3800593929678 162
15.386397370701 148
15.392735388585 159
15.39907344662 155
15.4054115448058 180
15.4117496831426 158
15.4180878616302 138
15.4244260802687 153
15.430764339058 177
15.4371026379983 152
15.4434409770894 148
15.4497793563315 159
15.4561177757244 154
15.4624562352682 176
15.4687947349629 154
15.4751332748084 150
15.4814718548049 137
15.4878104749522 171
15.4941491352505 158
15.5004878356996 150
15.5068265762996 154
15.5131653570504 158
15.5195041779522 135
15.5258430390048 143
15.5321819402084 172
15.5385208815628 167
15.5448598630681 179
15.5511988847243 184
15.5575379465314 152
15.5638770484893 179
15.5702161905982 165
15.5765553728579 161
15.5828945952685 157
15.58923385783 149
15.5955731605424 143
15.6019125034056 160
15.6082518864198 182
15.6145913095848 138
15.6209307729007 167
15.6272702763675 180
15.6336098199852 161
15.6399494037538 145
15.6462890276733 138
15.6526286917436 137
15.6589683959648 176
15.6653081403369 177
15.6716479248599 160
15.6779877495338 157
15.6843276143586 158
15.6906675193342 147
15.6970074644608 133
15.7033474497382 158
15.7096874751665 160
15.7160275407457 167
15.7223676464758 173
15.7287077923567 135
15.7350479783886 141
15.7413882045713 158
15.7477284709049 163
15.7540687773894 146
15.7604091240248 145
15.7667495108111 159
15.7730899377482 157
15.7794304048363 149
15.7857709120752 169
15.792111459465 176
15.7984520470057 158
15.8047926746973 150
15.8111333425397 139
15.8174740505331 137
15.8238147986773 157
15.8301555869724 156
15.8364964154184 178
15.8428372840153 140
15.8491781927631 163
15.8555191416617 141
15.8618601307113 145
15.8682011599117 142
15.874542229263 142
15.8808833387652 113
15.8872244884183 133
15.8935656782223 129
15.8999069081771 128
15.9062481782828 145
15.9125894885394 151
15.918930838947 148
15.9252722295053 155
15.9316136602146 134
15.9379551310748 137
15.9442966420858 163
15.9506381932477 156
15.9569797845606 142
15.9633214160242 141
15.9696630876388 145
15.9760047994043 158
15.9823465513206 130
15.9886883433879 135
15.995030175606 151
16.001372047975 138
16.0077139604949 175
16.0140559131657 148
16.0203979059873 152
16.0267399389599 141
16.0330820120833 133
16.0394241253576 122
16.0457662787828 137
16.0521084723589 148
16.0584507060859 165
16.0647929799637 142
16.0711352939925 120
16.0774776481721 138
16.0838200425026 154
16.090162476984 135
16.0965049516163 139
16.1028474663994 157
16.1091900213335 154
16.1155326164184 142
16.1218752516542 144
16.1282179270409 135
16.1345606425785 161
16.140903398267 142
16.1472461941063 123
16.1535890300966 140
16.1599319062377 129
16.1662748225297 138
16.1726177789726 126
16.1789607755664 125
16.185303812311 135
16.1916468892066 135
16.197990006253 154
16.2043331634503 120
16.2106763607985 138
16.2170195982976 145
16.2233628759476 148
16.2297061937484 145
16.2360495517002 125
16.2423929498028 133
16.2487363880563 149
16.2550798664607 151
16.261423385016 139
16.2677669437222 137
16.2741105425792 149
16.2804541815872 137
16.286797860746 128
16.2931415800557 123
16.2994853395163 125
16.3058291391277 133
16.3121729788901 116
16.3185168588033 133
16.3248607788675 122
16.3312047390825 118
16.3375487394484 152
16.3438927799652 146
16.3502368606328 139
16.3565809814514 147
16.3629251424208 146
16.3692693435411 129
16.3756135848123 139
16.3819578662344 152
16.3883021878074 126
16.3946465495313 123
16.400990951406 111
16.4073353934316 115
16.4136798756082 135
16.4200243979356 133
16.4263689604138 135
16.432713563043 131
16.4390582058231 158
16.445402888754 115
16.4517476118358 137
16.4580923750685 150
16.4644371784521 126
16.4707820219866 129
16.477126905672 126
16.4834718295082 119
16.4898167934954 137
16.4961617976334 132
16.5025068419223 129
16.5088519263621 132
16.5151970509527 128
16.5215422156943 134
16.5278874205867 112
16.53423266563 110
16.5405779508243 120
16.5469232761694 119
16.5532686416653 122
16.5596140473122 128
16.5659594931099 128
16.5723049790586 153
16.5786505051581 113
16.5849960714085 117
16.5913416778098 128
16.597687324362 109
16.604033011065 119
16.610378737919 127
16.6167245049238 115
16.6230703120795 105
16.6294161593861 118
16.6357620468436 130
16.6421079744519 118
16.6484539422112 105
16.6547999501213 116
16.6611459981824 99
16.6674920863943 107
16.6738382147571 116
16.6801843832707 112
16.6865305919353 114
16.6928768407507 115
16.6992231297171 133
16.7055694588343 129
16.7119158281024 114
16.7182622375214 117
16.7246086870912 121
16.730955176812 130
16.7373017066836 138
16.7436482767061 116
16.7499948868795 111
16.7563415372038 118
16.762688227679 119
16.7690349583051 138
16.775381729082 101
16.7817285400099 111
16.7880753910886 115
16.7944222823182 115
16.8007692136987 121
16.80711618523 106
16.8134631969123 122
16.8198102487454 125
16.8261573407294 121
16.8325044728644 96
16.8388516451501 104
16.8451988575868 105
16.8515461101744 106
16.8578934029128 111
16.8642407358022 111
16.8705881088424 102
16.8769355220335 113
16.8832829753755 108
16.8896304688684 120
16.8959780025121 118
16.9023255763068 104
16.9086731902523 108
16.9150208443487 99
16.921368538596 89
16.9277162729942 90
16.9340640475432 121
16.9404118622432 95
16.946759717094 98
16.9531076120957 102
16.9594555472483 92
16.9658035225518 106
16.9721515380062 91
16.9784995936115 106
16.9848476893676 102
16.9911958252746 82
16.9975440013326 98
17.0038922175413 88
17.010240473901 98
17.0165887704116 101
17.022937107073 90
17.0292854838854 93
17.0356339008486 97
17.0419823579627 112
17.0483308552277 101
17.0546793926436 111
17.0610279702103 101
17.067376587928 93
17.0737252457965 90
17.0800739438159 103
17.0864226819862 101
17.0927714603074 107
17.0991202787795 108
17.1054691374024 109
17.1118180361763 106
17.118166975101 97
17.1245159541766 100
17.1308649734031 104
17.1372140327805 103
17.1435631323087 103
17.1499122719879 93
17.1562614518179 88
17.1626106717988 114
17.1689599319306 88
17.1753092322133 95
17.1816585726469 80
17.1880079532314 88
17.1943573739667 93
17.2007068348529 96
17.20705633589 99
17.213405877078 85
17.2197554584169 95
17.2261050799067 75
17.2324547415473 81
17.2388044433389 82
17.2451541852813 86
17.2515039673746 70
17.2578537896188 85
17.2642036520138 77
17.2705535545598 88
17.2769034972566 79
17.2832534801044 96
17.289603503103 85
17.2959535662525 106
17.3023036695529 76
17.3086538130041 74
17.3150039966063 65
17.3213542203593 70
17.3277044842632 80
17.334054788318 93
17.3404051325237 92
17.3467555168803 96
17.3531059413878 83
17.3594564060461 105
17.3658069108553 84
17.3721574558155 85
17.3785080409265 62
17.3848586661883 62
17.3912093316011 77
17.3975600371648 74
17.4039107828793 89
17.4102615687447 88
17.416612394761 81
17.4229632609282 92
17.4293141672463 79
17.4356651137153 83
17.4420161003351 80
17.4483671271058 87
17.4547181940275 81
17.4610693011 75
17.4674204483233 72
17.4737716356976 64
17.4801228632228 77
17.4864741308988 76
17.4928254387257 81
17.4991767867035 86
17.5055281748322 85
17.5118796031118 76
17.5182310715423 81
17.5245825801236 71
17.5309341288559 90
17.537285717739 90
17.543637346773 81
17.5499890159579 87
17.5563407252936 61
17.5626924747803 68
17.5690442644178 85
17.5753960942063 76
17.5817479641456 68
17.5880998742358 87
17.5944518244769 58
17.6008038148688 86
17.6071558454117 80
17.6135079161054 67
17.61986002695 70
17.6262121779455 69
17.6325643690919 48
17.6389166003892 62
17.6452688718374 75
17.6516211834364 70
17.6579735351863 68
17.6643259270871 67
17.6706783591388 58
17.6770308313414 73
17.6833833436949 53
17.6897358961992 58
17.6960884888545 70
17.7024411216606 64
17.7087937946176 53
17.7151465077255 54
17.7214992609843 66
17.7278520543939 72
17.7342048879545 63
17.7405577616659 47
17.7469106755282 50
17.7532636295414 52
17.7596166237055 57
17.7659696580205 42
17.7723227324863 57
17.7786758471031 60
17.7850290018707 49
17.7913821967892 64
17.7977354318586 68
17.8040887070789 79
17.8104420224501 61
17.8167953779721 66
17.823148773645 54
17.8295022094688 48
17.8358556854436 46
17.8422092015691 64
17.8485627578456 51
17.854916354273 42
17.8612699908512 48
17.8676236675803 60
17.8739773844603 59
17.8803311414912 57
17.886684938673 54
17.8930387760057 42
17.8993926534892 48
17.9057465711237 50
17.912100528909 46
17.9184545268452 41
17.9248085649323 50
17.9311626431703 54
17.9375167615591 48
17.9438709200989 42
17.9502251187895 49
17.956579357631 47
17.9629336366234 43
17.9692879557667 47
17.9756423150608 37
17.9819967145059 43
17.9883511541018 44
17.9947056338487 58
18.0010601537464 45
18.007414713795 43
18.0137693139944 42
18.0201239543448 44
18.026478634846 44
18.0328333554982 38
18.0391881163012 32
18.0455429172551 50
18.0518977583599 35
18.0582526396155 37
18.0646075610221 39
18.0709625225795 33
18.0773175242878 31
18.0836725661471 36
18.0900276481571 36
18.0963827703181 31
18.10273793263 31
18.1090931350927 38
18.1154483777064 45
18.1218036604709 43
18.1281589833863 32
18.1345143464526 28
18.1408697496697 37
18.1472251930378 40
18.1535806765567 38
18.1599362002266 30
18.1662917640473 43
18.1726473680189 28
18.1790030121413 28
18.1853586964147 35
18.191714420839 30
18.1980701854141 28
18.2044259901401 29
18.210781835017 30
18.2171377200448 29
18.2234936452235 32
18.229849610553 32
18.2362056160335 25
18.2425616616648 28
18.248917747447 31
18.2552738733801 34
18.2616300394641 31
18.267986245699 38
18.2743424920847 25
18.2806987786213 19
18.2870551053089 32
18.2934114721473 14
18.2997678791366 21
18.3061243262767 35
18.3124808135678 18
18.3188373410097 31
18.3251939086026 19
18.3315505163463 20
18.3379071642409 30
18.3442638522864 20
18.3506205804827 25
18.35697734883 24
18.3633341573281 23
18.3696910059771 26
18.376047894777 16
18.3824048237278 18
18.3887617928295 26
18.3951188020821 32
18.4014758514855 24
18.4078329410399 19
18.4141900707451 17
18.4205472406012 21
18.4269044506082 13
18.433261700766 28
18.4396189910748 10
18.4459763215344 17
18.452333692145 20
18.4586911029064 9
18.4650485538187 14
18.4714060448818 17
18.4777635760959 10
18.4841211474608 22
18.4904787589767 18
18.4968364106434 15
18.503194102461 21
18.5095518344295 18
18.5159096065489 15
18.5222674188191 11
18.5286252712403 19
18.5349831638123 16
18.5413410965352 16
18.547699069409 12
18.5540570824337 18
18.5604151356092 14
18.5667732289357 10
18.573131362413 14
18.5794895360412 13
18.5858477498203 4
18.5922060037503 11
18.5985642978312 17
18.604922632063 11
18.6112810064456 13
18.6176394209791 12
18.6239978756635 7
18.6303563704988 7
18.636714905485 9
18.6430734806221 13
18.64943209591 14
18.6557907513489 7
18.6621494469386 13
18.6685081826792 11
18.6748669585707 13
18.6812257746131 3
18.6875846308063 9
18.6939435271505 9
18.7003024636455 6
18.7066614402914 10
18.7130204570882 15
18.7193795140359 5
18.7257386111345 13
18.7320977483839 6
18.7384569257843 11
18.7448161433355 6
18.7511754010376 11
18.7575346988906 6
18.7638940368945 14
18.7702534150492 7
18.7766128333549 7
18.7829722918114 11
18.7893317904188 9
18.7956913291771 8
18.8020509080863 5
18.8084105271464 10
18.8147701863574 6
18.8211298857192 11
18.8274896252319 5
18.8338494048955 7
18.84020922471 9
18.8465690846754 7
18.8529289847917 10
18.8592889250588 5
18.8656489054768 8
18.8720089260458 9
18.8783689867656 3
18.8847290876363 10
18.8910892286578 7
18.8974494098303 4
18.9038096311536 7
18.9101698926279 4
18.916530194253 4
18.922890536029 4
18.9292509179559 1
18.9356113400336 3
18.9419718022623 5
18.9483323046418 4
18.9546928471722 9
18.9610534298535 7
18.9674140526857 10
18.9737747156688 4
18.9801354188028 7
18.9864961620876 3
18.9928569455233 10
18.9992177691099 5
19.0055786328474 3
19.0119395367358 4
19.0183004807751 3
19.0246614649652 8
19.0310224893063 5
19.0373835537982 4
19.043744658441 2
19.0501058032347 6
19.0564669881793 6
19.0628282132747 4
19.0691894785211 6
19.0755507839183 3
19.0819121294664 4
19.0882735151654 9
19.0946349410153 3
19.1009964070161 6
19.1073579131678 4
19.1137194594703 6
19.1200810459237 6
19.126442672528 5
19.1328043392832 3
19.1391660461893 2
19.1455277932463 3
19.1518895804541 3
19.1582514078128 2
19.1646132753225 5
19.170975182983 3
19.1773371307944 6
19.1836991187566 5
19.1900611468698 6
19.1964232151338 5
19.2027853235488 3
19.2091474721146 6
19.2155096608313 6
19.2218718896988 4
19.2282341587173 4
19.2345964678867 2
19.2409588172069 1
19.247321206678 0
19.2536836363 4
19.2600461060729 4
19.2664086159967 2
19.2727711660713 1
19.2791337562969 5
19.2854963866733 4
19.2918590572006 3
19.2982217678788 2
19.3045845187079 1
19.3109473096879 2
19.3173101408187 3
19.3236730121005 6
19.3300359235331 2
19.3363988751166 3
19.342761866851 3
19.3491248987363 3
19.3554879707724 3
19.3618510829595 2
19.3682142352974 3
19.3745774277862 2
19.3809406604259 3
19.3873039332165 0
19.393667246158 3
19.4000305992503 0
19.4063939924936 3
19.4127574258877 0
19.4191208994327 1
19.4254844131286 0
19.4318479669754 3
19.438211560973 4
19.4445751951216 4
19.450938869421 1
19.4573025838713 4
19.4636663384725 2
19.4700301332246 1
19.4763939681276 1
19.4827578431814 1
19.4891217583862 2
19.4954857137418 1
19.5018497092483 3
19.5082137449057 2
19.514577820714 2
19.5209419366732 3
19.5273060927832 0
19.5336702890441 0
19.540034525456 1
19.5463988020187 3
19.5527631187323 0
19.5591274755967 3
19.5654918726121 2
19.5718563097783 1
19.5782207870955 3
19.5845853045635 1
19.5909498621824 0
19.5973144599521 0
19.6036790978728 2
19.6100437759444 1
19.6164084941668 3
19.6227732525401 2
19.6291380510643 1
19.6355028897394 1
19.6418677685654 3
19.6482326875423 3
19.65459764667 0
19.6609626459486 1
19.6673276853781 1
19.6736927649585 0
19.6800578846898 1
19.686423044572 2
19.692788244605 0
19.699153484789 0
19.7055187651238 1
19.7118840856095 0
19.7182494462461 1
19.7246148470336 3
19.7309802879719 0
19.7373457690612 1
19.7437112903013 0
19.7500768516923 1
19.7564424532342 0
19.762808094927 1
19.7691737767707 0
19.7755394987653 1
19.7819052609107 0
19.788271063207 1
19.7946369056542 2
19.8010027882523 1
19.8073687110013 1
19.8137346739012 1
19.8201006769519 0
19.8264667201536 0
19.8328328035061 0
19.8391989270095 0
19.8455650906638 0
19.8519312944689 0
19.858297538425 0
19.8646638225319 0
19.8710301467898 0
19.8773965111985 1
19.8837629157581 1
19.8901293604685 1
19.8964958453299 0
19.9028623703422 0
19.9092289355053 0
19.9155955408193 0
19.9219621862842 0
19.9283288719 0
19.9346955976667 0
19.9410623635843 0
19.9474291696527 0
19.953796015872 0
19.9601629022422 0
19.9665298287633 0
19.9728967954353 0
19.9792638022582 0
19.9856308492319 0
19.9919979363566 0
19.9983650636321 0
20.0047322310585 0
20.0110994386358 0
20.017466686364 0
20.023833974243 0
20.030201302273 0
20.0365686704538 0
20.0429360787855 0
20.0493035272681 0
20.0556710159016 0
20.062038544686 0
20.0684061136212 0
20.0747737227074 1
20.0811413719444 1
20.0875090613323 0
20.0938767908711 0
20.1002445605608 0
20.1066123704013 0
20.1129802203928 0
20.1193481105351 0
20.1257160408283 0
20.1320840112724 0
20.1384520218674 0
20.1448200726133 0
20.1511881635101 0
20.1575562945577 0
20.1639244657562 0
20.1702926771056 0
20.1766609286059 0
20.1830292202571 0
20.1893975520592 0
20.1957659240121 0
20.202134336116 0
20.2085027883707 0
20.2148712807763 0
20.2212398133328 0
20.2276083860401 0
20.2339769988984 0
20.2403456519076 0
20.2467143450676 0
20.2530830783785 0
20.2594518518403 0
20.265820665453 0
20.2721895192165 0
20.278558413131 0
20.2849273471963 0
20.2912963214125 0
20.2976653357797 0
20.3040343902976 0
20.3104034849665 0
20.3167726197863 0
20.3231417947569 0
20.3295110098785 0
20.3358802651509 0
20.3422495605742 0
20.3486188961484 0
20.3549882718734 0
20.3613576877494 1
20.3677271437762 0
20.3740966399539 0
20.3804661762826 0
20.386835752762 0
20.3932053693924 0
20.3995750261737 0
20.4059447231058 0
20.4123144601889 0
20.4186842374228 0
20.4250540548076 0
20.4314239123433 0
20.4377938100298 0
20.4441637478673 0
20.4505337258556 0
20.4569037439949 0
20.463273802285 0
20.469643900726 0
20.4760140393178 0
20.4823842180606 0
20.4887544369543 0
20.4951246959988 0
20.5014949951942 0
20.5078653345405 0
20.5142357140377 0
20.5206061336858 2
20.5269765934847 0
20.5333470934346 0
20.5397176335353 0
20.5460882137869 0
20.5524588341894 0
20.5588294947428 0
20.5652001954471 0
20.5715709363022 1
20.5779417173082 0
20.5843125384652 0
20.590683399773 0
20.5970543012317 0
20.6034252428412 0
20.6097962246017 0
20.616167246513 0
20.6225383085753 0
20.6289094107884 0
20.6352805531524 0
20.6416517356673 0
20.648022958333 0
20.6543942211497 0
20.6607655241172 1
20.6671368672356 0
20.673508250505 0
20.6798796739251 1
20.6862511374962 0
20.6926226412182 1
20.698994185091 0
20.7053657691148 0
20.7117373932894 0
20.7181090576149 0
20.7244807620913 0
20.7308525067185 0
20.7372242914967 0
20.7435961164257 0
20.7499679815057 0
20.7563398867365 0
20.7627118321182 0
20.7690838176507 0
20.7754558433342 1
20.7818279091685 0
20.7882000151538 0
20.7945721612899 0
20.8009443475769 0
20.8073165740148 0
20.8136888406036 0
20.8200611473432 0
20.8264334942338 0
20.8328058812752 0
20.8391783084675 0
20.8455507758107 0
20.8519232833048 0
20.8582958309497 0
20.8646684187456 0
20.8710410466923 0
20.8774137147899 0
20.8837864230384 0
20.8901591714378 0
20.8965319599881 0
20.9029047886893 0
20.9092776575413 0
20.9156505665442 0
20.9220235156981 0
20.9283965050028 0
20.9347695344583 1
20.9411426040648 0
20.9475157138222 1
20.9538888637304 0
20.9602620537895 0
20.9666352839995 0
20.9730085543604 0
20.9793818648722 0
20.9857552155348 0
20.9921286063484 0
20.9985020373128 0
21.0048755084281 0
21.0112490196943 0
21.0176225711114 1
21.0239961626794 0
21.0303697943982 0
21.036743466268 0
21.0431171782886 0
21.0494909304601 0
21.0558647227825 0
21.0622385552558 0
21.0686124278799 0
21.074986340655 0
21.0813602935809 0
21.0877342866577 0
21.0941083198854 0
21.100482393264 0
21.1068565067935 0
21.1132306604739 0
21.1196048543051 0
21.1259790882872 0
21.1323533624202 0
21.1387276767041 0
21.1451020311389 0
21.1514764257246 0
21.1578508604611 0
21.1642253353486 0
21.1705998503869 0
21.1769744055761 0
21.1833490009162 0
21.1897236364071 0
21.196098312049 0
21.2024730278417 0
21.2088477837854 0
21.2152225798799 1
21.2215974161253 0
21.2279722925216 0
21.2343472090687 0
21.2407221657668 0
21.2470971626157 0
21.2534721996155 0
21.2598472767662 0
21.2662223940678 0
21.2725975515203 0
21.2789727491237 0
21.2853479868779 0
21.291723264783 0
21.2980985828391 0
21.304473941046 0
21.3108493394037 1
21.3172247779124 0
21.323600256572 0
21.3299757753824 0
21.3363513343437 0
21.3427269334559 0
21.349102572719 0
21.355478252133 0
21.3618539716979 0
21.3682297314136 0
21.3746055312802 0
21.3809813712978 0
21.3873572514662 1
21.3937331717854 0
21.4001091322556 0
21.4064851328767 0
21.4128611736486 0
21.4192372545714 0
21.4256133756451 0
21.4319895368697 0
21.4383657382452 0
21.4447419797716 1
21.4511182614488 1
21.457494583277 0
21.463870945256 0
21.4702473473859 0
21.4766237896667 1
21.4830002720983 0
21.4893767946809 0
21.4957533574143 0
21.5021299602987 0
21.5085066033339 0
21.51488328652 0
21.521260009857 0
21.5276367733448 0
21.5340135769836 0
21.5403904207732 0
21.5467673047137 0
21.5531442288051 0
21.5595211930474 0
21.5658981974406 0
21.5722752419847 1
21.5786523266796 0
21.5850294515254 0
21.5914066165221 0
21.5977838216697 0
21.6041610669682 0
21.6105383524176 0
21.6169156780178 0
21.623293043769 0
21.629670449671 0
21.6360478957239 0
21.6424253819277 0
21.6488029082824 0
21.6551804747879 0
21.6615580814444 0
21.6679357282517 0
21.6743134152099 0
21.680691142319 0
21.687068909579 0
21.6934467169899 0
21.6998245645516 0
21.7062024522643 0
21.7125803801278 0
21.7189583481422 0
21.7253363563075 0
21.7317144046237 0
21.7380924930907 0
21.7444706217087 0
21.7508487904775 0
21.7572269993972 0
21.7636052484678 0
21.7699835376893 0
21.7763618670617 0
21.782740236585 0
21.7891186462591 0
21.7954970960841 0
21.80187558606 0
21.8082541161868 0
21.8146326864645 0
21.8210112968931 0
21.8273899474725 0
21.8337686382029 0
21.8401473690841 0
21.8465261401162 0
21.8529049512992 0
21.8592838026331 0
21.8656626941178 0
21.8720416257535 0
21.87842059754 0
21.8847996094774 0
21.8911786615657 0
21.8975577538049 0
21.9039368861949 0
21.9103160587359 0
21.9166952714277 0
21.9230745242704 0
21.9294538172641 1
21.9358331504085 0
21.9422125237039 0
21.9485919371502 0
21.9549713907473 0
21.9613508844954 0
21.9677304183943 0
21.9741099924441 0
21.9804896066448 0
21.9868692609963 0
21.9932489554988 0
21.9996286901521 0
22.0060084649563 0
22.0123882799114 0
22.0187681350174 0
22.0251480302743 0
22.0315279656821 0
22.0379079412407 0
22.0442879569503 0
22.0506680128107 0
22.057048108822 0
22.0634282449842 0
22.0698084212972 0
22.0761886377612 0
22.082568894376 0
22.0889491911418 0
22.0953295280584 0
22.1017099051259 0
22.1080903223442 0
22.1144707797135 0
22.1208512772336 0
22.1272318149047 0
22.1336123927266 0
22.1399930106994 0
22.1463736688231 0
22.1527543670977 0
22.1591351055231 0
22.1655158840995 0
22.1718967028267 0
22.1782775617048 0
22.1846584607338 0
22.1910393999137 0
22.1974203792444 0
22.2038013987261 0
22.2101824583586 0
22.2165635581421 0
22.2229446980764 0
22.2293258781615 0
22.2357070983976 0
22.2420883587846 0
22.2484696593224 1
22.2548510000112 0
22.2612323808508 1
22.2676138018413 1
22.2739952629826 0
22.2803767642749 0
22.2867583057181 0
22.2931398873121 0
22.299521509057 0
22.3059031709528 0
22.3122848729995 1
22.3186666151971 0
22.3250483975456 0
22.3314302200449 0
22.3378120826951 0
22.3441939854963 0
22.3505759284483 0
22.3569579115511 0
22.3633399348049 0
22.3697219982096 0
22.3761041017651 0
22.3824862454715 0
22.3888684293288 0
22.395250653337 0
22.4016329174961 0
22.4080152218061 0
22.4143975662669 0
22.4207799508787 0
22.4271623756413 0
22.4335448405548 0
22.4399273456192 0
22.4463098908344 0
22.4526924762006 0
22.4590751017176 0
22.4654577673856 0
22.4718404732044 0
22.4782232191741 0
22.4846060052947 0
22.4909888315661 0
22.4973716979885 0
22.5037546045617 0
22.5101375512858 0
22.5165205381608 0
22.5229035651867 0
22.5292866323635 0
22.5356697396911 0
22.5420528871697 0
22.5484360747991 0
22.5548193025794 0
22.5612025705106 0
22.5675858785927 0
22.5739692268257 0
22.5803526152095 0
22.5867360437443 0
22.5931195124299 0
22.5995030212664 0
22.6058865702538 0
22.6122701593921 0
22.6186537886812 0
22.6250374581213 0
22.6314211677122 0
22.637804917454 0
22.6441887073467 0
22.6505725373903 1
22.6569564075848 0
22.6633403179301 0
22.6697242684264 0
22.6761082590735 0
22.6824922898715 0
22.6888763608204 0
22.6952604719202 0
22.7016446231708 0
22.7080288145724 0
22.7144130461248 0
22.7207973178281 0
22.7271816296823 0
22.7335659816874 1
22.7399503738434 0
22.7463348061502 0
22.752719278608 0
22.7591037912166 0
22.7654883439761 2
22.7718729368865 0
22.7782575699478 0
22.7846422431599 0
22.791026956523 0
22.7974117100369 0
22.8037965037018 0
22.8101813375175 0
22.816566211484 0
22.8229511256015 0
22.8293360798699 0
22.8357210742891 0
22.8421061088592 0
22.8484911835803 0
22.8548762984522 0
22.8612614534749 0
22.8676466486486 0
22.8740318839731 0
22.8804171594486 0
22.8868024750749 1
22.8931878308521 0
22.8995732267802 0
22.9059586628592 0
22.912344139089 0
22.9187296554698 0
22.9251152120014 0
22.9315008086839 0
22.9378864455173 0
22.9442721225016 0
22.9506578396368 0
22.9570435969228 0
22.9634293943598 0
22.9698152319476 0
22.9762011096863 0
22.9825870275759 0
22.9889729856164 0
22.9953589838077 0
23.00174502215 1
23.0081311006431 0
23.0145172192871 0
23.020903378082 0
23.0272895770278 0
23.0336758161245 0
23.040062095372 0
23.0464484147705 0
23.0528347743198 0
23.05922117402 0
23.0656076138711 1
23.0719940938731 0
23.0783806140259 0
23.0847671743297 0
23.0911537747843 0
23.0975404153898 0
23.1039270961462 0
23.1103138170535 0
23.1167005781117 0
23.1230873793208 0
23.1294742206807 0
23.1358611021915 0
23.1422480238532 0
23.1486349856658 0
23.1550219876293 0
23.1614090297437 0
23.1677961120089 0
23.1741832344251 0
23.1805703969921 0
23.18695759971 0
23.1933448425788 0
23.1997321255985 0
23.206119448769 0
23.2125068120905 0
23.2188942155628 0
23.225281659186 0
23.2316691429601 0
23.2380566668851 0
23.2444442309609 0
23.2508318351877 1
23.2572194795653 0
23.2636071640939 1
23.2699948887733 0
23.2763826536036 0
23.2827704585847 0
23.2891583037168 0
23.2955461889997 1
23.3019341144336 0
23.3083220800183 0
23.3147100857539 0
23.3210981316404 0
23.3274862176777 0
23.333874343866 0
23.3402625102051 0
23.3466507166952 0
23.3530389633361 0
23.3594272501279 0
23.3658155770705 1
23.3722039441641 0
23.3785923514085 0
23.3849807988039 0
23.3913692863501 0
23.3977578140472 0
23.4041463818952 0
23.4105349898941 0
23.4169236380438 0
23.4233123263445 0
23.429701054796 0
23.4360898233984 0
23.4424786321517 0
23.4488674810559 0
23.4552563701109 1
23.4616452993169 0
23.4680342686737 0
23.4744232781814 0
23.48081232784 0
23.4872014176495 0
23.4935905476099 0
23.4999797177212 0
23.5063689279833 0
23.5127581783963 0
23.5191474689602 0
23.525536799675 0
23.5319261705407 0
23.5383155815573 0
23.5447050327247 0
23.5510945240431 0
23.5574840555123 0
23.5638736271324 0
23.5702632389034 0
23.5766528908253 0
23.583042582898 0
23.5894323151217 0
23.5958220874962 0
23.6022119000216 0
23.6086017526979 0
23.6149916455251 0
23.6213815785032 0
23.6277715516321 0
23.634161564912 0
23.6405516183427 0
23.6469417119243 0
23.6533318456568 0
23.6597220195402 0
23.6661122335744 0
23.6725024877596 0
23.6788927820956 0
23.6852831165825 0
23.6916734912203 0
23.698063906009 0
23.7044543609486 0
23.710844856039 0
23.7172353912804 0
23.7236259666726 0
23.7300165822157 0
23.7364072379097 0
23.7427979337546 1
23.7491886697503 0
23.755579445897 0
23.7619702621945 0
23.7683611186429 0
23.7747520152422 0
23.7811429519924 0
23.7875339288935 0
23.7939249459455 0
23.8003160031483 0
23.806707100502 0
23.8130982380066 0
23.8194894156621 0
23.8258806334685 0
23.8322718914258 0
23.8386631895339 0
23.845054527793 0
23.8514459062029 0
23.8578373247637 0
23.8642287834754 0
23.870620282338 0
23.8770118213514 0
23.8834034005158 0
23.889795019831 0
23.8961866792971 0
23.9025783789141 0
23.908970118682 0
23.9153618986008 0
23.9217537186704 0
23.9281455788909 0
23.9345374792624 0
23.9409294197847 0
23.9473214004579 0
23.9537134212819 0
23.9601054822569 0
23.9664975833827 0
23.9728897246595 0
23.9792819060871 0
23.9856741276656 0
23.992066389395 0
23.9984586912753 0
24.0048510333064 0
24.0112434154884 0
24.0176358378214 0
24.0240283003052 0
24.0304208029399 0
24.0368133457254 1
24.0432059286619 0
24.0495985517493 0
24.0559912149875 1
24.0623839183766 0
24.0687766619166 0
24.0751694456075 0
24.0815622694493 0
24.0879551334419 0
24.0943480375855 0
24.1007409818799 0
24.1071339663252 0
24.1135269909214 0
24.1199200556685 0
24.1263131605664 0
24.1327063056153 0
24.139099490815 0
24.1454927161656 0
24.1518859816672 0
24.1582792873195 0
24.1646726331228 0
24.171066019077 0
24.177459445182 0
24.1838529114379 0
24.1902464178448 0
24.1966399644025 0
24.203033551111 0
24.2094271779705 0
24.2158208449809 0
24.2222145521421 0
24.2286082994542 1
24.2350020869172 0
24.2413959145311 0
24.2477897822959 0
24.2541836902115 0
24.2605776382781 0
24.2669716264955 0
24.2733656548638 1
24.279759723383 0
24.2861538320531 0
24.2925479808741 1
24.2989421698459 0
24.3053363989687 1
24.3117306682423 0
24.3181249776668 0
24.3245193272422 0
24.3309137169685 0
24.3373081468456 0
24.3437026168737 0
24.3500971270526 0
24.3564916773824 0
24.3628862678631 0
24.3692808984947 0
24.3756755692772 0
24.3820702802106 0
24.3884650312948 0
24.3948598225299 0
24.4012546539159 0
24.4076495254528 0
24.4140444371406 0
24.4204393889793 0
24.4268343809688 0
24.4332294131093 1
24.4396244854006 0
24.4460195978428 0
24.4524147504359 0
24.4588099431798 0
24.4652051760747 0
24.4716004491204 0
24.4779957623171 0
24.4843911156646 0
24.490786509163 0
24.4971819428123 0
24.5035774166124 0
24.5099729305635 0
24.5163684846654 0
24.5227640789182 0
24.5291597133219 0
24.5355553878765 0
24.541951102582 0
24.5483468574384 0
24.5547426524456 0
24.5611384876037 0
24.5675343629127 0
24.5739302783726 0
24.5803262339834 0
24.5867222297451 0
24.5931182656576 0
24.5995143417211 0
24.6059104579354 1
24.6123066143006 0
24.6187028108167 0
24.6250990474837 0
24.6314953243015 0
24.6378916412703 0
24.6442879983899 0
24.6506843956604 0
24.6570808330818 0
24.6634773106541 0
24.6698738283773 0
24.6762703862513 0
24.6826669842763 0
24.6890636224521 0
24.6954603007788 0
24.7018570192564 0
24.7082537778849 0
24.7146505766643 0
24.7210474155945 0
24.7274442946756 0
24.7338412139077 0
24.7402381732906 0
24.7466351728243 0
24.753032212509 0
24.7594292923446 0
24.765826412331 0
24.7722235724683 0
24.7786207727566 0
24.7850180131956 0
24.7914152937856 0
24.7978126145265 0
24.8042099754182 0
24.8106073764609 0
24.8170048176544 0
24.8234022989988 0
24.8297998204941 0
24.8361973821403 0
24.8425949839373 0
24.8489926258853 0
24.8553903079841 0
24.8617880302338 0
24.8681857926344 0
24.8745835951859 0
24.8809814378883 0
24.8873793207415 0
24.8937772437456 0
24.9001752069007 0
24.9065732102066 0
24.9129712536634 0
24.919369337271 1
24.9257674610296 0
24.932165624939 0
24.9385638289994 0
24.9449620732106 0
24.9513603575727 0
24.9577586820857 0
24.9641570467495 0
24.9705554515643 0
24.9769538965299 0
24.9833523816465 0
24.9897509069139 1
24.9961494723322 0
25.0025480779013 0
25.0089467236214 0
25.0153454094923 0
25.0217441355142 0
25.0281429016869 0
25.0345417080105 0
25.040940554485 1
25.0473394411104 0
25.0537383678866 0
25.0601373348138 0
25.0665363418918 0
25.0729353891207 0
25.0793344765005 0
25.0857336040312 0
25.0921327717127 0
25.0985319795452 0
25.1049312275285 0
25.1113305156627 0
25.1177298439478 0
25.1241292123838 0
25.1305286209707 1
25.1369280697085 0
25.1433275585971 0
25.1497270876366 0
25.156126656827 0
25.1625262661683 0
25.1689259156605 0
25.1753256053036 0
25.1817253350975 0
25.1881251050424 0
25.1945249151381 0
25.2009247653847 0
25.2073246557822 0
25.2137245863306 0
25.2201245570298 0
25.22652456788 0
25.232924618881 0
25.2393247100329 0
25.2457248413357 0
25.2521250127894 0
25.258525224394 0
25.2649254761494 0
25.2713257680558 0
25.277726100113 0
25.2841264723211 1
25.2905268846801 0
25.2969273371899 0
25.3033278298507 0
25.3097283626624 0
25.3161289356249 0
25.3225295487383 0
25.3289302020026 0
25.3353308954178 0
25.3417316289839 0
25.3481324027008 0
25.3545332165687 0
25.3609340705874 0
25.367334964757 0
25.3737358990775 0
25.3801368735489 0
25.3865378881711 0
25.3929389429443 0
25.3993400378683 0
25.4057411729432 0
25.412142348169 0
25.4185435635457 1
25.4249448190733 0
25.4313461147517 0
25.4377474505811 0
25.4441488265613 0
25.4505502426924 0
25.4569516989744 0
25.4633531954073 0
25.4697547319911 0
25.4761563087257 0
25.4825579256113 1
25.4889595826477 0
25.495361279835 0
25.5017630171732 0
25.5081647946623 0
25.5145666123022 0
25.520968470093 0
25.5273703680348 0
25.5337723061274 0
25.5401742843709 0
25.5465763027653 1
25.5529783613105 0
25.5593804600067 0
25.5657825988537 0
25.5721847778517 0
25.5785869970005 0
25.5849892563002 0
25.5913915557507 0
25.5977938953522 0
25.6041962751045 0
25.6105986950078 0
25.6170011550619 0
25.6234036552669 0
25.6298061956228 0
25.6362087761295 0
25.6426113967872 0
25.6490140575957 0
25.6554167585551 0
25.6618194996655 0
25.6682222809267 0
25.6746251023387 0
25.6810279639017 0
25.6874308656155 0
25.6938338074803 0
25.7002367894959 0
25.7066398116624 0
25.7130428739798 0
25.7194459764481 0
25.7258491190672 0
25.7322523018372 0
25.7386555247582 0
25.74505878783 0
25.7514620910527 1
25.7578654344263 0
25.7642688179507 1
25.7706722416261 0
25.7770757054523 0
25.7834792094294 0
25.7898827535574 0
25.7962863378363 0
25.8026899622661 1
25.8090936268468 0
25.8154973315783 0
25.8219010764607 0
25.828304861494 0
25.8347086866782 0
25.8411125520133 0
25.8475164574993 0
25.8539204031361 0
25.8603243889239 0
25.8667284148625 0
25.873132480952 0
25.8795365871924 0
25.8859407335837 0
25.8923449201258 1
