0.00376441624044753 0
0.0100042250603804 0
0.0162440740311979 0
0.0224839631529003 0
0.0287238924254874 0
0.0349638618489593 0
0.0412038714233159 0
0.0474439211485573 0
0.0536840110246835 0
0.0599241410516945 0
0.0661643112295902 0
0.0724045215583706 0
0.0786447720380359 0
0.0848850626685859 0
0.0911253934500206 0
0.0973657643823402 0
0.103606175465544 0
0.109846626699634 0
0.116087118084607 0
0.122327649620466 0
0.128568221307209 0
0.134808833144837 0
0.14104948513335 0
0.147290177272748 0
0.15353090956303 0
0.159771682004198 0
0.16601249459625 0
0.172253347339186 0
0.178494240233008 0
0.184735173277714 0
0.190976146473305 0
0.197217159819781 0
0.203458213317141 0
0.209699306965386 0
0.215940440764517 0
0.222181614714531 0
0.228422828815431 0
0.234664083067215 0
0.240905377469884 0
0.247146712023438 0
0.253388086727877 34
0.2596295015832 80
0.265870956589409 95
0.272112451746502 66
0.278353987054479 85
0.284595562513342 63
0.290837178123089 69
0.297078833883721 76
0.303320529795238 93
0.309562265857639 79
0.315804042070926 90
0.322045858435097 90
0.328287714950153 89
0.334529611616093 76
0.340771548432918 90
0.347013525400629 84
0.353255542519223 89
0.359497599788703 87
0.365739697209068 90
0.371981834780317 82
0.378224012502451 73
0.384466230375469 71
0.390708488399373 88
0.396950786574161 74
0.403193124899834 79
0.409435503376392 86
0.415677922003834 74
0.421920380782162 85
0.428162879711374 75
0.434405418791471 72
0.440647998022452 63
0.446890617404319 62
0.45313327693707 70
0.459375976620706 84
0.465618716455226 75
0.471861496440632 64
0.478104316576922 72
0.484347176864097 87
0.490590077302156 76
0.496833017891101 80
0.50307599863093 73
0.509319019521644 69
0.515562080563243 70
0.521805181755727 74
0.528048323099095 70
0.534291504593348 96
0.540534726238486 72
0.546777988034508 71
0.553021289981416 67
0.559264632079208 58
0.565508014327885 66
0.571751436727446 63
0.577994899277893 60
0.584238401979224 48
0.59048194483144 60
0.596725527834541 57
0.602969150988526 74
0.609212814293396 61
0.615456517749152 53
0.621700261355791 71
0.627944045113316 53
0.634187869021725 59
0.640431733081019 74
0.646675637291198 64
0.652919581652262 68
0.65916356616421 65
0.665407590827043 73
0.671651655640761 69
0.677895760605364 64
0.684139905720851 55
0.690384090987223 64
0.69662831640448 40
0.702872581972622 73
0.709116887691648 72
0.71536123356156 69
0.721605619582356 65
0.727850045754037 63
0.734094512076602 54
0.740339018550052 53
0.746583565174387 50
0.752828151949607 55
0.759072778875712 52
0.765317445952701 60
0.771562153180575 51
0.777806900559334 62
0.784051688088978 55
0.790296515769506 58
0.79654138360092 52
0.802786291583217 53
0.8090312397164 59
0.815276228000468 54
0.82152125643542 48
0.827766325021257 49
0.834011433757979 59
0.840256582645585 60
0.846501771684077 52
0.852747000873453 46
0.858992270213714 53
0.865237579704859 48
0.87148292934689 51
0.877728319139805 61
0.883973749083605 40
0.890219219178289 69
0.896464729423859 65
0.902710279820313 61
0.908955870367652 49
0.915201501065876 54
0.921447171914984 40
0.927692882914977 51
0.933938634065855 62
0.940184425367618 50
0.946430256820266 43
0.952676128423798 59
0.958922040178215 50
0.965167992083517 46
0.971413984139703 59
0.977660016346775 61
0.983906088704731 62
0.990152201213572 45
0.996398353873298 54
1.00264454668391 63
1.0088907796454 44
1.01513705275778 58
1.02138336602105 45
1.0276297194352 58
1.03387611300023 40
1.04012254671615 48
1.04636902058295 49
1.05261553460064 47
1.05886208876922 49
1.06510868308867 47
1.07135531755902 49
1.07760199218024 34
1.08384870695236 61
1.09009546187535 52
1.09634225694924 54
1.102589092174 49
1.10883596754965 57
1.11508288307619 52
1.12132983875361 42
1.12757683458192 55
1.13382387056111 46
1.14007094669118 43
1.14631806297214 53
1.15256521940399 48
1.15881241598672 45
1.16505965272033 37
1.17130692960483 47
1.17755424664021 57
1.18380160382648 48
1.19004900116364 52
1.19629643865168 43
1.2025439162906 58
1.20879143408041 48
1.2150389920211 42
1.22128659011268 56
1.22753422835514 56
1.23378190674848 44
1.24002962529272 54
1.24627738398783 45
1.25252518283383 37
1.25877302183072 56
1.26502090097849 34
1.27126882027714 44
1.27751677972668 35
1.28376477932711 55
1.29001281907842 50
1.29626089898061 48
1.30250901903369 45
1.30875717923766 40
1.3150053795925 46
1.32125362009824 47
1.32750190075486 37
1.33375022156236 42
1.33999858252075 29
1.34624698363002 39
1.35249542489018 40
1.35874390630122 38
1.36499242786315 43
1.37124098957596 46
1.37748959143965 41
1.38373823345423 37
1.3899869156197 50
1.39623563793605 35
1.40248440040329 51
1.40873320302141 38
1.41498204579041 45
1.4212309287103 45
1.42747985178108 42
1.43372881500274 43
1.43997781837528 42
1.44622686189871 35
1.45247594557302 50
1.45872506939822 49
1.4649742333743 42
1.47122343750127 40
1.47747268177912 53
1.48372196620786 47
1.48997129078748 42
1.49622065551799 49
1.50247006039938 40
1.50871950543166 46
1.51496899061482 41
1.52121851594886 48
1.5274680814338 38
1.53371768706961 42
1.53996733285631 43
1.5462170187939 45
1.55246674488237 36
1.55871651112172 40
1.56496631751196 39
1.57121616405308 37
1.57746605074509 43
1.58371597758799 49
1.58996594458176 43
1.59621595172643 36
1.60246599902197 35
1.60871608646841 27
1.61496621406573 35
1.62121638181393 27
1.62746658971301 38
1.63371683776299 29
1.63996712596384 29
1.64621745431558 29
1.65246782281821 44
1.65871823147172 32
1.66496868027612 27
1.6712191692314 38
1.67746969833756 41
1.68372026759461 34
1.68997087700255 31
1.69622152656136 51
1.70247221627107 29
1.70872294613166 28
1.71497371614313 35
1.72122452630549 38
1.72747537661873 39
1.73372626708286 30
1.73997719769787 34
1.74622816846377 34
1.75247917938055 33
1.75873023044822 27
1.76498132166677 24
1.77123245303621 29
1.77748362455653 33
1.78373483622774 29
1.78998608804983 35
1.7962373800228 35
1.80248871214666 30
1.80874008442141 51
1.81499149684704 32
1.82124294942355 41
1.82749444215095 33
1.83374597502924 34
1.8399975480584 30
1.84624916123846 30
1.8525008145694 20
1.85875250805122 47
1.86500424168393 21
1.87125601546752 36
1.877507829402 25
1.88375968348736 29
1.89001157772361 37
1.89626351211074 25
1.90251548664876 21
1.90876750133766 32
1.91501955617744 27
1.92127165116811 29
1.92752378630967 31
1.93377596160211 30
1.94002817704544 31
1.94628043263965 28
1.95253272838474 21
1.95878506428072 28
1.96503744032758 39
1.97128985652533 30
1.97754231287397 23
1.98379480937348 23
1.99004734602389 38
1.99629992282518 33
2.00255253977735 37
2.00880519688041 39
2.01505789413435 29
2.02131063153918 29
2.02756340909489 33
2.03381622680148 30
2.04006908465897 22
2.04632198266733 28
2.05257492082658 30
2.05882789913672 33
2.06508091759774 28
2.07133397620964 34
2.07758707497243 33
2.08384021388611 33
2.09009339295067 37
2.09634661216611 37
2.10259987153244 40
2.10885317104966 51
2.11510651071775 51
2.12135989053674 49
2.12761331050661 55
2.13386677062736 56
2.140120270899 52
2.14637381132152 47
2.15262739189493 58
2.15888101261922 77
2.16513467349439 71
2.17138837452046 78
2.1776421156974 56
2.18389589702523 60
2.19014971850395 60
2.19640358013355 51
2.20265748191403 50
2.2089114238454 42
2.21516540592766 61
2.2214194281608 59
2.22767349054482 57
2.23392759307973 50
2.24018173576553 50
2.24643591860221 55
2.25269014158977 51
2.25894440472822 37
2.26519870801755 36
2.27145305145777 43
2.27770743504887 30
2.28396185879086 26
2.29021632268373 28
2.29647082672749 17
2.30272537092213 18
2.30897995526765 19
2.31523457976406 26
2.32148924441136 21
2.32774394920954 21
2.33399869415861 20
2.34025347925856 19
2.34650830450939 14
2.35276316991111 18
2.35901807546372 16
2.3652730211672 17
2.37152800702158 14
2.37778303302684 15
2.38403809918298 15
2.39029320549001 16
2.39654835194792 26
2.40280353855672 16
2.4090587653164 17
2.41531403222697 11
2.42156933928842 16
2.42782468650076 18
2.43408007386398 17
2.44033550137809 19
2.44659096904308 14
2.45284647685895 12
2.45910202482571 19
2.46535761294336 12
2.47161324121189 16
2.4778689096313 13
2.4841246182016 16
2.49038036692279 24
2.49663615579486 12
2.50289198481781 11
2.50914785399165 20
2.51540376331637 12
2.52165971279198 19
2.52791570241848 18
2.53417173219585 19
2.54042780212412 19
2.54668391220326 12
2.5529400624333 15
2.55919625281421 16
2.56545248334601 19
2.5717087540287 12
2.57796506486227 19
2.58422141584673 19
2.59047780698207 17
2.59673423826829 14
2.6029907097054 16
2.6092472212934 14
2.61550377303228 25
2.62176036492204 14
2.62801699696269 15
2.63427366915423 18
2.64053038149665 14
2.64678713398995 28
2.65304392663414 18
2.65930075942921 13
2.66555763237517 15
2.67181454547201 18
2.67807149871974 16
2.68432849211835 16
2.69058552566785 19
2.69684259936823 21
2.7030997132195 15
2.70935686722165 12
2.71561406137468 15
2.7218712956786 16
2.72812857013341 21
2.7343858847391 22
2.74064323949567 17
2.74690063440313 14
2.75315806946148 19
2.75941554467071 20
2.76567306003082 24
2.77193061554182 19
2.7781882112037 17
2.78444584701647 23
2.79070352298013 22
2.79696123909466 17
2.80321899536009 13
2.8094767917764 21
2.81573462834359 14
2.82199250506166 17
2.82825042193063 19
2.83450837895047 22
2.8407663761212 29
2.84702441344282 16
2.85328249091532 21
2.85954060853871 33
2.86579876631298 34
2.87205696423813 36
2.87831520231417 37
2.8845734805411 38
2.89083179891891 47
2.8970901574476 60
2.90334855612718 83
2.90960699495764 102
2.91586547393899 105
2.92212399307122 126
2.92838255235434 117
2.93464115178835 159
2.94089979137323 174
2.94715847110901 193
2.95341719099566 207
2.9596759510332 191
2.96593475122163 210
2.97219359156094 229
2.97845247205114 241
2.98471139269222 233
2.99097035348418 248
2.99722935442703 230
3.00348839552077 188
3.00974747676539 195
3.0160065981609 190
3.02226575970728 149
3.02852496140456 168
3.03478420325272 111
3.04104348525176 121
3.04730280740169 105
3.0535621697025 89
3.0598215721542 81
3.06608101475678 58
3.07234049751025 46
3.0786000204146 48
3.08485958346984 35
3.09111918667596 36
3.09737883003297 28
3.10363851354086 34
3.10989823719964 28
3.1161580010093 20
3.12241780496984 21
3.12867764908127 23
3.13493753334359 25
3.14119745775679 25
3.14745742232087 32
3.15371742703584 18
3.1599774719017 20
3.16623755691844 36
3.17249768208606 36
3.17875784740457 34
3.18501805287396 49
3.19127829849424 36
3.1975385842654 36
3.20379891018745 34
3.21005927626038 37
3.2163196824842 29
3.2225801288589 29
3.22884061538449 31
3.23510114206096 34
3.24136170888832 37
3.24762231586656 33
3.25388296299568 31
3.2601436502757 19
3.26640437770659 37
3.27266514528837 28
3.27892595302104 23
3.28518680090458 29
3.29144768893902 23
3.29770861712434 25
3.30396958546054 19
3.31023059394763 18
3.3164916425856 28
3.32275273137446 21
3.32901386031421 18
3.33527502940483 16
3.34153623864635 21
3.34779748803874 13
3.35405877758203 15
3.36032010727619 6
3.36658147712124 16
3.37284288711718 11
3.379104337264 19
3.38536582756171 19
3.3916273580103 16
3.39788892860977 14
3.40415053936013 14
3.41041219026138 18
3.41667388131351 11
3.42293561251652 16
3.42919738387042 18
3.43545919537521 17
3.44172104703087 18
3.44798293883743 18
3.45424487079487 12
3.46050684290319 14
3.4667688551624 14
3.47303090757249 14
3.47929300013347 12
3.48555513284533 13
3.49181730570808 24
3.49807951872171 21
3.50434177188622 21
3.51060406520162 15
3.51686639866791 25
3.52312877228508 9
3.52939118605314 14
3.53565363997208 17
3.5419161340419 14
3.54817866826261 15
3.55444124263421 22
3.56070385715669 15
3.56696651183005 12
3.5732292066543 16
3.57949194162943 18
3.58575471675545 23
3.59201753203235 18
3.59828038746014 21
3.60454328303881 16
3.61080621876837 11
3.61706919464881 17
3.62333221068014 15
3.62959526686235 21
3.63585836319545 17
3.64212149967943 17
3.64838467631429 24
3.65464789310005 17
3.66091115003668 19
3.6671744471242 19
3.67343778436261 22
3.6797011617519 17
3.68596457929207 18
3.69222803698313 14
3.69849153482507 18
3.7047550728179 23
3.71101865096162 14
3.71728226925622 15
3.7235459277017 18
3.72980962629807 18
3.73607336504532 25
3.74233714394346 20
3.74860096299248 24
3.75486482219239 16
3.76112872154318 25
3.76739266104485 15
3.77365664069742 19
3.77992066050086 25
3.78618472045519 14
3.79244882056041 21
3.79871296081651 25
3.80497714122349 15
3.81124136178136 26
3.81750562249012 22
3.82376992334976 13
3.83003426436028 23
3.83629864552169 20
3.84256306683398 18
3.84882752829716 14
3.85509202991123 25
3.86135657167617 14
3.86762115359201 31
3.87388577565872 19
3.88015043787633 15
3.88641514024481 22
3.89267988276418 22
3.89894466543444 28
3.90520948825558 24
3.91147435122761 17
3.91773925435052 21
3.92400419762432 22
3.930269181049 17
3.93653420462456 22
3.94279926835101 29
3.94906437222835 18
3.95532951625656 36
3.96159470043567 25
3.96785992476566 34
3.97412518924653 17
3.98039049387829 20
3.98665583866093 24
3.99292122359446 29
3.99918664867887 22
4.00545211391417 34
4.01171761930035 18
4.01798316483742 29
4.02424875052537 18
4.03051437636421 28
4.03678004235393 24
4.04304574849454 28
4.04931149478603 24
4.0555772812284 32
4.06184310782166 29
4.06810897456581 22
4.07437488146084 19
4.08064082850676 20
4.08690681570355 34
4.09317284305124 25
4.09943891054981 19
4.10570501819926 34
4.1119711659996 19
4.11823735395082 39
4.12450358205293 23
4.13076985030592 20
4.1370361587098 29
4.14330250726456 31
4.14956889597021 36
4.15583532482674 26
4.16210179383416 20
4.16836830299246 32
4.17463485230165 37
4.18090144176172 29
4.18716807137267 29
4.19343474113451 27
4.19970145104724 33
4.20596820111085 35
4.21223499132535 45
4.21850182169072 25
4.22476869220699 34
4.23103560287414 30
4.23730255369217 36
4.24356954466109 30
4.24983657578089 24
4.25610364705158 28
4.26237075847316 35
4.26863791004561 41
4.27490510176896 21
4.28117233364318 30
4.28743960566829 32
4.29370691784429 27
4.29997427017117 36
4.30624166264894 36
4.31250909527759 30
4.31877656805713 40
4.32504408098755 36
4.33131163406885 37
4.33757922730104 39
4.34384686068412 29
4.35011453421808 36
4.35638224790292 35
4.36265000173865 31
4.36891779572526 31
4.37518562986276 26
4.38145350415115 34
4.38772141859041 32
4.39398937318057 44
4.40025736792161 35
4.40652540281353 35
4.41279347785633 36
4.41906159305003 32
4.4253297483946 40
4.43159794389006 57
4.43786617953641 36
4.44413445533364 39
4.45040277128176 41
4.45667112738076 44
4.46293952363064 48
4.46920796003142 31
4.47547643658307 41
4.48174495328561 31
4.48801351013903 42
4.49428210714334 47
4.50055074429854 26
4.50681942160462 34
4.51308813906158 51
4.51935689666943 49
4.52562569442816 41
4.53189453233778 41
4.53816341039828 49
4.54443232860967 47
4.55070128697194 44
4.5569702854851 46
4.56323932414914 45
4.56950840296407 43
4.57577752192988 37
4.58204668104657 46
4.58831588031415 38
4.59458511973262 41
4.60085439930197 37
4.6071237190222 45
4.61339307889332 45
4.61966247891533 48
4.62593191908822 44
4.63220139941199 47
4.63847091988665 49
4.64474048051219 63
4.65101008128862 44
4.65727972221594 52
4.66354940329413 34
4.66981912452322 39
4.67608888590318 47
4.68235868743404 43
4.68862852911577 54
4.69489841094839 55
4.7011683329319 53
4.70743829506629 46
4.71370829735157 53
4.71997833978773 52
4.72624842237477 43
4.7325185451127 50
4.73878870800152 51
4.74505891104122 50
4.7513291542318 47
4.75759943757327 65
4.76386976106563 45
4.77014012470887 49
4.77641052850299 51
4.782680972448 52
4.78895145654389 48
4.79522198079067 52
4.80149254518833 38
4.80776314973688 50
4.81403379443631 45
4.82030447928663 67
4.82657520428783 62
4.83284596943992 56
4.83911677474289 53
4.84538762019674 55
4.85165850580149 44
4.85792943155711 61
4.86420039746362 56
4.87047140352102 52
4.8767424497293 44
4.88301353608846 64
4.88928466259851 44
4.89555582925945 57
4.90182703607126 63
4.90809828303397 43
4.91436957014756 49
4.92064089741203 61
4.92691226482739 48
4.93318367239363 70
4.93945512011076 55
4.94572660797877 51
4.95199813599767 59
4.95826970416745 60
4.96454131248811 68
4.97081296095967 65
4.9770846495821 64
4.98335637835542 62
4.98962814727963 58
4.99589995635472 60
5.00217180558069 58
5.00844369495755 60
5.0147156244853 59
5.02098759416393 65
5.02725960399344 70
5.03353165397384 67
5.03980374410513 65
5.04607587438729 56
5.05234804482035 68
5.05862025540429 53
5.06489250613911 65
5.07116479702482 51
5.07743712806141 71
5.08370949924889 75
5.08998191058725 69
5.09625436207649 80
5.10252685371663 72
5.10879938550764 61
5.11507195744954 82
5.12134456954233 66
5.127617221786 83
5.13388991418055 71
5.14016264672599 63
5.14643541942232 82
5.15270823226953 76
5.15898108526762 75
5.1652539784166 49
5.17152691171647 75
5.17779988516721 73
5.18407289876885 70
5.19034595252137 95
5.19661904642477 70
5.20289218047906 82
5.20916535468423 79
5.21543856904029 74
5.22171182354723 87
5.22798511820505 65
5.23425845301377 64
5.24053182797336 87
5.24680524308384 73
5.25307869834521 95
5.25935219375746 80
5.2656257293206 81
5.27189930503461 62
5.27817292089952 75
5.28444657691531 76
5.29072027308198 79
5.29699400939954 83
5.30326778586799 93
5.30954160248732 81
5.31581545925753 72
5.32208935617863 99
5.32836329325061 108
5.33463727047348 76
5.34091128784723 72
5.34718534537187 71
5.35345944304739 87
5.3597335808738 70
5.36600775885109 107
5.37228197697926 89
5.37855623525832 73
5.38483053368827 102
5.3911048722691 88
5.39737925100082 101
5.40365366988342 91
5.4099281289169 84
5.41620262810127 91
5.42247716743653 87
5.42875174692267 86
5.43502636655969 100
5.4413010263476 106
5.44757572628639 103
5.45385046637607 87
5.46012524661663 96
5.46640006700808 109
5.47267492755041 97
5.47894982824363 99
5.48522476908773 97
5.49149975008272 82
5.49777477122859 111
5.50404983252535 89
5.51032493397299 92
5.51660007557151 107
5.52287525732093 102
5.52915047922122 97
5.5354257412724 104
5.54170104347447 81
5.54797638582741 92
5.55425176833125 93
5.56052719098597 98
5.56680265379157 104
5.57307815674806 99
5.57935369985544 93
5.58562928311369 108
5.59190490652284 110
5.59818057008286 98
5.60445627379378 115
5.61073201765557 93
5.61700780166826 88
5.62328362583182 113
5.62955949014628 117
5.63583539461161 93
5.64211133922783 99
5.64838732399494 114
5.65466334891293 109
5.6609394139818 114
5.66721551920157 117
5.67349166457221 106
5.67976785009374 120
5.68604407576615 121
5.69232034158945 119
5.69859664756364 104
5.70487299368871 130
5.71114937996466 110
5.7174258063915 103
5.72370227296922 89
5.72997877969783 122
5.73625532657732 108
5.7425319136077 106
5.74880854078896 120
5.75508520812111 117
5.76136191560414 119
5.76763866323806 141
5.77391545102286 119
5.78019227895854 97
5.78646914704512 128
5.79274605528257 122
5.79902300367091 123
5.80529999221014 108
5.81157702090025 146
5.81785408974124 111
5.82413119873312 123
5.83040834787588 114
5.83668553716953 115
5.84296276661407 111
5.84924003620948 122
5.85551734595579 134
5.86179469585298 149
5.86807208590105 133
5.87434951610001 140
5.88062698644985 151
5.88690449695058 131
5.89318204760219 132
5.89945963840468 135
5.90573726935807 133
5.91201494046233 140
5.91829265171748 127
5.92457040312352 151
5.93084819468044 121
5.93712602638824 150
5.94340389824693 138
5.94968181025651 136
5.95595976241697 147
5.96223775472831 129
5.96851578719054 158
5.97479385980365 152
5.98107197256765 145
5.98735012548254 146
5.9936283185483 131
5.99990655176496 146
6.00618482513249 137
6.01246313865092 136
6.01874149232022 147
6.02501988614042 142
6.03129832011149 140
6.03757679423345 123
6.0438553085063 153
6.05013386293003 132
6.05641245750465 145
6.06269109223015 136
6.06896976710653 164
6.0752484821338 140
6.08152723731196 132
6.087806032641 150
6.09408486812092 164
6.10036374375173 131
6.10664265953342 128
6.112921615466 153
6.11920061154947 160
6.12547964778381 131
6.13175872416905 143
6.13803784070516 108
6.14431699739217 152
6.15059619423005 160
6.15687543121883 166
6.16315470835848 142
6.16943402564902 159
6.17571338309045 173
6.18199278068276 168
6.18827221842596 152
6.19455169632004 138
6.200831214365 173
6.20711077256085 118
6.21339037090759 156
6.21967000940521 169
6.22594968805371 151
6.2322294068531 144
6.23850916580337 151
6.24478896490453 165
6.25106880415658 149
6.2573486835595 163
6.26362860311332 152
6.26990856281801 170
6.2761885626736 172
6.28246860268006 171
6.28874868283742 166
6.29502880314565 162
6.30130896360477 155
6.30758916421478 142
6.31386940497567 176
6.32014968588745 153
6.32643000695011 178
6.33271036816365 172
6.33899076952808 144
6.3452712110434 165
6.3515516927096 189
6.35783221452668 156
6.36411277649465 164
6.37039337861351 145
6.37667402088324 187
6.38295470330387 168
6.38923542587538 169
6.39551618859777 172
6.40179699147105 169
6.40807783449521 172
6.41435871767026 180
6.42063964099619 193
6.42692060447301 192
6.43320160810071 183
6.43948265187929 147
6.44576373580876 168
6.45204485988912 174
6.45832602412036 189
6.46460722850249 191
6.4708884730355 149
6.47716975771939 172
6.48345108255417 156
6.48973244753984 186
6.49601385267639 181
6.50229529796382 164
6.50857678340214 183
6.51485830899134 168
6.52113987473143 156
6.5274214806224 149
6.53370312666426 180
6.539984812857 154
6.54626653920063 193
6.55254830569514 166
6.55883011234054 151
6.56511195913682 175
6.57139384608399 148
6.57767577318204 199
6.58395774043097 163
6.59023974783079 171
6.5965217953815 164
6.60280388308309 172
6.60908601093557 151
6.61536817893893 163
6.62165038709317 176
6.6279326353983 135
6.63421492385431 182
6.64049725246121 170
6.64677962121899 152
6.65306203012766 163
6.65934447918722 162
6.66562696839766 170
6.67190949775898 164
6.67819206727118 164
6.68447467693428 182
6.69075732674825 172
6.69704001671312 184
6.70332274682886 177
6.70960551709549 147
6.71588832751301 170
6.72217117808141 161
6.7284540688007 196
6.73473699967087 178
6.74101997069192 166
6.74730298186386 162
6.75358603318668 190
6.75986912466039 174
6.76615225628499 182
6.77243542806047 172
6.77871863998683 175
6.78500189206408 180
6.79128518429221 185
6.79756851667123 162
6.80385188920113 185
6.81013530188192 185
6.81641875471359 164
6.82270224769615 182
6.82898578082959 180
6.83526935411392 193
6.84155296754913 182
6.84783662113523 184
6.85412031487221 190
6.86040404876007 170
6.86668782279882 193
6.87297163698846 206
6.87925549132898 190
6.88553938582038 197
6.89182332046267 164
6.89810729525585 196
6.9043913101999 180
6.91067536529485 217
6.91695946054068 187
6.92324359593739 178
6.92952777148499 193
6.93581198718347 181
6.94209624303284 169
6.94838053903309 185
6.95466487518423 183
6.96094925148625 182
6.96723366793916 180
6.97351812454295 198
6.97980262129762 189
6.98608715820318 195
6.99237173525963 203
6.99865635246696 190
7.00494100982518 209
7.01122570733428 186
7.01751044499426 196
7.02379522280513 184
7.03008004076688 195
7.03636489887952 209
7.04264979714305 187
7.04893473555745 195
7.05521971412275 200
7.06150473283893 178
7.06778979170599 168
7.07407489072394 193
7.08036002989277 196
7.08664520921249 179
7.09293042868309 206
7.09921568830457 229
7.10550098807695 194
7.1117863280002 211
7.11807170807434 203
7.12435712829937 206
7.13064258867528 188
7.13692808920208 164
7.14321362987975 205
7.14949921070832 188
7.15578483168777 190
7.1620704928181 185
7.16835619409932 211
7.17464193553143 192
7.18092771711441 202
7.18721353884829 202
7.19349940073305 197
7.19978530276869 217
7.20607124495522 198
7.21235722729263 198
7.21864324978093 204
7.22492931242011 215
7.23121541521017 180
7.23750155815113 206
7.24378774124296 206
7.25007396448568 202
7.25636022787929 191
7.26264653142378 213
7.26893287511916 226
7.27521925896542 226
7.28150568296256 198
7.28779214711059 211
7.2940786514095 215
7.3003651958593 228
7.30665178045999 202
7.31293840521156 236
7.31922507011401 219
7.32551177516735 200
7.33179852037157 216
7.33808530572668 231
7.34437213123267 217
7.35065899688955 223
7.35694590269731 231
7.36323284865596 210
7.36951983476549 208
7.3758068610259 209
7.38209392743721 249
7.38838103399939 214
7.39466818071246 202
7.40095536757642 214
7.40724259459126 213
7.41352986175698 242
7.41981716907359 263
7.42610451654109 230
7.43239190415946 243
7.43867933192873 248
7.44496679984888 234
7.45125430791991 228
7.45754185614183 245
7.46382944451463 213
7.47011707303832 219
7.47640474171289 264
7.48269245053835 231
7.48898019951469 223
7.49526798864192 240
7.50155581792003 251
7.50784368734903 256
7.51413159692891 258
7.52041954665967 228
7.52670753654133 238
7.53299556657386 241
7.53928363675728 217
7.54557174709158 253
7.55185989757678 256
7.55814808821285 241
7.56443631899981 208
7.57072458993765 232
7.57701290102638 246
7.583301252266 250
7.58958964365649 229
7.59587807519788 224
7.60216654689014 255
7.6084550587333 243
7.61474361072733 232
7.62103220287226 238
7.62732083516806 230
7.63360950761475 220
7.63989822021233 250
7.64618697296079 242
7.65247576586014 255
7.65876459891037 255
7.66505347211148 258
7.67134238546349 264
7.67763133896637 250
7.68392033262014 239
7.69020936642479 235
7.69649844038033 259
7.70278755448676 244
7.70907670874407 223
7.71536590315226 265
7.72165513771134 237
7.7279444124213 263
7.73423372728215 250
7.74052308229388 263
7.7468124774565 245
7.75310191277 236
7.75939138823439 282
7.76568090384966 251
7.77197045961582 256
7.77826005553286 249
7.78454969160078 239
7.79083936781959 254
7.79712908418929 248
7.80341884070987 228
7.80970863738134 258
7.81599847420369 262
7.82228835117692 256
7.82857826830104 268
7.83486822557604 254
7.84115822300193 256
7.84744826057871 250
7.85373833830637 244
7.86002845618491 220
7.86631861421434 261
7.87260881239465 277
7.87889905072585 262
7.88518932920793 270
7.8914796478409 301
7.89777000662475 254
7.90406040555948 261
7.91035084464511 279
7.91664132388161 270
7.922931843269 301
7.92922240280728 290
7.93551300249644 249
7.94180364233648 279
7.94809432232741 258
7.95438504246923 274
7.96067580276193 260
7.96696660320551 268
7.97325744379998 269
7.97954832454533 266
7.98583924544157 287
7.9921302064887 268
7.9984212076867 315
8.0047122490356 295
8.01100333053537 263
8.01729445218604 270
8.02358561398758 298
8.02987681594002 298
8.03616805804333 319
8.04245934029753 292
8.04875066270262 322
8.05504202525859 309
8.06133342796545 295
8.06762487082318 279
8.07391635383181 278
8.08020787699132 318
8.08649944030172 289
8.092791043763 317
8.09908268737516 312
8.10537437113821 337
8.11166609505214 330
8.11795785911696 366
8.12424966333266 314
8.13054150769925 307
8.13683339221672 361
8.14312531688508 336
8.14941728170433 365
8.15570928667445 346
8.16200133179546 358
8.16829341706736 389
8.17458554249014 378
8.18087770806381 378
8.18716991378836 355
8.1934621596638 347
8.19975444569011 337
8.20604677186732 367
8.21233913819541 367
8.21863154467439 350
8.22492399130424 366
8.23121647808499 369
8.23750900501662 367
8.24380157209913 362
8.25009417933253 362
8.25638682671682 356
8.26267951425198 356
8.26897224193803 344
8.27526500977497 397
8.2815578177628 342
8.2878506659015 349
8.29414355419109 398
8.30043648263157 424
8.30672945122293 364
8.31302245996518 369
8.31931550885831 403
8.32560859790233 378
8.33190172709723 391
8.33819489644301 395
8.34448810593968 338
8.35078135558724 381
8.35707464538567 384
8.363367975335 386
8.36966134543521 370
8.3759547556863 327
8.38224820608828 391
8.38854169664114 346
8.39483522734489 398
8.40112879819953 383
8.40742240920504 416
8.41371606036145 393
8.42000975166873 392
8.42630348312691 386
8.43259725473596 383
8.43889106649591 389
8.44518491840673 401
8.45147881046844 437
8.45777274268104 388
8.46406671504452 406
8.47036072755888 404
8.47665478022413 427
8.48294887304027 406
8.48924300600729 372
8.49553717912519 434
8.50183139239398 438
8.50812564581366 411
8.51441993938422 419
8.52071427310566 401
8.52700864697799 430
8.5333030610012 410
8.5395975151753 373
8.54589200950028 432
8.55218654397615 393
8.5584811186029 408
8.56477573338054 384
8.57107038830906 404
8.57736508338846 364
8.58365981861876 392
8.58995459399993 393
8.59624940953199 343
8.60254426521494 356
8.60883916104877 389
8.61513409703348 377
8.62142907316908 380
8.62772408945557 347
8.63401914589294 386
8.64031424248119 400
8.64660937922033 347
8.65290455611035 364
8.65919977315126 380
8.66549503034305 345
8.67179032768573 379
8.67808566517929 386
8.68438104282374 403
8.69067646061908 408
8.69697191856529 397
8.70326741666239 403
8.70956295491038 385
8.71585853330925 385
8.72215415185901 407
8.72844981055965 400
8.73474550941117 399
8.74104124841358 430
8.74733702756688 426
8.75363284687106 389
8.75992870632612 403
8.76622460593207 403
8.77252054568891 438
8.77881652559662 439
8.78511254565523 396
8.79140860586472 430
8.79770470622509 440
8.80400084673635 418
8.81029702739849 381
8.81659324821152 421
8.82288950917543 435
8.82918581029023 432
8.83548215155591 426
8.84177853297247 431
8.84807495453993 446
8.85437141625826 467
8.86066791812748 407
8.86696446014759 406
8.87326104231858 430
8.87955766464045 396
8.88585432711321 436
8.89215102973686 479
8.89844777251139 437
8.9047445554368 467
8.9110413785131 453
8.91733824174028 448
8.92363514511835 464
8.92993208864731 435
8.93622907232715 498
8.94252609615787 448
8.94882316013947 463
8.95512026427197 494
8.96141740855534 488
8.9677145929896 513
8.97401181757475 484
8.98030908231078 525
8.9866063871977 519
8.9929037322355 510
8.99920111742419 516
9.00549854276376 535
9.01179600825421 549
9.01809351389555 534
9.02439105968778 539
9.03068864563089 547
9.03698627172488 580
9.04328393796976 602
9.04958164436552 593
9.05587939091217 652
9.0621771776097 642
9.06847500445812 617
9.07477287145742 628
9.08107077860761 639
9.08736872590869 685
9.09366671336064 725
9.09996474096348 656
9.10626280871721 707
9.11256091662182 741
9.11885906467732 704
9.1251572528837 764
9.13145548124097 832
9.13775374974912 826
9.14405205840815 904
9.15035040721807 853
9.15664879617888 938
9.16294722529057 955
9.16924569455314 1004
9.1755442039666 1049
9.18184275353094 1055
9.18814134324617 1139
9.19443997311229 1146
9.20073864312928 1234
9.20703735329717 1243
9.21333610361593 1280
9.21963489408559 1259
9.22593372470612 1375
9.23223259547754 1453
9.23853150639985 1515
9.24483045747304 1645
9.25112944869712 1661
9.25742848007208 1722
9.26372755159793 1839
9.27002666327466 1805
9.27632581510227 1915
9.28262500708077 1959
9.28892423921016 2015
9.29522351149043 2170
9.30152282392158 2206
9.30782217650362 2166
9.31412156923654 2291
9.32042100212035 2349
9.32672047515504 2405
9.33301998834062 2390
9.33931954167709 2380
9.34561913516443 2389
9.35191876880267 2463
9.35821844259178 2490
9.36451815653179 2593
9.37081791062267 2451
9.37711770486444 2603
9.3834175392571 2570
9.38971741380064 2411
9.39601732849507 2630
9.40231728334038 2645
9.40861727833657 2643
9.41491731348365 2539
9.42121738878162 2517
9.42751750423047 2389
9.4338176598302 2535
9.44011785558082 2308
9.44641809148233 2406
9.45271836753471 2325
9.45901868373799 2312
9.46531904009215 2249
9.47161943659719 2241
9.47791987325312 2062
9.48422035005993 2056
9.49052086701763 1990
9.49682142412621 1973
9.50312202138567 1995
9.50942265879603 1848
9.51572333635726 1931
9.52202405406939 1778
9.52832481193239 1740
9.53462560994628 1751
9.54092644811106 1670
9.54722732642672 1678
9.55352824489326 1724
9.55982920351069 1615
9.56613020227901 1666
9.5724312411982 1643
9.57873232026829 1652
9.58503343948926 1733
9.59133459886111 1709
9.59763579838385 1714
9.60393703805747 1768
9.61023831788198 1810
9.61653963785737 1794
9.62284099798365 1819
9.62914239826081 1955
9.63544383868886 1901
9.64174531926779 1935
9.64804683999761 2026
9.65434840087831 2040
9.66065000190989 2140
9.66695164309236 2134
9.67325332442572 2034
9.67955504590996 2039
9.68585680754508 2081
9.6921586093311 2018
9.69846045126799 2015
9.70476233335577 2064
9.71106425559443 2068
9.71736621798398 2082
9.72366822052442 1893
9.72997026321573 1907
9.73627234605794 1807
9.74257446905103 1745
9.748876632195 1627
9.75517883548985 1626
9.7614810789356 1570
9.76778336253222 1449
9.77408568627973 1375
9.78038805017813 1324
9.78669045422741 1236
9.79299289842758 1133
9.79929538277863 1065
9.80559790728057 992
9.81190047193339 893
9.81820307673709 866
9.82450572169168 864
9.83080840679716 786
9.83711113205352 735
9.84341389746076 696
9.84971670301889 682
9.8560195487279 654
9.8623224345878 636
9.86862536059858 632
9.87492832676025 568
9.8812313330728 557
9.88753437953624 526
9.89383746615056 553
9.90014059291577 542
9.90644375983186 573
9.91274696689884 530
9.9190502141167 550
9.92535350148545 503
9.93165682900508 522
9.93796019667559 480
9.94426360449699 445
9.95056705246928 459
9.95687054059245 512
9.9631740688665 540
9.96947763729144 496
9.97578124586727 513
9.98208489459397 471
9.98838858347157 526
9.99469231250005 509
10.0009960816794 471
10.0072998910097 447
10.0136037404908 491
10.0199076301228 492
10.0262115599057 477
10.0325155298395 471
10.0388195399242 488
10.0451235901597 488
10.0514276805462 467
10.0577318110835 480
10.0640359817717 490
10.0703401926108 487
10.0766444436008 515
10.0829487347416 478
10.0892530660334 508
10.095557437476 500
10.1018618490696 490
10.108166300814 539
10.1144707927092 507
10.1207753247554 496
10.1270798969525 541
10.1333845093004 534
10.1396891617992 524
10.145993854449 508
10.1522985872496 503
10.158603360201 509
10.1649081733034 559
10.1712130265567 494
10.1775179199608 502
10.1838228535158 514
10.1901278272217 453
10.1964328410785 535
10.2027378950862 531
10.2090429892448 488
10.2153481235542 521
10.2216532980145 532
10.2279585126257 515
10.2342637673878 525
10.2405690623008 525
10.2468743973647 588
10.2531797725794 532
10.2594851879451 540
10.2657906434616 559
10.272096139129 552
10.2784016749473 542
10.2847072509165 551
10.2910128670365 528
10.2973185233075 555
10.3036242197293 579
10.309929956302 570
10.3162357330256 550
10.3225415499001 548
10.3288474069255 553
10.3351533041018 585
10.3414592414289 573
10.3477652189069 551
10.3540712365358 559
10.3603772943156 569
10.3666833922463 586
10.3729895303279 585
10.3792957085603 608
10.3856019269437 532
10.3919081854779 588
10.398214484163 567
10.404520822999 603
10.4108272019858 569
10.4171336211236 607
10.4234400804122 579
10.4297465798518 549
10.4360531194422 612
10.4423596991835 615
10.4486663190757 605
10.4549729791187 617
10.4612796793127 605
10.4675864196575 598
10.4738932001532 598
10.4802000207998 617
10.4865068815973 640
10.4928137825457 607
10.499120723645 630
10.5054277048951 642
10.5117347262961 681
10.5180417878481 652
10.5243488895509 615
10.5306560314045 620
10.5369632134091 638
10.5432704355646 653
10.5495776978709 677
10.5558850003281 667
10.5621923429362 670
10.5684997256952 717
10.5748071486051 668
10.5811146116659 661
10.5874221148775 707
10.59372965824 728
10.6000372417534 713
10.6063448654177 711
10.6126525292329 745
10.618960233199 742
10.625267977316 746
10.6315757615838 726
10.6378835860025 766
10.6441914505721 796
10.6504993552926 820
10.656807300164 855
10.6631152851863 814
10.6694233103594 792
10.6757313756834 861
10.6820394811584 850
10.6883476267842 904
10.6946558125609 871
10.7009640384884 883
10.7072723045669 905
10.7135806107962 950
10.7198889571765 948
10.7261973437076 1043
10.7325057703896 984
10.7388142372224 1003
10.7451227442062 1060
10.7514312913409 1080
10.7577398786264 1079
10.7640485060628 1163
10.7703571736501 1183
10.7766658813883 1185
10.7829746292774 1170
10.7892834173173 1189
10.7955922455082 1271
10.8019011138499 1221
10.8082100223425 1281
10.814518970986 1305
10.8208279597804 1369
10.8271369887257 1431
10.8334460578218 1413
10.8397551670689 1410
10.8460643164668 1458
10.8523735060156 1479
10.8586827357153 1635
10.8649920055659 1605
10.8713013155673 1631
10.8776106657197 1659
10.8839200560229 1742
10.890229486477 1721
10.896538957082 1783
10.9028484678379 1818
10.9091580187447 1851
10.9154676098023 1979
10.9217772410109 1949
10.9280869123703 1952
10.9343966238806 2053
10.9407063755418 2100
10.9470161673539 2049
10.9533259993168 2084
10.9596358714307 2151
10.9659457836954 2090
10.972255736111 2211
10.9785657286775 2165
10.9848757613949 2320
10.9911858342632 2289
10.9974959472823 2266
11.0038061004524 2308
11.0101162937733 2319
11.0164265272451 2322
11.0227368008678 2387
11.0290471146414 2306
11.0353574685659 2359
11.0416678626412 2384
11.0479782968674 2418
11.0542887712446 2320
11.0605992857726 2226
11.0669098404514 2335
11.0732204352812 2338
11.0795310702619 2350
11.0858417453934 2374
11.0921524606758 2324
11.0984632161092 2303
11.1047740116934 2250
11.1110848474284 2280
11.1173957233144 2212
11.1237066393513 2151
11.130017595539 2192
11.1363285918776 2263
11.1426396283671 2107
11.1489507050075 2167
11.1552618217988 2197
11.1615729787409 1963
11.167884175834 2041
11.1741954130779 1994
11.1805066904727 1915
11.1868180080184 1874
11.193129365715 1764
11.1994407635625 1860
11.2057522015608 1796
11.2120636797101 1755
11.2183751980102 1698
11.2246867564612 1592
11.2309983550631 1638
11.2373099938159 1611
11.2436216727195 1595
11.2499333917741 1582
11.2562451509795 1502
11.2625569503358 1508
11.268868789843 1429
11.2751806695011 1497
11.2814925893101 1493
11.2878045492699 1404
11.2941165493807 1386
11.3004285896423 1452
11.3067406700548 1392
11.3130527906182 1359
11.3193649513325 1449
11.3256771521977 1380
11.3319893932137 1391
11.3383016743806 1457
11.3446139956985 1435
11.3509263571672 1434
11.3572387587867 1434
11.3635512005572 1439
11.3698636824786 1487
11.3761762045508 1509
11.3824887667739 1530
11.388801369148 1559
11.3951140116729 1564
11.4014266943486 1592
11.4077394171753 1569
11.4140521801529 1563
11.4203649832813 1563
11.4266778265606 1607
11.4329907099908 1562
11.4393036335719 1554
11.4456165973039 1520
11.4519296011867 1551
11.4582426452205 1465
11.4645557294051 1483
11.4708688537406 1499
11.477182018227 1428
11.4834952228643 1393
11.4898084676525 1389
11.4961217525915 1380
11.5024350776815 1379
11.5087484429223 1361
11.515061848314 1354
11.5213752938566 1316
11.5276887795501 1317
11.5340023053944 1303
11.5403158713897 1362
11.5466294775358 1272
11.5529431238328 1223
11.5592568102807 1216
11.5655705368795 1197
11.5718843036292 1192
11.5781981105297 1195
11.5845119575812 1115
11.5908258447835 1092
11.5971397721367 1045
11.6034537396408 1017
11.6097677472958 1031
11.6160817951016 971
11.6223958830584 998
11.628710011166 939
11.6350241794245 937
11.6413383878339 876
11.6476526363942 860
11.6539669251054 839
11.6602812539674 815
11.6665956229804 801
11.6729100321442 778
11.6792244814589 722
11.6855389709245 721
11.691853500541 681
11.6981680703084 692
11.7044826802266 650
11.7107973302957 655
11.7171120205158 635
11.7234267508867 564
11.7297415214085 568
11.7360563320811 574
11.7423711829047 575
11.7486860738791 600
11.7550010050045 557
11.7613159762807 575
11.7676309877078 570
11.7739460392858 582
11.7802611310146 537
11.7865762628944 576
11.792891434925 573
11.7992066471065 593
11.8055218994389 524
11.8118371919222 537
11.8181525245564 553
11.8244678973415 536
11.8307833102774 573
11.8370987633642 574
11.8434142566019 586
11.8497297899905 578
11.85604536353 561
11.8623609772204 545
11.8686766310617 533
11.8749923250538 570
11.8813080591968 545
11.8876238334907 486
11.8939396479355 545
11.9002555025312 573
11.9065713972778 553
11.9128873321752 535
11.9192033072235 518
11.9255193224228 571
11.9318353777729 500
11.9381514732738 556
11.9444676089257 538
11.9507837847285 535
11.9571000006821 559
11.9634162567866 539
11.969732553042 599
11.9760488894483 516
11.9823652660055 542
11.9886816827136 531
11.9949981395725 521
12.0013146365824 517
12.0076311737431 529
12.0139477510547 534
12.0202643685172 513
12.0265810261305 469
12.0328977238948 498
12.0392144618099 509
12.045531239876 538
12.0518480580929 494
12.0581649164607 538
12.0644818149794 507
12.0707987536489 552
12.0771157324694 510
12.0834327514407 529
12.0897498105629 479
12.096066909836 533
12.10238404926 555
12.1087012288349 498
12.1150184485607 543
12.1213357084373 508
12.1276530084648 527
12.1339703486433 535
12.1402877289725 519
12.1466051494527 545
12.1529226100838 539
12.1592401108658 504
12.1655576517986 531
12.1718752328823 556
12.1781928541169 525
12.1845105155024 593
12.1908282170388 562
12.1971459587261 507
12.2034637405642 557
12.2097815625532 546
12.2160994246931 531
12.2224173269839 511
12.2287352694256 524
12.2350532520182 569
12.2413712747617 557
12.247689337656 550
12.2540074407012 518
12.2603255838973 533
12.2666437672443 553
12.2729619907422 558
12.279280254391 546
12.2855985581906 474
12.2919169021411 524
12.2982352862426 561
12.3045537104949 505
12.3108721748981 536
12.3171906794521 539
12.3235092241571 569
12.3298278090129 560
12.3361464340196 581
12.3424650991773 571
12.3487838044858 569
12.3551025499451 600
12.3614213355554 600
12.3677401613165 574
12.3740590272286 582
12.3803779332915 527
12.3866968795053 577
12.39301586587 628
12.3993348923856 574
12.405653959052 538
12.4119730658694 559
12.4182922128376 579
12.4246113999567 579
12.4309306272267 563
12.4372498946476 572
12.4435692022194 618
12.449888549942 603
12.4562079378156 561
12.46252736584 620
12.4688468340153 598
12.4751663423415 585
12.4814858908185 615
12.4878054794465 645
12.4941251082254 619
12.5004447771551 626
12.5067644862357 622
12.5130842354672 633
12.5194040248496 649
12.5257238543829 635
12.532043724067 656
12.538363633902 691
12.544683583888 695
12.5510035740248 681
12.5573236043125 647
12.563643674751 664
12.5699637853405 658
12.5762839360809 697
12.5826041269721 705
12.5889243580142 746
12.5952446292072 697
12.6015649405511 722
12.6078852920459 742
12.6142056836915 696
12.6205261154881 794
12.6268465874355 755
12.6331670995338 714
12.639487651783 790
12.6458082441831 760
12.652128876734 745
12.6584495494359 752
12.6647702622886 755
12.6710910152922 805
12.6774118084467 838
12.6837326417521 824
12.6900535152084 828
12.6963744288156 806
12.7026953825736 845
12.7090163764825 860
12.7153374105423 838
12.721658484753 878
12.7279795991146 848
12.7343007536271 871
12.7406219482904 846
12.7469431831047 827
12.7532644580698 767
12.7595857731858 860
12.7659071284527 918
12.7722285238705 829
12.7785499594391 814
12.7848714351587 832
12.7911929510291 851
12.7975145070504 895
12.8038361032226 909
12.8101577395457 853
12.8164794160197 874
12.8228011326445 895
12.8291228894203 848
12.8354446863469 797
12.8417665234244 833
12.8480884006528 866
12.8544103180321 833
12.8607322755622 895
12.8670542732433 855
12.8733763110752 834
12.879698389058 830
12.8860205071917 832
12.8923426654763 862
12.8986648639118 825
12.9049871024981 884
12.9113093812354 832
12.9176317001235 826
12.9239540591625 801
12.9302764583524 818
12.9365988976932 789
12.9429213771848 827
12.9492438968274 776
12.9555664566208 787
12.9618890565651 817
12.9682116966603 813
12.9745343769064 811
12.9808570973034 792
12.9871798578513 797
12.99350265855 755
12.9998254993996 772
13.0061483804001 766
13.0124713015515 771
13.0187942628538 730
13.025117264307 767
13.031440305911 765
13.037763387666 718
13.0440865095718 745
13.0504096716285 750
13.0567328738361 732
13.0630561161945 775
13.0693793987039 738
13.0757027213642 775
13.0820260841753 740
13.0883494871373 723
13.0946729302502 691
13.100996413514 688
13.1073199369286 742
13.1136435004942 690
13.1199671042106 680
13.126290748078 695
13.1326144320962 757
13.1389381562652 722
13.1452619205852 657
13.1515857250561 702
13.1579095696778 679
13.1642334544505 656
13.170557379374 720
13.1768813444484 661
13.1832053496737 696
13.1895293950498 686
13.1958534805769 667
13.2021776062548 720
13.2085017720836 772
13.2148259780634 707
13.221150224194 774
13.2274745104754 655
13.2337988369078 685
13.240123203491 774
13.2464476102252 713
13.2527720571102 650
13.2590965441461 681
13.2654210713329 724
13.2717456386705 731
13.2780702461591 741
13.2843948937985 706
13.2907195815889 734
13.2970443095301 749
13.3033690776222 761
13.3096938858652 761
13.316018734259 778
13.3223436228038 776
13.3286685514994 758
13.3349935203459 743
13.3413185293433 727
13.3476435784916 726
13.3539686677908 728
13.3602937972408 775
13.3666189668418 786
13.3729441765936 689
13.3792694264963 735
13.3855947165499 745
13.3919200467544 708
13.3982454171098 667
13.404570827616 663
13.4108962782732 705
13.4172217690812 751
13.4235473000401 723
13.4298728711499 772
13.4361984824106 648
13.4425241338221 658
13.4488498253846 647
13.4551755570979 689
13.4615013289621 671
13.4678271409772 643
13.4741529931432 647
13.4804788854601 621
13.4868048179278 602
13.4931307905465 588
13.499456803316 635
13.5057828562364 624
13.5121089493077 642
13.5184350825298 603
13.5247612559029 603
13.5310874694269 615
13.5374137231017 591
13.5437400169274 623
13.550066350904 610
13.5563927250315 599
13.5627191393099 599
13.5690455937391 597
13.5753720883193 566
13.5816986230503 600
13.5880251979322 588
13.594351812965 572
13.6006784681487 617
13.6070051634832 612
13.6133318989687 618
13.619658674605 640
13.6259854903922 603
13.6323123463303 622
13.6386392424193 625
13.6449661786592 586
13.65129315505 609
13.6576201715916 618
13.6639472282841 620
13.6702743251275 609
13.6766014621218 625
13.682928639267 598
13.6892558565631 647
13.69558311401 595
13.7019104116079 618
13.7082377493566 613
13.7145651272562 595
13.7208925453067 620
13.7272200035081 667
13.7335475018603 617
13.7398750403635 627
13.7462026190175 592
13.7525302378224 628
13.7588578967782 589
13.7651855958849 621
13.7715133351424 579
13.7778411145509 641
13.7841689341102 621
13.7904967938205 644
13.7968246936816 607
13.8031526336936 606
13.8094806138564 575
13.8158086341702 579
13.8221366946348 595
13.8284647952504 548
13.8347929360168 610
13.8411211169341 549
13.8474493380023 616
13.8537775992213 573
13.8601059005913 555
13.8664342421121 584
13.8727626237839 557
13.8790910456065 574
13.88541950758 556
13.8917480097043 572
13.8980765519796 595
13.9044051344058 561
13.9107337569828 575
13.9170624197107 561
13.9233911225895 554
13.9297198656192 542
13.9360486487998 596
13.9423774721312 598
13.9487063356136 589
13.9550352392468 570
13.9613641830309 558
13.9676931669659 548
13.9740221910518 511
13.9803512552885 587
13.9866803596762 594
13.9930095042147 559
13.9993386889041 526
14.0056679137444 547
14.0119971787356 529
14.0183264838777 572
14.0246558291707 561
14.0309852146145 563
14.0373146402092 577
14.0436441059549 567
14.0499736118514 553
14.0563031578987 559
14.062632744097 559
14.0689623704462 556
14.0752920369462 551
14.0816217435971 568
14.0879514903989 604
14.0942812773516 537
14.1006111044552 568
14.1069409717096 558
14.113270879115 543
14.1196008266712 566
14.1259308143783 562
14.1322608422363 577
14.1385909102452 561
14.144921018405 571
14.1512511667156 545
14.1575813551772 589
14.1639115837896 563
14.1702418525529 618
14.1765721614671 550
14.1829025105322 598
14.1892328997481 611
14.195563329115 569
14.2018937986327 565
14.2082243083013 574
14.2145548581208 595
14.2208854480912 581
14.2272160782125 573
14.2335467484847 609
14.2398774589077 570
14.2462082094816 573
14.2525390002064 595
14.2588698310821 597
14.2652007021087 586
14.2715316132862 578
14.2778625646145 573
14.2841935560937 589
14.2905245877239 538
14.2968556595049 565
14.3031867714368 578
14.3095179235195 556
14.3158491157532 601
14.3221803481377 606
14.3285116206732 566
14.3348429333595 564
14.3411742861967 538
14.3475056791847 582
14.3538371123237 557
14.3601685856136 591
14.3665000990543 602
14.3728316526459 589
14.3791632463884 584
14.3854948802818 622
14.3918265543261 572
14.3981582685213 612
14.4044900228673 598
14.4108218173642 520
14.417153652012 559
14.4234855268107 577
14.4298174417603 588
14.4361493968608 532
14.4424813921121 538
14.4488134275144 566
14.4551455030675 595
14.4614776187715 588
14.4678097746264 609
14.4741419706322 575
14.4804742067888 572
14.4868064830964 592
14.4931387995548 586
14.4994711561641 590
14.5058035529243 573
14.5121359898354 549
14.5184684668974 563
14.5248009841102 585
14.531133541474 580
14.5374661389886 564
14.5437987766541 577
14.5501314544705 575
14.5564641724378 562
14.562796930556 620
14.569129728825 569
14.5754625672449 604
14.5817954458158 587
14.5881283645375 581
14.59446132341 561
14.6007943224335 547
14.6071273616079 587
14.6134604409331 540
14.6197935604092 563
14.6261267200363 561
14.6324599198141 568
14.6387931597429 593
14.6451264398226 610
14.6514597600531 569
14.6577931204346 597
14.6641265209669 584
14.6704599616501 575
14.6767934424842 582
14.6831269634692 594
14.689460524605 600
14.6957941258918 589
14.7021277673294 597
14.7084614489179 587
14.7147951706573 613
14.7211289325476 623
14.7274627345888 581
14.7337965767808 559
14.7401304591237 554
14.7464643816176 569
14.7527983442623 563
14.7591323470579 576
14.7654663900043 527
14.7718004731017 562
14.7781345963499 579
14.7844687597491 625
14.7908029632991 572
14.797137207 561
14.8034714908518 608
14.8098058148544 602
14.816140179008 587
14.8224745833124 574
14.8288090277678 599
14.835143512374 630
14.8414780371311 560
14.847812602039 561
14.8541472070979 538
14.8604818523077 571
14.8668165376683 601
14.8731512631798 602
14.8794860288422 593
14.8858208346555 625
14.8921556806197 571
14.8984905667347 566
14.9048254930007 589
14.9111604594175 575
14.9174954659852 558
14.9238305127038 595
14.9301655995733 600
14.9365007265936 560
14.9428358937649 591
14.949171101087 586
14.95550634856 616
14.9618416361839 613
14.9681769639587 563
14.9745123318844 577
14.980847739961 608
14.9871831881884 559
14.9935186765667 579
14.9998542050959 579
15.006189773776 621
15.012525382607 619
15.0188610315889 579
15.0251967207216 594
15.0315324500053 600
15.0378682194398 575
15.0442040290252 626
15.0505398787615 626
15.0568757686487 595
15.0632116986867 575
15.0695476688757 599
15.0758836792155 611
15.0822197297062 579
15.0885558203478 665
15.0948919511403 564
15.1012281220837 625
15.1075643331779 588
15.1139005844231 593
15.1202368758191 632
15.126573207366 579
15.1329095790638 607
15.1392459909125 565
15.145582442912 579
15.1519189350625 609
15.1582554673638 569
15.164592039816 559
15.1709286524191 621
15.1772653051731 615
15.183601998078 616
15.1899387311337 577
15.1962755043404 536
15.2026123176979 618
15.2089491712063 653
15.2152860648656 584
15.2216229986758 578
15.2279599726368 534
15.2342969867488 593
15.2406340410116 594
15.2469711354253 595
15.2533082699899 586
15.2596454447054 568
15.2659826595718 615
15.2723199145891 620
15.2786572097572 647
15.2849945450762 602
15.2913319205461 647
15.2976693361669 582
15.3040067919386 635
15.3103442878612 558
15.3166818239346 614
15.323019400159 575
15.3293570165342 642
15.3356946730603 574
15.3420323697373 576
15.3483701065652 565
15.3547078835439 556
15.3610457006736 624
15.3673835579541 595
15.3737214553855 624
15.3800593929678 588
15.386397370701 619
15.392735388585 624
15.39907344662 578
15.4054115448058 584
15.4117496831426 600
15.4180878616302 624
15.4244260802687 648
15.430764339058 628
15.4371026379983 588
15.4434409770894 610
15.4497793563315 576
15.4561177757244 580
15.4624562352682 599
15.4687947349629 608
15.4751332748084 582
15.4814718548049 623
15.4878104749522 594
15.4941491352505 632
15.5004878356996 578
15.5068265762996 582
15.5131653570504 595
15.5195041779522 617
15.5258430390048 587
15.5321819402084 640
15.5385208815628 607
15.5448598630681 612
15.5511988847243 620
15.5575379465314 604
15.5638770484893 605
15.5702161905982 614
15.5765553728579 653
15.5828945952685 615
15.58923385783 588
15.5955731605424 624
15.6019125034056 604
15.6082518864198 617
15.6145913095848 614
15.6209307729007 635
15.6272702763675 573
15.6336098199852 570
15.6399494037538 620
15.6462890276733 647
15.6526286917436 654
15.6589683959648 570
15.6653081403369 621
15.6716479248599 619
15.6779877495338 652
15.6843276143586 635
15.6906675193342 568
15.6970074644608 582
15.7033474497382 661
15.7096874751665 606
15.7160275407457 588
15.7223676464758 593
15.7287077923567 633
15.7350479783886 628
15.7413882045713 608
15.7477284709049 618
15.7540687773894 672
15.7604091240248 568
15.7667495108111 612
15.7730899377482 599
15.7794304048363 594
15.7857709120752 638
15.792111459465 586
15.7984520470057 648
15.8047926746973 580
15.8111333425397 616
15.8174740505331 658
15.8238147986773 620
15.8301555869724 602
15.8364964154184 615
15.8428372840153 609
15.8491781927631 597
15.8555191416617 619
15.8618601307113 636
15.8682011599117 567
15.874542229263 577
15.8808833387652 616
15.8872244884183 591
15.8935656782223 579
15.8999069081771 622
15.9062481782828 619
15.9125894885394 561
15.918930838947 620
15.9252722295053 629
15.9316136602146 624
15.9379551310748 618
15.9442966420858 633
15.9506381932477 612
15.9569797845606 616
15.9633214160242 610
15.9696630876388 607
15.9760047994043 666
15.9823465513206 563
15.9886883433879 592
15.995030175606 611
16.001372047975 633
16.0077139604949 607
16.0140559131657 633
16.0203979059873 586
16.0267399389599 623
16.0330820120833 618
16.0394241253576 588
16.0457662787828 605
16.0521084723589 605
16.0584507060859 623
16.0647929799637 584
16.0711352939925 561
16.0774776481721 594
16.0838200425026 602
16.090162476984 620
16.0965049516163 638
16.1028474663994 568
16.1091900213335 615
16.1155326164184 560
16.1218752516542 599
16.1282179270409 622
16.1345606425785 633
16.140903398267 594
16.1472461941063 628
16.1535890300966 624
16.1599319062377 628
16.1662748225297 621
16.1726177789726 623
16.1789607755664 687
16.185303812311 587
16.1916468892066 604
16.197990006253 614
16.2043331634503 569
16.2106763607985 575
16.2170195982976 644
16.2233628759476 629
16.2297061937484 626
16.2360495517002 613
16.2423929498028 697
16.2487363880563 655
16.2550798664607 610
16.261423385016 607
16.2677669437222 607
16.2741105425792 627
16.2804541815872 590
16.286797860746 568
16.2931415800557 596
16.2994853395163 565
16.3058291391277 590
16.3121729788901 626
16.3185168588033 606
16.3248607788675 585
16.3312047390825 597
16.3375487394484 598
16.3438927799652 642
16.3502368606328 649
16.3565809814514 631
16.3629251424208 606
16.3692693435411 636
16.3756135848123 579
16.3819578662344 635
16.3883021878074 613
16.3946465495313 570
16.400990951406 599
16.4073353934316 593
16.4136798756082 619
16.4200243979356 613
16.4263689604138 653
16.432713563043 579
16.4390582058231 662
16.445402888754 614
16.4517476118358 602
16.4580923750685 630
16.4644371784521 627
16.4707820219866 638
16.477126905672 665
16.4834718295082 608
16.4898167934954 588
16.4961617976334 591
16.5025068419223 625
16.5088519263621 608
16.5151970509527 580
16.5215422156943 591
16.5278874205867 639
16.53423266563 620
16.5405779508243 591
16.5469232761694 628
16.5532686416653 603
16.5596140473122 601
16.5659594931099 599
16.5723049790586 603
16.5786505051581 630
16.5849960714085 616
16.5913416778098 610
16.597687324362 628
16.604033011065 636
16.610378737919 599
16.6167245049238 640
16.6230703120795 573
16.6294161593861 629
16.6357620468436 633
16.6421079744519 611
16.6484539422112 602
16.6547999501213 627
16.6611459981824 573
16.6674920863943 638
16.6738382147571 590
16.6801843832707 606
16.6865305919353 636
16.6928768407507 627
16.6992231297171 614
16.7055694588343 607
16.7119158281024 584
16.7182622375214 620
16.7246086870912 583
16.730955176812 578
16.7373017066836 627
16.7436482767061 611
16.7499948868795 631
16.7563415372038 599
16.762688227679 649
16.7690349583051 604
16.775381729082 579
16.7817285400099 586
16.7880753910886 593
16.7944222823182 627
16.8007692136987 666
16.80711618523 626
16.8134631969123 606
16.8198102487454 605
16.8261573407294 578
16.8325044728644 639
16.8388516451501 686
16.8451988575868 598
16.8515461101744 637
16.8578934029128 626
16.8642407358022 592
16.8705881088424 677
16.8769355220335 623
16.8832829753755 581
16.8896304688684 634
16.8959780025121 609
16.9023255763068 542
16.9086731902523 598
16.9150208443487 619
16.921368538596 611
16.9277162729942 629
16.9340640475432 570
16.9404118622432 647
16.946759717094 619
16.9531076120957 622
16.9594555472483 601
16.9658035225518 578
16.9721515380062 592
16.9784995936115 601
16.9848476893676 605
16.9911958252746 607
16.9975440013326 639
17.0038922175413 570
17.010240473901 554
17.0165887704116 633
17.022937107073 627
17.0292854838854 597
17.0356339008486 665
17.0419823579627 585
17.0483308552277 578
17.0546793926436 561
17.0610279702103 643
17.067376587928 651
17.0737252457965 557
17.0800739438159 613
17.0864226819862 625
17.0927714603074 591
17.0991202787795 632
17.1054691374024 589
17.1118180361763 607
17.118166975101 558
17.1245159541766 658
17.1308649734031 623
17.1372140327805 607
17.1435631323087 598
17.1499122719879 606
17.1562614518179 581
17.1626106717988 636
17.1689599319306 620
17.1753092322133 656
17.1816585726469 557
17.1880079532314 599
17.1943573739667 610
17.2007068348529 636
17.20705633589 598
17.213405877078 615
17.2197554584169 552
17.2261050799067 576
17.2324547415473 598
17.2388044433389 559
17.2451541852813 612
17.2515039673746 556
17.2578537896188 593
17.2642036520138 599
17.2705535545598 570
17.2769034972566 625
17.2832534801044 584
17.289603503103 571
17.2959535662525 558
17.3023036695529 565
17.3086538130041 597
17.3150039966063 612
17.3213542203593 639
17.3277044842632 589
17.334054788318 593
17.3404051325237 582
17.3467555168803 631
17.3531059413878 569
17.3594564060461 604
17.3658069108553 577
17.3721574558155 589
17.3785080409265 628
17.3848586661883 568
17.3912093316011 596
17.3975600371648 611
17.4039107828793 596
17.4102615687447 565
17.416612394761 591
17.4229632609282 609
17.4293141672463 627
17.4356651137153 571
17.4420161003351 593
17.4483671271058 596
17.4547181940275 607
17.4610693011 608
17.4674204483233 575
17.4737716356976 605
17.4801228632228 588
17.4864741308988 594
17.4928254387257 618
17.4991767867035 622
17.5055281748322 562
17.5118796031118 594
17.5182310715423 591
17.5245825801236 591
17.5309341288559 638
17.537285717739 586
17.543637346773 644
17.5499890159579 595
17.5563407252936 642
17.5626924747803 562
17.5690442644178 587
17.5753960942063 591
17.5817479641456 618
17.5880998742358 610
17.5944518244769 590
17.6008038148688 565
17.6071558454117 630
17.6135079161054 618
17.61986002695 644
17.6262121779455 607
17.6325643690919 580
17.6389166003892 584
17.6452688718374 630
17.6516211834364 577
17.6579735351863 617
17.6643259270871 623
17.6706783591388 612
17.6770308313414 607
17.6833833436949 598
17.6897358961992 577
17.6960884888545 581
17.7024411216606 637
17.7087937946176 628
17.7151465077255 568
17.7214992609843 620
17.7278520543939 587
17.7342048879545 639
17.7405577616659 581
17.7469106755282 596
17.7532636295414 645
17.7596166237055 596
17.7659696580205 571
17.7723227324863 590
17.7786758471031 583
17.7850290018707 570
17.7913821967892 575
17.7977354318586 593
17.8040887070789 571
17.8104420224501 554
17.8167953779721 577
17.823148773645 616
17.8295022094688 596
17.8358556854436 561
17.8422092015691 619
17.8485627578456 637
17.854916354273 568
17.8612699908512 557
17.8676236675803 609
17.8739773844603 560
17.8803311414912 590
17.886684938673 575
17.8930387760057 625
17.8993926534892 638
17.9057465711237 556
17.912100528909 611
17.9184545268452 575
17.9248085649323 577
17.9311626431703 624
17.9375167615591 574
17.9438709200989 558
17.9502251187895 570
17.956579357631 585
17.9629336366234 580
17.9692879557667 592
17.9756423150608 567
17.9819967145059 585
17.9883511541018 579
17.9947056338487 635
18.0010601537464 600
18.007414713795 550
18.0137693139944 627
18.0201239543448 594
18.026478634846 618
18.0328333554982 574
18.0391881163012 569
18.0455429172551 574
18.0518977583599 583
18.0582526396155 551
18.0646075610221 578
18.0709625225795 577
18.0773175242878 568
18.0836725661471 564
18.0900276481571 586
18.0963827703181 593
18.10273793263 591
18.1090931350927 578
18.1154483777064 587
18.1218036604709 571
18.1281589833863 605
18.1345143464526 571
18.1408697496697 630
18.1472251930378 583
18.1535806765567 548
18.1599362002266 577
18.1662917640473 599
18.1726473680189 542
18.1790030121413 618
18.1853586964147 616
18.191714420839 523
18.1980701854141 585
18.2044259901401 592
18.210781835017 590
18.2171377200448 586
18.2234936452235 557
18.229849610553 600
18.2362056160335 583
18.2425616616648 605
18.248917747447 619
18.2552738733801 601
18.2616300394641 594
18.267986245699 569
18.2743424920847 585
18.2806987786213 538
18.2870551053089 605
18.2934114721473 620
18.2997678791366 552
18.3061243262767 574
18.3124808135678 579
18.3188373410097 579
18.3251939086026 563
18.3315505163463 546
18.3379071642409 580
18.3442638522864 623
18.3506205804827 572
18.35697734883 629
18.3633341573281 591
18.3696910059771 549
18.376047894777 562
18.3824048237278 533
18.3887617928295 565
18.3951188020821 603
18.4014758514855 588
18.4078329410399 581
18.4141900707451 571
18.4205472406012 574
18.4269044506082 558
18.433261700766 567
18.4396189910748 575
18.4459763215344 588
18.452333692145 575
18.4586911029064 604
18.4650485538187 595
18.4714060448818 554
18.4777635760959 602
18.4841211474608 551
18.4904787589767 589
18.4968364106434 621
18.503194102461 601
18.5095518344295 513
18.5159096065489 536
18.5222674188191 586
18.5286252712403 558
18.5349831638123 566
18.5413410965352 589
18.547699069409 537
18.5540570824337 549
18.5604151356092 524
18.5667732289357 533
18.573131362413 542
18.5794895360412 604
18.5858477498203 553
18.5922060037503 563
18.5985642978312 603
18.604922632063 575
18.6112810064456 539
18.6176394209791 587
18.6239978756635 564
18.6303563704988 549
18.636714905485 543
18.6430734806221 529
18.64943209591 547
18.6557907513489 538
18.6621494469386 551
18.6685081826792 537
18.6748669585707 551
18.6812257746131 545
18.6875846308063 578
18.6939435271505 565
18.7003024636455 601
18.7066614402914 590
18.7130204570882 572
18.7193795140359 574
18.7257386111345 536
18.7320977483839 550
18.7384569257843 551
18.7448161433355 587
18.7511754010376 549
18.7575346988906 590
18.7638940368945 526
18.7702534150492 565
18.7766128333549 551
18.7829722918114 623
18.7893317904188 577
18.7956913291771 530
18.8020509080863 564
18.8084105271464 576
18.8147701863574 582
18.8211298857192 550
18.8274896252319 570
18.8338494048955 518
18.84020922471 587
18.8465690846754 526
18.8529289847917 575
18.8592889250588 552
18.8656489054768 563
18.8720089260458 550
18.8783689867656 595
18.8847290876363 543
18.8910892286578 564
18.8974494098303 536
18.9038096311536 563
18.9101698926279 537
18.916530194253 496
18.922890536029 556
18.9292509179559 555
18.9356113400336 544
18.9419718022623 535
18.9483323046418 526
18.9546928471722 561
18.9610534298535 585
18.9674140526857 581
18.9737747156688 543
18.9801354188028 534
18.9864961620876 562
18.9928569455233 572
18.9992177691099 512
19.0055786328474 542
19.0119395367358 580
19.0183004807751 557
19.0246614649652 585
19.0310224893063 582
19.0373835537982 561
19.043744658441 568
19.0501058032347 518
19.0564669881793 521
19.0628282132747 508
19.0691894785211 529
19.0755507839183 566
19.0819121294664 555
19.0882735151654 562
19.0946349410153 557
19.1009964070161 538
19.1073579131678 577
19.1137194594703 526
19.1200810459237 570
19.126442672528 548
19.1328043392832 517
19.1391660461893 553
19.1455277932463 570
19.1518895804541 502
19.1582514078128 533
19.1646132753225 539
19.170975182983 582
19.1773371307944 521
19.1836991187566 517
19.1900611468698 530
19.1964232151338 546
19.2027853235488 575
19.2091474721146 535
19.2155096608313 529
19.2218718896988 540
19.2282341587173 590
19.2345964678867 553
19.2409588172069 561
19.247321206678 549
19.2536836363 577
19.2600461060729 519
19.2664086159967 531
19.2727711660713 530
19.2791337562969 535
19.2854963866733 574
19.2918590572006 510
19.2982217678788 554
19.3045845187079 589
19.3109473096879 540
19.3173101408187 560
19.3236730121005 550
19.3300359235331 548
19.3363988751166 552
19.342761866851 514
19.3491248987363 558
19.3554879707724 524
19.3618510829595 539
19.3682142352974 533
19.3745774277862 542
19.3809406604259 549
19.3873039332165 565
19.393667246158 496
19.4000305992503 541
19.4063939924936 515
19.4127574258877 575
19.4191208994327 513
19.4254844131286 534
19.4318479669754 515
19.438211560973 543
19.4445751951216 528
19.450938869421 524
19.4573025838713 526
19.4636663384725 540
19.4700301332246 548
19.4763939681276 540
19.4827578431814 580
19.4891217583862 553
19.4954857137418 499
19.5018497092483 506
19.5082137449057 551
19.514577820714 514
19.5209419366732 518
19.5273060927832 506
19.5336702890441 516
19.540034525456 511
19.5463988020187 533
19.5527631187323 533
19.5591274755967 536
19.5654918726121 529
19.5718563097783 525
19.5782207870955 499
19.5845853045635 510
19.5909498621824 545
19.5973144599521 544
19.6036790978728 515
19.6100437759444 536
19.6164084941668 533
19.6227732525401 485
19.6291380510643 554
19.6355028897394 469
19.6418677685654 541
19.6482326875423 502
19.65459764667 518
19.6609626459486 474
19.6673276853781 517
19.6736927649585 480
19.6800578846898 481
19.686423044572 526
19.692788244605 509
19.699153484789 525
19.7055187651238 562
19.7118840856095 529
19.7182494462461 515
19.7246148470336 508
19.7309802879719 524
19.7373457690612 504
19.7437112903013 525
19.7500768516923 494
19.7564424532342 530
19.762808094927 508
19.7691737767707 508
19.7755394987653 555
19.7819052609107 511
19.788271063207 550
19.7946369056542 511
19.8010027882523 465
19.8073687110013 517
19.8137346739012 468
19.8201006769519 509
19.8264667201536 498
19.8328328035061 491
19.8391989270095 511
19.8455650906638 511
19.8519312944689 475
19.858297538425 532
19.8646638225319 507
19.8710301467898 499
19.8773965111985 501
19.8837629157581 520
19.8901293604685 527
19.8964958453299 478
19.9028623703422 497
19.9092289355053 490
19.9155955408193 500
19.9219621862842 482
19.9283288719 478
19.9346955976667 483
19.9410623635843 505
19.9474291696527 511
19.953796015872 492
19.9601629022422 480
19.9665298287633 499
19.9728967954353 519
19.9792638022582 458
19.9856308492319 529
19.9919979363566 491
19.9983650636321 515
20.0047322310585 490
20.0110994386358 506
20.017466686364 504
20.023833974243 497
20.030201302273 501
20.0365686704538 534
20.0429360787855 502
20.0493035272681 524
20.0556710159016 475
20.062038544686 488
20.0684061136212 505
20.0747737227074 518
20.0811413719444 491
20.0875090613323 445
20.0938767908711 439
20.1002445605608 468
20.1066123704013 491
20.1129802203928 499
20.1193481105351 440
20.1257160408283 539
20.1320840112724 522
20.1384520218674 448
20.1448200726133 511
20.1511881635101 485
20.1575562945577 536
20.1639244657562 537
20.1702926771056 459
20.1766609286059 548
20.1830292202571 517
20.1893975520592 508
20.1957659240121 494
20.202134336116 491
20.2085027883707 515
20.2148712807763 493
20.2212398133328 478
20.2276083860401 503
20.2339769988984 484
20.2403456519076 488
20.2467143450676 467
20.2530830783785 498
20.2594518518403 520
20.265820665453 486
20.2721895192165 466
20.278558413131 501
20.2849273471963 520
20.2912963214125 476
20.2976653357797 484
20.3040343902976 462
20.3104034849665 509
20.3167726197863 497
20.3231417947569 459
20.3295110098785 497
20.3358802651509 489
20.3422495605742 480
20.3486188961484 470
20.3549882718734 506
20.3613576877494 493
20.3677271437762 487
20.3740966399539 448
20.3804661762826 476
20.386835752762 460
20.3932053693924 455
20.3995750261737 454
20.4059447231058 469
20.4123144601889 490
20.4186842374228 473
20.4250540548076 462
20.4314239123433 467
20.4377938100298 464
20.4441637478673 488
20.4505337258556 489
20.4569037439949 481
20.463273802285 496
20.469643900726 451
20.4760140393178 471
20.4823842180606 475
20.4887544369543 496
20.4951246959988 489
20.5014949951942 450
20.5078653345405 447
20.5142357140377 465
20.5206061336858 488
20.5269765934847 449
20.5333470934346 493
20.5397176335353 478
20.5460882137869 458
20.5524588341894 495
20.5588294947428 496
20.5652001954471 524
20.5715709363022 417
20.5779417173082 445
20.5843125384652 496
20.590683399773 451
20.5970543012317 477
20.6034252428412 472
20.6097962246017 482
20.616167246513 440
20.6225383085753 491
20.6289094107884 505
20.6352805531524 478
20.6416517356673 480
20.648022958333 460
20.6543942211497 451
20.6607655241172 444
20.6671368672356 466
20.673508250505 461
20.6798796739251 452
20.6862511374962 460
20.6926226412182 428
20.698994185091 445
20.7053657691148 460
20.7117373932894 468
20.7181090576149 486
20.7244807620913 496
20.7308525067185 466
20.7372242914967 478
20.7435961164257 474
20.7499679815057 483
20.7563398867365 428
20.7627118321182 492
20.7690838176507 460
20.7754558433342 453
20.7818279091685 473
20.7882000151538 441
20.7945721612899 470
20.8009443475769 406
20.8073165740148 426
20.8136888406036 491
20.8200611473432 444
20.8264334942338 459
20.8328058812752 427
20.8391783084675 460
20.8455507758107 428
20.8519232833048 459
20.8582958309497 459
20.8646684187456 482
20.8710410466923 452
20.8774137147899 473
20.8837864230384 420
20.8901591714378 460
20.8965319599881 476
20.9029047886893 448
20.9092776575413 481
20.9156505665442 456
20.9220235156981 480
20.9283965050028 435
20.9347695344583 470
20.9411426040648 438
20.9475157138222 425
20.9538888637304 423
20.9602620537895 444
20.9666352839995 452
20.9730085543604 448
20.9793818648722 424
20.9857552155348 438
20.9921286063484 442
20.9985020373128 451
21.0048755084281 477
21.0112490196943 492
21.0176225711114 406
21.0239961626794 441
21.0303697943982 438
21.036743466268 435
21.0431171782886 407
21.0494909304601 487
21.0558647227825 472
21.0622385552558 437
21.0686124278799 459
21.074986340655 451
21.0813602935809 479
21.0877342866577 473
21.0941083198854 445
21.100482393264 396
21.1068565067935 413
21.1132306604739 443
21.1196048543051 460
21.1259790882872 439
21.1323533624202 441
21.1387276767041 418
21.1451020311389 466
21.1514764257246 443
21.1578508604611 412
21.1642253353486 415
21.1705998503869 432
21.1769744055761 388
21.1833490009162 424
21.1897236364071 440
21.196098312049 447
21.2024730278417 441
21.2088477837854 419
21.2152225798799 426
21.2215974161253 465
21.2279722925216 437
21.2343472090687 412
21.2407221657668 398
21.2470971626157 433
21.2534721996155 406
21.2598472767662 436
21.2662223940678 449
21.2725975515203 453
21.2789727491237 422
21.2853479868779 407
21.291723264783 467
21.2980985828391 433
21.304473941046 412
21.3108493394037 435
21.3172247779124 451
21.323600256572 396
21.3299757753824 442
21.3363513343437 428
21.3427269334559 399
21.349102572719 435
21.355478252133 418
21.3618539716979 430
21.3682297314136 459
21.3746055312802 386
21.3809813712978 449
21.3873572514662 438
21.3937331717854 424
21.4001091322556 401
21.4064851328767 425
21.4128611736486 399
21.4192372545714 440
21.4256133756451 420
21.4319895368697 406
21.4383657382452 420
21.4447419797716 412
21.4511182614488 402
21.457494583277 395
21.463870945256 409
21.4702473473859 443
21.4766237896667 427
21.4830002720983 416
21.4893767946809 442
21.4957533574143 405
21.5021299602987 382
21.5085066033339 408
21.51488328652 423
21.521260009857 391
21.5276367733448 392
21.5340135769836 378
21.5403904207732 405
21.5467673047137 432
21.5531442288051 417
21.5595211930474 362
21.5658981974406 432
21.5722752419847 408
21.5786523266796 384
21.5850294515254 432
21.5914066165221 379
21.5977838216697 392
21.6041610669682 425
21.6105383524176 423
21.6169156780178 396
21.623293043769 431
21.629670449671 419
21.6360478957239 402
21.6424253819277 378
21.6488029082824 394
21.6551804747879 437
21.6615580814444 438
21.6679357282517 384
21.6743134152099 434
21.680691142319 404
21.687068909579 409
21.6934467169899 396
21.6998245645516 394
21.7062024522643 405
21.7125803801278 403
21.7189583481422 404
21.7253363563075 431
21.7317144046237 433
21.7380924930907 399
21.7444706217087 424
21.7508487904775 381
21.7572269993972 415
21.7636052484678 413
21.7699835376893 388
21.7763618670617 407
21.782740236585 348
21.7891186462591 355
21.7954970960841 374
21.80187558606 388
21.8082541161868 380
21.8146326864645 381
21.8210112968931 370
21.8273899474725 381
21.8337686382029 389
21.8401473690841 380
21.8465261401162 404
21.8529049512992 418
21.8592838026331 391
21.8656626941178 383
21.8720416257535 368
21.87842059754 392
21.8847996094774 402
21.8911786615657 443
21.8975577538049 364
21.9039368861949 359
21.9103160587359 365
21.9166952714277 396
21.9230745242704 367
21.9294538172641 369
21.9358331504085 376
21.9422125237039 355
21.9485919371502 370
21.9549713907473 380
21.9613508844954 383
21.9677304183943 343
21.9741099924441 389
21.9804896066448 371
21.9868692609963 379
21.9932489554988 381
21.9996286901521 371
22.0060084649563 407
22.0123882799114 379
22.0187681350174 366
22.0251480302743 358
22.0315279656821 378
22.0379079412407 368
22.0442879569503 392
22.0506680128107 341
22.057048108822 357
22.0634282449842 358
22.0698084212972 385
22.0761886377612 402
22.082568894376 350
22.0889491911418 387
22.0953295280584 350
22.1017099051259 350
22.1080903223442 384
22.1144707797135 381
22.1208512772336 365
22.1272318149047 368
22.1336123927266 411
22.1399930106994 372
22.1463736688231 397
22.1527543670977 374
22.1591351055231 361
22.1655158840995 395
22.1718967028267 358
22.1782775617048 359
22.1846584607338 364
22.1910393999137 389
22.1974203792444 375
22.2038013987261 338
22.2101824583586 343
22.2165635581421 356
22.2229446980764 365
22.2293258781615 386
22.2357070983976 366
22.2420883587846 356
22.2484696593224 336
22.2548510000112 378
22.2612323808508 345
22.2676138018413 387
22.2739952629826 386
22.2803767642749 361
22.2867583057181 382
22.2931398873121 367
22.299521509057 376
22.3059031709528 334
22.3122848729995 350
22.3186666151971 364
22.3250483975456 335
22.3314302200449 373
22.3378120826951 349
22.3441939854963 342
22.3505759284483 341
22.3569579115511 362
22.3633399348049 345
22.3697219982096 363
22.3761041017651 379
22.3824862454715 349
22.3888684293288 329
22.395250653337 346
22.4016329174961 352
22.4080152218061 366
22.4143975662669 332
22.4207799508787 356
22.4271623756413 336
22.4335448405548 339
22.4399273456192 335
22.4463098908344 348
22.4526924762006 352
22.4590751017176 355
22.4654577673856 364
22.4718404732044 357
22.4782232191741 379
22.4846060052947 338
22.4909888315661 312
22.4973716979885 337
22.5037546045617 339
22.5101375512858 368
22.5165205381608 331
22.5229035651867 344
22.5292866323635 349
22.5356697396911 315
22.5420528871697 331
22.5484360747991 340
22.5548193025794 320
22.5612025705106 349
22.5675858785927 326
22.5739692268257 329
22.5803526152095 353
22.5867360437443 360
22.5931195124299 342
22.5995030212664 378
22.6058865702538 321
22.6122701593921 312
22.6186537886812 315
22.6250374581213 329
22.6314211677122 312
22.637804917454 322
22.6441887073467 319
22.6505725373903 316
22.6569564075848 358
22.6633403179301 328
22.6697242684264 357
22.6761082590735 380
22.6824922898715 310
22.6888763608204 332
22.6952604719202 316
22.7016446231708 323
22.7080288145724 341
22.7144130461248 322
22.7207973178281 313
22.7271816296823 321
22.7335659816874 321
22.7399503738434 302
22.7463348061502 327
22.752719278608 334
22.7591037912166 301
22.7654883439761 305
22.7718729368865 365
22.7782575699478 317
22.7846422431599 320
22.791026956523 287
22.7974117100369 323
22.8037965037018 296
22.8101813375175 324
22.816566211484 324
22.8229511256015 327
22.8293360798699 326
22.8357210742891 309
22.8421061088592 307
22.8484911835803 344
22.8548762984522 350
22.8612614534749 317
22.8676466486486 339
22.8740318839731 280
22.8804171594486 336
22.8868024750749 326
22.8931878308521 338
22.8995732267802 314
22.9059586628592 340
22.912344139089 323
22.9187296554698 285
22.9251152120014 328
22.9315008086839 308
22.9378864455173 294
22.9442721225016 311
22.9506578396368 313
22.9570435969228 289
22.9634293943598 317
22.9698152319476 312
22.9762011096863 293
22.9825870275759 278
22.9889729856164 315
22.9953589838077 306
23.00174502215 326
23.0081311006431 300
23.0145172192871 282
23.020903378082 310
23.0272895770278 290
23.0336758161245 325
23.040062095372 301
23.0464484147705 325
23.0528347743198 298
23.05922117402 303
23.0656076138711 293
23.0719940938731 274
23.0783806140259 313
23.0847671743297 277
23.0911537747843 282
23.0975404153898 321
23.1039270961462 292
23.1103138170535 283
23.1167005781117 297
23.1230873793208 313
23.1294742206807 276
23.1358611021915 274
23.1422480238532 291
23.1486349856658 292
23.1550219876293 281
23.1614090297437 270
23.1677961120089 304
23.1741832344251 297
23.1805703969921 303
23.18695759971 301
23.1933448425788 280
23.1997321255985 252
23.206119448769 275
23.2125068120905 308
23.2188942155628 306
23.225281659186 289
23.2316691429601 289
23.2380566668851 329
23.2444442309609 273
23.2508318351877 286
23.2572194795653 278
23.2636071640939 301
23.2699948887733 291
23.2763826536036 278
23.2827704585847 305
23.2891583037168 274
23.2955461889997 268
23.3019341144336 258
23.3083220800183 282
23.3147100857539 290
23.3210981316404 266
23.3274862176777 268
23.333874343866 304
23.3402625102051 259
23.3466507166952 319
23.3530389633361 250
23.3594272501279 252
23.3658155770705 291
23.3722039441641 273
23.3785923514085 273
23.3849807988039 284
23.3913692863501 242
23.3977578140472 272
23.4041463818952 287
23.4105349898941 279
23.4169236380438 280
23.4233123263445 283
23.429701054796 273
23.4360898233984 277
23.4424786321517 280
23.4488674810559 245
23.4552563701109 215
23.4616452993169 272
23.4680342686737 255
23.4744232781814 263
23.48081232784 268
23.4872014176495 273
23.4935905476099 259
23.4999797177212 282
23.5063689279833 257
23.5127581783963 264
23.5191474689602 243
23.525536799675 288
23.5319261705407 251
23.5383155815573 261
23.5447050327247 259
23.5510945240431 259
23.5574840555123 256
23.5638736271324 228
23.5702632389034 251
23.5766528908253 286
23.583042582898 263
23.5894323151217 257
23.5958220874962 291
23.6022119000216 255
23.6086017526979 284
23.6149916455251 268
23.6213815785032 226
23.6277715516321 233
23.634161564912 277
23.6405516183427 251
23.6469417119243 273
23.6533318456568 264
23.6597220195402 278
23.6661122335744 260
23.6725024877596 276
23.6788927820956 236
23.6852831165825 242
23.6916734912203 272
23.698063906009 266
23.7044543609486 248
23.710844856039 240
23.7172353912804 252
23.7236259666726 281
23.7300165822157 258
23.7364072379097 259
23.7427979337546 291
23.7491886697503 217
23.755579445897 243
23.7619702621945 245
23.7683611186429 256
23.7747520152422 265
23.7811429519924 279
23.7875339288935 241
23.7939249459455 259
23.8003160031483 253
23.806707100502 230
23.8130982380066 250
23.8194894156621 236
23.8258806334685 258
23.8322718914258 223
23.8386631895339 265
23.845054527793 240
23.8514459062029 228
23.8578373247637 224
23.8642287834754 227
23.870620282338 235
23.8770118213514 221
23.8834034005158 234
23.889795019831 254
23.8961866792971 236
23.9025783789141 258
23.908970118682 217
23.9153618986008 248
23.9217537186704 222
23.9281455788909 250
23.9345374792624 235
23.9409294197847 253
23.9473214004579 202
23.9537134212819 256
23.9601054822569 246
23.9664975833827 227
23.9728897246595 230
23.9792819060871 217
23.9856741276656 199
23.992066389395 225
23.9984586912753 219
24.0048510333064 218
24.0112434154884 235
24.0176358378214 253
24.0240283003052 249
24.0304208029399 257
24.0368133457254 226
24.0432059286619 224
24.0495985517493 233
24.0559912149875 212
24.0623839183766 230
24.0687766619166 242
24.0751694456075 243
24.0815622694493 219
24.0879551334419 237
24.0943480375855 215
24.1007409818799 228
24.1071339663252 207
24.1135269909214 234
24.1199200556685 217
24.1263131605664 225
24.1327063056153 223
24.139099490815 217
24.1454927161656 216
24.1518859816672 241
24.1582792873195 226
24.1646726331228 229
24.171066019077 220
24.177459445182 194
24.1838529114379 211
24.1902464178448 228
24.1966399644025 206
24.203033551111 195
24.2094271779705 222
24.2158208449809 233
24.2222145521421 206
24.2286082994542 208
24.2350020869172 205
24.2413959145311 190
24.2477897822959 239
24.2541836902115 222
24.2605776382781 225
24.2669716264955 204
24.2733656548638 194
24.279759723383 224
24.2861538320531 208
24.2925479808741 206
24.2989421698459 226
24.3053363989687 221
24.3117306682423 204
24.3181249776668 186
24.3245193272422 211
24.3309137169685 208
24.3373081468456 197
24.3437026168737 214
24.3500971270526 201
24.3564916773824 214
24.3628862678631 193
24.3692808984947 225
24.3756755692772 217
24.3820702802106 195
24.3884650312948 197
24.3948598225299 191
24.4012546539159 186
24.4076495254528 201
24.4140444371406 199
24.4204393889793 182
24.4268343809688 220
24.4332294131093 201
24.4396244854006 205
24.4460195978428 184
24.4524147504359 195
24.4588099431798 206
24.4652051760747 217
24.4716004491204 205
24.4779957623171 202
24.4843911156646 204
24.490786509163 196
24.4971819428123 203
24.5035774166124 183
24.5099729305635 185
24.5163684846654 176
24.5227640789182 202
24.5291597133219 167
24.5355553878765 176
24.541951102582 183
24.5483468574384 182
24.5547426524456 194
24.5611384876037 192
24.5675343629127 200
24.5739302783726 201
24.5803262339834 181
24.5867222297451 214
24.5931182656576 213
24.5995143417211 196
24.6059104579354 210
24.6123066143006 171
24.6187028108167 207
24.6250990474837 184
24.6314953243015 187
24.6378916412703 194
24.6442879983899 165
24.6506843956604 184
24.6570808330818 174
24.6634773106541 190
24.6698738283773 202
24.6762703862513 187
24.6826669842763 178
24.6890636224521 184
24.6954603007788 187
24.7018570192564 193
24.7082537778849 205
24.7146505766643 192
24.7210474155945 152
24.7274442946756 180
24.7338412139077 168
24.7402381732906 183
24.7466351728243 157
24.753032212509 176
24.7594292923446 181
24.765826412331 181
24.7722235724683 184
24.7786207727566 183
24.7850180131956 156
24.7914152937856 184
24.7978126145265 153
24.8042099754182 152
24.8106073764609 184
24.8170048176544 158
24.8234022989988 170
24.8297998204941 167
24.8361973821403 176
24.8425949839373 167
24.8489926258853 174
24.8553903079841 174
24.8617880302338 154
24.8681857926344 154
24.8745835951859 169
24.8809814378883 163
24.8873793207415 179
24.8937772437456 158
24.9001752069007 168
24.9065732102066 177
24.9129712536634 137
24.919369337271 161
24.9257674610296 142
24.932165624939 140
24.9385638289994 166
24.9449620732106 163
24.9513603575727 155
24.9577586820857 156
24.9641570467495 156
24.9705554515643 149
24.9769538965299 143
24.9833523816465 161
24.9897509069139 159
24.9961494723322 168
25.0025480779013 133
25.0089467236214 168
25.0153454094923 145
25.0217441355142 137
25.0281429016869 155
25.0345417080105 146
25.040940554485 142
25.0473394411104 149
25.0537383678866 130
25.0601373348138 172
25.0665363418918 170
25.0729353891207 154
25.0793344765005 146
25.0857336040312 151
25.0921327717127 159
25.0985319795452 135
25.1049312275285 151
25.1113305156627 152
25.1177298439478 166
25.1241292123838 138
25.1305286209707 151
25.1369280697085 158
25.1433275585971 122
25.1497270876366 152
25.156126656827 119
25.1625262661683 142
25.1689259156605 165
25.1753256053036 132
25.1817253350975 125
25.1881251050424 138
25.1945249151381 137
25.2009247653847 118
25.2073246557822 130
25.2137245863306 126
25.2201245570298 137
25.22652456788 147
25.232924618881 147
25.2393247100329 132
25.2457248413357 140
25.2521250127894 122
25.258525224394 111
25.2649254761494 132
25.2713257680558 133
25.277726100113 151
25.2841264723211 128
25.2905268846801 140
25.2969273371899 123
25.3033278298507 120
25.3097283626624 129
25.3161289356249 133
25.3225295487383 108
25.3289302020026 123
25.3353308954178 148
25.3417316289839 134
25.3481324027008 117
25.3545332165687 131
25.3609340705874 122
25.367334964757 137
25.3737358990775 135
25.3801368735489 120
25.3865378881711 124
25.3929389429443 125
25.3993400378683 115
25.4057411729432 115
25.412142348169 113
25.4185435635457 120
25.4249448190733 119
25.4313461147517 126
25.4377474505811 116
25.4441488265613 99
25.4505502426924 115
25.4569516989744 125
25.4633531954073 122
25.4697547319911 113
25.4761563087257 115
25.4825579256113 120
25.4889595826477 97
25.495361279835 111
25.5017630171732 137
25.5081647946623 113
25.5145666123022 136
25.520968470093 116
25.5273703680348 122
25.5337723061274 125
25.5401742843709 126
25.5465763027653 102
25.5529783613105 112
25.5593804600067 131
25.5657825988537 113
25.5721847778517 101
25.5785869970005 122
25.5849892563002 101
25.5913915557507 128
25.5977938953522 91
25.6041962751045 111
25.6105986950078 128
25.6170011550619 118
25.6234036552669 108
25.6298061956228 113
25.6362087761295 106
25.6426113967872 105
25.6490140575957 91
25.6554167585551 102
25.6618194996655 92
25.6682222809267 109
25.6746251023387 100
25.6810279639017 79
25.6874308656155 106
25.6938338074803 81
25.7002367894959 107
25.7066398116624 106
25.7130428739798 107
25.7194459764481 84
25.7258491190672 96
25.7322523018372 89
25.7386555247582 97
25.74505878783 111
25.7514620910527 108
25.7578654344263 81
25.7642688179507 93
25.7706722416261 83
25.7770757054523 92
25.7834792094294 91
25.7898827535574 110
25.7962863378363 95
25.8026899622661 94
25.8090936268468 85
25.8154973315783 102
25.8219010764607 97
25.828304861494 98
25.8347086866782 103
25.8411125520133 98
25.8475164574993 120
25.8539204031361 77
25.8603243889239 94
25.8667284148625 101
25.873132480952 91
25.8795365871924 81
25.8859407335837 87
25.8923449201258 94
