0.00376441624044753 0
0.0100042250603804 0
0.0162440740311979 0
0.0224839631529003 0
0.0287238924254874 0
0.0349638618489593 0
0.0412038714233159 0
0.0474439211485573 0
0.0536840110246835 0
0.0599241410516945 0
0.0661643112295902 0
0.0724045215583706 0
0.0786447720380359 0
0.0848850626685859 0
0.0911253934500206 0
0.0973657643823402 0
0.103606175465544 0
0.109846626699634 0
0.116087118084607 0
0.122327649620466 0
0.128568221307209 0
0.134808833144837 0
0.14104948513335 0
0.147290177272748 0
0.15353090956303 0
0.159771682004198 0
0.16601249459625 0
0.172253347339186 0
0.178494240233008 0
0.184735173277714 0
0.190976146473305 0
0.197217159819781 0
0.203458213317141 0
0.209699306965386 0
0.215940440764517 0
0.222181614714531 0
0.228422828815431 0
0.234664083067215 0
0.240905377469884 0
0.247146712023438 0
0.253388086727877 0
0.2596295015832 0
0.265870956589409 0
0.272112451746502 0
0.278353987054479 1
0.284595562513342 2
0.290837178123089 2
0.297078833883721 0
0.303320529795238 3
0.309562265857639 0
0.315804042070926 0
0.322045858435097 2
0.328287714950153 2
0.334529611616093 2
0.340771548432918 2
0.347013525400629 0
0.353255542519223 2
0.359497599788703 1
0.365739697209068 2
0.371981834780317 5
0.378224012502451 1
0.384466230375469 1
0.390708488399373 1
0.396950786574161 1
0.403193124899834 1
0.409435503376392 0
0.415677922003834 4
0.421920380782162 2
0.428162879711374 1
0.434405418791471 1
0.440647998022452 0
0.446890617404319 0
0.45313327693707 2
0.459375976620706 2
0.465618716455226 2
0.471861496440632 0
0.478104316576922 1
0.484347176864097 1
0.490590077302156 2
0.496833017891101 1
0.50307599863093 1
0.509319019521644 1
0.515562080563243 1
0.521805181755727 0
0.528048323099095 0
0.534291504593348 1
0.540534726238486 0
0.546777988034508 0
0.553021289981416 3
0.559264632079208 2
0.565508014327885 2
0.571751436727446 1
0.577994899277893 2
0.584238401979224 0
0.59048194483144 0
0.596725527834541 1
0.602969150988526 0
0.609212814293396 0
0.615456517749152 0
0.621700261355791 1
0.627944045113316 1
0.634187869021725 0
0.640431733081019 2
0.646675637291198 0
0.652919581652262 0
0.65916356616421 2
0.665407590827043 1
0.671651655640761 1
0.677895760605364 1
0.684139905720851 0
0.690384090987223 0
0.69662831640448 0
0.702872581972622 2
0.709116887691648 0
0.71536123356156 0
0.721605619582356 0
0.727850045754037 0
0.734094512076602 0
0.740339018550052 0
0.746583565174387 1
0.752828151949607 1
0.759072778875712 1
0.765317445952701 0
0.771562153180575 0
0.777806900559334 0
0.784051688088978 0
0.790296515769506 0
0.79654138360092 0
0.802786291583217 1
0.8090312397164 1
0.815276228000468 1
0.82152125643542 0
0.827766325021257 0
0.834011433757979 1
0.840256582645585 0
0.846501771684077 0
0.852747000873453 0
0.858992270213714 0
0.865237579704859 1
0.87148292934689 0
0.877728319139805 0
0.883973749083605 1
0.890219219178289 0
0.896464729423859 1
0.902710279820313 0
0.908955870367652 0
0.915201501065876 0
0.921447171914984 0
0.927692882914977 0
0.933938634065855 0
0.940184425367618 2
0.946430256820266 2
0.952676128423798 1
0.958922040178215 0
0.965167992083517 0
0.971413984139703 1
0.977660016346775 0
0.983906088704731 0
0.990152201213572 0
0.996398353873298 0
1.00264454668391 0
1.0088907796454 0
1.01513705275778 0
1.02138336602105 1
1.0276297194352 1
1.03387611300023 0
1.04012254671615 0
1.04636902058295 0
1.05261553460064 0
1.05886208876922 0
1.06510868308867 0
1.07135531755902 1
1.07760199218024 0
1.08384870695236 0
1.09009546187535 0
1.09634225694924 0
1.102589092174 0
1.10883596754965 0
1.11508288307619 0
1.12132983875361 0
1.12757683458192 1
1.13382387056111 0
1.14007094669118 0
1.14631806297214 0
1.15256521940399 1
1.15881241598672 1
1.16505965272033 0
1.17130692960483 1
1.17755424664021 0
1.18380160382648 0
1.19004900116364 0
1.19629643865168 1
1.2025439162906 0
1.20879143408041 1
1.2150389920211 2
1.22128659011268 0
1.22753422835514 2
1.23378190674848 0
1.24002962529272 1
1.24627738398783 3
1.25252518283383 2
1.25877302183072 5
1.26502090097849 0
1.27126882027714 2
1.27751677972668 1
1.28376477932711 0
1.29001281907842 0
1.29626089898061 1
1.30250901903369 0
1.30875717923766 0
1.3150053795925 1
1.32125362009824 0
1.32750190075486 0
1.33375022156236 0
1.33999858252075 1
1.34624698363002 0
1.35249542489018 0
1.35874390630122 0
1.36499242786315 1
1.37124098957596 0
1.37748959143965 0
1.38373823345423 0
1.3899869156197 0
1.39623563793605 1
1.40248440040329 0
1.40873320302141 0
1.41498204579041 2
1.4212309287103 0
1.42747985178108 0
1.43372881500274 0
1.43997781837528 0
1.44622686189871 0
1.45247594557302 0
1.45872506939822 1
1.4649742333743 0
1.47122343750127 0
1.47747268177912 0
1.48372196620786 2
1.48997129078748 1
1.49622065551799 2
1.50247006039938 0
1.50871950543166 0
1.51496899061482 3
1.52121851594886 0
1.5274680814338 0
1.53371768706961 0
1.53996733285631 1
1.5462170187939 1
1.55246674488237 1
1.55871651112172 1
1.56496631751196 0
1.57121616405308 1
1.57746605074509 0
1.58371597758799 0
1.58996594458176 1
1.59621595172643 2
1.60246599902197 0
1.60871608646841 0
1.61496621406573 0
1.62121638181393 0
1.62746658971301 0
1.63371683776299 0
1.63996712596384 1
1.64621745431558 1
1.65246782281821 2
1.65871823147172 0
1.66496868027612 1
1.6712191692314 0
1.67746969833756 0
1.68372026759461 0
1.68997087700255 0
1.69622152656136 2
1.70247221627107 1
1.70872294613166 0
1.71497371614313 1
1.72122452630549 0
1.72747537661873 0
1.73372626708286 0
1.73997719769787 0
1.74622816846377 0
1.75247917938055 0
1.75873023044822 0
1.76498132166677 1
1.77123245303621 0
1.77748362455653 0
1.78373483622774 0
1.78998608804983 1
1.7962373800228 0
1.80248871214666 2
1.80874008442141 2
1.81499149684704 0
1.82124294942355 1
1.82749444215095 2
1.83374597502924 1
1.8399975480584 2
1.84624916123846 0
1.8525008145694 0
1.85875250805122 1
1.86500424168393 4
1.87125601546752 0
1.877507829402 2
1.88375968348736 1
1.89001157772361 0
1.89626351211074 0
1.90251548664876 0
1.90876750133766 0
1.91501955617744 2
1.92127165116811 0
1.92752378630967 0
1.93377596160211 2
1.94002817704544 2
1.94628043263965 0
1.95253272838474 0
1.95878506428072 0
1.96503744032758 0
1.97128985652533 2
1.97754231287397 1
1.98379480937348 1
1.99004734602389 3
1.99629992282518 1
2.00255253977735 0
2.00880519688041 0
2.01505789413435 1
2.02131063153918 1
2.02756340909489 1
2.03381622680148 0
2.04006908465897 0
2.04632198266733 3
2.05257492082658 1
2.05882789913672 3
2.06508091759774 1
2.07133397620964 0
2.07758707497243 1
2.08384021388611 1
2.09009339295067 3
2.09634661216611 2
2.10259987153244 5
2.10885317104966 7
2.11510651071775 7
2.12135989053674 9
2.12761331050661 11
2.13386677062736 8
2.140120270899 8
2.14637381132152 9
2.15262739189493 9
2.15888101261922 14
2.16513467349439 7
2.17138837452046 7
2.1776421156974 6
2.18389589702523 7
2.19014971850395 8
2.19640358013355 12
2.20265748191403 11
2.2089114238454 6
2.21516540592766 8
2.2214194281608 7
2.22767349054482 10
2.23392759307973 11
2.24018173576553 9
2.24643591860221 6
2.25269014158977 5
2.25894440472822 4
2.26519870801755 4
2.27145305145777 4
2.27770743504887 4
2.28396185879086 0
2.29021632268373 1
2.29647082672749 2
2.30272537092213 1
2.30897995526765 2
2.31523457976406 2
2.32148924441136 0
2.32774394920954 0
2.33399869415861 0
2.34025347925856 1
2.34650830450939 0
2.35276316991111 0
2.35901807546372 0
2.3652730211672 1
2.37152800702158 0
2.37778303302684 1
2.38403809918298 0
2.39029320549001 1
2.39654835194792 0
2.40280353855672 0
2.4090587653164 0
2.41531403222697 1
2.42156933928842 0
2.42782468650076 1
2.43408007386398 0
2.44033550137809 2
2.44659096904308 1
2.45284647685895 1
2.45910202482571 1
2.46535761294336 0
2.47161324121189 0
2.4778689096313 0
2.4841246182016 0
2.49038036692279 0
2.49663615579486 0
2.50289198481781 1
2.50914785399165 0
2.51540376331637 0
2.52165971279198 2
2.52791570241848 0
2.53417173219585 1
2.54042780212412 0
2.54668391220326 0
2.5529400624333 0
2.55919625281421 0
2.56545248334601 1
2.5717087540287 0
2.57796506486227 2
2.58422141584673 2
2.59047780698207 0
2.59673423826829 0
2.6029907097054 0
2.6092472212934 0
2.61550377303228 1
2.62176036492204 0
2.62801699696269 1
2.63427366915423 1
2.64053038149665 0
2.64678713398995 0
2.65304392663414 1
2.65930075942921 1
2.66555763237517 5
2.67181454547201 2
2.67807149871974 1
2.68432849211835 0
2.69058552566785 0
2.69684259936823 2
2.7030997132195 0
2.70935686722165 1
2.71561406137468 1
2.7218712956786 0
2.72812857013341 1
2.7343858847391 2
2.74064323949567 1
2.74690063440313 1
2.75315806946148 1
2.75941554467071 3
2.76567306003082 2
2.77193061554182 2
2.7781882112037 1
2.78444584701647 1
2.79070352298013 0
2.79696123909466 1
2.80321899536009 1
2.8094767917764 2
2.81573462834359 1
2.82199250506166 1
2.82825042193063 0
2.83450837895047 1
2.8407663761212 1
2.84702441344282 4
2.85328249091532 2
2.85954060853871 2
2.86579876631298 0
2.87205696423813 3
2.87831520231417 2
2.8845734805411 5
2.89083179891891 10
2.8970901574476 8
2.90334855612718 16
2.90960699495764 23
2.91586547393899 27
2.92212399307122 25
2.92838255235434 31
2.93464115178835 34
2.94089979137323 44
2.94715847110901 37
2.95341719099566 51
2.9596759510332 57
2.96593475122163 49
2.97219359156094 54
2.97845247205114 54
2.98471139269222 46
2.99097035348418 37
2.99722935442703 47
3.00348839552077 33
3.00974747676539 34
3.0160065981609 22
3.02226575970728 22
3.02852496140456 23
3.03478420325272 12
3.04104348525176 12
3.04730280740169 12
3.0535621697025 5
3.0598215721542 2
3.06608101475678 0
3.07234049751025 3
3.0786000204146 1
3.08485958346984 5
3.09111918667596 1
3.09737883003297 1
3.10363851354086 2
3.10989823719964 2
3.1161580010093 4
3.12241780496984 2
3.12867764908127 5
3.13493753334359 2
3.14119745775679 2
3.14745742232087 4
3.15371742703584 6
3.1599774719017 6
3.16623755691844 2
3.17249768208606 7
3.17875784740457 7
3.18501805287396 6
3.19127829849424 7
3.1975385842654 7
3.20379891018745 6
3.21005927626038 1
3.2163196824842 7
3.2225801288589 7
3.22884061538449 6
3.23510114206096 7
3.24136170888832 5
3.24762231586656 1
3.25388296299568 1
3.2601436502757 5
3.26640437770659 4
3.27266514528837 2
3.27892595302104 4
3.28518680090458 2
3.29144768893902 2
3.29770861712434 0
3.30396958546054 0
3.31023059394763 3
3.3164916425856 2
3.32275273137446 1
3.32901386031421 1
3.33527502940483 2
3.34153623864635 2
3.34779748803874 0
3.35405877758203 1
3.36032010727619 0
3.36658147712124 0
3.37284288711718 0
3.379104337264 0
3.38536582756171 0
3.3916273580103 0
3.39788892860977 2
3.40415053936013 1
3.41041219026138 2
3.41667388131351 1
3.42293561251652 2
3.42919738387042 2
3.43545919537521 1
3.44172104703087 3
3.44798293883743 2
3.45424487079487 3
3.46050684290319 3
3.4667688551624 3
3.47303090757249 3
3.47929300013347 0
3.48555513284533 1
3.49181730570808 0
3.49807951872171 1
3.50434177188622 1
3.51060406520162 2
3.51686639866791 2
3.52312877228508 1
3.52939118605314 1
3.53565363997208 2
3.5419161340419 2
3.54817866826261 1
3.55444124263421 1
3.56070385715669 2
3.56696651183005 2
3.5732292066543 1
3.57949194162943 5
3.58575471675545 1
3.59201753203235 4
3.59828038746014 1
3.60454328303881 1
3.61080621876837 2
3.61706919464881 3
3.62333221068014 2
3.62959526686235 1
3.63585836319545 4
3.64212149967943 3
3.64838467631429 6
3.65464789310005 1
3.66091115003668 1
3.6671744471242 1
3.67343778436261 2
3.6797011617519 2
3.68596457929207 0
3.69222803698313 1
3.69849153482507 4
3.7047550728179 1
3.71101865096162 2
3.71728226925622 2
3.7235459277017 2
3.72980962629807 4
3.73607336504532 4
3.74233714394346 1
3.74860096299248 4
3.75486482219239 4
3.76112872154318 5
3.76739266104485 1
3.77365664069742 2
3.77992066050086 1
3.78618472045519 2
3.79244882056041 4
3.79871296081651 0
3.80497714122349 3
3.81124136178136 5
3.81750562249012 4
3.82376992334976 2
3.83003426436028 1
3.83629864552169 1
3.84256306683398 3
3.84882752829716 3
3.85509202991123 3
3.86135657167617 5
3.86762115359201 1
3.87388577565872 2
3.88015043787633 1
3.88641514024481 2
3.89267988276418 1
3.89894466543444 0
3.90520948825558 2
3.91147435122761 4
3.91773925435052 0
3.92400419762432 3
3.930269181049 2
3.93653420462456 6
3.94279926835101 3
3.94906437222835 1
3.95532951625656 3
3.96159470043567 2
3.96785992476566 5
3.97412518924653 3
3.98039049387829 6
3.98665583866093 3
3.99292122359446 2
3.99918664867887 4
4.00545211391417 4
4.01171761930035 3
4.01798316483742 2
4.02424875052537 4
4.03051437636421 3
4.03678004235393 5
4.04304574849454 2
4.04931149478603 4
4.0555772812284 5
4.06184310782166 3
4.06810897456581 5
4.07437488146084 3
4.08064082850676 9
4.08690681570355 2
4.09317284305124 1
4.09943891054981 4
4.10570501819926 1
4.1119711659996 3
4.11823735395082 3
4.12450358205293 8
4.13076985030592 3
4.1370361587098 5
4.14330250726456 13
4.14956889597021 6
4.15583532482674 4
4.16210179383416 1
4.16836830299246 11
4.17463485230165 6
4.18090144176172 9
4.18716807137267 2
4.19343474113451 5
4.19970145104724 4
4.20596820111085 8
4.21223499132535 4
4.21850182169072 4
4.22476869220699 11
4.23103560287414 6
4.23730255369217 7
4.24356954466109 4
4.24983657578089 3
4.25610364705158 5
4.26237075847316 6
4.26863791004561 5
4.27490510176896 6
4.28117233364318 11
4.28743960566829 10
4.29370691784429 3
4.29997427017117 7
4.30624166264894 9
4.31250909527759 6
4.31877656805713 6
4.32504408098755 6
4.33131163406885 6
4.33757922730104 5
4.34384686068412 3
4.35011453421808 2
4.35638224790292 6
4.36265000173865 2
4.36891779572526 4
4.37518562986276 7
4.38145350415115 10
4.38772141859041 8
4.39398937318057 8
4.40025736792161 9
4.40652540281353 8
4.41279347785633 5
4.41906159305003 6
4.4253297483946 9
4.43159794389006 6
4.43786617953641 5
4.44413445533364 3
4.45040277128176 4
4.45667112738076 7
4.46293952363064 8
4.46920796003142 9
4.47547643658307 6
4.48174495328561 9
4.48801351013903 9
4.49428210714334 4
4.50055074429854 3
4.50681942160462 6
4.51308813906158 8
4.51935689666943 8
4.52562569442816 10
4.53189453233778 8
4.53816341039828 5
4.54443232860967 10
4.55070128697194 6
4.5569702854851 2
4.56323932414914 5
4.56950840296407 6
4.57577752192988 12
4.58204668104657 4
4.58831588031415 10
4.59458511973262 9
4.60085439930197 5
4.6071237190222 12
4.61339307889332 7
4.61966247891533 2
4.62593191908822 4
4.63220139941199 10
4.63847091988665 8
4.64474048051219 13
4.65101008128862 10
4.65727972221594 9
4.66354940329413 12
4.66981912452322 10
4.67608888590318 9
4.68235868743404 7
4.68862852911577 4
4.69489841094839 13
4.7011683329319 10
4.70743829506629 7
4.71370829735157 13
4.71997833978773 8
4.72624842237477 7
4.7325185451127 12
4.73878870800152 11
4.74505891104122 9
4.7513291542318 17
4.75759943757327 7
4.76386976106563 6
4.77014012470887 9
4.77641052850299 7
4.782680972448 14
4.78895145654389 14
4.79522198079067 9
4.80149254518833 16
4.80776314973688 8
4.81403379443631 5
4.82030447928663 12
4.82657520428783 17
4.83284596943992 10
4.83911677474289 20
4.84538762019674 12
4.85165850580149 12
4.85792943155711 16
4.86420039746362 10
4.87047140352102 12
4.8767424497293 5
4.88301353608846 17
4.88928466259851 15
4.89555582925945 6
4.90182703607126 14
4.90809828303397 10
4.91436957014756 17
4.92064089741203 15
4.92691226482739 9
4.93318367239363 11
4.93945512011076 15
4.94572660797877 12
4.95199813599767 8
4.95826970416745 13
4.96454131248811 12
4.97081296095967 9
4.9770846495821 20
4.98335637835542 16
4.98962814727963 11
4.99589995635472 15
5.00217180558069 16
5.00844369495755 14
5.0147156244853 17
5.02098759416393 11
5.02725960399344 13
5.03353165397384 18
5.03980374410513 12
5.04607587438729 13
5.05234804482035 7
5.05862025540429 13
5.06489250613911 14
5.07116479702482 11
5.07743712806141 11
5.08370949924889 8
5.08998191058725 14
5.09625436207649 12
5.10252685371663 11
5.10879938550764 12
5.11507195744954 16
5.12134456954233 17
5.127617221786 14
5.13388991418055 18
5.14016264672599 20
5.14643541942232 18
5.15270823226953 16
5.15898108526762 23
5.1652539784166 15
5.17152691171647 19
5.17779988516721 19
5.18407289876885 15
5.19034595252137 13
5.19661904642477 14
5.20289218047906 8
5.20916535468423 18
5.21543856904029 20
5.22171182354723 19
5.22798511820505 14
5.23425845301377 19
5.24053182797336 18
5.24680524308384 15
5.25307869834521 17
5.25935219375746 16
5.2656257293206 14
5.27189930503461 25
5.27817292089952 15
5.28444657691531 16
5.29072027308198 16
5.29699400939954 20
5.30326778586799 6
5.30954160248732 13
5.31581545925753 19
5.32208935617863 15
5.32836329325061 18
5.33463727047348 21
5.34091128784723 27
5.34718534537187 26
5.35345944304739 21
5.3597335808738 22
5.36600775885109 17
5.37228197697926 19
5.37855623525832 19
5.38483053368827 20
5.3911048722691 26
5.39737925100082 10
5.40365366988342 24
5.4099281289169 18
5.41620262810127 21
5.42247716743653 33
5.42875174692267 20
5.43502636655969 22
5.4413010263476 21
5.44757572628639 15
5.45385046637607 23
5.46012524661663 20
5.46640006700808 22
5.47267492755041 23
5.47894982824363 17
5.48522476908773 18
5.49149975008272 21
5.49777477122859 23
5.50404983252535 28
5.51032493397299 19
5.51660007557151 24
5.52287525732093 19
5.52915047922122 18
5.5354257412724 21
5.54170104347447 21
5.54797638582741 24
5.55425176833125 21
5.56052719098597 28
5.56680265379157 27
5.57307815674806 22
5.57935369985544 32
5.58562928311369 22
5.59190490652284 39
5.59818057008286 20
5.60445627379378 25
5.61073201765557 28
5.61700780166826 21
5.62328362583182 25
5.62955949014628 21
5.63583539461161 34
5.64211133922783 30
5.64838732399494 27
5.65466334891293 18
5.6609394139818 25
5.66721551920157 30
5.67349166457221 29
5.67976785009374 27
5.68604407576615 20
5.69232034158945 21
5.69859664756364 28
5.70487299368871 30
5.71114937996466 22
5.7174258063915 14
5.72370227296922 23
5.72997877969783 24
5.73625532657732 37
5.7425319136077 35
5.74880854078896 31
5.75508520812111 40
5.76136191560414 36
5.76763866323806 32
5.77391545102286 29
5.78019227895854 27
5.78646914704512 29
5.79274605528257 31
5.79902300367091 23
5.80529999221014 24
5.81157702090025 38
5.81785408974124 22
5.82413119873312 28
5.83040834787588 32
5.83668553716953 35
5.84296276661407 30
5.84924003620948 32
5.85551734595579 33
5.86179469585298 24
5.86807208590105 31
5.87434951610001 30
5.88062698644985 23
5.88690449695058 30
5.89318204760219 35
5.89945963840468 34
5.90573726935807 36
5.91201494046233 35
5.91829265171748 43
5.92457040312352 35
5.93084819468044 33
5.93712602638824 36
5.94340389824693 48
5.94968181025651 23
5.95595976241697 30
5.96223775472831 32
5.96851578719054 25
5.97479385980365 39
5.98107197256765 32
5.98735012548254 41
5.9936283185483 25
5.99990655176496 33
6.00618482513249 29
6.01246313865092 30
6.01874149232022 33
6.02501988614042 35
6.03129832011149 30
6.03757679423345 28
6.0438553085063 36
6.05013386293003 44
6.05641245750465 30
6.06269109223015 45
6.06896976710653 36
6.0752484821338 34
6.08152723731196 34
6.087806032641 37
6.09408486812092 39
6.10036374375173 37
6.10664265953342 47
6.112921615466 39
6.11920061154947 35
6.12547964778381 41
6.13175872416905 46
6.13803784070516 35
6.14431699739217 39
6.15059619423005 40
6.15687543121883 34
6.16315470835848 36
6.16943402564902 33
6.17571338309045 30
6.18199278068276 48
6.18827221842596 35
6.19455169632004 43
6.200831214365 32
6.20711077256085 38
6.21339037090759 34
6.21967000940521 41
6.22594968805371 26
6.2322294068531 32
6.23850916580337 45
6.24478896490453 36
6.25106880415658 33
6.2573486835595 27
6.26362860311332 33
6.26990856281801 40
6.2761885626736 48
6.28246860268006 35
6.28874868283742 29
6.29502880314565 33
6.30130896360477 35
6.30758916421478 35
6.31386940497567 48
6.32014968588745 32
6.32643000695011 46
6.33271036816365 35
6.33899076952808 32
6.3452712110434 36
6.3515516927096 25
6.35783221452668 49
6.36411277649465 45
6.37039337861351 45
6.37667402088324 34
6.38295470330387 32
6.38923542587538 34
6.39551618859777 42
6.40179699147105 39
6.40807783449521 51
6.41435871767026 42
6.42063964099619 57
6.42692060447301 47
6.43320160810071 40
6.43948265187929 38
6.44576373580876 37
6.45204485988912 39
6.45832602412036 30
6.46460722850249 48
6.4708884730355 39
6.47716975771939 44
6.48345108255417 31
6.48973244753984 40
6.49601385267639 32
6.50229529796382 37
6.50857678340214 40
6.51485830899134 42
6.52113987473143 47
6.5274214806224 36
6.53370312666426 59
6.539984812857 34
6.54626653920063 50
6.55254830569514 37
6.55883011234054 26
6.56511195913682 41
6.57139384608399 50
6.57767577318204 35
6.58395774043097 44
6.59023974783079 32
6.5965217953815 41
6.60280388308309 39
6.60908601093557 37
6.61536817893893 28
6.62165038709317 49
6.6279326353983 48
6.63421492385431 40
6.64049725246121 42
6.64677962121899 30
6.65306203012766 41
6.65934447918722 36
6.66562696839766 49
6.67190949775898 48
6.67819206727118 44
6.68447467693428 42
6.69075732674825 47
6.69704001671312 37
6.70332274682886 40
6.70960551709549 34
6.71588832751301 54
6.72217117808141 36
6.7284540688007 37
6.73473699967087 41
6.74101997069192 56
6.74730298186386 36
6.75358603318668 45
6.75986912466039 40
6.76615225628499 51
6.77243542806047 37
6.77871863998683 52
6.78500189206408 45
6.79128518429221 39
6.79756851667123 33
6.80385188920113 42
6.81013530188192 42
6.81641875471359 39
6.82270224769615 39
6.82898578082959 41
6.83526935411392 46
6.84155296754913 41
6.84783662113523 49
6.85412031487221 33
6.86040404876007 32
6.86668782279882 34
6.87297163698846 45
6.87925549132898 39
6.88553938582038 53
6.89182332046267 42
6.89810729525585 43
6.9043913101999 53
6.91067536529485 37
6.91695946054068 53
6.92324359593739 41
6.92952777148499 37
6.93581198718347 38
6.94209624303284 44
6.94838053903309 41
6.95466487518423 38
6.96094925148625 39
6.96723366793916 31
6.97351812454295 36
6.97980262129762 47
6.98608715820318 56
6.99237173525963 41
6.99865635246696 46
7.00494100982518 54
7.01122570733428 42
7.01751044499426 47
7.02379522280513 59
7.03008004076688 45
7.03636489887952 41
7.04264979714305 53
7.04893473555745 35
7.05521971412275 46
7.06150473283893 50
7.06778979170599 43
7.07407489072394 43
7.08036002989277 50
7.08664520921249 40
7.09293042868309 37
7.09921568830457 56
7.10550098807695 53
7.1117863280002 46
7.11807170807434 47
7.12435712829937 45
7.13064258867528 52
7.13692808920208 49
7.14321362987975 50
7.14949921070832 45
7.15578483168777 54
7.1620704928181 45
7.16835619409932 46
7.17464193553143 37
7.18092771711441 43
7.18721353884829 57
7.19349940073305 35
7.19978530276869 48
7.20607124495522 53
7.21235722729263 41
7.21864324978093 47
7.22492931242011 56
7.23121541521017 57
7.23750155815113 54
7.24378774124296 52
7.25007396448568 62
7.25636022787929 34
7.26264653142378 46
7.26893287511916 69
7.27521925896542 40
7.28150568296256 53
7.28779214711059 46
7.2940786514095 48
7.3003651958593 52
7.30665178045999 46
7.31293840521156 47
7.31922507011401 51
7.32551177516735 45
7.33179852037157 44
7.33808530572668 47
7.34437213123267 62
7.35065899688955 63
7.35694590269731 43
7.36323284865596 46
7.36951983476549 55
7.3758068610259 49
7.38209392743721 53
7.38838103399939 55
7.39466818071246 44
7.40095536757642 52
7.40724259459126 34
7.41352986175698 48
7.41981716907359 62
7.42610451654109 54
7.43239190415946 71
7.43867933192873 54
7.44496679984888 54
7.45125430791991 61
7.45754185614183 58
7.46382944451463 43
7.47011707303832 45
7.47640474171289 49
7.48269245053835 53
7.48898019951469 49
7.49526798864192 52
7.50155581792003 55
7.50784368734903 61
7.51413159692891 59
7.52041954665967 54
7.52670753654133 72
7.53299556657386 52
7.53928363675728 50
7.54557174709158 53
7.55185989757678 50
7.55814808821285 52
7.56443631899981 37
7.57072458993765 49
7.57701290102638 48
7.583301252266 50
7.58958964365649 48
7.59587807519788 46
7.60216654689014 54
7.6084550587333 55
7.61474361072733 57
7.62103220287226 43
7.62732083516806 58
7.63360950761475 57
7.63989822021233 53
7.64618697296079 70
7.65247576586014 57
7.65876459891037 48
7.66505347211148 62
7.67134238546349 53
7.67763133896637 57
7.68392033262014 52
7.69020936642479 49
7.69649844038033 47
7.70278755448676 57
7.70907670874407 53
7.71536590315226 55
7.72165513771134 48
7.7279444124213 54
7.73423372728215 60
7.74052308229388 61
7.7468124774565 61
7.75310191277 54
7.75939138823439 59
7.76568090384966 53
7.77197045961582 47
7.77826005553286 60
7.78454969160078 49
7.79083936781959 53
7.79712908418929 67
7.80341884070987 51
7.80970863738134 58
7.81599847420369 53
7.82228835117692 56
7.82857826830104 83
7.83486822557604 80
7.84115822300193 71
7.84744826057871 55
7.85373833830637 43
7.86002845618491 41
7.86631861421434 67
7.87260881239465 55
7.87889905072585 63
7.88518932920793 58
7.8914796478409 57
7.89777000662475 59
7.90406040555948 69
7.91035084464511 69
7.91664132388161 62
7.922931843269 69
7.92922240280728 54
7.93551300249644 57
7.94180364233648 71
7.94809432232741 50
7.95438504246923 60
7.96067580276193 71
7.96696660320551 66
7.97325744379998 64
7.97954832454533 72
7.98583924544157 58
7.9921302064887 70
7.9984212076867 66
8.0047122490356 75
8.01100333053537 65
8.01729445218604 66
8.02358561398758 61
8.02987681594002 56
8.03616805804333 59
8.04245934029753 55
8.04875066270262 46
8.05504202525859 66
8.06133342796545 74
8.06762487082318 51
8.07391635383181 66
8.08020787699132 48
8.08649944030172 70
8.092791043763 82
8.09908268737516 63
8.10537437113821 70
8.11166609505214 72
8.11795785911696 85
8.12424966333266 62
8.13054150769925 51
8.13683339221672 66
8.14312531688508 60
8.14941728170433 76
8.15570928667445 56
8.16200133179546 51
8.16829341706736 68
8.17458554249014 81
8.18087770806381 76
8.18716991378836 64
8.1934621596638 66
8.19975444569011 71
8.20604677186732 73
8.21233913819541 77
8.21863154467439 63
8.22492399130424 62
8.23121647808499 69
8.23750900501662 82
8.24380157209913 67
8.25009417933253 67
8.25638682671682 63
8.26267951425198 68
8.26897224193803 45
8.27526500977497 82
8.2815578177628 65
8.2878506659015 50
8.29414355419109 68
8.30043648263157 62
8.30672945122293 78
8.31302245996518 73
8.31931550885831 70
8.32560859790233 67
8.33190172709723 74
8.33819489644301 80
8.34448810593968 72
8.35078135558724 62
8.35707464538567 59
8.363367975335 78
8.36966134543521 69
8.3759547556863 84
8.38224820608828 72
8.38854169664114 56
8.39483522734489 62
8.40112879819953 68
8.40742240920504 61
8.41371606036145 68
8.42000975166873 81
8.42630348312691 55
8.43259725473596 87
8.43889106649591 81
8.44518491840673 64
8.45147881046844 72
8.45777274268104 61
8.46406671504452 71
8.47036072755888 75
8.47665478022413 75
8.48294887304027 77
8.48924300600729 66
8.49553717912519 69
8.50183139239398 65
8.50812564581366 73
8.51441993938422 88
8.52071427310566 65
8.52700864697799 75
8.5333030610012 71
8.5395975151753 86
8.54589200950028 82
8.55218654397615 51
8.5584811186029 64
8.56477573338054 79
8.57107038830906 48
8.57736508338846 63
8.58365981861876 80
8.58995459399993 66
8.59624940953199 71
8.60254426521494 98
8.60883916104877 60
8.61513409703348 74
8.62142907316908 70
8.62772408945557 84
8.63401914589294 70
8.64031424248119 68
8.64660937922033 79
8.65290455611035 62
8.65919977315126 76
8.66549503034305 80
8.67179032768573 71
8.67808566517929 74
8.68438104282374 71
8.69067646061908 79
8.69697191856529 78
8.70326741666239 90
8.70956295491038 83
8.71585853330925 74
8.72215415185901 89
8.72844981055965 75
8.73474550941117 64
8.74104124841358 66
8.74733702756688 84
8.75363284687106 69
8.75992870632612 73
8.76622460593207 78
8.77252054568891 82
8.77881652559662 72
8.78511254565523 79
8.79140860586472 61
8.79770470622509 69
8.80400084673635 67
8.81029702739849 82
8.81659324821152 72
8.82288950917543 76
8.82918581029023 67
8.83548215155591 80
8.84177853297247 72
8.84807495453993 75
8.85437141625826 77
8.86066791812748 94
8.86696446014759 71
8.87326104231858 91
8.87955766464045 75
8.88585432711321 67
8.89215102973686 89
8.89844777251139 88
8.9047445554368 72
8.9110413785131 73
8.91733824174028 86
8.92363514511835 93
8.92993208864731 82
8.93622907232715 96
8.94252609615787 106
8.94882316013947 80
8.95512026427197 79
8.96141740855534 87
8.9677145929896 86
8.97401181757475 102
8.98030908231078 86
8.9866063871977 90
8.9929037322355 78
8.99920111742419 82
9.00549854276376 90
9.01179600825421 84
9.01809351389555 83
9.02439105968778 111
9.03068864563089 86
9.03698627172488 86
9.04328393796976 91
9.04958164436552 102
9.05587939091217 101
9.0621771776097 106
9.06847500445812 76
9.07477287145742 83
9.08107077860761 102
9.08736872590869 82
9.09366671336064 92
9.09996474096348 96
9.10626280871721 93
9.11256091662182 102
9.11885906467732 101
9.1251572528837 88
9.13145548124097 96
9.13775374974912 97
9.14405205840815 77
9.15035040721807 100
9.15664879617888 105
9.16294722529057 111
9.16924569455314 96
9.1755442039666 118
9.18184275353094 112
9.18814134324617 123
9.19443997311229 142
9.20073864312928 102
9.20703735329717 120
9.21333610361593 107
9.21963489408559 113
9.22593372470612 138
9.23223259547754 125
9.23853150639985 106
9.24483045747304 130
9.25112944869712 147
9.25742848007208 156
9.26372755159793 138
9.27002666327466 155
9.27632581510227 157
9.28262500708077 161
9.28892423921016 155
9.29522351149043 161
9.30152282392158 156
9.30782217650362 161
9.31412156923654 161
9.32042100212035 149
9.32672047515504 165
9.33301998834062 192
9.33931954167709 172
9.34561913516443 160
9.35191876880267 155
9.35821844259178 170
9.36451815653179 168
9.37081791062267 144
9.37711770486444 193
9.3834175392571 156
9.38971741380064 176
9.39601732849507 133
9.40231728334038 152
9.40861727833657 177
9.41491731348365 175
9.42121738878162 159
9.42751750423047 151
9.4338176598302 163
9.44011785558082 158
9.44641809148233 162
9.45271836753471 175
9.45901868373799 178
9.46531904009215 146
9.47161943659719 144
9.47791987325312 155
9.48422035005993 162
9.49052086701763 154
9.49682142412621 152
9.50312202138567 135
9.50942265879603 146
9.51572333635726 123
9.52202405406939 131
9.52832481193239 134
9.53462560994628 111
9.54092644811106 109
9.54722732642672 146
9.55352824489326 133
9.55982920351069 122
9.56613020227901 126
9.5724312411982 126
9.57873232026829 151
9.58503343948926 143
9.59133459886111 137
9.59763579838385 140
9.60393703805747 152
9.61023831788198 146
9.61653963785737 134
9.62284099798365 142
9.62914239826081 154
9.63544383868886 165
9.64174531926779 157
9.64804683999761 149
9.65434840087831 160
9.66065000190989 146
9.66695164309236 163
9.67325332442572 151
9.67955504590996 154
9.68585680754508 150
9.6921586093311 153
9.69846045126799 164
9.70476233335577 176
9.71106425559443 140
9.71736621798398 137
9.72366822052442 135
9.72997026321573 127
9.73627234605794 117
9.74257446905103 134
9.748876632195 115
9.75517883548985 136
9.7614810789356 102
9.76778336253222 116
9.77408568627973 138
9.78038805017813 107
9.78669045422741 105
9.79299289842758 97
9.79929538277863 121
9.80559790728057 102
9.81190047193339 84
9.81820307673709 94
9.82450572169168 92
9.83080840679716 76
9.83711113205352 101
9.84341389746076 110
9.84971670301889 93
9.8560195487279 88
9.8623224345878 89
9.86862536059858 90
9.87492832676025 88
9.8812313330728 92
9.88753437953624 104
9.89383746615056 85
9.90014059291577 82
9.90644375983186 96
9.91274696689884 80
9.9190502141167 79
9.92535350148545 94
9.93165682900508 81
9.93796019667559 91
9.94426360449699 79
9.95056705246928 104
9.95687054059245 93
9.9631740688665 91
9.96947763729144 86
9.97578124586727 110
9.98208489459397 93
9.98838858347157 78
9.99469231250005 80
10.0009960816794 88
10.0072998910097 105
10.0136037404908 91
10.0199076301228 76
10.0262115599057 81
10.0325155298395 81
10.0388195399242 92
10.0451235901597 87
10.0514276805462 88
10.0577318110835 87
10.0640359817717 87
10.0703401926108 100
10.0766444436008 86
10.0829487347416 92
10.0892530660334 93
10.095557437476 95
10.1018618490696 76
10.108166300814 79
10.1144707927092 82
10.1207753247554 92
10.1270798969525 98
10.1333845093004 77
10.1396891617992 91
10.145993854449 89
10.1522985872496 85
10.158603360201 85
10.1649081733034 83
10.1712130265567 86
10.1775179199608 84
10.1838228535158 71
10.1901278272217 92
10.1964328410785 81
10.2027378950862 87
10.2090429892448 89
10.2153481235542 94
10.2216532980145 76
10.2279585126257 96
10.2342637673878 97
10.2405690623008 69
10.2468743973647 89
10.2531797725794 84
10.2594851879451 109
10.2657906434616 99
10.272096139129 86
10.2784016749473 87
10.2847072509165 81
10.2910128670365 95
10.2973185233075 78
10.3036242197293 79
10.309929956302 85
10.3162357330256 96
10.3225415499001 90
10.3288474069255 103
10.3351533041018 106
10.3414592414289 81
10.3477652189069 96
10.3540712365358 73
10.3603772943156 88
10.3666833922463 101
10.3729895303279 108
10.3792957085603 79
10.3856019269437 89
10.3919081854779 99
10.398214484163 81
10.404520822999 68
10.4108272019858 96
10.4171336211236 98
10.4234400804122 92
10.4297465798518 81
10.4360531194422 106
10.4423596991835 86
10.4486663190757 98
10.4549729791187 84
10.4612796793127 87
10.4675864196575 97
10.4738932001532 98
10.4802000207998 91
10.4865068815973 92
10.4928137825457 92
10.499120723645 83
10.5054277048951 96
10.5117347262961 88
10.5180417878481 103
10.5243488895509 87
10.5306560314045 67
10.5369632134091 98
10.5432704355646 81
10.5495776978709 83
10.5558850003281 93
10.5621923429362 116
10.5684997256952 85
10.5748071486051 90
10.5811146116659 88
10.5874221148775 84
10.59372965824 86
10.6000372417534 87
10.6063448654177 82
10.6126525292329 103
10.618960233199 82
10.625267977316 100
10.6315757615838 82
10.6378835860025 101
10.6441914505721 99
10.6504993552926 105
10.656807300164 90
10.6631152851863 85
10.6694233103594 83
10.6757313756834 85
10.6820394811584 90
10.6883476267842 86
10.6946558125609 97
10.7009640384884 79
10.7072723045669 103
10.7135806107962 101
10.7198889571765 120
10.7261973437076 97
10.7325057703896 104
10.7388142372224 97
10.7451227442062 85
10.7514312913409 110
10.7577398786264 100
10.7640485060628 90
10.7703571736501 86
10.7766658813883 104
10.7829746292774 106
10.7892834173173 91
10.7955922455082 98
10.8019011138499 97
10.8082100223425 98
10.814518970986 96
10.8208279597804 98
10.8271369887257 108
10.8334460578218 107
10.8397551670689 99
10.8460643164668 110
10.8523735060156 104
10.8586827357153 121
10.8649920055659 100
10.8713013155673 90
10.8776106657197 111
10.8839200560229 107
10.890229486477 89
10.896538957082 125
10.9028484678379 117
10.9091580187447 101
10.9154676098023 123
10.9217772410109 101
10.9280869123703 110
10.9343966238806 114
10.9407063755418 105
10.9470161673539 110
10.9533259993168 126
10.9596358714307 120
10.9659457836954 109
10.972255736111 123
10.9785657286775 119
10.9848757613949 128
10.9911858342632 123
10.9974959472823 122
11.0038061004524 125
11.0101162937733 121
11.0164265272451 146
11.0227368008678 120
11.0290471146414 122
11.0353574685659 148
11.0416678626412 107
11.0479782968674 154
11.0542887712446 124
11.0605992857726 110
11.0669098404514 120
11.0732204352812 115
11.0795310702619 124
11.0858417453934 121
11.0921524606758 113
11.0984632161092 129
11.1047740116934 138
11.1110848474284 117
11.1173957233144 134
11.1237066393513 153
11.130017595539 132
11.1363285918776 117
11.1426396283671 128
11.1489507050075 147
11.1552618217988 108
11.1615729787409 124
11.167884175834 112
11.1741954130779 127
11.1805066904727 140
11.1868180080184 96
11.193129365715 125
11.1994407635625 109
11.2057522015608 107
11.2120636797101 100
11.2183751980102 128
11.2246867564612 99
11.2309983550631 104
11.2373099938159 100
11.2436216727195 113
11.2499333917741 108
11.2562451509795 113
11.2625569503358 106
11.268868789843 93
11.2751806695011 107
11.2814925893101 85
11.2878045492699 100
11.2941165493807 103
11.3004285896423 100
11.3067406700548 99
11.3130527906182 84
11.3193649513325 116
11.3256771521977 82
11.3319893932137 84
11.3383016743806 94
11.3446139956985 117
11.3509263571672 105
11.3572387587867 81
11.3635512005572 80
11.3698636824786 96
11.3761762045508 107
11.3824887667739 97
11.388801369148 87
11.3951140116729 94
11.4014266943486 100
11.4077394171753 93
11.4140521801529 93
11.4203649832813 84
11.4266778265606 108
11.4329907099908 96
11.4393036335719 80
11.4456165973039 95
11.4519296011867 103
11.4582426452205 94
11.4645557294051 111
11.4708688537406 95
11.477182018227 90
11.4834952228643 77
11.4898084676525 96
11.4961217525915 91
11.5024350776815 83
11.5087484429223 94
11.515061848314 88
11.5213752938566 97
11.5276887795501 85
11.5340023053944 102
11.5403158713897 88
11.5466294775358 88
11.5529431238328 80
11.5592568102807 91
11.5655705368795 89
11.5718843036292 107
11.5781981105297 100
11.5845119575812 85
11.5908258447835 82
11.5971397721367 83
11.6034537396408 80
11.6097677472958 72
11.6160817951016 92
11.6223958830584 79
11.628710011166 68
11.6350241794245 79
11.6413383878339 84
11.6476526363942 84
11.6539669251054 69
11.6602812539674 77
11.6665956229804 75
11.6729100321442 79
11.6792244814589 82
11.6855389709245 80
11.691853500541 69
11.6981680703084 82
11.7044826802266 75
11.7107973302957 71
11.7171120205158 71
11.7234267508867 72
11.7297415214085 71
11.7360563320811 76
11.7423711829047 73
11.7486860738791 73
11.7550010050045 77
11.7613159762807 76
11.7676309877078 68
11.7739460392858 67
11.7802611310146 65
11.7865762628944 79
11.792891434925 73
11.7992066471065 65
11.8055218994389 73
11.8118371919222 61
11.8181525245564 59
11.8244678973415 82
11.8307833102774 61
11.8370987633642 85
11.8434142566019 85
11.8497297899905 77
11.85604536353 51
11.8623609772204 57
11.8686766310617 50
11.8749923250538 64
11.8813080591968 69
11.8876238334907 63
11.8939396479355 67
11.9002555025312 59
11.9065713972778 78
11.9128873321752 65
11.9192033072235 62
11.9255193224228 68
11.9318353777729 64
11.9381514732738 51
11.9444676089257 72
11.9507837847285 55
11.9571000006821 51
11.9634162567866 63
11.969732553042 59
11.9760488894483 60
11.9823652660055 67
11.9886816827136 67
11.9949981395725 60
12.0013146365824 66
12.0076311737431 85
12.0139477510547 79
12.0202643685172 45
12.0265810261305 68
12.0328977238948 57
12.0392144618099 76
12.045531239876 70
12.0518480580929 61
12.0581649164607 70
12.0644818149794 63
12.0707987536489 57
12.0771157324694 74
12.0834327514407 79
12.0897498105629 51
12.096066909836 56
12.10238404926 54
12.1087012288349 72
12.1150184485607 72
12.1213357084373 52
12.1276530084648 58
12.1339703486433 67
12.1402877289725 59
12.1466051494527 64
12.1529226100838 70
12.1592401108658 67
12.1655576517986 74
12.1718752328823 53
12.1781928541169 55
12.1845105155024 61
12.1908282170388 47
12.1971459587261 55
12.2034637405642 58
12.2097815625532 63
12.2160994246931 59
12.2224173269839 69
12.2287352694256 65
12.2350532520182 67
12.2413712747617 54
12.247689337656 62
12.2540074407012 66
12.2603255838973 51
12.2666437672443 60
12.2729619907422 58
12.279280254391 53
12.2855985581906 57
12.2919169021411 52
12.2982352862426 58
12.3045537104949 68
12.3108721748981 58
12.3171906794521 55
12.3235092241571 55
12.3298278090129 54
12.3361464340196 62
12.3424650991773 45
12.3487838044858 63
12.3551025499451 61
12.3614213355554 67
12.3677401613165 49
12.3740590272286 42
12.3803779332915 52
12.3866968795053 65
12.39301586587 59
12.3993348923856 54
12.405653959052 61
12.4119730658694 62
12.4182922128376 59
12.4246113999567 53
12.4309306272267 50
12.4372498946476 66
12.4435692022194 53
12.449888549942 66
12.4562079378156 63
12.46252736584 54
12.4688468340153 56
12.4751663423415 66
12.4814858908185 45
12.4878054794465 66
12.4941251082254 50
12.5004447771551 58
12.5067644862357 46
12.5130842354672 50
12.5194040248496 63
12.5257238543829 49
12.532043724067 60
12.538363633902 61
12.544683583888 54
12.5510035740248 63
12.5573236043125 63
12.563643674751 51
12.5699637853405 64
12.5762839360809 54
12.5826041269721 60
12.5889243580142 62
12.5952446292072 56
12.6015649405511 50
12.6078852920459 47
12.6142056836915 53
12.6205261154881 57
12.6268465874355 47
12.6331670995338 59
12.639487651783 49
12.6458082441831 54
12.652128876734 57
12.6584495494359 49
12.6647702622886 49
12.6710910152922 62
12.6774118084467 59
12.6837326417521 40
12.6900535152084 56
12.6963744288156 43
12.7026953825736 63
12.7090163764825 47
12.7153374105423 60
12.721658484753 72
12.7279795991146 50
12.7343007536271 42
12.7406219482904 60
12.7469431831047 64
12.7532644580698 43
12.7595857731858 58
12.7659071284527 53
12.7722285238705 51
12.7785499594391 57
12.7848714351587 45
12.7911929510291 37
12.7975145070504 41
12.8038361032226 55
12.8101577395457 51
12.8164794160197 45
12.8228011326445 53
12.8291228894203 40
12.8354446863469 61
12.8417665234244 55
12.8480884006528 56
12.8544103180321 42
12.8607322755622 50
12.8670542732433 36
12.8733763110752 43
12.879698389058 42
12.8860205071917 51
12.8923426654763 36
12.8986648639118 38
12.9049871024981 43
12.9113093812354 52
12.9176317001235 54
12.9239540591625 56
12.9302764583524 51
12.9365988976932 40
12.9429213771848 54
12.9492438968274 39
12.9555664566208 45
12.9618890565651 41
12.9682116966603 62
12.9745343769064 47
12.9808570973034 39
12.9871798578513 52
12.99350265855 36
12.9998254993996 40
13.0061483804001 41
13.0124713015515 39
13.0187942628538 46
13.025117264307 37
13.031440305911 44
13.037763387666 32
13.0440865095718 42
13.0504096716285 42
13.0567328738361 35
13.0630561161945 37
13.0693793987039 44
13.0757027213642 43
13.0820260841753 33
13.0883494871373 45
13.0946729302502 34
13.100996413514 40
13.1073199369286 31
13.1136435004942 49
13.1199671042106 50
13.126290748078 41
13.1326144320962 40
13.1389381562652 36
13.1452619205852 39
13.1515857250561 49
13.1579095696778 36
13.1642334544505 39
13.170557379374 44
13.1768813444484 27
13.1832053496737 34
13.1895293950498 37
13.1958534805769 36
13.2021776062548 39
13.2085017720836 34
13.2148259780634 35
13.221150224194 34
13.2274745104754 35
13.2337988369078 27
13.240123203491 32
13.2464476102252 38
13.2527720571102 40
13.2590965441461 41
13.2654210713329 46
13.2717456386705 36
13.2780702461591 38
13.2843948937985 45
13.2907195815889 33
13.2970443095301 52
13.3033690776222 41
13.3096938858652 25
13.316018734259 23
13.3223436228038 35
13.3286685514994 29
13.3349935203459 39
13.3413185293433 39
13.3476435784916 38
13.3539686677908 31
13.3602937972408 34
13.3666189668418 33
13.3729441765936 35
13.3792694264963 26
13.3855947165499 29
13.3919200467544 30
13.3982454171098 23
13.404570827616 30
13.4108962782732 25
13.4172217690812 41
13.4235473000401 30
13.4298728711499 31
13.4361984824106 39
13.4425241338221 33
13.4488498253846 25
13.4551755570979 29
13.4615013289621 35
13.4678271409772 32
13.4741529931432 24
13.4804788854601 15
13.4868048179278 19
13.4931307905465 31
13.499456803316 25
13.5057828562364 29
13.5121089493077 27
13.5184350825298 33
13.5247612559029 21
13.5310874694269 30
13.5374137231017 20
13.5437400169274 21
13.550066350904 26
13.5563927250315 26
13.5627191393099 24
13.5690455937391 32
13.5753720883193 24
13.5816986230503 26
13.5880251979322 30
13.594351812965 17
13.6006784681487 27
13.6070051634832 27
13.6133318989687 23
13.619658674605 25
13.6259854903922 29
13.6323123463303 21
13.6386392424193 22
13.6449661786592 14
13.65129315505 33
13.6576201715916 22
13.6639472282841 25
13.6702743251275 24
13.6766014621218 27
13.682928639267 22
13.6892558565631 21
13.69558311401 18
13.7019104116079 17
13.7082377493566 14
13.7145651272562 24
13.7208925453067 19
13.7272200035081 18
13.7335475018603 27
13.7398750403635 25
13.7462026190175 18
13.7525302378224 20
13.7588578967782 21
13.7651855958849 13
13.7715133351424 16
13.7778411145509 22
13.7841689341102 14
13.7904967938205 15
13.7968246936816 21
13.8031526336936 13
13.8094806138564 24
13.8158086341702 23
13.8221366946348 14
13.8284647952504 19
13.8347929360168 21
13.8411211169341 14
13.8474493380023 15
13.8537775992213 13
13.8601059005913 16
13.8664342421121 7
13.8727626237839 14
13.8790910456065 19
13.88541950758 21
13.8917480097043 11
13.8980765519796 7
13.9044051344058 7
13.9107337569828 11
13.9170624197107 11
13.9233911225895 11
13.9297198656192 7
13.9360486487998 12
13.9423774721312 10
13.9487063356136 14
13.9550352392468 12
13.9613641830309 10
13.9676931669659 14
13.9740221910518 9
13.9803512552885 14
13.9866803596762 10
13.9930095042147 11
13.9993386889041 12
14.0056679137444 9
14.0119971787356 7
14.0183264838777 12
14.0246558291707 11
14.0309852146145 11
14.0373146402092 15
14.0436441059549 5
14.0499736118514 9
14.0563031578987 9
14.062632744097 8
14.0689623704462 7
14.0752920369462 9
14.0816217435971 4
14.0879514903989 16
14.0942812773516 13
14.1006111044552 9
14.1069409717096 10
14.113270879115 8
14.1196008266712 6
14.1259308143783 8
14.1322608422363 8
14.1385909102452 5
14.144921018405 5
14.1512511667156 3
14.1575813551772 8
14.1639115837896 8
14.1702418525529 6
14.1765721614671 12
14.1829025105322 7
14.1892328997481 4
14.195563329115 5
14.2018937986327 6
14.2082243083013 6
14.2145548581208 7
14.2208854480912 6
14.2272160782125 3
14.2335467484847 5
14.2398774589077 7
14.2462082094816 6
14.2525390002064 9
14.2588698310821 3
14.2652007021087 3
14.2715316132862 7
14.2778625646145 6
14.2841935560937 6
14.2905245877239 3
14.2968556595049 2
14.3031867714368 1
14.3095179235195 5
14.3158491157532 1
14.3221803481377 6
14.3285116206732 8
14.3348429333595 4
14.3411742861967 2
14.3475056791847 7
14.3538371123237 3
14.3601685856136 5
14.3665000990543 3
14.3728316526459 6
14.3791632463884 5
14.3854948802818 4
14.3918265543261 3
14.3981582685213 3
14.4044900228673 2
14.4108218173642 2
14.417153652012 2
14.4234855268107 1
14.4298174417603 4
14.4361493968608 3
14.4424813921121 4
14.4488134275144 3
14.4551455030675 2
14.4614776187715 4
14.4678097746264 3
14.4741419706322 1
14.4804742067888 0
14.4868064830964 4
14.4931387995548 1
14.4994711561641 1
14.5058035529243 2
14.5121359898354 1
14.5184684668974 1
14.5248009841102 2
14.531133541474 1
14.5374661389886 5
14.5437987766541 1
14.5501314544705 1
14.5564641724378 2
14.562796930556 1
14.569129728825 0
14.5754625672449 2
14.5817954458158 4
14.5881283645375 0
14.59446132341 4
14.6007943224335 0
14.6071273616079 3
14.6134604409331 2
14.6197935604092 2
14.6261267200363 0
14.6324599198141 0
14.6387931597429 2
14.6451264398226 2
14.6514597600531 0
14.6577931204346 0
14.6641265209669 2
14.6704599616501 1
14.6767934424842 0
14.6831269634692 1
14.689460524605 0
14.6957941258918 1
14.7021277673294 3
14.7084614489179 1
14.7147951706573 1
14.7211289325476 0
14.7274627345888 2
14.7337965767808 0
14.7401304591237 1
14.7464643816176 0
14.7527983442623 0
14.7591323470579 0
14.7654663900043 0
14.7718004731017 0
14.7781345963499 0
14.7844687597491 1
14.7908029632991 3
14.797137207 0
14.8034714908518 0
14.8098058148544 0
14.816140179008 1
14.8224745833124 0
14.8288090277678 0
14.835143512374 0
14.8414780371311 1
14.847812602039 1
14.8541472070979 1
14.8604818523077 0
14.8668165376683 0
14.8731512631798 0
14.8794860288422 0
14.8858208346555 0
14.8921556806197 0
14.8984905667347 1
14.9048254930007 0
14.9111604594175 1
14.9174954659852 0
14.9238305127038 0
14.9301655995733 0
14.9365007265936 0
14.9428358937649 0
14.949171101087 1
14.95550634856 0
14.9618416361839 0
14.9681769639587 0
14.9745123318844 0
14.980847739961 0
14.9871831881884 0
14.9935186765667 0
14.9998542050959 0
15.006189773776 0
15.012525382607 1
15.0188610315889 0
15.0251967207216 0
15.0315324500053 0
15.0378682194398 0
15.0442040290252 0
15.0505398787615 0
15.0568757686487 0
15.0632116986867 0
15.0695476688757 0
15.0758836792155 0
15.0822197297062 0
15.0885558203478 0
15.0948919511403 0
15.1012281220837 0
15.1075643331779 0
15.1139005844231 0
15.1202368758191 0
15.126573207366 0
15.1329095790638 0
15.1392459909125 0
15.145582442912 0
15.1519189350625 0
15.1582554673638 0
15.164592039816 0
15.1709286524191 0
15.1772653051731 0
15.183601998078 0
15.1899387311337 0
15.1962755043404 0
15.2026123176979 0
15.2089491712063 0
15.2152860648656 0
15.2216229986758 0
15.2279599726368 0
15.2342969867488 0
15.2406340410116 0
15.2469711354253 0
15.2533082699899 0
15.2596454447054 0
15.2659826595718 0
15.2723199145891 0
15.2786572097572 0
15.2849945450762 0
15.2913319205461 0
15.2976693361669 0
15.3040067919386 0
15.3103442878612 0
15.3166818239346 0
15.323019400159 0
15.3293570165342 0
15.3356946730603 0
15.3420323697373 0
15.3483701065652 0
15.3547078835439 0
15.3610457006736 0
15.3673835579541 0
15.3737214553855 0
15.3800593929678 0
15.386397370701 0
15.392735388585 0
15.39907344662 0
15.4054115448058 0
15.4117496831426 0
15.4180878616302 0
15.4244260802687 0
15.430764339058 0
15.4371026379983 0
15.4434409770894 0
15.4497793563315 0
15.4561177757244 0
15.4624562352682 0
15.4687947349629 0
15.4751332748084 0
15.4814718548049 0
15.4878104749522 0
15.4941491352505 0
15.5004878356996 0
15.5068265762996 0
15.5131653570504 0
15.5195041779522 0
15.5258430390048 0
15.5321819402084 0
15.5385208815628 0
15.5448598630681 0
15.5511988847243 0
15.5575379465314 0
15.5638770484893 0
15.5702161905982 0
15.5765553728579 0
15.5828945952685 0
15.58923385783 0
15.5955731605424 0
15.6019125034056 0
15.6082518864198 0
15.6145913095848 0
15.6209307729007 0
15.6272702763675 0
15.6336098199852 0
15.6399494037538 0
15.6462890276733 0
15.6526286917436 0
15.6589683959648 0
15.6653081403369 0
15.6716479248599 0
15.6779877495338 0
15.6843276143586 0
15.6906675193342 0
15.6970074644608 0
15.7033474497382 0
15.7096874751665 0
15.7160275407457 0
15.7223676464758 0
15.7287077923567 0
15.7350479783886 0
15.7413882045713 0
15.7477284709049 0
15.7540687773894 0
15.7604091240248 0
15.7667495108111 0
15.7730899377482 0
15.7794304048363 0
15.7857709120752 0
15.792111459465 0
15.7984520470057 0
15.8047926746973 0
15.8111333425397 0
15.8174740505331 0
15.8238147986773 0
15.8301555869724 0
15.8364964154184 0
15.8428372840153 0
15.8491781927631 0
15.8555191416617 0
15.8618601307113 0
15.8682011599117 0
15.874542229263 0
15.8808833387652 0
15.8872244884183 0
15.8935656782223 0
15.8999069081771 0
15.9062481782828 0
15.9125894885394 0
15.918930838947 0
15.9252722295053 0
15.9316136602146 0
15.9379551310748 0
15.9442966420858 0
15.9506381932477 0
15.9569797845606 0
15.9633214160242 0
15.9696630876388 0
15.9760047994043 0
15.9823465513206 0
15.9886883433879 0
15.995030175606 0
16.001372047975 0
16.0077139604949 0
16.0140559131657 0
16.0203979059873 0
16.0267399389599 0
16.0330820120833 0
16.0394241253576 0
16.0457662787828 0
16.0521084723589 0
16.0584507060859 0
16.0647929799637 0
16.0711352939925 0
16.0774776481721 0
16.0838200425026 0
16.090162476984 0
16.0965049516163 0
16.1028474663994 0
16.1091900213335 0
16.1155326164184 0
16.1218752516542 0
16.1282179270409 0
16.1345606425785 0
16.140903398267 0
16.1472461941063 0
16.1535890300966 0
16.1599319062377 0
16.1662748225297 0
16.1726177789726 0
16.1789607755664 0
16.185303812311 0
16.1916468892066 0
16.197990006253 0
16.2043331634503 0
16.2106763607985 0
16.2170195982976 0
16.2233628759476 0
16.2297061937484 0
16.2360495517002 0
16.2423929498028 0
16.2487363880563 0
16.2550798664607 0
16.261423385016 0
16.2677669437222 0
16.2741105425792 0
16.2804541815872 0
16.286797860746 0
16.2931415800557 0
16.2994853395163 0
16.3058291391277 0
16.3121729788901 0
16.3185168588033 0
16.3248607788675 0
16.3312047390825 0
16.3375487394484 0
16.3438927799652 0
16.3502368606328 0
16.3565809814514 0
16.3629251424208 0
16.3692693435411 0
16.3756135848123 0
16.3819578662344 0
16.3883021878074 0
16.3946465495313 0
16.400990951406 0
16.4073353934316 0
16.4136798756082 0
16.4200243979356 0
16.4263689604138 0
16.432713563043 0
16.4390582058231 0
16.445402888754 0
16.4517476118358 0
16.4580923750685 0
16.4644371784521 0
16.4707820219866 0
16.477126905672 0
16.4834718295082 0
16.4898167934954 0
16.4961617976334 0
16.5025068419223 0
16.5088519263621 0
16.5151970509527 0
16.5215422156943 0
16.5278874205867 0
16.53423266563 0
16.5405779508243 0
16.5469232761694 0
16.5532686416653 0
16.5596140473122 0
16.5659594931099 0
16.5723049790586 0
16.5786505051581 0
16.5849960714085 0
16.5913416778098 1
16.597687324362 0
16.604033011065 0
16.610378737919 0
16.6167245049238 0
16.6230703120795 0
16.6294161593861 0
16.6357620468436 0
16.6421079744519 0
16.6484539422112 0
16.6547999501213 0
16.6611459981824 0
16.6674920863943 0
16.6738382147571 0
16.6801843832707 0
16.6865305919353 0
16.6928768407507 0
16.6992231297171 0
16.7055694588343 0
16.7119158281024 0
16.7182622375214 0
16.7246086870912 0
16.730955176812 0
16.7373017066836 0
16.7436482767061 0
16.7499948868795 0
16.7563415372038 0
16.762688227679 0
16.7690349583051 1
16.775381729082 0
16.7817285400099 0
16.7880753910886 0
16.7944222823182 0
16.8007692136987 0
16.80711618523 0
16.8134631969123 0
16.8198102487454 0
16.8261573407294 0
16.8325044728644 0
16.8388516451501 0
16.8451988575868 0
16.8515461101744 0
16.8578934029128 0
16.8642407358022 0
16.8705881088424 0
16.8769355220335 0
16.8832829753755 0
16.8896304688684 0
16.8959780025121 0
16.9023255763068 0
16.9086731902523 0
16.9150208443487 0
16.921368538596 0
16.9277162729942 0
16.9340640475432 0
16.9404118622432 0
16.946759717094 0
16.9531076120957 0
16.9594555472483 0
16.9658035225518 0
16.9721515380062 0
16.9784995936115 0
16.9848476893676 0
16.9911958252746 0
16.9975440013326 0
17.0038922175413 0
17.010240473901 0
17.0165887704116 0
17.022937107073 0
17.0292854838854 0
17.0356339008486 0
17.0419823579627 0
17.0483308552277 0
17.0546793926436 0
17.0610279702103 0
17.067376587928 0
17.0737252457965 0
17.0800739438159 0
17.0864226819862 0
17.0927714603074 0
17.0991202787795 0
17.1054691374024 0
17.1118180361763 0
17.118166975101 0
17.1245159541766 0
17.1308649734031 0
17.1372140327805 0
17.1435631323087 0
17.1499122719879 0
17.1562614518179 0
17.1626106717988 0
17.1689599319306 0
17.1753092322133 0
17.1816585726469 0
17.1880079532314 0
17.1943573739667 0
17.2007068348529 0
17.20705633589 0
17.213405877078 0
17.2197554584169 0
17.2261050799067 0
17.2324547415473 0
17.2388044433389 0
17.2451541852813 0
17.2515039673746 0
17.2578537896188 0
17.2642036520138 0
17.2705535545598 0
17.2769034972566 0
17.2832534801044 0
17.289603503103 0
17.2959535662525 0
17.3023036695529 0
17.3086538130041 0
17.3150039966063 0
17.3213542203593 0
17.3277044842632 0
17.334054788318 0
17.3404051325237 0
17.3467555168803 0
17.3531059413878 0
17.3594564060461 0
17.3658069108553 0
17.3721574558155 0
17.3785080409265 0
17.3848586661883 0
17.3912093316011 0
17.3975600371648 0
17.4039107828793 0
17.4102615687447 0
17.416612394761 0
17.4229632609282 0
17.4293141672463 0
17.4356651137153 0
17.4420161003351 0
17.4483671271058 0
17.4547181940275 0
17.4610693011 0
17.4674204483233 0
17.4737716356976 0
17.4801228632228 0
17.4864741308988 0
17.4928254387257 0
17.4991767867035 0
17.5055281748322 0
17.5118796031118 0
17.5182310715423 0
17.5245825801236 0
17.5309341288559 0
17.537285717739 0
17.543637346773 0
17.5499890159579 0
17.5563407252936 0
17.5626924747803 1
17.5690442644178 0
17.5753960942063 0
17.5817479641456 0
17.5880998742358 0
17.5944518244769 0
17.6008038148688 0
17.6071558454117 0
17.6135079161054 0
17.61986002695 0
17.6262121779455 0
17.6325643690919 0
17.6389166003892 0
17.6452688718374 0
17.6516211834364 0
17.6579735351863 0
17.6643259270871 0
17.6706783591388 0
17.6770308313414 0
17.6833833436949 0
17.6897358961992 0
17.6960884888545 0
17.7024411216606 0
17.7087937946176 0
17.7151465077255 0
17.7214992609843 0
17.7278520543939 0
17.7342048879545 0
17.7405577616659 0
17.7469106755282 0
17.7532636295414 0
17.7596166237055 0
17.7659696580205 0
17.7723227324863 0
17.7786758471031 0
17.7850290018707 0
17.7913821967892 0
17.7977354318586 0
17.8040887070789 0
17.8104420224501 0
17.8167953779721 0
17.823148773645 0
17.8295022094688 0
17.8358556854436 0
17.8422092015691 0
17.8485627578456 0
17.854916354273 0
17.8612699908512 0
17.8676236675803 0
17.8739773844603 0
17.8803311414912 0
17.886684938673 0
17.8930387760057 0
17.8993926534892 0
17.9057465711237 0
17.912100528909 0
17.9184545268452 0
17.9248085649323 0
17.9311626431703 0
17.9375167615591 0
17.9438709200989 0
17.9502251187895 1
17.956579357631 0
17.9629336366234 0
17.9692879557667 0
17.9756423150608 0
17.9819967145059 0
17.9883511541018 0
17.9947056338487 0
18.0010601537464 0
18.007414713795 0
18.0137693139944 0
18.0201239543448 0
18.026478634846 0
18.0328333554982 0
18.0391881163012 0
18.0455429172551 0
18.0518977583599 0
18.0582526396155 0
18.0646075610221 0
18.0709625225795 0
18.0773175242878 0
18.0836725661471 0
18.0900276481571 0
18.0963827703181 0
18.10273793263 0
18.1090931350927 0
18.1154483777064 0
18.1218036604709 0
18.1281589833863 0
18.1345143464526 0
18.1408697496697 0
18.1472251930378 0
18.1535806765567 0
18.1599362002266 0
18.1662917640473 0
18.1726473680189 0
18.1790030121413 0
18.1853586964147 0
18.191714420839 0
18.1980701854141 0
18.2044259901401 0
18.210781835017 0
18.2171377200448 0
18.2234936452235 0
18.229849610553 0
18.2362056160335 0
18.2425616616648 0
18.248917747447 0
18.2552738733801 0
18.2616300394641 0
18.267986245699 0
18.2743424920847 0
18.2806987786213 0
18.2870551053089 0
18.2934114721473 0
18.2997678791366 0
18.3061243262767 0
18.3124808135678 0
18.3188373410097 0
18.3251939086026 0
18.3315505163463 0
18.3379071642409 0
18.3442638522864 0
18.3506205804827 0
18.35697734883 0
18.3633341573281 0
18.3696910059771 0
18.376047894777 0
18.3824048237278 0
18.3887617928295 0
18.3951188020821 0
18.4014758514855 0
18.4078329410399 0
18.4141900707451 0
18.4205472406012 0
18.4269044506082 0
18.433261700766 0
18.4396189910748 0
18.4459763215344 0
18.452333692145 0
18.4586911029064 0
18.4650485538187 0
18.4714060448818 0
18.4777635760959 0
18.4841211474608 0
18.4904787589767 0
18.4968364106434 0
18.503194102461 0
18.5095518344295 0
18.5159096065489 0
18.5222674188191 0
18.5286252712403 0
18.5349831638123 0
18.5413410965352 0
18.547699069409 0
18.5540570824337 0
18.5604151356092 0
18.5667732289357 0
18.573131362413 0
18.5794895360412 0
18.5858477498203 0
18.5922060037503 0
18.5985642978312 1
18.604922632063 0
18.6112810064456 0
18.6176394209791 0
18.6239978756635 0
18.6303563704988 0
18.636714905485 0
18.6430734806221 0
18.64943209591 0
18.6557907513489 0
18.6621494469386 0
18.6685081826792 0
18.6748669585707 0
18.6812257746131 0
18.6875846308063 0
18.6939435271505 0
18.7003024636455 0
18.7066614402914 0
18.7130204570882 0
18.7193795140359 0
18.7257386111345 0
18.7320977483839 0
18.7384569257843 0
18.7448161433355 0
18.7511754010376 0
18.7575346988906 0
18.7638940368945 0
18.7702534150492 0
18.7766128333549 0
18.7829722918114 0
18.7893317904188 0
18.7956913291771 0
18.8020509080863 0
18.8084105271464 0
18.8147701863574 0
18.8211298857192 0
18.8274896252319 0
18.8338494048955 0
18.84020922471 0
18.8465690846754 0
18.8529289847917 0
18.8592889250588 0
18.8656489054768 0
18.8720089260458 0
18.8783689867656 0
18.8847290876363 0
18.8910892286578 0
18.8974494098303 0
18.9038096311536 0
18.9101698926279 0
18.916530194253 0
18.922890536029 0
18.9292509179559 0
18.9356113400336 0
18.9419718022623 0
18.9483323046418 0
18.9546928471722 0
18.9610534298535 0
18.9674140526857 0
18.9737747156688 0
18.9801354188028 0
18.9864961620876 0
18.9928569455233 0
18.9992177691099 0
19.0055786328474 0
19.0119395367358 0
19.0183004807751 0
19.0246614649652 0
19.0310224893063 0
19.0373835537982 0
19.043744658441 0
19.0501058032347 0
19.0564669881793 0
19.0628282132747 0
19.0691894785211 0
19.0755507839183 0
19.0819121294664 0
19.0882735151654 0
19.0946349410153 0
19.1009964070161 0
19.1073579131678 0
19.1137194594703 0
19.1200810459237 0
19.126442672528 0
19.1328043392832 0
19.1391660461893 0
19.1455277932463 0
19.1518895804541 0
19.1582514078128 0
19.1646132753225 0
19.170975182983 0
19.1773371307944 0
19.1836991187566 0
19.1900611468698 0
19.1964232151338 0
19.2027853235488 0
19.2091474721146 0
19.2155096608313 0
19.2218718896988 0
19.2282341587173 0
19.2345964678867 0
19.2409588172069 0
19.247321206678 0
19.2536836363 0
19.2600461060729 0
19.2664086159967 0
19.2727711660713 0
19.2791337562969 0
19.2854963866733 0
19.2918590572006 0
19.2982217678788 0
19.3045845187079 0
19.3109473096879 0
19.3173101408187 0
19.3236730121005 0
19.3300359235331 0
19.3363988751166 0
19.342761866851 0
19.3491248987363 0
19.3554879707724 0
19.3618510829595 0
19.3682142352974 0
19.3745774277862 0
19.3809406604259 0
19.3873039332165 0
19.393667246158 0
19.4000305992503 0
19.4063939924936 0
19.4127574258877 0
19.4191208994327 0
19.4254844131286 0
19.4318479669754 0
19.438211560973 0
19.4445751951216 0
19.450938869421 0
19.4573025838713 0
19.4636663384725 0
19.4700301332246 0
19.4763939681276 0
19.4827578431814 0
19.4891217583862 0
19.4954857137418 0
19.5018497092483 0
19.5082137449057 0
19.514577820714 0
19.5209419366732 0
19.5273060927832 0
19.5336702890441 0
19.540034525456 0
19.5463988020187 0
19.5527631187323 0
19.5591274755967 0
19.5654918726121 0
19.5718563097783 0
19.5782207870955 0
19.5845853045635 0
19.5909498621824 0
19.5973144599521 0
19.6036790978728 0
19.6100437759444 0
19.6164084941668 0
19.6227732525401 0
19.6291380510643 0
19.6355028897394 0
19.6418677685654 0
19.6482326875423 0
19.65459764667 0
19.6609626459486 0
19.6673276853781 0
19.6736927649585 0
19.6800578846898 0
19.686423044572 0
19.692788244605 0
19.699153484789 0
19.7055187651238 0
19.7118840856095 0
19.7182494462461 0
19.7246148470336 0
19.7309802879719 0
19.7373457690612 0
19.7437112903013 0
19.7500768516923 0
19.7564424532342 0
19.762808094927 0
19.7691737767707 0
19.7755394987653 0
19.7819052609107 0
19.788271063207 0
19.7946369056542 0
19.8010027882523 0
19.8073687110013 0
19.8137346739012 0
19.8201006769519 0
19.8264667201536 0
19.8328328035061 0
19.8391989270095 0
19.8455650906638 0
19.8519312944689 0
19.858297538425 0
19.8646638225319 0
19.8710301467898 0
19.8773965111985 0
19.8837629157581 0
19.8901293604685 0
19.8964958453299 0
19.9028623703422 0
19.9092289355053 0
19.9155955408193 0
19.9219621862842 0
19.9283288719 0
19.9346955976667 0
19.9410623635843 0
19.9474291696527 0
19.953796015872 0
19.9601629022422 0
19.9665298287633 0
19.9728967954353 0
19.9792638022582 0
19.9856308492319 0
19.9919979363566 0
19.9983650636321 0
20.0047322310585 0
20.0110994386358 0
20.017466686364 0
20.023833974243 0
20.030201302273 0
20.0365686704538 0
20.0429360787855 0
20.0493035272681 0
20.0556710159016 0
20.062038544686 0
20.0684061136212 0
20.0747737227074 0
20.0811413719444 0
20.0875090613323 0
20.0938767908711 0
20.1002445605608 0
20.1066123704013 0
20.1129802203928 0
20.1193481105351 0
20.1257160408283 0
20.1320840112724 0
20.1384520218674 0
20.1448200726133 0
20.1511881635101 0
20.1575562945577 0
20.1639244657562 0
20.1702926771056 0
20.1766609286059 0
20.1830292202571 0
20.1893975520592 0
20.1957659240121 0
20.202134336116 0
20.2085027883707 0
20.2148712807763 0
20.2212398133328 0
20.2276083860401 0
20.2339769988984 0
20.2403456519076 0
20.2467143450676 0
20.2530830783785 0
20.2594518518403 0
20.265820665453 0
20.2721895192165 0
20.278558413131 0
20.2849273471963 0
20.2912963214125 0
20.2976653357797 0
20.3040343902976 0
20.3104034849665 0
20.3167726197863 0
20.3231417947569 0
20.3295110098785 0
20.3358802651509 0
20.3422495605742 0
20.3486188961484 0
20.3549882718734 0
20.3613576877494 0
20.3677271437762 0
20.3740966399539 0
20.3804661762826 0
20.386835752762 0
20.3932053693924 0
20.3995750261737 0
20.4059447231058 0
20.4123144601889 0
20.4186842374228 0
20.4250540548076 0
20.4314239123433 0
20.4377938100298 0
20.4441637478673 0
20.4505337258556 0
20.4569037439949 0
20.463273802285 0
20.469643900726 0
20.4760140393178 0
20.4823842180606 0
20.4887544369543 0
20.4951246959988 0
20.5014949951942 0
20.5078653345405 0
20.5142357140377 0
20.5206061336858 0
20.5269765934847 0
20.5333470934346 0
20.5397176335353 0
20.5460882137869 0
20.5524588341894 0
20.5588294947428 0
20.5652001954471 0
20.5715709363022 0
20.5779417173082 0
20.5843125384652 0
20.590683399773 0
20.5970543012317 0
20.6034252428412 0
20.6097962246017 0
20.616167246513 0
20.6225383085753 0
20.6289094107884 0
20.6352805531524 0
20.6416517356673 0
20.648022958333 0
20.6543942211497 0
20.6607655241172 0
20.6671368672356 0
20.673508250505 0
20.6798796739251 0
20.6862511374962 0
20.6926226412182 0
20.698994185091 0
20.7053657691148 0
20.7117373932894 0
20.7181090576149 0
20.7244807620913 0
20.7308525067185 0
20.7372242914967 0
20.7435961164257 0
20.7499679815057 0
20.7563398867365 0
20.7627118321182 0
20.7690838176507 0
20.7754558433342 0
20.7818279091685 0
20.7882000151538 0
20.7945721612899 0
20.8009443475769 0
20.8073165740148 0
20.8136888406036 0
20.8200611473432 0
20.8264334942338 0
20.8328058812752 0
20.8391783084675 0
20.8455507758107 0
20.8519232833048 0
20.8582958309497 0
20.8646684187456 0
20.8710410466923 0
20.8774137147899 0
20.8837864230384 0
20.8901591714378 0
20.8965319599881 0
20.9029047886893 0
20.9092776575413 0
20.9156505665442 0
20.9220235156981 0
20.9283965050028 0
20.9347695344583 0
20.9411426040648 0
20.9475157138222 0
20.9538888637304 0
20.9602620537895 0
20.9666352839995 0
20.9730085543604 0
20.9793818648722 0
20.9857552155348 0
20.9921286063484 0
20.9985020373128 0
21.0048755084281 0
21.0112490196943 0
21.0176225711114 0
21.0239961626794 1
21.0303697943982 0
21.036743466268 0
21.0431171782886 0
21.0494909304601 0
21.0558647227825 0
21.0622385552558 0
21.0686124278799 0
21.074986340655 0
21.0813602935809 0
21.0877342866577 0
21.0941083198854 0
21.100482393264 0
21.1068565067935 0
21.1132306604739 0
21.1196048543051 0
21.1259790882872 0
21.1323533624202 0
21.1387276767041 0
21.1451020311389 0
21.1514764257246 0
21.1578508604611 0
21.1642253353486 0
21.1705998503869 0
21.1769744055761 0
21.1833490009162 0
21.1897236364071 0
21.196098312049 0
21.2024730278417 0
21.2088477837854 0
21.2152225798799 0
21.2215974161253 0
21.2279722925216 0
21.2343472090687 0
21.2407221657668 0
21.2470971626157 0
21.2534721996155 0
21.2598472767662 0
21.2662223940678 0
21.2725975515203 0
21.2789727491237 0
21.2853479868779 0
21.291723264783 0
21.2980985828391 0
21.304473941046 0
21.3108493394037 0
21.3172247779124 0
21.323600256572 0
21.3299757753824 0
21.3363513343437 0
21.3427269334559 0
21.349102572719 0
21.355478252133 0
21.3618539716979 0
21.3682297314136 0
21.3746055312802 0
21.3809813712978 0
21.3873572514662 0
21.3937331717854 0
21.4001091322556 0
21.4064851328767 0
21.4128611736486 0
21.4192372545714 0
21.4256133756451 0
21.4319895368697 0
21.4383657382452 0
21.4447419797716 0
21.4511182614488 0
21.457494583277 0
21.463870945256 0
21.4702473473859 0
21.4766237896667 0
21.4830002720983 0
21.4893767946809 0
21.4957533574143 0
21.5021299602987 0
21.5085066033339 0
21.51488328652 0
21.521260009857 0
21.5276367733448 0
21.5340135769836 0
21.5403904207732 0
21.5467673047137 0
21.5531442288051 0
21.5595211930474 0
21.5658981974406 0
21.5722752419847 0
21.5786523266796 0
21.5850294515254 0
21.5914066165221 0
21.5977838216697 0
21.6041610669682 0
21.6105383524176 0
21.6169156780178 0
21.623293043769 0
21.629670449671 0
21.6360478957239 0
21.6424253819277 0
21.6488029082824 0
21.6551804747879 0
21.6615580814444 0
21.6679357282517 0
21.6743134152099 0
21.680691142319 0
21.687068909579 0
21.6934467169899 0
21.6998245645516 0
21.7062024522643 0
21.7125803801278 0
21.7189583481422 0
21.7253363563075 0
21.7317144046237 0
21.7380924930907 0
21.7444706217087 0
21.7508487904775 0
21.7572269993972 0
21.7636052484678 0
21.7699835376893 0
21.7763618670617 0
21.782740236585 0
21.7891186462591 0
21.7954970960841 0
21.80187558606 0
21.8082541161868 0
21.8146326864645 0
21.8210112968931 0
21.8273899474725 0
21.8337686382029 0
21.8401473690841 0
21.8465261401162 0
21.8529049512992 0
21.8592838026331 0
21.8656626941178 0
21.8720416257535 0
21.87842059754 0
21.8847996094774 0
21.8911786615657 0
21.8975577538049 0
21.9039368861949 0
21.9103160587359 0
21.9166952714277 0
21.9230745242704 0
21.9294538172641 0
21.9358331504085 0
21.9422125237039 0
21.9485919371502 0
21.9549713907473 0
21.9613508844954 0
21.9677304183943 0
21.9741099924441 0
21.9804896066448 0
21.9868692609963 0
21.9932489554988 0
21.9996286901521 0
22.0060084649563 0
22.0123882799114 0
22.0187681350174 0
22.0251480302743 0
22.0315279656821 0
22.0379079412407 0
22.0442879569503 0
22.0506680128107 0
22.057048108822 0
22.0634282449842 0
22.0698084212972 0
22.0761886377612 0
22.082568894376 0
22.0889491911418 0
22.0953295280584 0
22.1017099051259 0
22.1080903223442 0
22.1144707797135 0
22.1208512772336 0
22.1272318149047 0
22.1336123927266 0
22.1399930106994 0
22.1463736688231 0
22.1527543670977 0
22.1591351055231 0
22.1655158840995 0
22.1718967028267 0
22.1782775617048 0
22.1846584607338 0
22.1910393999137 0
22.1974203792444 0
22.2038013987261 0
22.2101824583586 0
22.2165635581421 0
22.2229446980764 0
22.2293258781615 0
22.2357070983976 0
22.2420883587846 0
22.2484696593224 0
22.2548510000112 0
22.2612323808508 0
22.2676138018413 0
22.2739952629826 0
22.2803767642749 0
22.2867583057181 0
22.2931398873121 0
22.299521509057 0
22.3059031709528 0
22.3122848729995 0
22.3186666151971 0
22.3250483975456 0
22.3314302200449 0
22.3378120826951 0
22.3441939854963 0
22.3505759284483 0
22.3569579115511 0
22.3633399348049 0
22.3697219982096 0
22.3761041017651 0
22.3824862454715 0
22.3888684293288 0
22.395250653337 0
22.4016329174961 0
22.4080152218061 0
22.4143975662669 0
22.4207799508787 0
22.4271623756413 0
22.4335448405548 0
22.4399273456192 0
22.4463098908344 0
22.4526924762006 0
22.4590751017176 0
22.4654577673856 0
22.4718404732044 0
22.4782232191741 0
22.4846060052947 0
22.4909888315661 0
22.4973716979885 0
22.5037546045617 0
22.5101375512858 0
22.5165205381608 0
22.5229035651867 0
22.5292866323635 0
22.5356697396911 0
22.5420528871697 0
22.5484360747991 0
22.5548193025794 0
22.5612025705106 0
22.5675858785927 0
22.5739692268257 0
22.5803526152095 0
22.5867360437443 0
22.5931195124299 0
22.5995030212664 0
22.6058865702538 0
22.6122701593921 0
22.6186537886812 0
22.6250374581213 0
22.6314211677122 0
22.637804917454 0
22.6441887073467 0
22.6505725373903 0
22.6569564075848 0
22.6633403179301 0
22.6697242684264 0
22.6761082590735 0
22.6824922898715 0
22.6888763608204 0
22.6952604719202 0
22.7016446231708 0
22.7080288145724 0
22.7144130461248 0
22.7207973178281 0
22.7271816296823 0
22.7335659816874 0
22.7399503738434 0
22.7463348061502 0
22.752719278608 0
22.7591037912166 0
22.7654883439761 0
22.7718729368865 0
22.7782575699478 0
22.7846422431599 0
22.791026956523 0
22.7974117100369 0
22.8037965037018 0
22.8101813375175 0
22.816566211484 0
22.8229511256015 0
22.8293360798699 0
22.8357210742891 0
22.8421061088592 0
22.8484911835803 1
22.8548762984522 0
22.8612614534749 0
22.8676466486486 0
22.8740318839731 0
22.8804171594486 0
22.8868024750749 1
22.8931878308521 0
22.8995732267802 0
22.9059586628592 0
22.912344139089 0
22.9187296554698 0
22.9251152120014 0
22.9315008086839 0
22.9378864455173 0
22.9442721225016 0
22.9506578396368 0
22.9570435969228 0
22.9634293943598 0
22.9698152319476 0
22.9762011096863 0
22.9825870275759 0
22.9889729856164 0
22.9953589838077 0
23.00174502215 0
23.0081311006431 0
23.0145172192871 0
23.020903378082 0
23.0272895770278 0
23.0336758161245 0
23.040062095372 0
23.0464484147705 0
23.0528347743198 0
23.05922117402 0
23.0656076138711 0
23.0719940938731 0
23.0783806140259 0
23.0847671743297 0
23.0911537747843 0
23.0975404153898 0
23.1039270961462 0
23.1103138170535 0
23.1167005781117 0
23.1230873793208 0
23.1294742206807 0
23.1358611021915 0
23.1422480238532 0
23.1486349856658 0
23.1550219876293 0
23.1614090297437 0
23.1677961120089 0
23.1741832344251 0
23.1805703969921 0
23.18695759971 0
23.1933448425788 0
23.1997321255985 0
23.206119448769 0
23.2125068120905 0
23.2188942155628 0
23.225281659186 0
23.2316691429601 0
23.2380566668851 0
23.2444442309609 0
23.2508318351877 0
23.2572194795653 0
23.2636071640939 0
23.2699948887733 0
23.2763826536036 0
23.2827704585847 0
23.2891583037168 0
23.2955461889997 0
23.3019341144336 0
23.3083220800183 0
23.3147100857539 0
23.3210981316404 0
23.3274862176777 0
23.333874343866 0
23.3402625102051 0
23.3466507166952 0
23.3530389633361 0
23.3594272501279 0
23.3658155770705 0
23.3722039441641 0
23.3785923514085 0
23.3849807988039 0
23.3913692863501 0
23.3977578140472 0
23.4041463818952 0
23.4105349898941 0
23.4169236380438 0
23.4233123263445 0
23.429701054796 0
23.4360898233984 0
23.4424786321517 0
23.4488674810559 0
23.4552563701109 0
23.4616452993169 0
23.4680342686737 0
23.4744232781814 0
23.48081232784 0
23.4872014176495 0
23.4935905476099 0
23.4999797177212 0
23.5063689279833 0
23.5127581783963 0
23.5191474689602 0
23.525536799675 0
23.5319261705407 0
23.5383155815573 1
23.5447050327247 0
23.5510945240431 0
23.5574840555123 0
23.5638736271324 0
23.5702632389034 0
23.5766528908253 0
23.583042582898 0
23.5894323151217 0
23.5958220874962 0
23.6022119000216 0
23.6086017526979 0
23.6149916455251 0
23.6213815785032 0
23.6277715516321 0
23.634161564912 0
23.6405516183427 0
23.6469417119243 0
23.6533318456568 0
23.6597220195402 0
23.6661122335744 0
23.6725024877596 0
23.6788927820956 0
23.6852831165825 0
23.6916734912203 0
23.698063906009 0
23.7044543609486 0
23.710844856039 0
23.7172353912804 0
23.7236259666726 0
23.7300165822157 0
23.7364072379097 0
23.7427979337546 0
23.7491886697503 0
23.755579445897 0
23.7619702621945 0
23.7683611186429 0
23.7747520152422 0
23.7811429519924 0
23.7875339288935 0
23.7939249459455 0
23.8003160031483 0
23.806707100502 0
23.8130982380066 0
23.8194894156621 0
23.8258806334685 0
23.8322718914258 0
23.8386631895339 0
23.845054527793 0
23.8514459062029 0
23.8578373247637 0
23.8642287834754 0
23.870620282338 0
23.8770118213514 0
23.8834034005158 0
23.889795019831 0
23.8961866792971 0
23.9025783789141 0
23.908970118682 0
23.9153618986008 0
23.9217537186704 0
23.9281455788909 0
23.9345374792624 0
23.9409294197847 0
23.9473214004579 0
23.9537134212819 0
23.9601054822569 0
23.9664975833827 0
23.9728897246595 0
23.9792819060871 0
23.9856741276656 0
23.992066389395 0
23.9984586912753 0
24.0048510333064 0
24.0112434154884 0
24.0176358378214 0
24.0240283003052 0
24.0304208029399 0
24.0368133457254 0
24.0432059286619 0
24.0495985517493 0
24.0559912149875 0
24.0623839183766 0
24.0687766619166 0
24.0751694456075 0
24.0815622694493 0
24.0879551334419 0
24.0943480375855 0
24.1007409818799 0
24.1071339663252 0
24.1135269909214 0
24.1199200556685 0
24.1263131605664 0
24.1327063056153 0
24.139099490815 0
24.1454927161656 0
24.1518859816672 0
24.1582792873195 0
24.1646726331228 0
24.171066019077 0
24.177459445182 0
24.1838529114379 0
24.1902464178448 0
24.1966399644025 0
24.203033551111 0
24.2094271779705 0
24.2158208449809 0
24.2222145521421 0
24.2286082994542 0
24.2350020869172 0
24.2413959145311 0
24.2477897822959 0
24.2541836902115 0
24.2605776382781 0
24.2669716264955 0
24.2733656548638 0
24.279759723383 0
24.2861538320531 0
24.2925479808741 0
24.2989421698459 0
24.3053363989687 0
24.3117306682423 0
24.3181249776668 0
24.3245193272422 0
24.3309137169685 0
24.3373081468456 0
24.3437026168737 0
24.3500971270526 0
24.3564916773824 0
24.3628862678631 0
24.3692808984947 0
24.3756755692772 0
24.3820702802106 0
24.3884650312948 0
24.3948598225299 0
24.4012546539159 0
24.4076495254528 0
24.4140444371406 0
24.4204393889793 0
24.4268343809688 0
24.4332294131093 0
24.4396244854006 0
24.4460195978428 0
24.4524147504359 0
24.4588099431798 0
24.4652051760747 0
24.4716004491204 0
24.4779957623171 0
24.4843911156646 0
24.490786509163 0
24.4971819428123 0
24.5035774166124 0
24.5099729305635 0
24.5163684846654 0
24.5227640789182 0
24.5291597133219 0
24.5355553878765 0
24.541951102582 0
24.5483468574384 0
24.5547426524456 0
24.5611384876037 0
24.5675343629127 0
24.5739302783726 0
24.5803262339834 0
24.5867222297451 0
24.5931182656576 0
24.5995143417211 0
24.6059104579354 0
24.6123066143006 0
24.6187028108167 0
24.6250990474837 0
24.6314953243015 0
24.6378916412703 0
24.6442879983899 0
24.6506843956604 0
24.6570808330818 0
24.6634773106541 0
24.6698738283773 0
24.6762703862513 0
24.6826669842763 0
24.6890636224521 0
24.6954603007788 0
24.7018570192564 0
24.7082537778849 0
24.7146505766643 0
24.7210474155945 0
24.7274442946756 0
24.7338412139077 0
24.7402381732906 0
24.7466351728243 0
24.753032212509 0
24.7594292923446 0
24.765826412331 0
24.7722235724683 0
24.7786207727566 0
24.7850180131956 0
24.7914152937856 0
24.7978126145265 0
24.8042099754182 0
24.8106073764609 0
24.8170048176544 0
24.8234022989988 0
24.8297998204941 0
24.8361973821403 0
24.8425949839373 0
24.8489926258853 0
24.8553903079841 0
24.8617880302338 0
24.8681857926344 0
24.8745835951859 0
24.8809814378883 0
24.8873793207415 0
24.8937772437456 0
24.9001752069007 0
24.9065732102066 0
24.9129712536634 0
24.919369337271 0
24.9257674610296 0
24.932165624939 0
24.9385638289994 0
24.9449620732106 0
24.9513603575727 0
24.9577586820857 0
24.9641570467495 0
24.9705554515643 0
24.9769538965299 0
24.9833523816465 0
24.9897509069139 0
24.9961494723322 0
25.0025480779013 0
25.0089467236214 0
25.0153454094923 0
25.0217441355142 0
25.0281429016869 0
25.0345417080105 0
25.040940554485 0
25.0473394411104 0
25.0537383678866 0
25.0601373348138 0
25.0665363418918 0
25.0729353891207 0
25.0793344765005 0
25.0857336040312 0
25.0921327717127 0
25.0985319795452 0
25.1049312275285 0
25.1113305156627 0
25.1177298439478 0
25.1241292123838 0
25.1305286209707 0
25.1369280697085 0
25.1433275585971 0
25.1497270876366 0
25.156126656827 0
25.1625262661683 0
25.1689259156605 0
25.1753256053036 0
25.1817253350975 0
25.1881251050424 0
25.1945249151381 0
25.2009247653847 0
25.2073246557822 0
25.2137245863306 0
25.2201245570298 0
25.22652456788 0
25.232924618881 0
25.2393247100329 0
25.2457248413357 0
25.2521250127894 0
25.258525224394 0
25.2649254761494 0
25.2713257680558 0
25.277726100113 0
25.2841264723211 1
25.2905268846801 0
25.2969273371899 0
25.3033278298507 0
25.3097283626624 0
25.3161289356249 0
25.3225295487383 0
25.3289302020026 0
25.3353308954178 0
25.3417316289839 0
25.3481324027008 0
25.3545332165687 0
25.3609340705874 0
25.367334964757 0
25.3737358990775 0
25.3801368735489 0
25.3865378881711 0
25.3929389429443 0
25.3993400378683 0
25.4057411729432 0
25.412142348169 0
25.4185435635457 0
25.4249448190733 0
25.4313461147517 0
25.4377474505811 0
25.4441488265613 0
25.4505502426924 0
25.4569516989744 0
25.4633531954073 0
25.4697547319911 0
25.4761563087257 0
25.4825579256113 0
25.4889595826477 0
25.495361279835 0
25.5017630171732 0
25.5081647946623 0
25.5145666123022 0
25.520968470093 0
25.5273703680348 0
25.5337723061274 0
25.5401742843709 0
25.5465763027653 0
25.5529783613105 0
25.5593804600067 0
25.5657825988537 0
25.5721847778517 0
25.5785869970005 0
25.5849892563002 0
25.5913915557507 0
25.5977938953522 0
25.6041962751045 0
25.6105986950078 0
25.6170011550619 0
25.6234036552669 0
25.6298061956228 0
25.6362087761295 0
25.6426113967872 0
25.6490140575957 0
25.6554167585551 0
25.6618194996655 0
25.6682222809267 0
25.6746251023387 0
25.6810279639017 0
25.6874308656155 0
25.6938338074803 0
25.7002367894959 0
25.7066398116624 0
25.7130428739798 0
25.7194459764481 0
25.7258491190672 0
25.7322523018372 0
25.7386555247582 0
25.74505878783 0
25.7514620910527 0
25.7578654344263 0
25.7642688179507 0
25.7706722416261 0
25.7770757054523 0
25.7834792094294 0
25.7898827535574 0
25.7962863378363 0
25.8026899622661 0
25.8090936268468 0
25.8154973315783 0
25.8219010764607 0
25.828304861494 0
25.8347086866782 0
25.8411125520133 0
25.8475164574993 0
25.8539204031361 0
25.8603243889239 0
25.8667284148625 0
25.873132480952 0
25.8795365871924 0
25.8859407335837 0
25.8923449201258 0
