-0.0527480916030498	 	0
-0.0455152671755689	 	0
-0.038282442748088	 	0
-0.0310496183206071	 	0
-0.0238167938931262	 	0
-0.0165839694656453	 	0
-0.00935114503816434	 	0
-0.00211832061068343	 	0
0.00511450381679748	 	0
0.0123473282442784	 	0
0.0195801526717593	 	0
0.0268129770992402	 	0
0.0340458015267211	 	0
0.0412786259542021	 	0
0.048511450381683	 	0
0.0557442748091639	 	0
0.0629770992366448	 	0
0.0702099236641257	 	0
0.0774427480916066	 	0
0.0846755725190875	 	0
0.0919083969465684	 	0
0.0991412213740494	 	0
0.10637404580153	 	0
0.113606870229011	 	0
0.120839694656492	 	0
0.128072519083973	 	0
0.135305343511454	 	0
0.142538167938935	 	0
0.149770992366416	 	0
0.157003816793897	 	0
0.164236641221378	 	0
0.171469465648859	 	0
0.178702290076339	 	0
0.18593511450382	 	0
0.193167938931301	 	0
0.200400763358782	 	0
0.207633587786263	 	0
0.214866412213744	 	0
0.222099236641225	 	0
0.229332061068706	 	0
0.236564885496187	 	0
0.243797709923668	 	0
0.251030534351149	 	0
0.258263358778629	 	0
0.26549618320611	 	0
0.272729007633591	 	0
0.279961832061072	 	0
0.287194656488553	 	0
0.294427480916034	 	0
0.301660305343515	 	0
0.308893129770996	 	0
0.316125954198477	 	0
0.323358778625958	 	0
0.330591603053439	 	0
0.33782442748092	 	0
0.3450572519084	 	0
0.352290076335881	 	0
0.359522900763362	 	0
0.366755725190843	 	0
0.373988549618324	 	0
0.381221374045805	 	0
0.388454198473286	 	0
0.395687022900767	 	0
0.402919847328248	 	0
0.410152671755729	 	0
0.41738549618321	 	0
0.42461832061069	 	0
0.431851145038171	 	0
0.439083969465652	 	0
0.446316793893133	 	0
0.453549618320614	 	0
0.460782442748095	 	0
0.468015267175576	 	0
0.475248091603057	 	0
0.482480916030538	 	0
0.489713740458019	 	0
0.4969465648855	 	0
0.504179389312981	 	0
0.511412213740461	 	0
0.518645038167942	 	0
0.525877862595423	 	0
0.533110687022904	 	0
0.540343511450385	 	0
0.547576335877866	 	0
0.554809160305347	 	0
0.562041984732828	 	0
0.569274809160309	 	0
0.57650763358779	 	0
0.583740458015271	 	0
0.590973282442751	 	0
0.598206106870232	 	2
0.605438931297713	 	0
0.612671755725194	 	2
0.619904580152675	 	0
0.627137404580156	 	2
0.634370229007637	 	3
0.641603053435118	 	2
0.648835877862599	 	1
0.65606870229008	 	0
0.663301526717561	 	2
0.670534351145042	 	1
0.677767175572523	 	1
0.685000000000003	 	0
0.692232824427484	 	0
0.699465648854965	 	1
0.706698473282446	 	1
0.713931297709927	 	2
0.721164122137408	 	1
0.728396946564889	 	2
0.73562977099237	 	0
0.742862595419851	 	0
0.750095419847332	 	1
0.757328244274813	 	1
0.764561068702293	 	1
0.771793893129774	 	1
0.779026717557255	 	1
0.786259541984736	 	1
0.793492366412217	 	1
0.800725190839698	 	0
0.807958015267179	 	1
0.81519083969466	 	3
0.822423664122141	 	1
0.829656488549622	 	2
0.836889312977103	 	2
0.844122137404584	 	0
0.851354961832064	 	0
0.858587786259545	 	1
0.865820610687026	 	2
0.873053435114507	 	1
0.880286259541988	 	1
0.887519083969469	 	2
0.89475190839695	 	0
0.901984732824431	 	0
0.909217557251912	 	0
0.916450381679393	 	0
0.923683206106874	 	1
0.930916030534354	 	0
0.938148854961835	 	0
0.945381679389316	 	2
0.952614503816797	 	1
0.959847328244278	 	2
0.967080152671759	 	3
0.97431297709924	 	4
0.981545801526721	 	0
0.988778625954202	 	2
0.996011450381683	 	1
1.00324427480916	 	1
1.01047709923664	 	2
1.01770992366413	 	0
1.02494274809161	 	2
1.03217557251909	 	3
1.03940839694657	 	0
1.04664122137405	 	0
1.05387404580153	 	1
1.06110687022901	 	0
1.06833969465649	 	0
1.07557251908397	 	4
1.08280534351145	 	1
1.09003816793893	 	1
1.09727099236642	 	0
1.1045038167939	 	0
1.11173664122138	 	1
1.11896946564886	 	4
1.12620229007634	 	0
1.13343511450382	 	2
1.1406679389313	 	2
1.14790076335878	 	1
1.15513358778626	 	2
1.16236641221374	 	1
1.16959923664122	 	1
1.17683206106871	 	2
1.18406488549619	 	1
1.19129770992367	 	0
1.19853053435115	 	0
1.20576335877863	 	1
1.21299618320611	 	1
1.22022900763359	 	0
1.22746183206107	 	0
1.23469465648855	 	1
1.24192748091603	 	2
1.24916030534351	 	1
1.256393129771	 	0
1.26362595419848	 	1
1.27085877862596	 	1
1.27809160305344	 	0
1.28532442748092	 	0
1.2925572519084	 	3
1.29979007633588	 	1
1.30702290076336	 	1
1.31425572519084	 	2
1.32148854961832	 	3
1.3287213740458	 	0
1.33595419847329	 	0
1.34318702290077	 	1
1.35041984732825	 	1
1.35765267175573	 	2
1.36488549618321	 	1
1.37211832061069	 	2
1.37935114503817	 	2
1.38658396946565	 	1
1.39381679389313	 	2
1.40104961832061	 	2
1.40828244274809	 	1
1.41551526717558	 	1
1.42274809160306	 	2
1.42998091603054	 	2
1.43721374045802	 	3
1.4444465648855	 	1
1.45167938931298	 	2
1.45891221374046	 	0
1.46614503816794	 	0
1.47337786259542	 	3
1.4806106870229	 	2
1.48784351145038	 	3
1.49507633587787	 	3
1.50230916030535	 	1
1.50954198473283	 	3
1.51677480916031	 	2
1.52400763358779	 	2
1.53124045801527	 	0
1.53847328244275	 	0
1.54570610687023	 	2
1.55293893129771	 	1
1.56017175572519	 	3
1.56740458015268	 	1
1.57463740458016	 	3
1.58187022900764	 	1
1.58910305343512	 	4
1.5963358778626	 	1
1.60356870229008	 	0
1.61080152671756	 	0
1.61803435114504	 	0
1.62526717557252	 	0
1.6325	 	3
1.63973282442748	 	1
1.64696564885496	 	1
1.65419847328245	 	1
1.66143129770993	 	1
1.66866412213741	 	3
1.67589694656489	 	1
1.68312977099237	 	1
1.69036259541985	 	1
1.69759541984733	 	1
1.70482824427481	 	0
1.71206106870229	 	1
1.71929389312977	 	0
1.72652671755725	 	0
1.73375954198474	 	1
1.74099236641222	 	0
1.7482251908397	 	0
1.75545801526718	 	1
1.76269083969466	 	1
1.76992366412214	 	6
1.77715648854962	 	1
1.7843893129771	 	2
1.79162213740458	 	1
1.79885496183206	 	1
1.80608778625955	 	1
1.81332061068703	 	0
1.82055343511451	 	0
1.82778625954199	 	2
1.83501908396947	 	1
1.84225190839695	 	2
1.84948473282443	 	1
1.85671755725191	 	1
1.86395038167939	 	0
1.87118320610687	 	0
1.87841603053435	 	1
1.88564885496184	 	1
1.89288167938932	 	0
1.9001145038168	 	1
1.90734732824428	 	2
1.91458015267176	 	1
1.92181297709924	 	0
1.92904580152672	 	1
1.9362786259542	 	0
1.94351145038168	 	0
1.95074427480916	 	0
1.95797709923664	 	1
1.96520992366413	 	1
1.97244274809161	 	0
1.97967557251909	 	0
1.98690839694657	 	0
1.99414122137405	 	0
2.00137404580153	 	3
2.00860687022901	 	1
2.01583969465649	 	1
2.02307251908397	 	0
2.03030534351145	 	0
2.03753816793893	 	0
2.04477099236642	 	1
2.0520038167939	 	0
2.05923664122138	 	2
2.06646946564886	 	0
2.07370229007634	 	0
2.08093511450382	 	2
2.0881679389313	 	0
2.09540076335878	 	0
2.10263358778626	 	0
2.10986641221374	 	0
2.11709923664122	 	0
2.12433206106871	 	0
2.13156488549619	 	1
2.13879770992367	 	0
2.14603053435115	 	1
2.15326335877863	 	0
2.16049618320611	 	0
2.16772900763359	 	1
2.17496183206107	 	0
2.18219465648855	 	1
2.18942748091603	 	1
2.19666030534351	 	1
2.203893129771	 	0
2.21112595419848	 	1
2.21835877862596	 	1
2.22559160305344	 	0
2.23282442748092	 	0
2.2400572519084	 	1
2.24729007633588	 	0
2.25452290076336	 	1
2.26175572519084	 	0
2.26898854961832	 	0
2.2762213740458	 	2
2.28345419847329	 	1
2.29068702290077	 	0
2.29791984732825	 	1
2.30515267175573	 	0
2.31238549618321	 	0
2.31961832061069	 	0
2.32685114503817	 	1
2.33408396946565	 	1
2.34131679389313	 	1
2.34854961832061	 	2
2.35578244274809	 	4
2.36301526717558	 	0
2.37024809160306	 	1
2.37748091603054	 	0
2.38471374045802	 	0
2.3919465648855	 	1
2.39917938931298	 	3
2.40641221374046	 	2
2.41364503816794	 	2
2.42087786259542	 	1
2.4281106870229	 	2
2.43534351145038	 	3
2.44257633587787	 	2
2.44980916030535	 	1
2.45704198473283	 	2
2.46427480916031	 	0
2.47150763358779	 	1
2.47874045801527	 	0
2.48597328244275	 	1
2.49320610687023	 	0
2.50043893129771	 	2
2.50767175572519	 	0
2.51490458015267	 	0
2.52213740458016	 	1
2.52937022900764	 	1
2.53660305343512	 	0
2.5438358778626	 	1
2.55106870229008	 	3
2.55830152671756	 	0
2.56553435114504	 	0
2.57276717557252	 	1
2.58	 	0
2.58723282442748	 	0
2.59446564885496	 	2
2.60169847328245	 	0
2.60893129770993	 	0
2.61616412213741	 	0
2.62339694656489	 	1
2.63062977099237	 	1
2.63786259541985	 	0
2.64509541984733	 	1
2.65232824427481	 	1
2.65956106870229	 	1
2.66679389312977	 	0
2.67402671755726	 	1
2.68125954198474	 	0
2.68849236641222	 	1
2.6957251908397	 	0
2.70295801526718	 	3
2.71019083969466	 	1
2.71742366412214	 	2
2.72465648854962	 	1
2.7318893129771	 	2
2.73912213740458	 	2
2.74635496183206	 	3
2.75358778625955	 	1
2.76082061068703	 	2
2.76805343511451	 	0
2.77528625954199	 	3
2.78251908396947	 	5
2.78975190839695	 	1
2.79698473282443	 	1
2.80421755725191	 	1
2.81145038167939	 	1
2.81868320610687	 	1
2.82591603053435	 	2
2.83314885496183	 	1
2.84038167938932	 	2
2.8476145038168	 	3
2.85484732824428	 	0
2.86208015267176	 	3
2.86931297709924	 	1
2.87654580152672	 	5
2.8837786259542	 	0
2.89101145038168	 	0
2.89824427480916	 	1
2.90547709923664	 	2
2.91270992366412	 	0
2.91994274809161	 	2
2.92717557251909	 	3
2.93440839694657	 	4
2.94164122137405	 	3
2.94887404580153	 	5
2.95610687022901	 	2
2.96333969465649	 	6
2.97057251908397	 	1
2.97780534351145	 	2
2.98503816793893	 	5
2.99227099236641	 	3
2.9995038167939	 	5
3.00673664122138	 	3
3.01396946564886	 	2
3.02120229007634	 	2
3.02843511450382	 	7
3.0356679389313	 	3
3.04290076335878	 	3
3.05013358778626	 	0
3.05736641221374	 	1
3.06459923664122	 	4
3.0718320610687	 	1
3.07906488549619	 	0
3.08629770992367	 	2
3.09353053435115	 	1
3.10076335877863	 	0
3.10799618320611	 	0
3.11522900763359	 	2
3.12246183206107	 	0
3.12969465648855	 	3
3.13692748091603	 	1
3.14416030534351	 	0
3.15139312977099	 	1
3.15862595419848	 	2
3.16585877862596	 	1
3.17309160305344	 	1
3.18032442748092	 	1
3.1875572519084	 	0
3.19479007633588	 	2
3.20202290076336	 	2
3.20925572519084	 	0
3.21648854961832	 	0
3.2237213740458	 	1
3.23095419847329	 	2
3.23818702290077	 	0
3.24541984732825	 	0
3.25265267175573	 	1
3.25988549618321	 	0
3.26711832061069	 	0
3.27435114503817	 	0
3.28158396946565	 	1
3.28881679389313	 	0
3.29604961832061	 	1
3.30328244274809	 	0
3.31051526717558	 	2
3.31774809160306	 	1
3.32498091603054	 	1
3.33221374045802	 	0
3.3394465648855	 	1
3.34667938931298	 	4
3.35391221374046	 	1
3.36114503816794	 	1
3.36837786259542	 	1
3.3756106870229	 	0
3.38284351145038	 	2
3.39007633587787	 	1
3.39730916030535	 	1
3.40454198473283	 	2
3.41177480916031	 	0
3.41900763358779	 	0
3.42624045801527	 	1
3.43347328244275	 	1
3.44070610687023	 	1
3.44793893129771	 	5
3.45517175572519	 	1
3.46240458015267	 	2
3.46963740458016	 	2
3.47687022900764	 	2
3.48410305343512	 	3
3.4913358778626	 	0
3.49856870229008	 	1
3.50580152671756	 	3
3.51303435114504	 	3
3.52026717557252	 	1
3.5275	 	4
3.53473282442748	 	3
3.54196564885496	 	4
3.54919847328245	 	6
3.55643129770993	 	3
3.56366412213741	 	5
3.57089694656489	 	4
3.57812977099237	 	2
3.58536259541985	 	2
3.59259541984733	 	5
3.59982824427481	 	2
3.60706106870229	 	2
3.61429389312977	 	1
3.62152671755725	 	4
3.62875954198474	 	5
3.63599236641222	 	2
3.6432251908397	 	3
3.65045801526718	 	0
3.65769083969466	 	4
3.66492366412214	 	3
3.67215648854962	 	2
3.6793893129771	 	1
3.68662213740458	 	1
3.69385496183206	 	4
3.70108778625954	 	3
3.70832061068703	 	2
3.71555343511451	 	3
3.72278625954199	 	2
3.73001908396947	 	1
3.73725190839695	 	3
3.74448473282443	 	1
3.75171755725191	 	0
3.75895038167939	 	1
3.76618320610687	 	0
3.77341603053435	 	1
3.78064885496183	 	0
3.78788167938932	 	0
3.7951145038168	 	0
3.80234732824428	 	2
3.80958015267176	 	0
3.81681297709924	 	0
3.82404580152672	 	0
3.8312786259542	 	2
3.83851145038168	 	0
3.84574427480916	 	1
3.85297709923664	 	2
3.86020992366412	 	2
3.86744274809161	 	1
3.87467557251909	 	2
3.88190839694657	 	0
3.88914122137405	 	3
3.89637404580153	 	0
3.90360687022901	 	1
3.91083969465649	 	1
3.91807251908397	 	1
3.92530534351145	 	0
3.93253816793893	 	2
3.93977099236641	 	1
3.9470038167939	 	1
3.95423664122138	 	1
3.96146946564886	 	1
3.96870229007634	 	1
3.97593511450382	 	1
3.9831679389313	 	1
3.99040076335878	 	1
3.99763358778626	 	3
4.00486641221374	 	1
4.01209923664122	 	4
4.01933206106871	 	0
4.02656488549619	 	1
4.03379770992367	 	5
4.04103053435115	 	6
4.04826335877863	 	1
4.05549618320611	 	0
4.06272900763359	 	2
4.06996183206107	 	2
4.07719465648855	 	2
4.08442748091603	 	5
4.09166030534351	 	4
4.098893129771	 	2
4.10612595419848	 	3
4.11335877862596	 	2
4.12059160305344	 	3
4.12782442748092	 	6
4.1350572519084	 	4
4.14229007633588	 	4
4.14952290076336	 	5
4.15675572519084	 	3
4.16398854961832	 	5
4.1712213740458	 	9
4.17845419847329	 	5
4.18568702290077	 	5
4.19291984732825	 	1
4.20015267175573	 	3
4.20738549618321	 	1
4.21461832061069	 	1
4.22185114503817	 	3
4.22908396946565	 	1
4.23631679389313	 	6
4.24354961832061	 	1
4.25078244274809	 	2
4.25801526717558	 	2
4.26524809160306	 	0
4.27248091603054	 	2
4.27971374045802	 	1
4.2869465648855	 	2
4.29417938931298	 	2
4.30141221374046	 	0
4.30864503816794	 	1
4.31587786259542	 	0
4.3231106870229	 	2
4.33034351145038	 	0
4.33757633587787	 	0
4.34480916030535	 	2
4.35204198473283	 	0
4.35927480916031	 	0
4.36650763358779	 	0
4.37374045801527	 	2
4.38097328244275	 	2
4.38820610687023	 	1
4.39543893129771	 	1
4.40267175572519	 	1
4.40990458015267	 	0
4.41713740458016	 	1
4.42437022900764	 	2
4.43160305343512	 	0
4.4388358778626	 	2
4.44606870229008	 	2
4.45330152671756	 	2
4.46053435114504	 	2
4.46776717557252	 	0
4.475	 	2
4.48223282442748	 	1
4.48946564885496	 	1
4.49669847328245	 	2
4.50393129770993	 	3
4.51116412213741	 	1
4.51839694656489	 	1
4.52562977099237	 	2
4.53286259541985	 	1
4.54009541984733	 	2
4.54732824427481	 	1
4.55456106870229	 	0
4.56179389312977	 	0
4.56902671755725	 	0
4.57625954198473	 	2
4.58349236641222	 	2
4.5907251908397	 	3
4.59795801526718	 	5
4.60519083969466	 	2
4.61242366412214	 	0
4.61965648854962	 	1
4.6268893129771	 	1
4.63412213740458	 	1
4.64135496183206	 	3
4.64858778625954	 	0
4.65582061068702	 	0
4.66305343511451	 	3
4.67028625954199	 	2
4.67751908396947	 	3
4.68475190839695	 	1
4.69198473282443	 	1
4.69921755725191	 	1
4.70645038167939	 	4
4.71368320610687	 	3
4.72091603053435	 	1
4.72814885496183	 	0
4.73538167938931	 	2
4.7426145038168	 	0
4.74984732824428	 	0
4.75708015267176	 	3
4.76431297709924	 	4
4.77154580152672	 	2
4.7787786259542	 	2
4.78601145038168	 	1
4.79324427480916	 	0
4.80047709923664	 	2
4.80770992366412	 	0
4.8149427480916	 	1
4.82217557251909	 	1
4.82940839694657	 	1
4.83664122137405	 	0
4.84387404580153	 	2
4.85110687022901	 	0
4.85833969465649	 	1
4.86557251908397	 	0
4.87280534351145	 	2
4.88003816793893	 	1
4.88727099236641	 	3
4.8945038167939	 	2
4.90173664122138	 	0
4.90896946564886	 	3
4.91620229007634	 	1
4.92343511450382	 	1
4.9306679389313	 	2
4.93790076335878	 	1
4.94513358778626	 	6
4.95236641221374	 	2
4.95959923664122	 	4
4.9668320610687	 	2
4.97406488549619	 	3
4.98129770992367	 	3
4.98853053435115	 	2
4.99576335877863	 	1
5.00299618320611	 	2
5.01022900763359	 	1
5.01746183206107	 	2
5.02469465648855	 	2
5.03192748091603	 	2
5.03916030534351	 	1
5.046393129771	 	2
5.05362595419848	 	2
5.06085877862596	 	1
5.06809160305344	 	0
5.07532442748092	 	3
5.0825572519084	 	4
5.08979007633588	 	2
5.09702290076336	 	0
5.10425572519084	 	0
5.11148854961832	 	2
5.1187213740458	 	3
5.12595419847329	 	2
5.13318702290077	 	4
5.14041984732825	 	1
5.14765267175573	 	2
5.15488549618321	 	0
5.16211832061069	 	4
5.16935114503817	 	2
5.17658396946565	 	2
5.18381679389313	 	2
5.19104961832061	 	8
5.19828244274809	 	3
5.20551526717558	 	5
5.21274809160306	 	5
5.21998091603054	 	4
5.22721374045802	 	2
5.2344465648855	 	2
5.24167938931298	 	2
5.24891221374046	 	2
5.25614503816794	 	4
5.26337786259542	 	2
5.2706106870229	 	2
5.27784351145038	 	2
5.28507633587787	 	3
5.29230916030535	 	2
5.29954198473283	 	1
5.30677480916031	 	3
5.31400763358779	 	2
5.32124045801527	 	0
5.32847328244275	 	1
5.33570610687023	 	0
5.34293893129771	 	1
5.35017175572519	 	1
5.35740458015267	 	1
5.36463740458015	 	3
5.37187022900764	 	3
5.37910305343512	 	2
5.3863358778626	 	0
5.39356870229008	 	2
5.40080152671756	 	1
5.40803435114504	 	4
5.41526717557252	 	5
5.4225	 	2
5.42973282442748	 	1
5.43696564885496	 	2
5.44419847328244	 	2
5.45143129770993	 	3
5.45866412213741	 	3
5.46589694656489	 	3
5.47312977099237	 	3
5.48036259541985	 	2
5.48759541984733	 	4
5.49482824427481	 	4
5.50206106870229	 	3
5.50929389312977	 	5
5.51652671755725	 	11
5.52375954198473	 	5
5.53099236641222	 	3
5.5382251908397	 	7
5.54545801526718	 	8
5.55269083969466	 	4
5.55992366412214	 	5
5.56715648854962	 	2
5.5743893129771	 	7
5.58162213740458	 	8
5.58885496183206	 	6
5.59608778625954	 	11
5.60332061068702	 	7
5.61055343511451	 	17
5.61778625954199	 	12
5.62501908396947	 	10
5.63225190839695	 	8
5.63948473282443	 	13
5.64671755725191	 	9
5.65395038167939	 	13
5.66118320610687	 	14
5.66841603053435	 	14
5.67564885496183	 	21
5.68288167938931	 	20
5.6901145038168	 	20
5.69734732824428	 	25
5.70458015267176	 	23
5.71181297709924	 	18
5.71904580152672	 	35
5.7262786259542	 	19
5.73351145038168	 	24
5.74074427480916	 	19
5.74797709923664	 	18
5.75520992366412	 	17
5.7624427480916	 	21
5.76967557251909	 	25
5.77690839694657	 	28
5.78414122137405	 	18
5.79137404580153	 	15
5.79860687022901	 	22
5.80583969465649	 	21
5.81307251908397	 	22
5.82030534351145	 	23
5.82753816793893	 	16
5.83477099236641	 	16
5.84200381679389	 	18
5.84923664122138	 	12
5.85646946564886	 	20
5.86370229007634	 	8
5.87093511450382	 	9
5.8781679389313	 	8
5.88540076335878	 	10
5.89263358778626	 	12
5.89986641221374	 	7
5.90709923664122	 	6
5.9143320610687	 	8
5.92156488549618	 	10
5.92879770992367	 	4
5.93603053435115	 	6
5.94326335877863	 	5
5.95049618320611	 	11
5.95772900763359	 	6
5.96496183206107	 	5
5.97219465648855	 	1
5.97942748091603	 	10
5.98666030534351	 	9
5.99389312977099	 	5
6.00112595419847	 	5
6.00835877862596	 	4
6.01559160305344	 	8
6.02282442748092	 	7
6.0300572519084	 	6
6.03729007633588	 	9
6.04452290076336	 	6
6.05175572519084	 	5
6.05898854961832	 	4
6.0662213740458	 	3
6.07345419847328	 	6
6.08068702290077	 	4
6.08791984732825	 	5
6.09515267175573	 	5
6.10238549618321	 	6
6.10961832061069	 	4
6.11685114503817	 	5
6.12408396946565	 	5
6.13131679389313	 	2
6.13854961832061	 	6
6.14578244274809	 	5
6.15301526717557	 	4
6.16024809160306	 	5
6.16748091603054	 	6
6.17471374045802	 	7
6.1819465648855	 	9
6.18917938931298	 	7
6.19641221374046	 	3
6.20364503816794	 	5
6.21087786259542	 	8
6.2181106870229	 	6
6.22534351145038	 	10
6.23257633587786	 	13
6.23980916030535	 	9
6.24704198473283	 	7
6.25427480916031	 	14
6.26150763358779	 	12
6.26874045801527	 	8
6.27597328244275	 	22
6.28320610687023	 	13
6.29043893129771	 	15
6.29767175572519	 	19
6.30490458015267	 	13
6.31213740458015	 	23
6.31937022900764	 	25
6.32660305343512	 	25
6.3338358778626	 	24
6.34106870229008	 	34
6.34830152671756	 	30
6.35553435114504	 	42
6.36276717557252	 	40
6.37	 	45
6.37723282442748	 	55
6.38446564885496	 	57
6.39169847328244	 	57
6.39893129770993	 	60
6.40616412213741	 	65
6.41339694656489	 	65
6.42062977099237	 	68
6.42786259541985	 	58
6.43509541984733	 	63
6.44232824427481	 	71
6.44956106870229	 	58
6.45679389312977	 	70
6.46402671755725	 	67
6.47125954198473	 	55
6.47849236641222	 	59
6.4857251908397	 	59
6.49295801526718	 	51
6.50019083969466	 	45
6.50742366412214	 	38
6.51465648854962	 	42
6.5218893129771	 	42
6.52912213740458	 	48
6.53635496183206	 	41
6.54358778625954	 	36
6.55082061068702	 	35
6.55805343511451	 	33
6.56528625954199	 	28
6.57251908396947	 	30
6.57975190839695	 	28
6.58698473282443	 	32
6.59421755725191	 	30
6.60145038167939	 	26
6.60868320610687	 	33
6.61591603053435	 	23
6.62314885496183	 	28
6.63038167938931	 	25
6.6376145038168	 	24
6.64484732824428	 	31
6.65208015267176	 	28
6.65931297709924	 	23
6.66654580152672	 	28
6.6737786259542	 	40
6.68101145038168	 	29
6.68824427480916	 	25
6.69547709923664	 	34
6.70270992366412	 	29
6.7099427480916	 	36
6.71717557251909	 	33
6.72440839694657	 	31
6.73164122137405	 	28
6.73887404580153	 	37
6.74610687022901	 	55
6.75333969465649	 	40
6.76057251908397	 	27
6.76780534351145	 	40
6.77503816793893	 	29
6.78227099236641	 	49
6.78950381679389	 	37
6.79673664122138	 	37
6.80396946564886	 	37
6.81120229007634	 	33
6.81843511450382	 	34
6.8256679389313	 	22
6.83290076335878	 	21
6.84013358778626	 	33
6.84736641221374	 	31
6.85459923664122	 	37
6.8618320610687	 	32
6.86906488549618	 	25
6.87629770992367	 	31
6.88353053435115	 	38
6.89076335877863	 	31
6.89799618320611	 	37
6.90522900763359	 	32
6.91246183206107	 	32
6.91969465648855	 	44
6.92692748091603	 	41
6.93416030534351	 	33
6.94139312977099	 	38
6.94862595419847	 	24
6.95585877862596	 	32
6.96309160305344	 	27
6.97032442748092	 	29
6.9775572519084	 	42
6.98479007633588	 	32
6.99202290076336	 	36
6.99925572519084	 	38
7.00648854961832	 	39
7.0137213740458	 	39
7.02095419847328	 	38
7.02818702290076	 	34
7.03541984732825	 	43
7.04265267175573	 	45
7.04988549618321	 	40
7.05711832061069	 	48
7.06435114503817	 	40
7.07158396946565	 	45
7.07881679389313	 	34
7.08604961832061	 	51
7.09328244274809	 	46
7.10051526717557	 	50
7.10774809160305	 	43
7.11498091603054	 	35
7.12221374045802	 	44
7.1294465648855	 	37
7.13667938931298	 	31
7.14391221374046	 	39
7.15114503816794	 	40
7.15837786259542	 	42
7.1656106870229	 	32
7.17284351145038	 	27
7.18007633587786	 	31
7.18730916030534	 	35
7.19454198473283	 	33
7.20177480916031	 	29
7.20900763358779	 	30
7.21624045801527	 	33
7.22347328244275	 	26
7.23070610687023	 	43
7.23793893129771	 	43
7.24517175572519	 	47
7.25240458015267	 	54
7.25963740458015	 	45
7.26687022900764	 	48
7.27410305343512	 	92
7.2813358778626	 	105
7.28856870229008	 	126
7.29580152671756	 	151
7.30303435114504	 	206
7.31026717557252	 	227
7.3175	 	254
7.32473282442748	 	349
7.33196564885496	 	433
7.33919847328244	 	505
7.34643129770993	 	642
7.35366412213741	 	755
7.36089694656489	 	945
7.36812977099237	 	1136
7.37536259541985	 	1327
7.38259541984733	 	1534
7.38982824427481	 	1876
7.39706106870229	 	2096
7.40429389312977	 	2347
7.41152671755725	 	2804
7.41875954198473	 	2893
7.42599236641222	 	3254
7.4332251908397	 	3527
7.44045801526718	 	3847
7.44769083969466	 	4203
7.45492366412214	 	4509
7.46215648854962	 	4629
7.4693893129771	 	4799
7.47662213740458	 	4830
7.48385496183206	 	5050
7.49108778625954	 	5182
7.49832061068702	 	5141
7.50555343511451	 	5068
7.51278625954199	 	5069
7.52001908396947	 	4913
7.52725190839695	 	4600
7.53448473282443	 	4389
7.54171755725191	 	4150
7.54895038167939	 	3840
7.55618320610687	 	3514
7.56341603053435	 	3237
7.57064885496183	 	2982
7.57788167938931	 	2738
7.5851145038168	 	2341
7.59234732824428	 	2077
7.59958015267176	 	1827
7.60681297709924	 	1581
7.61404580152672	 	1278
7.6212786259542	 	1101
7.62851145038168	 	872
7.63574427480916	 	742
7.64297709923664	 	594
7.65020992366412	 	490
7.6574427480916	 	454
7.66467557251909	 	353
7.67190839694657	 	274
7.67914122137405	 	230
7.68637404580153	 	172
7.69360687022901	 	134
7.70083969465649	 	105
7.70807251908397	 	71
7.71530534351145	 	62
7.72253816793893	 	39
7.72977099236641	 	34
7.73700381679389	 	25
7.74423664122138	 	31
7.75146946564886	 	32
7.75870229007634	 	20
7.76593511450382	 	19
7.7731679389313	 	24
7.78040076335878	 	21
7.78763358778626	 	22
7.79486641221374	 	32
7.80209923664122	 	18
7.8093320610687	 	23
7.81656488549618	 	17
7.82379770992367	 	25
7.83103053435115	 	33
7.83826335877863	 	29
7.84549618320611	 	32
7.85272900763359	 	42
7.85996183206107	 	60
7.86719465648855	 	60
7.87442748091603	 	73
7.88166030534351	 	101
7.88889312977099	 	113
7.89612595419847	 	139
7.90335877862596	 	165
7.91059160305344	 	198
7.91782442748092	 	209
7.9250572519084	 	250
7.93229007633588	 	273
7.93952290076336	 	343
7.94675572519084	 	400
7.95398854961832	 	498
7.9612213740458	 	545
7.96845419847328	 	541
7.97568702290076	 	665
7.98291984732825	 	743
7.99015267175573	 	821
7.99738549618321	 	874
8.00461832061069	 	936
8.01185114503817	 	1037
8.01908396946565	 	1149
8.02631679389313	 	1175
8.03354961832061	 	1225
8.04078244274809	 	1288
8.04801526717557	 	1267
8.05524809160305	 	1277
8.06248091603054	 	1347
8.06971374045802	 	1305
8.0769465648855	 	1272
8.08417938931298	 	1283
8.09141221374046	 	1267
8.09864503816794	 	1158
8.10587786259542	 	1137
8.1131106870229	 	1012
8.12034351145038	 	1047
8.12757633587786	 	954
8.13480916030534	 	903
8.14204198473283	 	844
8.14927480916031	 	778
8.15650763358779	 	733
8.16374045801527	 	736
8.17097328244275	 	682
8.17820610687023	 	638
8.18543893129771	 	640
8.19267175572519	 	596
8.19990458015267	 	597
8.20713740458015	 	653
8.21437022900763	 	651
8.22160305343512	 	633
8.2288358778626	 	620
8.23606870229008	 	683
8.24330152671756	 	656
8.25053435114504	 	711
8.25776717557252	 	689
8.265	 	710
8.27223282442748	 	749
8.27946564885496	 	717
8.28669847328244	 	727
8.29393129770992	 	680
8.30116412213741	 	711
8.30839694656489	 	663
8.31562977099237	 	613
8.32286259541985	 	602
8.33009541984733	 	599
8.33732824427481	 	539
8.34456106870229	 	505
8.35179389312977	 	494
8.35902671755725	 	411
8.36625954198473	 	397
8.37349236641221	 	304
8.3807251908397	 	302
8.38795801526718	 	285
8.39519083969466	 	238
8.40242366412214	 	186
8.40965648854962	 	150
8.4168893129771	 	152
8.42412213740458	 	123
8.43135496183206	 	104
8.43858778625954	 	95
8.44582061068702	 	64
8.45305343511451	 	61
8.46028625954199	 	41
8.46751908396947	 	35
8.47475190839695	 	26
8.48198473282443	 	32
8.48921755725191	 	16
8.49645038167939	 	14
8.50368320610687	 	15
8.51091603053435	 	7
8.51814885496183	 	13
8.52538167938931	 	8
8.5326145038168	 	9
8.53984732824428	 	8
8.54708015267176	 	7
8.55431297709924	 	9
8.56154580152672	 	4
8.5687786259542	 	14
8.57601145038168	 	3
8.58324427480916	 	11
8.59047709923664	 	13
8.59770992366412	 	9
8.6049427480916	 	10
8.61217557251909	 	12
8.61940839694657	 	12
8.62664122137405	 	12
8.63387404580153	 	12
8.64110687022901	 	11
8.64833969465649	 	9
8.65557251908397	 	14
8.66280534351145	 	13
8.67003816793893	 	16
8.67727099236641	 	14
8.68450381679389	 	12
8.69173664122138	 	18
8.69896946564886	 	13
8.70620229007634	 	17
8.71343511450382	 	15
8.7206679389313	 	13
8.72790076335878	 	3
8.73513358778626	 	11
8.74236641221374	 	4
8.74959923664122	 	6
8.7568320610687	 	13
8.76406488549618	 	16
8.77129770992367	 	14
8.77853053435115	 	9
8.78576335877863	 	15
8.79299618320611	 	21
8.80022900763359	 	17
8.80746183206107	 	14
8.81469465648855	 	22
8.82192748091603	 	20
8.82916030534351	 	13
8.83639312977099	 	20
8.84362595419847	 	25
8.85085877862596	 	32
8.85809160305344	 	32
8.86532442748092	 	29
8.8725572519084	 	20
8.87979007633588	 	29
8.88702290076336	 	37
8.89425572519084	 	36
8.90148854961832	 	33
8.9087213740458	 	27
8.91595419847328	 	40
8.92318702290076	 	45
8.93041984732825	 	45
8.93765267175573	 	44
8.94488549618321	 	31
8.95211832061069	 	26
8.95935114503817	 	28
8.96658396946565	 	29
8.97381679389313	 	29
8.98104961832061	 	34
8.98828244274809	 	26
8.99551526717557	 	19
9.00274809160305	 	27
9.00998091603054	 	22
9.01721374045802	 	17
9.0244465648855	 	21
9.03167938931298	 	22
9.03891221374046	 	17
9.04614503816794	 	12
9.05337786259542	 	14
9.0606106870229	 	8
9.06784351145038	 	12
9.07507633587786	 	6
9.08230916030534	 	6
9.08954198473283	 	7
9.09677480916031	 	7
9.10400763358779	 	4
9.11124045801527	 	6
9.11847328244275	 	2
9.12570610687023	 	4
9.13293893129771	 	3
9.14017175572519	 	5
9.14740458015267	 	7
9.15463740458015	 	0
9.16187022900763	 	4
9.16910305343512	 	3
9.1763358778626	 	2
9.18356870229008	 	1
9.19080152671756	 	1
9.19803435114504	 	4
9.20526717557252	 	0
9.2125	 	5
9.21973282442748	 	2
9.22696564885496	 	2
9.23419847328244	 	4
9.24143129770992	 	2
9.24866412213741	 	1
9.25589694656489	 	1
9.26312977099237	 	2
9.27036259541985	 	1
9.27759541984733	 	2
9.28482824427481	 	1
9.29206106870229	 	1
9.29929389312977	 	2
9.30652671755725	 	3
9.31375954198473	 	0
9.32099236641221	 	3
9.3282251908397	 	1
9.33545801526718	 	1
9.34269083969466	 	0
9.34992366412214	 	1
9.35715648854962	 	2
9.3643893129771	 	2
9.37162213740458	 	0
9.37885496183206	 	1
9.38608778625954	 	2
9.39332061068702	 	1
9.4005534351145	 	0
9.40778625954199	 	1
9.41501908396947	 	2
9.42225190839695	 	2
9.42948473282443	 	0
9.43671755725191	 	3
9.44395038167939	 	3
9.45118320610687	 	2
9.45841603053435	 	1
9.46564885496183	 	1
9.47288167938931	 	0
9.48011450381679	 	0
9.48734732824428	 	1
9.49458015267176	 	1
9.50181297709924	 	3
9.50904580152672	 	2
9.5162786259542	 	2
9.52351145038168	 	2
9.53074427480916	 	6
9.53797709923664	 	2
9.54520992366412	 	3
9.5524427480916	 	5
9.55967557251909	 	1
9.56690839694657	 	2
9.57414122137405	 	3
9.58137404580153	 	2
9.58860687022901	 	1
9.59583969465649	 	0
9.60307251908397	 	1
9.61030534351145	 	6
9.61753816793893	 	4
9.62477099236641	 	3
9.63200381679389	 	1
9.63923664122138	 	4
9.64646946564886	 	3
9.65370229007634	 	2
9.66093511450382	 	0
9.6681679389313	 	1
9.67540076335878	 	1
9.68263358778626	 	2
9.68986641221374	 	1
9.69709923664122	 	1
9.7043320610687	 	2
9.71156488549618	 	2
9.71879770992367	 	2
9.72603053435115	 	1
9.73326335877863	 	1
9.74049618320611	 	2
9.74772900763359	 	1
9.75496183206107	 	0
9.76219465648855	 	1
9.76942748091603	 	4
9.77666030534351	 	5
9.78389312977099	 	3
9.79112595419847	 	0
9.79835877862596	 	1
9.80559160305344	 	1
9.81282442748092	 	0
9.8200572519084	 	1
9.82729007633588	 	4
9.83452290076336	 	1
9.84175572519084	 	4
9.84898854961832	 	3
9.8562213740458	 	0
9.86345419847328	 	3
9.87068702290076	 	0
9.87791984732825	 	4
9.88515267175573	 	1
9.89238549618321	 	5
9.89961832061069	 	4
9.90685114503817	 	4
9.91408396946565	 	7
9.92131679389313	 	4
9.92854961832061	 	4
9.93578244274809	 	2
9.94301526717557	 	3
9.95024809160305	 	0
9.95748091603054	 	4
9.96471374045802	 	5
9.9719465648855	 	0
9.97917938931298	 	5
9.98641221374046	 	1
9.99364503816794	 	2
10.0008778625954	 	2
10.0081106870229	 	5
10.0153435114504	 	1
10.0225763358779	 	2
10.0298091603053	 	0
10.0370419847328	 	6
10.0442748091603	 	1
10.0515076335878	 	5
10.0587404580153	 	2
10.0659732824427	 	5
10.0732061068702	 	4
10.0804389312977	 	3
10.0876717557252	 	2
10.0949045801527	 	4
10.1021374045802	 	3
10.1093702290076	 	2
10.1166030534351	 	4
10.1238358778626	 	2
10.1310687022901	 	1
10.1383015267176	 	1
10.145534351145	 	2
10.1527671755725	 	5
10.16	 	2
10.1672328244275	 	2
10.174465648855	 	0
10.1816984732824	 	4
10.1889312977099	 	1
10.1961641221374	 	2
10.2033969465649	 	1
10.2106297709924	 	3
10.2178625954198	 	1
10.2250954198473	 	0
10.2323282442748	 	0
10.2395610687023	 	2
10.2467938931298	 	1
10.2540267175573	 	2
10.2612595419847	 	2
10.2684923664122	 	1
10.2757251908397	 	1
10.2829580152672	 	1
10.2901908396947	 	0
10.2974236641221	 	2
10.3046564885496	 	2
10.3118893129771	 	0
10.3191221374046	 	2
10.3263549618321	 	2
10.3335877862595	 	1
10.340820610687	 	5
10.3480534351145	 	1
10.355286259542	 	1
10.3625190839695	 	3
10.3697519083969	 	1
10.3769847328244	 	2
10.3842175572519	 	2
10.3914503816794	 	2
10.3986832061069	 	1
10.4059160305344	 	6
10.4131488549618	 	4
10.4203816793893	 	5
10.4276145038168	 	3
10.4348473282443	 	3
10.4420801526718	 	5
10.4493129770992	 	1
10.4565458015267	 	4
10.4637786259542	 	3
10.4710114503817	 	6
10.4782442748092	 	3
10.4854770992366	 	2
10.4927099236641	 	3
10.4999427480916	 	1
10.5071755725191	 	3
10.5144083969466	 	4
10.521641221374	 	3
10.5288740458015	 	3
10.536106870229	 	2
10.5433396946565	 	4
10.550572519084	 	3
10.5578053435115	 	3
10.5650381679389	 	1
10.5722709923664	 	1
10.5795038167939	 	4
10.5867366412214	 	7
10.5939694656489	 	0
10.6012022900763	 	4
10.6084351145038	 	6
10.6156679389313	 	4
10.6229007633588	 	2
10.6301335877863	 	5
10.6373664122137	 	0
10.6445992366412	 	3
10.6518320610687	 	6
10.6590648854962	 	4
10.6662977099237	 	1
10.6735305343511	 	2
10.6807633587786	 	1
10.6879961832061	 	1
10.6952290076336	 	4
10.7024618320611	 	4
10.7096946564885	 	3
10.716927480916	 	2
10.7241603053435	 	1
10.731393129771	 	1
10.7386259541985	 	3
10.745858778626	 	2
10.7530916030534	 	2
10.7603244274809	 	1
10.7675572519084	 	0
10.7747900763359	 	5
10.7820229007634	 	4
10.7892557251908	 	0
10.7964885496183	 	2
10.8037213740458	 	2
10.8109541984733	 	2
10.8181870229008	 	0
10.8254198473282	 	2
10.8326526717557	 	1
10.8398854961832	 	0
10.8471183206107	 	4
10.8543511450382	 	0
10.8615839694656	 	1
10.8688167938931	 	0
10.8760496183206	 	0
10.8832824427481	 	1
10.8905152671756	 	0
10.8977480916031	 	2
10.9049809160305	 	1
10.912213740458	 	1
10.9194465648855	 	0
10.926679389313	 	0
10.9339122137405	 	1
10.9411450381679	 	0
10.9483778625954	 	0
10.9556106870229	 	0
10.9628435114504	 	1
10.9700763358779	 	1
10.9773091603053	 	0
10.9845419847328	 	1
10.9917748091603	 	0
10.9990076335878	 	2
11.0062404580153	 	0
11.0134732824427	 	2
11.0207061068702	 	2
11.0279389312977	 	1
11.0351717557252	 	4
11.0424045801527	 	2
11.0496374045802	 	0
11.0568702290076	 	3
11.0641030534351	 	5
11.0713358778626	 	1
11.0785687022901	 	0
11.0858015267176	 	1
11.093034351145	 	1
11.1002671755725	 	0
11.1075	 	0
11.1147328244275	 	1
11.121965648855	 	0
11.1291984732824	 	1
11.1364312977099	 	1
11.1436641221374	 	1
11.1508969465649	 	0
11.1581297709924	 	2
11.1653625954198	 	0
11.1725954198473	 	0
11.1798282442748	 	1
11.1870610687023	 	1
11.1942938931298	 	2
11.2015267175573	 	2
11.2087595419847	 	0
11.2159923664122	 	2
11.2232251908397	 	0
11.2304580152672	 	1
11.2376908396947	 	2
11.2449236641221	 	1
11.2521564885496	 	2
11.2593893129771	 	1
11.2666221374046	 	1
11.2738549618321	 	0
11.2810877862595	 	0
11.288320610687	 	3
11.2955534351145	 	1
11.302786259542	 	0
11.3100190839695	 	1
11.3172519083969	 	1
11.3244847328244	 	1
11.3317175572519	 	0
11.3389503816794	 	1
11.3461832061069	 	0
11.3534160305344	 	0
11.3606488549618	 	0
11.3678816793893	 	0
11.3751145038168	 	0
11.3823473282443	 	0
11.3895801526718	 	1
11.3968129770992	 	1
11.4040458015267	 	2
11.4112786259542	 	1
11.4185114503817	 	0
11.4257442748092	 	0
11.4329770992366	 	1
11.4402099236641	 	0
11.4474427480916	 	1
11.4546755725191	 	1
11.4619083969466	 	0
11.469141221374	 	1
11.4763740458015	 	0
11.483606870229	 	4
11.4908396946565	 	0
11.498072519084	 	1
11.5053053435115	 	0
11.5125381679389	 	0
11.5197709923664	 	1
11.5270038167939	 	1
11.5342366412214	 	0
11.5414694656489	 	1
11.5487022900763	 	3
11.5559351145038	 	3
11.5631679389313	 	2
11.5704007633588	 	1
11.5776335877863	 	2
11.5848664122137	 	0
11.5920992366412	 	1
11.5993320610687	 	1
11.6065648854962	 	3
11.6137977099237	 	0
11.6210305343511	 	1
11.6282633587786	 	2
11.6354961832061	 	1
11.6427290076336	 	2
11.6499618320611	 	0
11.6571946564885	 	0
11.664427480916	 	0
11.6716603053435	 	0
11.678893129771	 	0
11.6861259541985	 	0
11.693358778626	 	2
11.7005916030534	 	0
11.7078244274809	 	1
11.7150572519084	 	2
11.7222900763359	 	2
11.7295229007634	 	2
11.7367557251908	 	1
11.7439885496183	 	2
11.7512213740458	 	2
11.7584541984733	 	3
11.7656870229008	 	2
11.7729198473282	 	2
11.7801526717557	 	2
11.7873854961832	 	1
11.7946183206107	 	1
11.8018511450382	 	0
11.8090839694656	 	4
11.8163167938931	 	1
11.8235496183206	 	2
11.8307824427481	 	1
11.8380152671756	 	1
11.8452480916031	 	1
11.8524809160305	 	2
11.859713740458	 	0
11.8669465648855	 	3
11.874179389313	 	2
11.8814122137405	 	1
11.8886450381679	 	1
11.8958778625954	 	2
11.9031106870229	 	1
11.9103435114504	 	1
11.9175763358779	 	0
11.9248091603053	 	1
11.9320419847328	 	2
11.9392748091603	 	2
11.9465076335878	 	1
11.9537404580153	 	3
11.9609732824427	 	2
11.9682061068702	 	4
11.9754389312977	 	1
11.9826717557252	 	0
11.9899045801527	 	2
11.9971374045802	 	0
12.0043702290076	 	0
12.0116030534351	 	0
12.0188358778626	 	2
12.0260687022901	 	0
12.0333015267176	 	1
12.040534351145	 	5
12.0477671755725	 	4
12.055	 	4
12.0622328244275	 	2
12.069465648855	 	2
12.0766984732824	 	0
12.0839312977099	 	3
12.0911641221374	 	3
12.0983969465649	 	2
12.1056297709924	 	1
12.1128625954198	 	2
12.1200954198473	 	0
12.1273282442748	 	0
12.1345610687023	 	4
12.1417938931298	 	2
12.1490267175573	 	3
12.1562595419847	 	0
12.1634923664122	 	0
12.1707251908397	 	0
12.1779580152672	 	0
12.1851908396947	 	1
12.1924236641221	 	3
12.1996564885496	 	1
12.2068893129771	 	2
12.2141221374046	 	5
12.2213549618321	 	3
12.2285877862595	 	0
12.235820610687	 	3
12.2430534351145	 	0
12.250286259542	 	2
12.2575190839695	 	2
12.2647519083969	 	0
12.2719847328244	 	0
12.2792175572519	 	1
12.2864503816794	 	1
12.2936832061069	 	0
12.3009160305344	 	1
12.3081488549618	 	2
12.3153816793893	 	2
12.3226145038168	 	1
12.3298473282443	 	0
12.3370801526718	 	0
12.3443129770992	 	1
12.3515458015267	 	3
12.3587786259542	 	1
12.3660114503817	 	1
12.3732442748092	 	1
12.3804770992366	 	0
12.3877099236641	 	1
12.3949427480916	 	0
12.4021755725191	 	1
12.4094083969466	 	1
12.416641221374	 	3
12.4238740458015	 	1
12.431106870229	 	4
12.4383396946565	 	3
12.445572519084	 	2
12.4528053435115	 	1
12.4600381679389	 	0
12.4672709923664	 	2
12.4745038167939	 	4
12.4817366412214	 	1
12.4889694656489	 	2
12.4962022900763	 	3
12.5034351145038	 	2
12.5106679389313	 	0
12.5179007633588	 	0
12.5251335877863	 	1
12.5323664122137	 	2
12.5395992366412	 	3
12.5468320610687	 	1
12.5540648854962	 	0
12.5612977099237	 	3
12.5685305343511	 	2
12.5757633587786	 	1
12.5829961832061	 	0
12.5902290076336	 	0
12.5974618320611	 	1
12.6046946564885	 	0
12.611927480916	 	0
12.6191603053435	 	1
12.626393129771	 	0
12.6336259541985	 	0
12.640858778626	 	1
12.6480916030534	 	3
12.6553244274809	 	1
12.6625572519084	 	2
12.6697900763359	 	0
12.6770229007634	 	0
12.6842557251908	 	1
12.6914885496183	 	1
12.6987213740458	 	0
12.7059541984733	 	1
12.7131870229008	 	1
12.7204198473282	 	1
12.7276526717557	 	0
12.7348854961832	 	0
12.7421183206107	 	0
12.7493511450382	 	1
12.7565839694656	 	2
12.7638167938931	 	0
12.7710496183206	 	1
12.7782824427481	 	1
12.7855152671756	 	0
12.7927480916031	 	0
12.7999809160305	 	0
12.807213740458	 	2
12.8144465648855	 	1
12.821679389313	 	3
12.8289122137405	 	0
12.8361450381679	 	1
12.8433778625954	 	0
12.8506106870229	 	2
12.8578435114504	 	0
12.8650763358779	 	0
12.8723091603053	 	0
12.8795419847328	 	0
12.8867748091603	 	3
12.8940076335878	 	0
12.9012404580153	 	3
12.9084732824427	 	0
12.9157061068702	 	2
12.9229389312977	 	0
12.9301717557252	 	1
12.9374045801527	 	0
12.9446374045802	 	0
12.9518702290076	 	0
12.9591030534351	 	2
12.9663358778626	 	1
12.9735687022901	 	1
12.9808015267176	 	0
12.988034351145	 	0
12.9952671755725	 	0
13.0025	 	0
13.0097328244275	 	0
13.016965648855	 	1
13.0241984732824	 	3
13.0314312977099	 	0
13.0386641221374	 	2
13.0458969465649	 	1
13.0531297709924	 	0
13.0603625954198	 	1
13.0675954198473	 	3
13.0748282442748	 	1
13.0820610687023	 	0
13.0892938931298	 	2
13.0965267175573	 	0
13.1037595419847	 	0
13.1109923664122	 	1
13.1182251908397	 	0
13.1254580152672	 	2
13.1326908396947	 	0
13.1399236641221	 	2
13.1471564885496	 	0
13.1543893129771	 	0
13.1616221374046	 	1
13.1688549618321	 	1
13.1760877862595	 	0
13.183320610687	 	0
13.1905534351145	 	0
13.197786259542	 	0
13.2050190839695	 	0
13.2122519083969	 	1
13.2194847328244	 	1
13.2267175572519	 	0
13.2339503816794	 	3
13.2411832061069	 	2
13.2484160305344	 	0
13.2556488549618	 	0
13.2628816793893	 	0
13.2701145038168	 	2
13.2773473282443	 	3
13.2845801526718	 	0
13.2918129770992	 	0
13.2990458015267	 	1
13.3062786259542	 	0
13.3135114503817	 	2
13.3207442748092	 	1
13.3279770992366	 	1
13.3352099236641	 	2
13.3424427480916	 	0
13.3496755725191	 	1
13.3569083969466	 	2
13.364141221374	 	1
13.3713740458015	 	0
13.378606870229	 	1
13.3858396946565	 	3
13.393072519084	 	2
13.4003053435114	 	1
13.4075381679389	 	1
13.4147709923664	 	1
13.4220038167939	 	1
13.4292366412214	 	2
13.4364694656489	 	0
13.4437022900763	 	2
13.4509351145038	 	2
13.4581679389313	 	1
13.4654007633588	 	2
13.4726335877863	 	2
13.4798664122137	 	2
13.4870992366412	 	1
13.4943320610687	 	0
13.5015648854962	 	0
13.5087977099237	 	1
13.5160305343511	 	2
13.5232633587786	 	1
13.5304961832061	 	1
13.5377290076336	 	0
13.5449618320611	 	0
13.5521946564885	 	1
13.559427480916	 	0
13.5666603053435	 	0
13.573893129771	 	1
13.5811259541985	 	1
13.588358778626	 	0
13.5955916030534	 	1
13.6028244274809	 	2
13.6100572519084	 	0
13.6172900763359	 	0
13.6245229007634	 	2
13.6317557251908	 	0
13.6389885496183	 	2
13.6462213740458	 	1
13.6534541984733	 	0
13.6606870229008	 	0
13.6679198473282	 	0
13.6751526717557	 	1
13.6823854961832	 	3
13.6896183206107	 	1
13.6968511450382	 	0
13.7040839694656	 	0
13.7113167938931	 	1
13.7185496183206	 	0
13.7257824427481	 	0
13.7330152671756	 	0
13.7402480916031	 	0
13.7474809160305	 	0
13.754713740458	 	0
13.7619465648855	 	1
13.769179389313	 	1
13.7764122137405	 	1
13.7836450381679	 	1
13.7908778625954	 	0
13.7981106870229	 	0
13.8053435114504	 	1
13.8125763358779	 	0
13.8198091603053	 	1
13.8270419847328	 	0
13.8342748091603	 	1
13.8415076335878	 	0
13.8487404580153	 	0
13.8559732824427	 	0
13.8632061068702	 	1
13.8704389312977	 	0
13.8776717557252	 	1
13.8849045801527	 	1
13.8921374045802	 	1
13.8993702290076	 	0
13.9066030534351	 	1
13.9138358778626	 	1
13.9210687022901	 	1
13.9283015267176	 	1
13.935534351145	 	0
13.9427671755725	 	1
13.95	 	0
13.9572328244275	 	0
13.964465648855	 	0
13.9716984732824	 	1
13.9789312977099	 	2
13.9861641221374	 	0
13.9933969465649	 	0
14.0006297709924	 	2
14.0078625954198	 	0
14.0150954198473	 	1
14.0223282442748	 	0
14.0295610687023	 	0
14.0367938931298	 	0
14.0440267175573	 	0
14.0512595419847	 	3
14.0584923664122	 	2
14.0657251908397	 	0
14.0729580152672	 	0
14.0801908396947	 	1
14.0874236641221	 	0
14.0946564885496	 	0
14.1018893129771	 	0
14.1091221374046	 	0
14.1163549618321	 	0
14.1235877862595	 	0
14.130820610687	 	1
14.1380534351145	 	0
14.145286259542	 	0
14.1525190839695	 	0
14.1597519083969	 	0
14.1669847328244	 	1
14.1742175572519	 	0
14.1814503816794	 	0
14.1886832061069	 	2
14.1959160305344	 	0
14.2031488549618	 	0
14.2103816793893	 	0
14.2176145038168	 	0
14.2248473282443	 	0
14.2320801526718	 	1
14.2393129770992	 	0
14.2465458015267	 	1
14.2537786259542	 	1
14.2610114503817	 	0
14.2682442748092	 	2
14.2754770992366	 	0
14.2827099236641	 	1
14.2899427480916	 	0
14.2971755725191	 	1
14.3044083969466	 	1
14.311641221374	 	0
14.3188740458015	 	0
14.326106870229	 	0
14.3333396946565	 	2
14.340572519084	 	0
14.3478053435114	 	1
14.3550381679389	 	0
14.3622709923664	 	0
14.3695038167939	 	0
14.3767366412214	 	4
14.3839694656489	 	0
14.3912022900763	 	0
14.3984351145038	 	0
14.4056679389313	 	0
14.4129007633588	 	1
14.4201335877863	 	0
14.4273664122137	 	1
14.4345992366412	 	0
14.4418320610687	 	0
14.4490648854962	 	0
14.4562977099237	 	0
14.4635305343511	 	0
14.4707633587786	 	0
14.4779961832061	 	0
14.4852290076336	 	0
14.4924618320611	 	0
14.4996946564885	 	0
14.506927480916	 	0
14.5141603053435	 	0
14.521393129771	 	0
14.5286259541985	 	0
14.535858778626	 	0
14.5430916030534	 	1
14.5503244274809	 	1
14.5575572519084	 	0
14.5647900763359	 	0
14.5720229007634	 	0
14.5792557251908	 	1
14.5864885496183	 	0
14.5937213740458	 	0
14.6009541984733	 	1
14.6081870229008	 	0
14.6154198473282	 	1
14.6226526717557	 	0
14.6298854961832	 	0
14.6371183206107	 	0
14.6443511450382	 	0
14.6515839694656	 	0
14.6588167938931	 	0
14.6660496183206	 	0
14.6732824427481	 	0
14.6805152671756	 	0
14.6877480916031	 	0
14.6949809160305	 	0
14.702213740458	 	0
14.7094465648855	 	0
14.716679389313	 	0
14.7239122137405	 	0
14.7311450381679	 	0
14.7383778625954	 	0
14.7456106870229	 	0
14.7528435114504	 	1
14.7600763358779	 	2
14.7673091603053	 	0
14.7745419847328	 	0
14.7817748091603	 	0
14.7890076335878	 	0
14.7962404580153	 	0
14.8034732824427	 	1
14.8107061068702	 	0
14.8179389312977	 	2
14.8251717557252	 	0
14.8324045801527	 	1
14.8396374045802	 	0
14.8468702290076	 	0
14.8541030534351	 	0
14.8613358778626	 	1
14.8685687022901	 	0
14.8758015267176	 	0
14.883034351145	 	0
14.8902671755725	 	0
14.8975	 	0
14.9047328244275	 	1
14.911965648855	 	0
14.9191984732824	 	1
14.9264312977099	 	0
14.9336641221374	 	0
14.9408969465649	 	0
14.9481297709924	 	0
14.9553625954198	 	0
14.9625954198473	 	0
14.9698282442748	 	2
14.9770610687023	 	0
14.9842938931298	 	0
14.9915267175573	 	0
14.9987595419847	 	2
15.0059923664122	 	1
15.0132251908397	 	0
15.0204580152672	 	1
15.0276908396947	 	1
15.0349236641221	 	0
15.0421564885496	 	0
15.0493893129771	 	0
15.0566221374046	 	1
15.0638549618321	 	0
15.0710877862595	 	1
15.078320610687	 	0
15.0855534351145	 	0
15.092786259542	 	0
15.1000190839695	 	0
15.1072519083969	 	0
15.1144847328244	 	0
15.1217175572519	 	0
15.1289503816794	 	0
15.1361832061069	 	0
15.1434160305344	 	0
15.1506488549618	 	0
15.1578816793893	 	0
15.1651145038168	 	0
15.1723473282443	 	0
15.1795801526718	 	0
15.1868129770992	 	0
15.1940458015267	 	0
15.2012786259542	 	0
15.2085114503817	 	0
15.2157442748092	 	0
15.2229770992366	 	0
15.2302099236641	 	0
15.2374427480916	 	0
15.2446755725191	 	0
15.2519083969466	 	0
15.259141221374	 	0
15.2663740458015	 	0
15.273606870229	 	0
15.2808396946565	 	0
15.288072519084	 	0
15.2953053435114	 	0
15.3025381679389	 	0
15.3097709923664	 	0
15.3170038167939	 	0
15.3242366412214	 	1
15.3314694656489	 	0
15.3387022900763	 	0
15.3459351145038	 	0
15.3531679389313	 	0
15.3604007633588	 	0
15.3676335877863	 	0
15.3748664122137	 	0
15.3820992366412	 	0
15.3893320610687	 	0
15.3965648854962	 	0
15.4037977099237	 	0
15.4110305343511	 	0
15.4182633587786	 	0
15.4254961832061	 	0
15.4327290076336	 	1
15.4399618320611	 	0
15.4471946564885	 	1
15.454427480916	 	0
15.4616603053435	 	0
15.468893129771	 	0
15.4761259541985	 	0
15.483358778626	 	0
15.4905916030534	 	0
15.4978244274809	 	1
15.5050572519084	 	0
15.5122900763359	 	1
15.5195229007634	 	0
15.5267557251908	 	0
15.5339885496183	 	0
15.5412213740458	 	0
15.5484541984733	 	1
15.5556870229008	 	0
15.5629198473282	 	0
15.5701526717557	 	0
15.5773854961832	 	0
15.5846183206107	 	0
15.5918511450382	 	0
15.5990839694656	 	0
15.6063167938931	 	0
15.6135496183206	 	0
15.6207824427481	 	0
15.6280152671756	 	0
15.6352480916031	 	1
15.6424809160305	 	0
15.649713740458	 	0
15.6569465648855	 	0
15.664179389313	 	0
15.6714122137405	 	0
15.6786450381679	 	0
15.6858778625954	 	0
15.6931106870229	 	1
15.7003435114504	 	0
15.7075763358779	 	0
15.7148091603053	 	1
15.7220419847328	 	0
15.7292748091603	 	0
15.7365076335878	 	0
15.7437404580153	 	0
15.7509732824427	 	0
15.7582061068702	 	1
15.7654389312977	 	0
15.7726717557252	 	0
15.7799045801527	 	0
15.7871374045802	 	0
15.7943702290076	 	0
15.8016030534351	 	0
15.8088358778626	 	0
15.8160687022901	 	0
15.8233015267176	 	0
15.830534351145	 	0
15.8377671755725	 	0
15.845	 	0
15.8522328244275	 	0
15.859465648855	 	0
15.8666984732824	 	0
15.8739312977099	 	0
15.8811641221374	 	0
15.8883969465649	 	0
15.8956297709924	 	0
15.9028625954198	 	0
15.9100954198473	 	0
15.9173282442748	 	0
15.9245610687023	 	0
15.9317938931298	 	0
15.9390267175573	 	0
15.9462595419847	 	0
15.9534923664122	 	0
15.9607251908397	 	0
15.9679580152672	 	0
15.9751908396947	 	0
15.9824236641221	 	0
15.9896564885496	 	0
15.9968893129771	 	0
16.0041221374046	 	0
16.0113549618321	 	0
16.0185877862595	 	0
16.025820610687	 	0
16.0330534351145	 	0
16.040286259542	 	0
16.0475190839695	 	0
16.0547519083969	 	0
16.0619847328244	 	0
16.0692175572519	 	0
16.0764503816794	 	0
16.0836832061069	 	0
16.0909160305344	 	0
16.0981488549618	 	1
16.1053816793893	 	1
16.1126145038168	 	0
16.1198473282443	 	0
16.1270801526718	 	0
16.1343129770992	 	0
16.1415458015267	 	0
16.1487786259542	 	0
16.1560114503817	 	0
16.1632442748092	 	0
16.1704770992366	 	0
16.1777099236641	 	1
16.1849427480916	 	0
16.1921755725191	 	0
16.1994083969466	 	0
16.206641221374	 	0
16.2138740458015	 	0
16.221106870229	 	0
16.2283396946565	 	0
16.235572519084	 	0
16.2428053435114	 	0
16.2500381679389	 	0
16.2572709923664	 	0
16.2645038167939	 	0
16.2717366412214	 	0
16.2789694656489	 	1
16.2862022900763	 	0
16.2934351145038	 	0
16.3006679389313	 	0
16.3079007633588	 	0
16.3151335877863	 	0
16.3223664122137	 	0
16.3295992366412	 	0
16.3368320610687	 	0
16.3440648854962	 	0
16.3512977099237	 	0
16.3585305343511	 	0
16.3657633587786	 	0
16.3729961832061	 	0
16.3802290076336	 	0
16.3874618320611	 	0
16.3946946564886	 	0
16.401927480916	 	0
16.4091603053435	 	0
16.416393129771	 	0
16.4236259541985	 	0
16.430858778626	 	0
16.4380916030534	 	0
16.4453244274809	 	0
16.4525572519084	 	0
16.4597900763359	 	0
16.4670229007634	 	0
16.4742557251908	 	0
16.4814885496183	 	0
16.4887213740458	 	0
16.4959541984733	 	0
16.5031870229008	 	0
16.5104198473282	 	0
16.5176526717557	 	0
16.5248854961832	 	0
16.5321183206107	 	0
16.5393511450382	 	0
16.5465839694656	 	0
16.5538167938931	 	0
16.5610496183206	 	0
16.5682824427481	 	0
16.5755152671756	 	0
16.5827480916031	 	0
16.5899809160305	 	0
16.597213740458	 	0
16.6044465648855	 	0
16.611679389313	 	0
16.6189122137405	 	0
16.6261450381679	 	0
16.6333778625954	 	0
16.6406106870229	 	0
16.6478435114504	 	0
16.6550763358779	 	0
16.6623091603053	 	0
16.6695419847328	 	0
16.6767748091603	 	0
16.6840076335878	 	0
16.6912404580153	 	0
16.6984732824427	 	0
16.7057061068702	 	0
16.7129389312977	 	0
16.7201717557252	 	0
16.7274045801527	 	0
16.7346374045802	 	0
16.7418702290076	 	0
16.7491030534351	 	0
16.7563358778626	 	0
16.7635687022901	 	0
16.7708015267176	 	0
16.778034351145	 	0
16.7852671755725	 	0
16.7925	 	0
16.7997328244275	 	0
16.806965648855	 	0
16.8141984732824	 	0
16.8214312977099	 	0
16.8286641221374	 	0
16.8358969465649	 	0
16.8431297709924	 	0
16.8503625954198	 	0
16.8575954198473	 	0
16.8648282442748	 	0
16.8720610687023	 	0
16.8792938931298	 	0
16.8865267175573	 	0
16.8937595419847	 	0
16.9009923664122	 	0
16.9082251908397	 	0
16.9154580152672	 	0
16.9226908396947	 	0
16.9299236641221	 	0
16.9371564885496	 	0
16.9443893129771	 	0
16.9516221374046	 	0
16.9588549618321	 	0
16.9660877862595	 	0
16.973320610687	 	0
16.9805534351145	 	0
16.987786259542	 	0
16.9950190839695	 	0
17.0022519083969	 	0
17.0094847328244	 	0
17.0167175572519	 	0
17.0239503816794	 	0
17.0311832061069	 	0
17.0384160305344	 	0
17.0456488549618	 	0
17.0528816793893	 	0
17.0601145038168	 	0
17.0673473282443	 	0
17.0745801526718	 	0
17.0818129770992	 	0
17.0890458015267	 	0
17.0962786259542	 	0
17.1035114503817	 	0
17.1107442748092	 	0
17.1179770992366	 	0
17.1252099236641	 	0
17.1324427480916	 	0
17.1396755725191	 	0
17.1469083969466	 	0
17.154141221374	 	0
17.1613740458015	 	0
17.168606870229	 	0
17.1758396946565	 	0
17.183072519084	 	0
17.1903053435115	 	0
17.1975381679389	 	0
17.2047709923664	 	0
17.2120038167939	 	0
17.2192366412214	 	0
17.2264694656489	 	0
17.2337022900763	 	0
17.2409351145038	 	0
17.2481679389313	 	0
17.2554007633588	 	0
17.2626335877863	 	0
17.2698664122137	 	0
17.2770992366412	 	0
17.2843320610687	 	0
17.2915648854962	 	0
17.2987977099237	 	0
17.3060305343511	 	0
17.3132633587786	 	0
17.3204961832061	 	0
17.3277290076336	 	0
17.3349618320611	 	0
17.3421946564885	 	0
17.349427480916	 	0
17.3566603053435	 	0
17.363893129771	 	0
17.3711259541985	 	0
17.378358778626	 	0
17.3855916030534	 	0
17.3928244274809	 	0
17.4000572519084	 	0
17.4072900763359	 	0
17.4145229007634	 	0
17.4217557251908	 	0
17.4289885496183	 	0
17.4362213740458	 	0
17.4434541984733	 	0
17.4506870229008	 	0
17.4579198473282	 	0
17.4651526717557	 	0
17.4723854961832	 	0
17.4796183206107	 	0
17.4868511450382	 	0
17.4940839694656	 	0
17.5013167938931	 	0
17.5085496183206	 	0
17.5157824427481	 	0
17.5230152671756	 	0
17.5302480916031	 	0
17.5374809160305	 	0
17.544713740458	 	0
17.5519465648855	 	0
17.559179389313	 	0
17.5664122137405	 	0
17.5736450381679	 	0
17.5808778625954	 	0
17.5881106870229	 	0
17.5953435114504	 	0
17.6025763358779	 	0
17.6098091603053	 	0
17.6170419847328	 	0
17.6242748091603	 	0
17.6315076335878	 	0
17.6387404580153	 	0
17.6459732824427	 	0
17.6532061068702	 	0
17.6604389312977	 	0
17.6676717557252	 	0
17.6749045801527	 	0
17.6821374045802	 	0
17.6893702290076	 	0
17.6966030534351	 	0
17.7038358778626	 	0
17.7110687022901	 	0
17.7183015267176	 	0
17.725534351145	 	0
17.7327671755725	 	0
17.74	 	0
17.7472328244275	 	0
17.754465648855	 	0
17.7616984732824	 	0
17.7689312977099	 	0
17.7761641221374	 	0
17.7833969465649	 	0
17.7906297709924	 	0
17.7978625954198	 	0
17.8050954198473	 	0
17.8123282442748	 	0
17.8195610687023	 	0
17.8267938931298	 	0
17.8340267175573	 	0
17.8412595419847	 	0
17.8484923664122	 	0
17.8557251908397	 	0
17.8629580152672	 	0
17.8701908396947	 	0
17.8774236641221	 	0
17.8846564885496	 	0
17.8918893129771	 	0
17.8991221374046	 	0
17.9063549618321	 	0
17.9135877862595	 	0
17.920820610687	 	0
17.9280534351145	 	0
17.935286259542	 	0
17.9425190839695	 	0
17.9497519083969	 	0
17.9569847328244	 	0
17.9642175572519	 	0
17.9714503816794	 	0
17.9786832061069	 	0
17.9859160305344	 	0
17.9931488549618	 	0
18.0003816793893	 	0
18.0076145038168	 	0
18.0148473282443	 	0
18.0220801526718	 	0
18.0293129770992	 	0
18.0365458015267	 	0
18.0437786259542	 	0
18.0510114503817	 	0
18.0582442748092	 	0
18.0654770992366	 	0
18.0727099236641	 	0
18.0799427480916	 	0
18.0871755725191	 	0
18.0944083969466	 	0
18.101641221374	 	0
18.1088740458015	 	0
18.116106870229	 	0
18.1233396946565	 	0
18.130572519084	 	0
18.1378053435114	 	0
18.1450381679389	 	0
18.1522709923664	 	0
18.1595038167939	 	0
18.1667366412214	 	0
18.1739694656489	 	0
18.1812022900763	 	0
18.1884351145038	 	0
18.1956679389313	 	0
18.2029007633588	 	0
18.2101335877863	 	0
18.2173664122137	 	0
18.2245992366412	 	0
18.2318320610687	 	0
18.2390648854962	 	0
18.2462977099237	 	0
18.2535305343511	 	0
18.2607633587786	 	0
18.2679961832061	 	0
18.2752290076336	 	0
18.2824618320611	 	0
18.2896946564886	 	0
18.296927480916	 	0
18.3041603053435	 	0
18.311393129771	 	0
18.3186259541985	 	0
18.325858778626	 	0
18.3330916030534	 	0
18.3403244274809	 	0
18.3475572519084	 	0
18.3547900763359	 	0
18.3620229007634	 	0
18.3692557251908	 	0
18.3764885496183	 	0
18.3837213740458	 	0
18.3909541984733	 	0
18.3981870229008	 	0
18.4054198473282	 	0
18.4126526717557	 	0
18.4198854961832	 	0
18.4271183206107	 	0
18.4343511450382	 	0
18.4415839694656	 	0
18.4488167938931	 	0
18.4560496183206	 	0
18.4632824427481	 	0
18.4705152671756	 	0
18.4777480916031	 	0
18.4849809160305	 	0
18.492213740458	 	0
18.4994465648855	 	0
18.506679389313	 	0
18.5139122137405	 	0
18.5211450381679	 	0
18.5283778625954	 	0
18.5356106870229	 	0
18.5428435114504	 	0
18.5500763358779	 	0
18.5573091603053	 	0
18.5645419847328	 	0
18.5717748091603	 	0
18.5790076335878	 	0
18.5862404580153	 	0
18.5934732824427	 	0
18.6007061068702	 	0
18.6079389312977	 	0
18.6151717557252	 	0
18.6224045801527	 	0
18.6296374045802	 	0
18.6368702290076	 	0
18.6441030534351	 	0
18.6513358778626	 	0
18.6585687022901	 	0
18.6658015267176	 	0
18.673034351145	 	0
18.6802671755725	 	0
18.6875	 	0
18.6947328244275	 	0
18.701965648855	 	0
18.7091984732824	 	0
18.7164312977099	 	0
18.7236641221374	 	0
18.7308969465649	 	0
18.7381297709924	 	0
18.7453625954198	 	0
18.7525954198473	 	0
18.7598282442748	 	0
18.7670610687023	 	0
18.7742938931298	 	0
18.7815267175572	 	0
18.7887595419847	 	0
18.7959923664122	 	0
18.8032251908397	 	0
18.8104580152672	 	0
18.8176908396947	 	0
18.8249236641221	 	0
18.8321564885496	 	0
18.8393893129771	 	0
18.8466221374046	 	0
18.8538549618321	 	0
18.8610877862595	 	0
18.868320610687	 	0
18.8755534351145	 	0
18.882786259542	 	0
18.8900190839695	 	0
18.8972519083969	 	0
18.9044847328244	 	0
18.9117175572519	 	0
18.9189503816794	 	0
18.9261832061069	 	0
18.9334160305344	 	0
18.9406488549618	 	0
18.9478816793893	 	0
18.9551145038168	 	0
18.9623473282443	 	0
18.9695801526718	 	0
18.9768129770992	 	0
18.9840458015267	 	0
18.9912786259542	 	0
18.9985114503817	 	0
19.0057442748092	 	0
19.0129770992366	 	0
19.0202099236641	 	0
19.0274427480916	 	0
19.0346755725191	 	0
19.0419083969466	 	0
19.049141221374	 	0
19.0563740458015	 	0
19.063606870229	 	0
19.0708396946565	 	0
19.078072519084	 	0
19.0853053435115	 	0
19.0925381679389	 	0
19.0997709923664	 	0
19.1070038167939	 	0
19.1142366412214	 	0
19.1214694656489	 	0
19.1287022900763	 	0
19.1359351145038	 	0
19.1431679389313	 	0
19.1504007633588	 	0
19.1576335877863	 	0
19.1648664122137	 	0
19.1720992366412	 	0
19.1793320610687	 	0
19.1865648854962	 	0
19.1937977099237	 	0
19.2010305343511	 	0
19.2082633587786	 	0
19.2154961832061	 	0
19.2227290076336	 	0
19.2299618320611	 	0
19.2371946564885	 	0
19.244427480916	 	0
19.2516603053435	 	0
19.258893129771	 	0
19.2661259541985	 	0
19.273358778626	 	0
19.2805916030534	 	0
19.2878244274809	 	0
19.2950572519084	 	0
19.3022900763359	 	0
19.3095229007634	 	0
19.3167557251908	 	0
19.3239885496183	 	0
19.3312213740458	 	0
19.3384541984733	 	0
19.3456870229008	 	0
19.3529198473282	 	0
19.3601526717557	 	0
19.3673854961832	 	0
19.3746183206107	 	0
19.3818511450382	 	0
19.3890839694656	 	0
19.3963167938931	 	0
19.4035496183206	 	0
19.4107824427481	 	0
19.4180152671756	 	0
19.4252480916031	 	0
19.4324809160305	 	0
19.439713740458	 	0
19.4469465648855	 	0
19.454179389313	 	0
19.4614122137405	 	0
19.4686450381679	 	0
19.4758778625954	 	0
19.4831106870229	 	0
19.4903435114504	 	0
19.4975763358779	 	0
19.5048091603053	 	0
19.5120419847328	 	0
19.5192748091603	 	0
19.5265076335878	 	0
19.5337404580153	 	0
19.5409732824427	 	0
19.5482061068702	 	0
19.5554389312977	 	0
19.5626717557252	 	0
19.5699045801527	 	0
19.5771374045801	 	0
19.5843702290076	 	0
19.5916030534351	 	0
19.5988358778626	 	0
19.6060687022901	 	0
19.6133015267176	 	0
19.620534351145	 	0
19.6277671755725	 	0
19.635	 	0
19.6422328244275	 	0
19.649465648855	 	0
19.6566984732824	 	0
19.6639312977099	 	0
19.6711641221374	 	0
19.6783969465649	 	0
19.6856297709924	 	0
19.6928625954198	 	0
19.7000954198473	 	0
19.7073282442748	 	0
19.7145610687023	 	0
19.7217938931298	 	0
19.7290267175573	 	1
19.7362595419847	 	0
19.7434923664122	 	0
19.7507251908397	 	0
19.7579580152672	 	0
19.7651908396947	 	0
19.7724236641221	 	0
19.7796564885496	 	0
19.7868893129771	 	0
19.7941221374046	 	0
19.8013549618321	 	0
19.8085877862595	 	0
19.815820610687	 	0
19.8230534351145	 	0
19.830286259542	 	0
19.8375190839695	 	0
19.8447519083969	 	0
19.8519847328244	 	0
19.8592175572519	 	0
19.8664503816794	 	0
19.8736832061069	 	0
19.8809160305344	 	0
19.8881488549618	 	0
19.8953816793893	 	0
19.9026145038168	 	0
19.9098473282443	 	0
19.9170801526718	 	0
19.9243129770992	 	0
19.9315458015267	 	0
19.9387786259542	 	0
19.9460114503817	 	0
19.9532442748092	 	0
19.9604770992366	 	0
19.9677099236641	 	0
19.9749427480916	 	0
19.9821755725191	 	0
19.9894083969466	 	0
19.996641221374	 	0
20.0038740458015	 	0
20.011106870229	 	0
20.0183396946565	 	0
20.025572519084	 	0
20.0328053435114	 	0
20.0400381679389	 	0
20.0472709923664	 	0
20.0545038167939	 	0
20.0617366412214	 	0
20.0689694656489	 	0
20.0762022900763	 	0
20.0834351145038	 	0
20.0906679389313	 	0
20.0979007633588	 	0
20.1051335877863	 	0
20.1123664122137	 	0
20.1195992366412	 	0
20.1268320610687	 	0
20.1340648854962	 	0
20.1412977099237	 	0
20.1485305343511	 	0
20.1557633587786	 	0
20.1629961832061	 	0
20.1702290076336	 	0
20.1774618320611	 	0
20.1846946564885	 	0
20.191927480916	 	0
20.1991603053435	 	0
20.206393129771	 	0
20.2136259541985	 	0
20.220858778626	 	0
20.2280916030534	 	0
20.2353244274809	 	0
20.2425572519084	 	0
20.2497900763359	 	0
20.2570229007634	 	0
20.2642557251908	 	0
20.2714885496183	 	0
20.2787213740458	 	0
20.2859541984733	 	0
20.2931870229008	 	0
20.3004198473282	 	0
20.3076526717557	 	0
20.3148854961832	 	0
20.3221183206107	 	0
20.3293511450382	 	0
20.3365839694656	 	0
20.3438167938931	 	0
20.3510496183206	 	0
20.3582824427481	 	0
20.3655152671756	 	0
20.3727480916031	 	0
20.3799809160305	 	0
20.387213740458	 	0
20.3944465648855	 	0
20.401679389313	 	0
20.4089122137405	 	0
20.4161450381679	 	0
20.4233778625954	 	0
20.4306106870229	 	0
20.4378435114504	 	0
20.4450763358779	 	0
20.4523091603053	 	0
20.4595419847328	 	0
20.4667748091603	 	0
20.4740076335878	 	0
20.4812404580153	 	0
20.4884732824427	 	0
20.4957061068702	 	0
20.5029389312977	 	0
20.5101717557252	 	0
20.5174045801527	 	0
20.5246374045802	 	0
20.5318702290076	 	0
20.5391030534351	 	0
20.5463358778626	 	0
20.5535687022901	 	0
20.5608015267176	 	0
20.568034351145	 	0
20.5752671755725	 	0
20.5825	 	0
20.5897328244275	 	0
20.596965648855	 	0
20.6041984732824	 	0
20.6114312977099	 	0
20.6186641221374	 	0
20.6258969465649	 	0
20.6331297709924	 	0
20.6403625954198	 	0
20.6475954198473	 	0
20.6548282442748	 	0
20.6620610687023	 	0
20.6692938931298	 	0
20.6765267175572	 	0
20.6837595419847	 	0
20.6909923664122	 	0
20.6982251908397	 	0
20.7054580152672	 	0
20.7126908396947	 	0
20.7199236641221	 	0
20.7271564885496	 	0
20.7343893129771	 	0
20.7416221374046	 	0
20.7488549618321	 	0
20.7560877862595	 	0
20.763320610687	 	0
20.7705534351145	 	0
20.777786259542	 	0
20.7850190839695	 	0
20.7922519083969	 	0
20.7994847328244	 	0
20.8067175572519	 	0
20.8139503816794	 	0
20.8211832061069	 	0
20.8284160305343	 	0
20.8356488549618	 	0
20.8428816793893	 	0
20.8501145038168	 	0
20.8573473282443	 	0
20.8645801526718	 	0
20.8718129770992	 	0
20.8790458015267	 	0
20.8862786259542	 	0
20.8935114503817	 	0
20.9007442748092	 	0
20.9079770992366	 	0
20.9152099236641	 	0
20.9224427480916	 	0
20.9296755725191	 	0
20.9369083969466	 	0
20.944141221374	 	0
20.9513740458015	 	0
20.958606870229	 	0
20.9658396946565	 	0
20.973072519084	 	0
20.9803053435115	 	0
20.9875381679389	 	0
20.9947709923664	 	0
21.0020038167939	 	0
21.0092366412214	 	0
21.0164694656489	 	0
21.0237022900763	 	0
21.0309351145038	 	0
21.0381679389313	 	0
21.0454007633588	 	0
21.0526335877863	 	0
21.0598664122137	 	0
21.0670992366412	 	0
21.0743320610687	 	0
21.0815648854962	 	0
21.0887977099237	 	0
21.0960305343511	 	0
21.1032633587786	 	0
21.1104961832061	 	0
21.1177290076336	 	0
21.1249618320611	 	0
21.1321946564885	 	0
21.139427480916	 	0
21.1466603053435	 	0
21.153893129771	 	0
21.1611259541985	 	0
21.168358778626	 	0
21.1755916030534	 	0
21.1828244274809	 	0
21.1900572519084	 	0
21.1972900763359	 	0
21.2045229007634	 	0
21.2117557251908	 	0
21.2189885496183	 	0
21.2262213740458	 	0
21.2334541984733	 	0
21.2406870229008	 	0
21.2479198473282	 	0
21.2551526717557	 	0
21.2623854961832	 	0
21.2696183206107	 	0
21.2768511450382	 	0
21.2840839694656	 	0
21.2913167938931	 	0
21.2985496183206	 	0
21.3057824427481	 	0
21.3130152671756	 	0
21.3202480916031	 	0
21.3274809160305	 	0
21.334713740458	 	0
21.3419465648855	 	0
21.349179389313	 	0
21.3564122137405	 	0
21.3636450381679	 	0
21.3708778625954	 	0
21.3781106870229	 	0
21.3853435114504	 	0
21.3925763358779	 	0
21.3998091603053	 	0
21.4070419847328	 	0
21.4142748091603	 	0
21.4215076335878	 	0
21.4287404580153	 	0
21.4359732824427	 	0
21.4432061068702	 	0
21.4504389312977	 	0
21.4576717557252	 	0
21.4649045801527	 	0
21.4721374045801	 	0
21.4793702290076	 	0
21.4866030534351	 	0
21.4938358778626	 	0
21.5010687022901	 	0
21.5083015267176	 	0
21.515534351145	 	0
21.5227671755725	 	0
21.53	 	0
21.5372328244275	 	0
21.544465648855	 	0
21.5516984732824	 	0
21.5589312977099	 	0
21.5661641221374	 	0
21.5733969465649	 	0
21.5806297709924	 	0
21.5878625954198	 	0
21.5950954198473	 	0
21.6023282442748	 	0
21.6095610687023	 	0
21.6167938931298	 	0
21.6240267175573	 	0
21.6312595419847	 	0
21.6384923664122	 	0
21.6457251908397	 	0
21.6529580152672	 	0
21.6601908396947	 	0
21.6674236641221	 	0
21.6746564885496	 	0
21.6818893129771	 	0
21.6891221374046	 	0
21.6963549618321	 	0
21.7035877862595	 	0
21.710820610687	 	0
21.7180534351145	 	0
21.725286259542	 	0
21.7325190839695	 	0
21.7397519083969	 	0
21.7469847328244	 	0
21.7542175572519	 	0
21.7614503816794	 	0
21.7686832061069	 	0
21.7759160305343	 	0
21.7831488549618	 	0
21.7903816793893	 	0
21.7976145038168	 	0
21.8048473282443	 	0
21.8120801526718	 	0
21.8193129770992	 	0
21.8265458015267	 	0
21.8337786259542	 	0
21.8410114503817	 	0
21.8482442748092	 	0
21.8554770992366	 	0
21.8627099236641	 	0
21.8699427480916	 	0
21.8771755725191	 	0
21.8844083969466	 	0
21.891641221374	 	0
21.8988740458015	 	0
21.906106870229	 	0
21.9133396946565	 	0
21.920572519084	 	0
21.9278053435114	 	0
21.9350381679389	 	0
21.9422709923664	 	0
21.9495038167939	 	0
21.9567366412214	 	0
21.9639694656489	 	0
21.9712022900763	 	0
21.9784351145038	 	0
21.9856679389313	 	0
21.9929007633588	 	0
22.0001335877863	 	0
22.0073664122137	 	0
22.0145992366412	 	0
22.0218320610687	 	0
22.0290648854962	 	0
22.0362977099237	 	0
22.0435305343511	 	0
22.0507633587786	 	0
22.0579961832061	 	0
22.0652290076336	 	0
22.0724618320611	 	0
22.0796946564885	 	0
22.086927480916	 	0
22.0941603053435	 	0
22.101393129771	 	0
22.1086259541985	 	0
22.115858778626	 	0
22.1230916030534	 	0
22.1303244274809	 	0
22.1375572519084	 	0
22.1447900763359	 	0
22.1520229007634	 	0
22.1592557251908	 	0
22.1664885496183	 	0
22.1737213740458	 	0
22.1809541984733	 	0
22.1881870229008	 	0
22.1954198473282	 	0
22.2026526717557	 	0
22.2098854961832	 	0
22.2171183206107	 	0
22.2243511450382	 	0
22.2315839694656	 	0
22.2388167938931	 	0
22.2460496183206	 	0
22.2532824427481	 	0
22.2605152671756	 	0
22.2677480916031	 	0
22.2749809160305	 	0
22.282213740458	 	0
22.2894465648855	 	0
22.296679389313	 	0
22.3039122137405	 	0
22.3111450381679	 	0
22.3183778625954	 	0
22.3256106870229	 	0
22.3328435114504	 	0
22.3400763358779	 	0
22.3473091603053	 	0
22.3545419847328	 	0
22.3617748091603	 	0
22.3690076335878	 	0
22.3762404580153	 	0
22.3834732824427	 	0
22.3907061068702	 	0
22.3979389312977	 	0
22.4051717557252	 	0
22.4124045801527	 	0
22.4196374045802	 	0
22.4268702290076	 	0
22.4341030534351	 	0
22.4413358778626	 	0
22.4485687022901	 	0
22.4558015267176	 	0
22.463034351145	 	0
22.4702671755725	 	0
22.4775	 	0
22.4847328244275	 	0
22.491965648855	 	0
22.4991984732824	 	0
22.5064312977099	 	0
22.5136641221374	 	0
22.5208969465649	 	0
22.5281297709924	 	0
22.5353625954198	 	0
22.5425954198473	 	0
22.5498282442748	 	0
22.5570610687023	 	0
22.5642938931298	 	0
22.5715267175572	 	0
22.5787595419847	 	0
22.5859923664122	 	0
22.5932251908397	 	0
22.6004580152672	 	0
22.6076908396947	 	0
22.6149236641221	 	0
22.6221564885496	 	0
22.6293893129771	 	0
22.6366221374046	 	0
22.6438549618321	 	0
22.6510877862595	 	0
22.658320610687	 	0
22.6655534351145	 	0
22.672786259542	 	0
22.6800190839695	 	0
22.6872519083969	 	0
22.6944847328244	 	0
22.7017175572519	 	0
22.7089503816794	 	0
22.7161832061069	 	0
22.7234160305343	 	0
22.7306488549618	 	0
22.7378816793893	 	0
22.7451145038168	 	0
22.7523473282443	 	0
22.7595801526718	 	0
22.7668129770992	 	0
22.7740458015267	 	0
22.7812786259542	 	0
22.7885114503817	 	0
22.7957442748092	 	0
22.8029770992366	 	0
22.8102099236641	 	0
22.8174427480916	 	0
22.8246755725191	 	0
22.8319083969466	 	0
22.839141221374	 	0
22.8463740458015	 	0
22.853606870229	 	0
22.8608396946565	 	0
22.868072519084	 	0
22.8753053435115	 	0
22.8825381679389	 	0
22.8897709923664	 	0
22.8970038167939	 	0
22.9042366412214	 	0
22.9114694656489	 	0
22.9187022900763	 	0
22.9259351145038	 	0
22.9331679389313	 	0
22.9404007633588	 	0
22.9476335877863	 	0
22.9548664122137	 	0
22.9620992366412	 	0
22.9693320610687	 	0
22.9765648854962	 	0
22.9837977099237	 	0
22.9910305343511	 	0
22.9982633587786	 	0
23.0054961832061	 	0
23.0127290076336	 	0
23.0199618320611	 	0
23.0271946564885	 	0
23.034427480916	 	0
23.0416603053435	 	0
23.048893129771	 	0
23.0561259541985	 	0
23.063358778626	 	0
23.0705916030534	 	0
23.0778244274809	 	0
23.0850572519084	 	0
23.0922900763359	 	0
23.0995229007634	 	0
23.1067557251908	 	0
23.1139885496183	 	0
23.1212213740458	 	0
23.1284541984733	 	0
23.1356870229008	 	0
23.1429198473282	 	0
23.1501526717557	 	0
23.1573854961832	 	0
23.1646183206107	 	0
23.1718511450382	 	0
23.1790839694656	 	0
23.1863167938931	 	0
23.1935496183206	 	0
23.2007824427481	 	0
23.2080152671756	 	0
23.2152480916031	 	0
23.2224809160305	 	0
23.229713740458	 	0
23.2369465648855	 	0
23.244179389313	 	0
23.2514122137405	 	0
23.2586450381679	 	0
23.2658778625954	 	0
23.2731106870229	 	0
23.2803435114504	 	0
23.2875763358779	 	0
23.2948091603053	 	0
23.3020419847328	 	0
23.3092748091603	 	0
23.3165076335878	 	0
23.3237404580153	 	0
23.3309732824427	 	0
23.3382061068702	 	0
23.3454389312977	 	0
23.3526717557252	 	0
23.3599045801527	 	0
23.3671374045801	 	0
23.3743702290076	 	0
23.3816030534351	 	0
23.3888358778626	 	0
23.3960687022901	 	0
23.4033015267176	 	0
23.410534351145	 	0
23.4177671755725	 	0
23.425	 	0
23.4322328244275	 	0
23.439465648855	 	0
23.4466984732824	 	0
23.4539312977099	 	0
23.4611641221374	 	0
23.4683969465649	 	0
23.4756297709924	 	0
23.4828625954198	 	0
23.4900954198473	 	0
23.4973282442748	 	0
23.5045610687023	 	0
23.5117938931298	 	0
23.5190267175572	 	0
23.5262595419847	 	0
23.5334923664122	 	0
23.5407251908397	 	0
23.5479580152672	 	0
23.5551908396947	 	0
23.5624236641221	 	0
23.5696564885496	 	0
23.5768893129771	 	0
23.5841221374046	 	0
23.5913549618321	 	0
23.5985877862595	 	0
23.605820610687	 	0
23.6130534351145	 	0
23.620286259542	 	0
23.6275190839695	 	0
23.6347519083969	 	0
23.6419847328244	 	0
23.6492175572519	 	0
23.6564503816794	 	0
23.6636832061069	 	0
23.6709160305343	 	0
23.6781488549618	 	0
23.6853816793893	 	0
23.6926145038168	 	0
23.6998473282443	 	0
23.7070801526718	 	0
23.7143129770992	 	0
23.7215458015267	 	0
23.7287786259542	 	0
23.7360114503817	 	0
23.7432442748092	 	0
23.7504770992366	 	0
23.7577099236641	 	0
23.7649427480916	 	0
23.7721755725191	 	0
23.7794083969466	 	0
23.786641221374	 	0
23.7938740458015	 	0
23.801106870229	 	0
23.8083396946565	 	0
23.815572519084	 	0
23.8228053435114	 	0
23.8300381679389	 	0
23.8372709923664	 	0
23.8445038167939	 	0
23.8517366412214	 	0
23.8589694656489	 	0
23.8662022900763	 	0
23.8734351145038	 	0
23.8806679389313	 	0
23.8879007633588	 	0
23.8951335877863	 	0
23.9023664122137	 	0
23.9095992366412	 	0
23.9168320610687	 	0
23.9240648854962	 	0
23.9312977099237	 	0
23.9385305343511	 	0
23.9457633587786	 	0
23.9529961832061	 	0
23.9602290076336	 	0
23.9674618320611	 	0
23.9746946564885	 	0
23.981927480916	 	0
23.9891603053435	 	0
23.996393129771	 	0
24.0036259541985	 	0
24.010858778626	 	0
24.0180916030534	 	0
24.0253244274809	 	0
24.0325572519084	 	0
24.0397900763359	 	0
24.0470229007634	 	0
24.0542557251908	 	0
24.0614885496183	 	0
24.0687213740458	 	0
24.0759541984733	 	0
24.0831870229008	 	0
24.0904198473282	 	0
24.0976526717557	 	0
24.1048854961832	 	0
24.1121183206107	 	0
24.1193511450382	 	0
24.1265839694656	 	0
24.1338167938931	 	0
24.1410496183206	 	0
24.1482824427481	 	0
24.1555152671756	 	0
24.162748091603	 	0
24.1699809160305	 	0
24.177213740458	 	0
24.1844465648855	 	0
24.191679389313	 	0
24.1989122137405	 	0
24.2061450381679	 	0
24.2133778625954	 	0
24.2206106870229	 	0
24.2278435114504	 	0
24.2350763358779	 	0
24.2423091603053	 	0
24.2495419847328	 	0
24.2567748091603	 	0
24.2640076335878	 	0
24.2712404580153	 	0
24.2784732824427	 	0
24.2857061068702	 	0
24.2929389312977	 	0
24.3001717557252	 	0
24.3074045801527	 	0
24.3146374045802	 	0
24.3218702290076	 	0
24.3291030534351	 	0
24.3363358778626	 	0
24.3435687022901	 	0
24.3508015267176	 	0
24.358034351145	 	0
24.3652671755725	 	0
24.3725	 	0
24.3797328244275	 	0
24.386965648855	 	0
24.3941984732824	 	0
24.4014312977099	 	0
24.4086641221374	 	0
24.4158969465649	 	0
24.4231297709924	 	0
24.4303625954198	 	0
24.4375954198473	 	0
24.4448282442748	 	0
24.4520610687023	 	0
24.4592938931298	 	0
24.4665267175572	 	0
24.4737595419847	 	0
24.4809923664122	 	0
24.4882251908397	 	0
24.4954580152672	 	0
24.5026908396947	 	0
24.5099236641221	 	0
24.5171564885496	 	0
24.5243893129771	 	0
24.5316221374046	 	0
24.5388549618321	 	0
24.5460877862595	 	0
24.553320610687	 	0
24.5605534351145	 	0
24.567786259542	 	0
24.5750190839695	 	0
24.5822519083969	 	0
24.5894847328244	 	0
24.5967175572519	 	0
24.6039503816794	 	0
24.6111832061069	 	0
24.6184160305343	 	0
24.6256488549618	 	0
24.6328816793893	 	0
24.6401145038168	 	0
24.6473473282443	 	0
24.6545801526718	 	0
24.6618129770992	 	0
24.6690458015267	 	0
24.6762786259542	 	0
24.6835114503817	 	0
24.6907442748092	 	0
24.6979770992366	 	0
24.7052099236641	 	0
24.7124427480916	 	0
24.7196755725191	 	0
24.7269083969466	 	0
24.734141221374	 	0
24.7413740458015	 	0
24.748606870229	 	0
24.7558396946565	 	0
24.763072519084	 	0
24.7703053435114	 	0
24.7775381679389	 	0
24.7847709923664	 	0
24.7920038167939	 	0
24.7992366412214	 	0
24.8064694656489	 	0
24.8137022900763	 	0
24.8209351145038	 	0
24.8281679389313	 	0
24.8354007633588	 	0
24.8426335877863	 	0
24.8498664122137	 	0
24.8570992366412	 	0
24.8643320610687	 	0
24.8715648854962	 	0
24.8787977099237	 	0
24.8860305343511	 	0
24.8932633587786	 	0
24.9004961832061	 	0
24.9077290076336	 	0
24.9149618320611	 	0
24.9221946564885	 	0
24.929427480916	 	0
24.9366603053435	 	0
24.943893129771	 	0
24.9511259541985	 	0
24.958358778626	 	0
24.9655916030534	 	0
24.9728244274809	 	0
24.9800572519084	 	0
24.9872900763359	 	0
24.9945229007634	 	0
25.0017557251908	 	0
25.0089885496183	 	0
25.0162213740458	 	0
25.0234541984733	 	0
25.0306870229008	 	0
25.0379198473282	 	0
25.0451526717557	 	0
25.0523854961832	 	0
25.0596183206107	 	0
25.0668511450382	 	0
25.0740839694656	 	0
25.0813167938931	 	0
25.0885496183206	 	0
25.0957824427481	 	0
25.1030152671756	 	0
25.1102480916031	 	0
25.1174809160305	 	0
25.124713740458	 	0
25.1319465648855	 	0
25.139179389313	 	0
25.1464122137405	 	0
25.1536450381679	 	1
25.1608778625954	 	0
25.1681106870229	 	0
25.1753435114504	 	0
25.1825763358779	 	0
25.1898091603053	 	0
25.1970419847328	 	0
25.2042748091603	 	0
25.2115076335878	 	0
25.2187404580153	 	0
25.2259732824427	 	0
25.2332061068702	 	0
25.2404389312977	 	0
25.2476717557252	 	0
25.2549045801527	 	0
25.2621374045801	 	0
25.2693702290076	 	0
25.2766030534351	 	0
25.2838358778626	 	0
25.2910687022901	 	0
25.2983015267176	 	0
25.305534351145	 	0
25.3127671755725	 	0
25.32	 	0
25.3272328244275	 	0
25.334465648855	 	0
25.3416984732824	 	0
25.3489312977099	 	0
25.3561641221374	 	0
25.3633969465649	 	0
25.3706297709924	 	0
25.3778625954198	 	0
25.3850954198473	 	0
25.3923282442748	 	0
25.3995610687023	 	0
25.4067938931298	 	0
25.4140267175572	 	0
25.4212595419847	 	0
25.4284923664122	 	0
25.4357251908397	 	0
25.4429580152672	 	0
25.4501908396947	 	0
25.4574236641221	 	0
25.4646564885496	 	0
25.4718893129771	 	0
25.4791221374046	 	0
25.4863549618321	 	0
25.4935877862595	 	0
25.500820610687	 	0
25.5080534351145	 	0
25.515286259542	 	0
25.5225190839695	 	0
25.5297519083969	 	0
25.5369847328244	 	0
25.5442175572519	 	0
25.5514503816794	 	0
25.5586832061069	 	0
25.5659160305343	 	0
25.5731488549618	 	0
25.5803816793893	 	0
25.5876145038168	 	0
25.5948473282443	 	0
25.6020801526718	 	0
25.6093129770992	 	0
25.6165458015267	 	0
25.6237786259542	 	0
25.6310114503817	 	0
25.6382442748092	 	0
25.6454770992366	 	0
25.6527099236641	 	0
25.6599427480916	 	0
25.6671755725191	 	0
25.6744083969466	 	0
25.681641221374	 	0
25.6888740458015	 	0
25.696106870229	 	0
25.7033396946565	 	0
25.710572519084	 	0
25.7178053435114	 	0
25.7250381679389	 	0
25.7322709923664	 	0
25.7395038167939	 	0
25.7467366412214	 	0
25.7539694656489	 	0
25.7612022900763	 	0
25.7684351145038	 	0
25.7756679389313	 	0
25.7829007633588	 	0
25.7901335877863	 	0
25.7973664122137	 	0
25.8045992366412	 	0
25.8118320610687	 	0
25.8190648854962	 	0
25.8262977099237	 	0
25.8335305343511	 	0
25.8407633587786	 	0
25.8479961832061	 	0
25.8552290076336	 	0
25.8624618320611	 	0
25.8696946564885	 	0
25.876927480916	 	0
25.8841603053435	 	0
25.891393129771	 	0
25.8986259541985	 	0
25.905858778626	 	0
25.9130916030534	 	0
25.9203244274809	 	0
25.9275572519084	 	0
25.9347900763359	 	0
25.9420229007634	 	0
25.9492557251908	 	0
25.9564885496183	 	0
25.9637213740458	 	0
25.9709541984733	 	0
25.9781870229008	 	0
25.9854198473282	 	0
25.9926526717557	 	0
25.9998854961832	 	0
26.0071183206107	 	0
26.0143511450382	 	0
26.0215839694656	 	0
26.0288167938931	 	0
26.0360496183206	 	0
26.0432824427481	 	0
26.0505152671756	 	0
26.057748091603	 	0
26.0649809160305	 	0
26.072213740458	 	0
26.0794465648855	 	0
26.086679389313	 	0
26.0939122137405	 	0
26.1011450381679	 	0
26.1083778625954	 	0
26.1156106870229	 	0
26.1228435114504	 	0
26.1300763358779	 	0
26.1373091603053	 	0
26.1445419847328	 	0
26.1517748091603	 	0
26.1590076335878	 	0
26.1662404580153	 	0
26.1734732824427	 	0
26.1807061068702	 	0
26.1879389312977	 	0
26.1951717557252	 	0
26.2024045801527	 	0
26.2096374045802	 	0
26.2168702290076	 	0
26.2241030534351	 	0
26.2313358778626	 	0
26.2385687022901	 	0
26.2458015267176	 	0
26.253034351145	 	0
26.2602671755725	 	0
26.2675	 	0
26.2747328244275	 	0
26.281965648855	 	0
26.2891984732824	 	0
26.2964312977099	 	0
26.3036641221374	 	0
26.3108969465649	 	0
26.3181297709924	 	0
26.3253625954198	 	0
26.3325954198473	 	0
26.3398282442748	 	0
26.3470610687023	 	0
26.3542938931298	 	0
26.3615267175572	 	0
26.3687595419847	 	0
26.3759923664122	 	0
26.3832251908397	 	0
26.3904580152672	 	0
26.3976908396947	 	0
26.4049236641221	 	0
26.4121564885496	 	0
26.4193893129771	 	0
26.4266221374046	 	0
26.4338549618321	 	0
26.4410877862595	 	0
26.448320610687	 	0
26.4555534351145	 	0
26.462786259542	 	0
26.4700190839695	 	0
26.4772519083969	 	0
26.4844847328244	 	0
26.4917175572519	 	0
26.4989503816794	 	0
26.5061832061069	 	0
26.5134160305343	 	0
26.5206488549618	 	0
26.5278816793893	 	0
26.5351145038168	 	0
26.5423473282443	 	0
26.5495801526718	 	0
26.5568129770992	 	0
26.5640458015267	 	0
26.5712786259542	 	0
26.5785114503817	 	0
26.5857442748092	 	0
26.5929770992366	 	0
26.6002099236641	 	0
26.6074427480916	 	0
26.6146755725191	 	0
26.6219083969466	 	0
26.629141221374	 	0
26.6363740458015	 	0
26.643606870229	 	0
26.6508396946565	 	0
26.658072519084	 	0
26.6653053435114	 	0
26.6725381679389	 	0
26.6797709923664	 	0
26.6870038167939	 	0
26.6942366412214	 	0
26.7014694656489	 	0
26.7087022900763	 	0
26.7159351145038	 	0
26.7231679389313	 	0
26.7304007633588	 	0
26.7376335877863	 	0
26.7448664122137	 	0
26.7520992366412	 	0
26.7593320610687	 	0
26.7665648854962	 	0
26.7737977099237	 	0
26.7810305343511	 	0
26.7882633587786	 	0
26.7954961832061	 	0
26.8027290076336	 	0
26.8099618320611	 	0
26.8171946564885	 	0
26.824427480916	 	0
26.8316603053435	 	0
26.838893129771	 	0
26.8461259541985	 	0
26.853358778626	 	0
26.8605916030534	 	0
26.8678244274809	 	0
26.8750572519084	 	0
26.8822900763359	 	0
26.8895229007634	 	0
26.8967557251908	 	0
26.9039885496183	 	0
26.9112213740458	 	0
26.9184541984733	 	0
26.9256870229008	 	0
26.9329198473282	 	0
26.9401526717557	 	0
26.9473854961832	 	0
26.9546183206107	 	0
26.9618511450382	 	0
26.9690839694656	 	0
26.9763167938931	 	0
26.9835496183206	 	0
26.9907824427481	 	0
26.9980152671756	 	0
27.0052480916031	 	0
27.0124809160305	 	0
27.019713740458	 	0
27.0269465648855	 	0
27.034179389313	 	0
27.0414122137405	 	0
27.0486450381679	 	0
27.0558778625954	 	0
27.0631106870229	 	0
27.0703435114504	 	0
27.0775763358779	 	0
27.0848091603053	 	0
27.0920419847328	 	0
27.0992748091603	 	0
27.1065076335878	 	0
27.1137404580153	 	0
27.1209732824427	 	0
27.1282061068702	 	0
27.1354389312977	 	0
27.1426717557252	 	0
27.1499045801527	 	0
27.1571374045801	 	0
27.1643702290076	 	0
27.1716030534351	 	0
27.1788358778626	 	0
27.1860687022901	 	0
27.1933015267176	 	0
27.200534351145	 	0
27.2077671755725	 	0
27.215	 	1
27.2222328244275	 	0
27.229465648855	 	0
27.2366984732824	 	0
27.2439312977099	 	0
27.2511641221374	 	0
27.2583969465649	 	0
27.2656297709924	 	0
27.2728625954198	 	0
27.2800954198473	 	0
27.2873282442748	 	0
27.2945610687023	 	0
27.3017938931298	 	0
27.3090267175572	 	0
27.3162595419847	 	0
27.3234923664122	 	0
27.3307251908397	 	0
27.3379580152672	 	0
27.3451908396947	 	0
27.3524236641221	 	0
27.3596564885496	 	0
27.3668893129771	 	0
27.3741221374046	 	0
27.3813549618321	 	0
27.3885877862595	 	0
27.395820610687	 	0
27.4030534351145	 	0
27.410286259542	 	0
27.4175190839695	 	0
27.4247519083969	 	0
27.4319847328244	 	0
27.4392175572519	 	0
27.4464503816794	 	0
27.4536832061069	 	0
27.4609160305343	 	0
27.4681488549618	 	0
27.4753816793893	 	0
27.4826145038168	 	0
27.4898473282443	 	0
27.4970801526718	 	0
27.5043129770992	 	0
27.5115458015267	 	0
27.5187786259542	 	0
27.5260114503817	 	0
27.5332442748092	 	0
27.5404770992366	 	0
27.5477099236641	 	0
27.5549427480916	 	0
27.5621755725191	 	0
27.5694083969466	 	0
27.576641221374	 	0
27.5838740458015	 	0
27.591106870229	 	0
27.5983396946565	 	0
27.605572519084	 	0
27.6128053435114	 	0
27.6200381679389	 	0
27.6272709923664	 	0
27.6345038167939	 	0
27.6417366412214	 	0
27.6489694656489	 	0
27.6562022900763	 	0
27.6634351145038	 	0
27.6706679389313	 	0
27.6779007633588	 	0
27.6851335877863	 	0
27.6923664122137	 	0
27.6995992366412	 	0
27.7068320610687	 	0
27.7140648854962	 	0
27.7212977099237	 	0
27.7285305343511	 	0
27.7357633587786	 	0
27.7429961832061	 	0
27.7502290076336	 	0
27.7574618320611	 	0
27.7646946564885	 	0
27.771927480916	 	0
27.7791603053435	 	0
27.786393129771	 	0
27.7936259541985	 	0
27.800858778626	 	0
27.8080916030534	 	0
27.8153244274809	 	0
27.8225572519084	 	0
27.8297900763359	 	0
27.8370229007634	 	0
27.8442557251908	 	0
27.8514885496183	 	0
27.8587213740458	 	0
27.8659541984733	 	0
27.8731870229008	 	0
27.8804198473282	 	0
27.8876526717557	 	0
27.8948854961832	 	0
27.9021183206107	 	0
27.9093511450382	 	0
27.9165839694656	 	0
27.9238167938931	 	0
27.9310496183206	 	0
27.9382824427481	 	0
27.9455152671756	 	0
27.952748091603	 	0
27.9599809160305	 	0
27.967213740458	 	0
27.9744465648855	 	0
27.981679389313	 	0
27.9889122137405	 	0
27.9961450381679	 	0
28.0033778625954	 	0
28.0106106870229	 	0
28.0178435114504	 	0
28.0250763358779	 	0
28.0323091603053	 	0
28.0395419847328	 	0
28.0467748091603	 	0
28.0540076335878	 	0
28.0612404580153	 	0
28.0684732824427	 	0
28.0757061068702	 	0
28.0829389312977	 	0
28.0901717557252	 	0
28.0974045801527	 	0
28.1046374045801	 	0
28.1118702290076	 	0
28.1191030534351	 	0
28.1263358778626	 	0
28.1335687022901	 	0
28.1408015267176	 	0
28.148034351145	 	0
28.1552671755725	 	0
28.1625	 	0
28.1697328244275	 	0
28.176965648855	 	0
28.1841984732824	 	0
28.1914312977099	 	0
28.1986641221374	 	0
28.2058969465649	 	0
28.2131297709924	 	0
28.2203625954198	 	0
28.2275954198473	 	0
28.2348282442748	 	0
28.2420610687023	 	0
28.2492938931298	 	0
28.2565267175572	 	0
28.2637595419847	 	0
28.2709923664122	 	0
28.2782251908397	 	0
28.2854580152672	 	0
28.2926908396947	 	0
28.2999236641221	 	0
28.3071564885496	 	0
28.3143893129771	 	0
28.3216221374046	 	0
28.3288549618321	 	0
28.3360877862595	 	0
28.343320610687	 	0
28.3505534351145	 	0
28.357786259542	 	0
28.3650190839695	 	0
28.3722519083969	 	0
28.3794847328244	 	0
28.3867175572519	 	0
28.3939503816794	 	0
28.4011832061069	 	0
28.4084160305343	 	0
28.4156488549618	 	0
28.4228816793893	 	0
28.4301145038168	 	0
28.4373473282443	 	0
28.4445801526718	 	0
28.4518129770992	 	0
28.4590458015267	 	0
28.4662786259542	 	0
28.4735114503817	 	0
28.4807442748092	 	0
28.4879770992366	 	0
28.4952099236641	 	0
28.5024427480916	 	0
28.5096755725191	 	0
28.5169083969466	 	0
28.524141221374	 	0
28.5313740458015	 	0
28.538606870229	 	0
28.5458396946565	 	0
28.553072519084	 	0
28.5603053435114	 	0
28.5675381679389	 	0
28.5747709923664	 	0
28.5820038167939	 	0
28.5892366412214	 	0
28.5964694656489	 	0
28.6037022900763	 	0
28.6109351145038	 	0
28.6181679389313	 	0
28.6254007633588	 	0
28.6326335877863	 	0
28.6398664122137	 	0
28.6470992366412	 	0
28.6543320610687	 	0
28.6615648854962	 	0
28.6687977099237	 	0
28.6760305343511	 	0
28.6832633587786	 	0
28.6904961832061	 	0
28.6977290076336	 	0
28.7049618320611	 	0
28.7121946564885	 	0
28.719427480916	 	0
28.7266603053435	 	0
28.733893129771	 	0
28.7411259541985	 	0
28.7483587786259	 	0
28.7555916030534	 	0
28.7628244274809	 	0
28.7700572519084	 	0
28.7772900763359	 	0
28.7845229007634	 	0
28.7917557251908	 	0
28.7989885496183	 	0
28.8062213740458	 	0
28.8134541984733	 	0
28.8206870229008	 	0
28.8279198473282	 	0
28.8351526717557	 	0
28.8423854961832	 	0
28.8496183206107	 	0
28.8568511450382	 	0
28.8640839694656	 	0
28.8713167938931	 	0
28.8785496183206	 	0
28.8857824427481	 	0
28.8930152671756	 	0
28.9002480916031	 	0
28.9074809160305	 	0
28.914713740458	 	0
28.9219465648855	 	0
28.929179389313	 	0
28.9364122137405	 	0
28.9436450381679	 	0
28.9508778625954	 	0
28.9581106870229	 	0
28.9653435114504	 	0
28.9725763358779	 	0
28.9798091603053	 	0
28.9870419847328	 	0
28.9942748091603	 	0
29.0015076335878	 	0
29.0087404580153	 	0
29.0159732824427	 	0
29.0232061068702	 	0
29.0304389312977	 	0
29.0376717557252	 	0
29.0449045801527	 	0
29.0521374045801	 	0
29.0593702290076	 	0
29.0666030534351	 	0
29.0738358778626	 	0
29.0810687022901	 	0
29.0883015267176	 	0
29.095534351145	 	0
29.1027671755725	 	0
29.11	 	0
29.1172328244275	 	0
29.124465648855	 	0
29.1316984732824	 	0
29.1389312977099	 	0
29.1461641221374	 	0
29.1533969465649	 	0
29.1606297709924	 	0
29.1678625954198	 	0
29.1750954198473	 	0
29.1823282442748	 	0
29.1895610687023	 	0
29.1967938931298	 	0
29.2040267175572	 	0
29.2112595419847	 	0
29.2184923664122	 	0
29.2257251908397	 	0
29.2329580152672	 	0
29.2401908396947	 	0
29.2474236641221	 	0
29.2546564885496	 	0
29.2618893129771	 	0
29.2691221374046	 	0
29.2763549618321	 	0
29.2835877862595	 	0
29.290820610687	 	0
29.2980534351145	 	0
29.305286259542	 	0
29.3125190839695	 	0
29.3197519083969	 	0
29.3269847328244	 	0
29.3342175572519	 	0
29.3414503816794	 	0
29.3486832061069	 	0
29.3559160305343	 	0
29.3631488549618	 	0
29.3703816793893	 	0
29.3776145038168	 	0
29.3848473282443	 	0
29.3920801526718	 	0
29.3993129770992	 	0
29.4065458015267	 	0
29.4137786259542	 	0
29.4210114503817	 	0
29.4282442748092	 	0
29.4354770992366	 	0
29.4427099236641	 	0
29.4499427480916	 	0
29.4571755725191	 	0
29.4644083969466	 	0
29.471641221374	 	0
29.4788740458015	 	0
29.486106870229	 	0
29.4933396946565	 	0
29.500572519084	 	0
29.5078053435114	 	0
29.5150381679389	 	0
29.5222709923664	 	0
29.5295038167939	 	0
29.5367366412214	 	0
29.5439694656489	 	0
29.5512022900763	 	0
29.5584351145038	 	0
29.5656679389313	 	0
